

================================================================
== Vitis HLS Report for 'conv_1d_cl_array_ap_fixed_1u_array_ap_fixed_27_12_5_3_0_32u_config2_s'
================================================================
* Date:           Wed May  6 12:31:58 2026

* Version:        2023.1 (Build 3854077 on May  4 2023)
* Project:        myproject_prj
* Solution:       solution1 (Vivado IP Flow Target)
* Product family: zynquplusRFSOC
* Target device:  xczu49dr-ffvf1760-2-e


================================================================
== Performance Estimates
================================================================
+ Timing: 
    * Summary: 
    +--------+---------+----------+------------+
    |  Clock |  Target | Estimated| Uncertainty|
    +--------+---------+----------+------------+
    |ap_clk  |  5.00 ns|  3.626 ns|     1.35 ns|
    +--------+---------+----------+------------+

+ Latency: 
    * Summary: 
    +---------+---------+----------+----------+-----+-----+---------+
    |  Latency (cycles) |  Latency (absolute) |  Interval | Pipeline|
    |   min   |   max   |    min   |    max   | min | max |   Type  |
    +---------+---------+----------+----------+-----+-----+---------+
    |      249|      249|  1.245 us|  1.245 us|  249|  249|       no|
    +---------+---------+----------+----------+-----+-----+---------+

    + Detail: 
        * Instance: 
        +-----------------------------------------------------------------------------------+-------------------------------------------------------------------------+---------+---------+-----------+-----------+-----+-----+---------+
        |                                                                                   |                                                                         |  Latency (cycles) |   Latency (absolute)  |  Interval | Pipeline|
        |                                      Instance                                     |                                  Module                                 |   min   |   max   |    min    |    max    | min | max |   Type  |
        +-----------------------------------------------------------------------------------+-------------------------------------------------------------------------+---------+---------+-----------+-----------+-----+-----+---------+
        |grp_compute_output_buffer_1d_array_array_ap_fixed_27_12_5_3_0_32u_config2_s_fu_56  |compute_output_buffer_1d_array_array_ap_fixed_27_12_5_3_0_32u_config2_s  |        3|        3|  15.000 ns|  15.000 ns|    3|    3|      yes|
        +-----------------------------------------------------------------------------------+-------------------------------------------------------------------------+---------+---------+-----------+-----------+-----+-----+---------+

        * Loop: 
        +------------------+---------+---------+----------+-----------+-----------+------+----------+
        |                  |  Latency (cycles) | Iteration|  Initiation Interval  | Trip |          |
        |     Loop Name    |   min   |   max   |  Latency |  achieved |   target  | Count| Pipelined|
        +------------------+---------+---------+----------+-----------+-----------+------+----------+
        |- ReadInputWidth  |      247|      247|         5|          3|          1|    82|       yes|
        +------------------+---------+---------+----------+-----------+-----------+------+----------+



================================================================
== Utilization Estimates
================================================================
* Summary: 
+-----------------+---------+------+--------+--------+-----+
|       Name      | BRAM_18K|  DSP |   FF   |   LUT  | URAM|
+-----------------+---------+------+--------+--------+-----+
|DSP              |        -|     -|       -|       -|    -|
|Expression       |        -|     -|       0|      40|    -|
|FIFO             |        -|     -|       -|       -|    -|
|Instance         |        -|    29|    2458|    4278|    -|
|Memory           |        -|     -|       -|       -|    -|
|Multiplexer      |        -|     -|       -|     110|    -|
|Register         |        -|     -|      16|       -|    -|
+-----------------+---------+------+--------+--------+-----+
|Total            |        0|    29|    2474|    4428|    0|
+-----------------+---------+------+--------+--------+-----+
|Available        |     2160|  4272|  850560|  425280|   80|
+-----------------+---------+------+--------+--------+-----+
|Utilization (%)  |        0|    ~0|      ~0|       1|    0|
+-----------------+---------+------+--------+--------+-----+

+ Detail: 
    * Instance: 
    +-----------------------------------------------------------------------------------+-------------------------------------------------------------------------+---------+----+------+------+-----+
    |                                      Instance                                     |                                  Module                                 | BRAM_18K| DSP|  FF  |  LUT | URAM|
    +-----------------------------------------------------------------------------------+-------------------------------------------------------------------------+---------+----+------+------+-----+
    |grp_compute_output_buffer_1d_array_array_ap_fixed_27_12_5_3_0_32u_config2_s_fu_56  |compute_output_buffer_1d_array_array_ap_fixed_27_12_5_3_0_32u_config2_s  |        0|  29|  2458|  4278|    0|
    +-----------------------------------------------------------------------------------+-------------------------------------------------------------------------+---------+----+------+------+-----+
    |Total                                                                              |                                                                         |        0|  29|  2458|  4278|    0|
    +-----------------------------------------------------------------------------------+-------------------------------------------------------------------------+---------+----+------+------+-----+

    * DSP: 
    N/A

    * Memory: 
    N/A

    * FIFO: 
    N/A

    * Expression: 
    +------------------------------------------+----------+----+---+----+------------+------------+
    |               Variable Name              | Operation| DSP| FF| LUT| Bitwidth P0| Bitwidth P1|
    +------------------------------------------+----------+----+---+----+------------+------------+
    |i_iw_3_fu_88_p2                           |         +|   0|  0|  14|           7|           1|
    |ap_block_pp0_stage0_11001                 |       and|   0|  0|   2|           1|           1|
    |ap_block_pp0_stage1_11001_ignoreCallOp19  |       and|   0|  0|   2|           1|           1|
    |ap_block_state2_pp0_stage1_iter0          |       and|   0|  0|   2|           1|           1|
    |ap_condition_158                          |       and|   0|  0|   2|           1|           1|
    |icmp_ln22_fu_82_p2                        |      icmp|   0|  0|  14|           7|           7|
    |ap_block_pp0_stage1_11001                 |        or|   0|  0|   2|           1|           1|
    |ap_enable_pp0                             |       xor|   0|  0|   2|           1|           2|
    +------------------------------------------+----------+----+---+----+------------+------------+
    |Total                                     |          |   0|  0|  40|          20|          15|
    +------------------------------------------+----------+----+---+----+------------+------------+

    * Multiplexer: 
    +-----------------------------+----+-----------+-----+-----------+
    |             Name            | LUT| Input Size| Bits| Total Bits|
    +-----------------------------+----+-----------+-----+-----------+
    |ap_NS_fsm                    |  20|          4|    1|          4|
    |ap_done_int                  |   9|          2|    1|          2|
    |ap_enable_reg_pp0_iter0      |   9|          2|    1|          2|
    |ap_enable_reg_pp0_iter0_reg  |   9|          2|    1|          2|
    |ap_enable_reg_pp0_iter1      |   9|          2|    1|          2|
    |ap_sig_allocacmp_i_iw        |   9|          2|    7|         14|
    |i_iw_01_fu_46                |   9|          2|    7|         14|
    |layer18_out_blk_n            |   9|          2|    1|          2|
    |layer2_out_blk_n             |   9|          2|    1|          2|
    |layer2_out_write             |   9|          2|    1|          2|
    |real_start                   |   9|          2|    1|          2|
    +-----------------------------+----+-----------+-----+-----------+
    |Total                        | 110|         24|   23|         48|
    +-----------------------------+----+-----------+-----+-----------+

    * Register: 
    +------------------------------------------------------------------------------------------------+---+----+-----+-----------+
    |                                              Name                                              | FF| LUT| Bits| Const Bits|
    +------------------------------------------------------------------------------------------------+---+----+-----+-----------+
    |ap_CS_fsm                                                                                       |  3|   0|    3|          0|
    |ap_done_reg                                                                                     |  1|   0|    1|          0|
    |ap_enable_reg_pp0_iter0_reg                                                                     |  1|   0|    1|          0|
    |ap_enable_reg_pp0_iter1                                                                         |  1|   0|    1|          0|
    |grp_compute_output_buffer_1d_array_array_ap_fixed_27_12_5_3_0_32u_config2_s_fu_56_ap_start_reg  |  1|   0|    1|          0|
    |i_iw_01_fu_46                                                                                   |  7|   0|    7|          0|
    |icmp_ln22_reg_106                                                                               |  1|   0|    1|          0|
    |start_once_reg                                                                                  |  1|   0|    1|          0|
    +------------------------------------------------------------------------------------------------+---+----+-----+-----------+
    |Total                                                                                           | 16|   0|   16|          0|
    +------------------------------------------------------------------------------------------------+---+----+-----+-----------+



================================================================
== Interface
================================================================
* Summary: 
+----------------------------+-----+-----+------------+-------------------------------------------------------------------------+--------------+
|          RTL Ports         | Dir | Bits|  Protocol  |                              Source Object                              |    C Type    |
+----------------------------+-----+-----+------------+-------------------------------------------------------------------------+--------------+
|ap_clk                      |   in|    1|  ap_ctrl_hs|  conv_1d_cl<array<ap_fixed,1u>,array<ap_fixed<27,12,5,3,0>,32u>,config2>|  return value|
|ap_rst                      |   in|    1|  ap_ctrl_hs|  conv_1d_cl<array<ap_fixed,1u>,array<ap_fixed<27,12,5,3,0>,32u>,config2>|  return value|
|ap_start                    |   in|    1|  ap_ctrl_hs|  conv_1d_cl<array<ap_fixed,1u>,array<ap_fixed<27,12,5,3,0>,32u>,config2>|  return value|
|start_full_n                |   in|    1|  ap_ctrl_hs|  conv_1d_cl<array<ap_fixed,1u>,array<ap_fixed<27,12,5,3,0>,32u>,config2>|  return value|
|ap_done                     |  out|    1|  ap_ctrl_hs|  conv_1d_cl<array<ap_fixed,1u>,array<ap_fixed<27,12,5,3,0>,32u>,config2>|  return value|
|ap_continue                 |   in|    1|  ap_ctrl_hs|  conv_1d_cl<array<ap_fixed,1u>,array<ap_fixed<27,12,5,3,0>,32u>,config2>|  return value|
|ap_idle                     |  out|    1|  ap_ctrl_hs|  conv_1d_cl<array<ap_fixed,1u>,array<ap_fixed<27,12,5,3,0>,32u>,config2>|  return value|
|ap_ready                    |  out|    1|  ap_ctrl_hs|  conv_1d_cl<array<ap_fixed,1u>,array<ap_fixed<27,12,5,3,0>,32u>,config2>|  return value|
|start_out                   |  out|    1|  ap_ctrl_hs|  conv_1d_cl<array<ap_fixed,1u>,array<ap_fixed<27,12,5,3,0>,32u>,config2>|  return value|
|start_write                 |  out|    1|  ap_ctrl_hs|  conv_1d_cl<array<ap_fixed,1u>,array<ap_fixed<27,12,5,3,0>,32u>,config2>|  return value|
|layer18_out_dout            |   in|   16|     ap_fifo|                                                              layer18_out|       pointer|
|layer18_out_num_data_valid  |   in|    8|     ap_fifo|                                                              layer18_out|       pointer|
|layer18_out_fifo_cap        |   in|    8|     ap_fifo|                                                              layer18_out|       pointer|
|layer18_out_empty_n         |   in|    1|     ap_fifo|                                                              layer18_out|       pointer|
|layer18_out_read            |  out|    1|     ap_fifo|                                                              layer18_out|       pointer|
|layer2_out_din              |  out|  864|     ap_fifo|                                                               layer2_out|       pointer|
|layer2_out_num_data_valid   |   in|    8|     ap_fifo|                                                               layer2_out|       pointer|
|layer2_out_fifo_cap         |   in|    8|     ap_fifo|                                                               layer2_out|       pointer|
|layer2_out_full_n           |   in|    1|     ap_fifo|                                                               layer2_out|       pointer|
|layer2_out_write            |  out|    1|     ap_fifo|                                                               layer2_out|       pointer|
+----------------------------+-----+-----+------------+-------------------------------------------------------------------------+--------------+

