

================================================================
== Vitis HLS Report for 'myproject'
================================================================
* Date:           Wed May  6 12:33:09 2026

* Version:        2023.1 (Build 3854077 on May  4 2023)
* Project:        myproject_prj
* Solution:       solution1 (Vivado IP Flow Target)
* Product family: zynquplusRFSOC
* Target device:  xczu49dr-ffvf1760-2-e


================================================================
== Performance Estimates
================================================================
+ Timing: 
    * Summary: 
    +--------+---------+----------+------------+
    |  Clock |  Target | Estimated| Uncertainty|
    +--------+---------+----------+------------+
    |ap_clk  |  5.00 ns|  3.649 ns|     1.35 ns|
    +--------+---------+----------+------------+

+ Latency: 
    * Summary: 
    +---------+---------+----------+----------+-----+-----+----------+
    |  Latency (cycles) |  Latency (absolute) |  Interval | Pipeline |
    |   min   |   max   |    min   |    max   | min | max |   Type   |
    +---------+---------+----------+----------+-----+-----+----------+
    |      695|      695|  3.475 us|  3.475 us|  578|  578|  dataflow|
    +---------+---------+----------+----------+-----+-----+----------+

    + Detail: 
        * Instance: 
        +--------------------------------------------------------------------------+-------------------------------------------------------------------------+---------+---------+----------+----------+-----+-----+---------+
        |                                                                          |                                                                         |  Latency (cycles) |  Latency (absolute) |  Interval | Pipeline|
        |                                 Instance                                 |                                  Module                                 |   min   |   max   |    min   |    max   | min | max |   Type  |
        +--------------------------------------------------------------------------+-------------------------------------------------------------------------+---------+---------+----------+----------+-----+-----+---------+
        |zeropad1d_cl_array_ap_fixed_1u_array_ap_fixed_16_6_5_3_0_1u_config18_U0   |zeropad1d_cl_array_ap_fixed_1u_array_ap_fixed_16_6_5_3_0_1u_config18_s   |       85|       85|  0.425 us|  0.425 us|   85|   85|       no|
        |conv_1d_cl_array_ap_fixed_1u_array_ap_fixed_27_12_5_3_0_32u_config2_U0    |conv_1d_cl_array_ap_fixed_1u_array_ap_fixed_27_12_5_3_0_32u_config2_s    |      249|      249|  1.245 us|  1.245 us|  249|  249|       no|
        |relu_array_ap_fixed_32u_array_ap_ufixed_6_0_4_0_0_32u_relu_config4_U0     |relu_array_ap_fixed_32u_array_ap_ufixed_6_0_4_0_0_32u_relu_config4_s     |       83|       83|  0.415 us|  0.415 us|   83|   83|       no|
        |zeropad1d_cl_array_array_ap_ufixed_6_0_4_0_0_32u_config19_U0              |zeropad1d_cl_array_array_ap_ufixed_6_0_4_0_0_32u_config19_s              |       84|       84|  0.420 us|  0.420 us|   84|   84|       no|
        |conv_1d_cl_array_array_ap_fixed_22_11_5_3_0_32u_config5_U0                |conv_1d_cl_array_array_ap_fixed_22_11_5_3_0_32u_config5_s                |      489|      489|  2.445 us|  2.445 us|  489|  489|       no|
        |relu_array_ap_fixed_32u_array_ap_ufixed_6_0_4_0_0_32u_relu_config7_U0     |relu_array_ap_fixed_32u_array_ap_ufixed_6_0_4_0_0_32u_relu_config7_s     |       43|       43|  0.215 us|  0.215 us|   43|   43|       no|
        |zeropad1d_cl_array_array_ap_ufixed_6_0_4_0_0_32u_config20_U0              |zeropad1d_cl_array_array_ap_ufixed_6_0_4_0_0_32u_config20_s              |       45|       45|  0.225 us|  0.225 us|   45|   45|       no|
        |conv_1d_cl_array_array_ap_fixed_22_11_5_3_0_64u_config8_U0                |conv_1d_cl_array_array_ap_fixed_22_11_5_3_0_64u_config8_s                |      255|      255|  1.275 us|  1.275 us|  255|  255|       no|
        |relu_array_ap_fixed_64u_array_ap_ufixed_6_0_4_0_0_64u_relu_config10_U0    |relu_array_ap_fixed_64u_array_ap_ufixed_6_0_4_0_0_64u_relu_config10_s    |       43|       43|  0.215 us|  0.215 us|   43|   43|       no|
        |resize_nearest_array_ap_ufixed_6_0_4_0_0_64u_config11_U0                  |resize_nearest_array_ap_ufixed_6_0_4_0_0_64u_config11_s                  |       79|       79|  0.395 us|  0.395 us|   79|   79|       no|
        |zeropad1d_cl_array_array_ap_ufixed_6_0_4_0_0_64u_config21_U0              |zeropad1d_cl_array_array_ap_ufixed_6_0_4_0_0_64u_config21_s              |       85|       85|  0.425 us|  0.425 us|   85|   85|       no|
        |conv_1d_cl_array_array_ap_fixed_23_12_5_3_0_32u_config12_U0               |conv_1d_cl_array_array_ap_fixed_23_12_5_3_0_32u_config12_s               |      577|      577|  2.885 us|  2.885 us|  577|  577|       no|
        |relu_array_ap_fixed_32u_array_ap_ufixed_6_0_4_0_0_32u_relu_config14_U0    |relu_array_ap_fixed_32u_array_ap_ufixed_6_0_4_0_0_32u_relu_config14_s    |       83|       83|  0.415 us|  0.415 us|   83|   83|       no|
        |pointwise_conv_1d_cl_array_array_ap_fixed_20_9_5_3_0_1u_config22_U0       |pointwise_conv_1d_cl_array_array_ap_fixed_20_9_5_3_0_1u_config22_s       |       85|       85|  0.425 us|  0.425 us|   85|   85|       no|
        |hard_sigmoid_array_array_ap_ufixed_8_0_4_0_0_1u_hard_sigmoid_config17_U0  |hard_sigmoid_array_array_ap_ufixed_8_0_4_0_0_1u_hard_sigmoid_config17_s  |       84|       84|  0.420 us|  0.420 us|   84|   84|       no|
        +--------------------------------------------------------------------------+-------------------------------------------------------------------------+---------+---------+----------+----------+-----+-----+---------+

        * Loop: 
        N/A



================================================================
== Utilization Estimates
================================================================
* Summary: 
+-----------------+---------+------+--------+--------+-----+
|       Name      | BRAM_18K|  DSP |   FF   |   LUT  | URAM|
+-----------------+---------+------+--------+--------+-----+
|DSP              |        -|     -|       -|       -|    -|
|Expression       |        -|     -|       0|       2|    -|
|FIFO             |      332|     -|    2205|     727|    -|
|Instance         |        -|    29|   63676|  338387|    -|
|Memory           |        -|     -|       -|       -|    -|
|Multiplexer      |        -|     -|       -|       -|    -|
|Register         |        -|     -|       -|       -|    -|
+-----------------+---------+------+--------+--------+-----+
|Total            |      332|    29|   65881|  339116|    0|
+-----------------+---------+------+--------+--------+-----+
|Available        |     2160|  4272|  850560|  425280|   80|
+-----------------+---------+------+--------+--------+-----+
|Utilization (%)  |       15|    ~0|       7|      79|    0|
+-----------------+---------+------+--------+--------+-----+

+ Detail: 
    * Instance: 
    +--------------------------------------------------------------------------+-------------------------------------------------------------------------+---------+----+-------+--------+-----+
    |                                 Instance                                 |                                  Module                                 | BRAM_18K| DSP|   FF  |   LUT  | URAM|
    +--------------------------------------------------------------------------+-------------------------------------------------------------------------+---------+----+-------+--------+-----+
    |conv_1d_cl_array_ap_fixed_1u_array_ap_fixed_27_12_5_3_0_32u_config2_U0    |conv_1d_cl_array_ap_fixed_1u_array_ap_fixed_27_12_5_3_0_32u_config2_s    |        0|  29|   2474|    4428|    0|
    |conv_1d_cl_array_array_ap_fixed_22_11_5_3_0_32u_config5_U0                |conv_1d_cl_array_array_ap_fixed_22_11_5_3_0_32u_config5_s                |        0|   0|  12487|   68524|    0|
    |conv_1d_cl_array_array_ap_fixed_22_11_5_3_0_64u_config8_U0                |conv_1d_cl_array_array_ap_fixed_22_11_5_3_0_64u_config8_s                |        0|   0|  22548|  123917|    0|
    |conv_1d_cl_array_array_ap_fixed_23_12_5_3_0_32u_config12_U0               |conv_1d_cl_array_array_ap_fixed_23_12_5_3_0_32u_config12_s               |        0|   0|  21855|  123140|    0|
    |hard_sigmoid_array_array_ap_ufixed_8_0_4_0_0_1u_hard_sigmoid_config17_U0  |hard_sigmoid_array_array_ap_ufixed_8_0_4_0_0_1u_hard_sigmoid_config17_s  |        0|   0|     48|     247|    0|
    |pointwise_conv_1d_cl_array_array_ap_fixed_20_9_5_3_0_1u_config22_U0       |pointwise_conv_1d_cl_array_array_ap_fixed_20_9_5_3_0_1u_config22_s       |        0|   0|    402|    1182|    0|
    |relu_array_ap_fixed_32u_array_ap_ufixed_6_0_4_0_0_32u_relu_config14_U0    |relu_array_ap_fixed_32u_array_ap_ufixed_6_0_4_0_0_32u_relu_config14_s    |        0|   0|    205|    3169|    0|
    |relu_array_ap_fixed_32u_array_ap_ufixed_6_0_4_0_0_32u_relu_config4_U0     |relu_array_ap_fixed_32u_array_ap_ufixed_6_0_4_0_0_32u_relu_config4_s     |        0|   0|    205|    3393|    0|
    |relu_array_ap_fixed_32u_array_ap_ufixed_6_0_4_0_0_32u_relu_config7_U0     |relu_array_ap_fixed_32u_array_ap_ufixed_6_0_4_0_0_32u_relu_config7_s     |        0|   0|    972|    3103|    0|
    |relu_array_ap_fixed_64u_array_ap_ufixed_6_0_4_0_0_64u_relu_config10_U0    |relu_array_ap_fixed_64u_array_ap_ufixed_6_0_4_0_0_64u_relu_config10_s    |        0|   0|   1932|    6111|    0|
    |resize_nearest_array_ap_ufixed_6_0_4_0_0_64u_config11_U0                  |resize_nearest_array_ap_ufixed_6_0_4_0_0_64u_config11_s                  |        0|   0|    466|     481|    0|
    |zeropad1d_cl_array_ap_fixed_1u_array_ap_fixed_16_6_5_3_0_1u_config18_U0   |zeropad1d_cl_array_ap_fixed_1u_array_ap_fixed_16_6_5_3_0_1u_config18_s   |        0|   0|     33|     175|    0|
    |zeropad1d_cl_array_array_ap_ufixed_6_0_4_0_0_32u_config19_U0              |zeropad1d_cl_array_array_ap_ufixed_6_0_4_0_0_32u_config19_s              |        0|   0|     16|     169|    0|
    |zeropad1d_cl_array_array_ap_ufixed_6_0_4_0_0_32u_config20_U0              |zeropad1d_cl_array_array_ap_ufixed_6_0_4_0_0_32u_config20_s              |        0|   0|     16|     173|    0|
    |zeropad1d_cl_array_array_ap_ufixed_6_0_4_0_0_64u_config21_U0              |zeropad1d_cl_array_array_ap_ufixed_6_0_4_0_0_64u_config21_s              |        0|   0|     17|     175|    0|
    +--------------------------------------------------------------------------+-------------------------------------------------------------------------+---------+----+-------+--------+-----+
    |Total                                                                     |                                                                         |        0|  29|  63676|  338387|    0|
    +--------------------------------------------------------------------------+-------------------------------------------------------------------------+---------+----+-------+--------+-----+

    * DSP: 
    N/A

    * Memory: 
    N/A

    * FIFO: 
    +---------------+---------+-----+----+-----+------+------+---------+
    |      Name     | BRAM_18K|  FF | LUT| URAM| Depth| Bits | Size:D*B|
    +---------------+---------+-----+----+-----+------+------+---------+
    |layer10_out_U  |       22|  153|   0|    -|    40|   384|    15360|
    |layer11_out_U  |       22|  160|   0|    -|    80|   384|    30720|
    |layer12_out_U  |       41|  160|   0|    -|    80|   736|    58880|
    |layer14_out_U  |       11|  160|   0|    -|    80|   192|    15360|
    |layer15_out_U  |        2|  160|   0|    -|    80|    20|     1600|
    |layer18_out_U  |        1|  160|   0|    -|    82|    16|     1312|
    |layer19_out_U  |       11|  160|   0|    -|    81|   192|    15552|
    |layer20_out_U  |       11|  153|   0|    -|    42|   192|     8064|
    |layer21_out_U  |       22|  160|   0|    -|    82|   384|    31488|
    |layer2_out_U   |       48|  160|   0|    -|    80|   864|    69120|
    |layer4_out_U   |       11|  160|   0|    -|    80|   192|    15360|
    |layer5_out_U   |       40|  153|   0|    -|    40|   704|    28160|
    |layer7_out_U   |       11|  153|   0|    -|    40|   192|     7680|
    |layer8_out_U   |       79|  153|   0|    -|    40|  1408|    56320|
    +---------------+---------+-----+----+-----+------+------+---------+
    |Total          |      332| 2205|   0|    0|   927|  5860|   354976|
    +---------------+---------+-----+----+-----+------+------+---------+

    * Expression: 
    +--------------+----------+----+---+----+------------+------------+
    | Variable Name| Operation| DSP| FF| LUT| Bitwidth P0| Bitwidth P1|
    +--------------+----------+----+---+----+------------+------------+
    |ap_idle       |       and|   0|  0|   2|           1|           1|
    +--------------+----------+----+---+----+------------+------------+
    |Total         |          |   0|  0|   2|           1|           1|
    +--------------+----------+----+---+----+------------+------------+

    * Multiplexer: 
    N/A

    * Register: 
    N/A



================================================================
== Interface
================================================================
* Summary: 
+--------------------+-----+-----+------------+--------------+--------------+
|      RTL Ports     | Dir | Bits|  Protocol  | Source Object|    C Type    |
+--------------------+-----+-----+------------+--------------+--------------+
|input_1_TDATA       |   in|   16|        axis|       input_1|       pointer|
|input_1_TVALID      |   in|    1|        axis|       input_1|       pointer|
|input_1_TREADY      |  out|    1|        axis|       input_1|       pointer|
|layer17_out_TDATA   |  out|    8|        axis|   layer17_out|       pointer|
|layer17_out_TVALID  |  out|    1|        axis|   layer17_out|       pointer|
|layer17_out_TREADY  |   in|    1|        axis|   layer17_out|       pointer|
|ap_clk              |   in|    1|  ap_ctrl_hs|     myproject|  return value|
|ap_rst_n            |   in|    1|  ap_ctrl_hs|     myproject|  return value|
|ap_start            |   in|    1|  ap_ctrl_hs|     myproject|  return value|
|ap_done             |  out|    1|  ap_ctrl_hs|     myproject|  return value|
|ap_ready            |  out|    1|  ap_ctrl_hs|     myproject|  return value|
|ap_idle             |  out|    1|  ap_ctrl_hs|     myproject|  return value|
+--------------------+-----+-----+------------+--------------+--------------+

