

================================================================
== Vitis HLS Report for 'compute_output_buffer_1d_array_array_ap_fixed_27_12_5_3_0_32u_config2_s'
================================================================
* Date:           Wed May  6 12:31:58 2026

* Version:        2023.1 (Build 3854077 on May  4 2023)
* Project:        myproject_prj
* Solution:       solution1 (Vivado IP Flow Target)
* Product family: zynquplusRFSOC
* Target device:  xczu49dr-ffvf1760-2-e


================================================================
== Performance Estimates
================================================================
+ Timing: 
    * Summary: 
    +--------+---------+----------+------------+
    |  Clock |  Target | Estimated| Uncertainty|
    +--------+---------+----------+------------+
    |ap_clk  |  5.00 ns|  3.626 ns|     1.35 ns|
    +--------+---------+----------+------------+

+ Latency: 
    * Summary: 
    +---------+---------+-----------+-----------+-----+-----+---------+
    |  Latency (cycles) |   Latency (absolute)  |  Interval | Pipeline|
    |   min   |   max   |    min    |    max    | min | max |   Type  |
    +---------+---------+-----------+-----------+-----+-----+---------+
    |        3|        3|  15.000 ns|  15.000 ns|    3|    3|      yes|
    +---------+---------+-----------+-----------+-----+-----+---------+

    + Detail: 
        * Instance: 
        +---------------------------------------------------------------------------------+-----------------------------------------------------------------------+---------+---------+----------+----------+-----+-----+---------+
        |                                                                                 |                                                                       |  Latency (cycles) |  Latency (absolute) |  Interval | Pipeline|
        |                                     Instance                                    |                                 Module                                |   min   |   max   |    min   |    max   | min | max |   Type  |
        +---------------------------------------------------------------------------------+-----------------------------------------------------------------------+---------+---------+----------+----------+-----+-----+---------+
        |grp_dense_latency_ap_fixed_16_6_5_3_0_ap_fixed_27_12_5_3_0_config2_mult_s_fu_68  |dense_latency_ap_fixed_16_6_5_3_0_ap_fixed_27_12_5_3_0_config2_mult_s  |        1|        1|  5.000 ns|  5.000 ns|    1|    1|      yes|
        +---------------------------------------------------------------------------------+-----------------------------------------------------------------------+---------+---------+----------+----------+-----+-----+---------+

        * Loop: 
        N/A



================================================================
== Utilization Estimates
================================================================
* Summary: 
+-----------------+---------+------+--------+--------+-----+
|       Name      | BRAM_18K|  DSP |   FF   |   LUT  | URAM|
+-----------------+---------+------+--------+--------+-----+
|DSP              |        -|     -|       -|       -|    -|
|Expression       |        -|     -|       0|     238|    -|
|FIFO             |        -|     -|       -|       -|    -|
|Instance         |        -|    29|    1444|    3975|    -|
|Memory           |        -|     -|       -|       -|    -|
|Multiplexer      |        -|     -|       -|      65|    -|
|Register         |        -|     -|    1014|       -|    -|
+-----------------+---------+------+--------+--------+-----+
|Total            |        0|    29|    2458|    4278|    0|
+-----------------+---------+------+--------+--------+-----+
|Available        |     2160|  4272|  850560|  425280|   80|
+-----------------+---------+------+--------+--------+-----+
|Utilization (%)  |        0|    ~0|      ~0|       1|    0|
+-----------------+---------+------+--------+--------+-----+

+ Detail: 
    * Instance: 
    +---------------------------------------------------------------------------------+-----------------------------------------------------------------------+---------+----+------+------+-----+
    |                                     Instance                                    |                                 Module                                | BRAM_18K| DSP|  FF  |  LUT | URAM|
    +---------------------------------------------------------------------------------+-----------------------------------------------------------------------+---------+----+------+------+-----+
    |grp_dense_latency_ap_fixed_16_6_5_3_0_ap_fixed_27_12_5_3_0_config2_mult_s_fu_68  |dense_latency_ap_fixed_16_6_5_3_0_ap_fixed_27_12_5_3_0_config2_mult_s  |        0|  29|  1444|  3975|    0|
    +---------------------------------------------------------------------------------+-----------------------------------------------------------------------+---------+----+------+------+-----+
    |Total                                                                            |                                                                       |        0|  29|  1444|  3975|    0|
    +---------------------------------------------------------------------------------+-----------------------------------------------------------------------+---------+----+------+------+-----+

    * DSP: 
    N/A

    * Memory: 
    N/A

    * FIFO: 
    N/A

    * Expression: 
    +----------------------------------+----------+----+---+----+------------+------------+
    |           Variable Name          | Operation| DSP| FF| LUT| Bitwidth P0| Bitwidth P1|
    +----------------------------------+----------+----+---+----+------------+------------+
    |add_ln369_fu_140_p2               |         +|   0|  0|  39|          32|           1|
    |add_ln376_fu_158_p2               |         +|   0|  0|  39|          32|           1|
    |and_ln350_fu_134_p2               |       and|   0|  0|   2|           1|           1|
    |ap_block_pp0_stage0_01001         |       and|   0|  0|   2|           1|           1|
    |ap_block_state4_pp0_stage0_iter1  |       and|   0|  0|   2|           1|           1|
    |ap_condition_228                  |       and|   0|  0|   2|           1|           1|
    |icmp_ln350_1_fu_128_p2            |      icmp|   0|  0|  38|          31|           1|
    |icmp_ln350_fu_108_p2              |      icmp|   0|  0|  39|          32|           2|
    |icmp_ln369_fu_146_p2              |      icmp|   0|  0|  39|          32|           7|
    |ap_block_pp0_stage0_subdone       |        or|   0|  0|   2|           1|           1|
    |select_ln376_fu_164_p3            |    select|   0|  0|  32|           1|           2|
    |ap_enable_pp0                     |       xor|   0|  0|   2|           1|           2|
    +----------------------------------+----------+----+---+----+------------+------------+
    |Total                             |          |   0|  0| 238|         166|          21|
    +----------------------------------+----------+----+---+----+------------+------------+

    * Multiplexer: 
    +----------------------------------------+----+-----------+-----+-----------+
    |                  Name                  | LUT| Input Size| Bits| Total Bits|
    +----------------------------------------+----+-----------+-----+-----------+
    |ap_NS_fsm                               |  20|          4|    1|          4|
    |ap_enable_reg_pp0_iter0                 |   9|          2|    1|          2|
    |ap_enable_reg_pp0_iter1                 |   9|          2|    1|          2|
    |ap_phi_reg_pp0_iter0_storemerge_reg_57  |   9|          2|   32|         64|
    |layer2_out_blk_n                        |   9|          2|    1|          2|
    |pX_3                                    |   9|          2|   32|         64|
    +----------------------------------------+----+-----------+-----+-----------+
    |Total                                   |  65|         14|   68|        138|
    +----------------------------------------+----+-----------+-----+-----------+

    * Register: 
    +---------------------------------------------------------------------------------+----+----+-----+-----------+
    |                                       Name                                      | FF | LUT| Bits| Const Bits|
    +---------------------------------------------------------------------------------+----+----+-----+-----------+
    |and_ln350_reg_349                                                                |   1|   0|    1|          0|
    |ap_CS_fsm                                                                        |   3|   0|    3|          0|
    |ap_enable_reg_pp0_iter0_reg                                                      |   1|   0|    1|          0|
    |ap_enable_reg_pp0_iter1                                                          |   1|   0|    1|          0|
    |ap_phi_reg_pp0_iter0_storemerge_reg_57                                           |  32|   0|   32|          0|
    |pX_3                                                                             |  32|   0|   32|          0|
    |res_out_10_reg_411                                                               |  27|   0|   27|          0|
    |res_out_11_reg_416                                                               |  27|   0|   27|          0|
    |res_out_12_reg_421                                                               |  27|   0|   27|          0|
    |res_out_13_reg_426                                                               |  27|   0|   27|          0|
    |res_out_14_reg_431                                                               |  27|   0|   27|          0|
    |res_out_15_reg_436                                                               |  27|   0|   27|          0|
    |res_out_16_reg_441                                                               |  27|   0|   27|          0|
    |res_out_17_reg_446                                                               |  27|   0|   27|          0|
    |res_out_18_reg_451                                                               |  27|   0|   27|          0|
    |res_out_19_reg_456                                                               |  27|   0|   27|          0|
    |res_out_1_reg_366                                                                |  27|   0|   27|          0|
    |res_out_20_reg_461                                                               |  27|   0|   27|          0|
    |res_out_21_reg_466                                                               |  27|   0|   27|          0|
    |res_out_22_reg_471                                                               |  27|   0|   27|          0|
    |res_out_23_reg_476                                                               |  27|   0|   27|          0|
    |res_out_24_reg_481                                                               |  27|   0|   27|          0|
    |res_out_25_reg_486                                                               |  27|   0|   27|          0|
    |res_out_26_reg_491                                                               |  27|   0|   27|          0|
    |res_out_27_reg_496                                                               |  27|   0|   27|          0|
    |res_out_28_reg_501                                                               |  27|   0|   27|          0|
    |res_out_29_reg_506                                                               |  27|   0|   27|          0|
    |res_out_2_reg_371                                                                |  27|   0|   27|          0|
    |res_out_30_reg_511                                                               |  27|   0|   27|          0|
    |res_out_31_reg_516                                                               |  27|   0|   27|          0|
    |res_out_3_reg_376                                                                |  27|   0|   27|          0|
    |res_out_4_reg_381                                                                |  27|   0|   27|          0|
    |res_out_5_reg_386                                                                |  27|   0|   27|          0|
    |res_out_6_reg_391                                                                |  27|   0|   27|          0|
    |res_out_7_reg_396                                                                |  27|   0|   27|          0|
    |res_out_8_reg_401                                                                |  27|   0|   27|          0|
    |res_out_9_reg_406                                                                |  27|   0|   27|          0|
    |res_out_reg_361                                                                  |  27|   0|   27|          0|
    |sX_3                                                                             |  32|   0|   32|          0|
    |void_compute_output_buffer_1d_array_const_stream_weight_t_bias_t_kernel_data_30  |  16|   0|   16|          0|
    |void_compute_output_buffer_1d_array_const_stream_weight_t_bias_t_kernel_data_31  |  16|   0|   16|          0|
    |void_compute_output_buffer_1d_array_const_stream_weight_t_bias_t_kernel_data_32  |  16|   0|   16|          0|
    +---------------------------------------------------------------------------------+----+----+-----+-----------+
    |Total                                                                            |1014|   0| 1014|          0|
    +---------------------------------------------------------------------------------+----+----+-----+-----------+



================================================================
== Interface
================================================================
* Summary: 
+---------------------------+-----+-----+------------+--------------------------------------------------------------------------+--------------+
|         RTL Ports         | Dir | Bits|  Protocol  |                               Source Object                              |    C Type    |
+---------------------------+-----+-----+------------+--------------------------------------------------------------------------+--------------+
|ap_clk                     |   in|    1|  ap_ctrl_hs|  compute_output_buffer_1d<array,array<ap_fixed<27,12,5,3,0>,32u>,config2>|  return value|
|ap_rst                     |   in|    1|  ap_ctrl_hs|  compute_output_buffer_1d<array,array<ap_fixed<27,12,5,3,0>,32u>,config2>|  return value|
|ap_start                   |   in|    1|  ap_ctrl_hs|  compute_output_buffer_1d<array,array<ap_fixed<27,12,5,3,0>,32u>,config2>|  return value|
|ap_done                    |  out|    1|  ap_ctrl_hs|  compute_output_buffer_1d<array,array<ap_fixed<27,12,5,3,0>,32u>,config2>|  return value|
|ap_idle                    |  out|    1|  ap_ctrl_hs|  compute_output_buffer_1d<array,array<ap_fixed<27,12,5,3,0>,32u>,config2>|  return value|
|ap_ready                   |  out|    1|  ap_ctrl_hs|  compute_output_buffer_1d<array,array<ap_fixed<27,12,5,3,0>,32u>,config2>|  return value|
|ap_ce                      |   in|    1|  ap_ctrl_hs|  compute_output_buffer_1d<array,array<ap_fixed<27,12,5,3,0>,32u>,config2>|  return value|
|layer2_out_blk_n           |  out|    1|  ap_ctrl_hs|  compute_output_buffer_1d<array,array<ap_fixed<27,12,5,3,0>,32u>,config2>|  return value|
|in_elem_0_0_0_0_0_val      |   in|   16|     ap_none|                                                     in_elem_0_0_0_0_0_val|        scalar|
|layer2_out_din             |  out|  864|     ap_fifo|                                                                layer2_out|       pointer|
|layer2_out_num_data_valid  |   in|    8|     ap_fifo|                                                                layer2_out|       pointer|
|layer2_out_fifo_cap        |   in|    8|     ap_fifo|                                                                layer2_out|       pointer|
|layer2_out_full_n          |   in|    1|     ap_fifo|                                                                layer2_out|       pointer|
|layer2_out_write           |  out|    1|     ap_fifo|                                                                layer2_out|       pointer|
+---------------------------+-----+-----+------------+--------------------------------------------------------------------------+--------------+

