

================================================================
== Vitis HLS Report for 'conv_1d_cl_array_array_ap_fixed_23_12_5_3_0_32u_config12_s'
================================================================
* Date:           Wed May  6 12:33:06 2026

* Version:        2023.1 (Build 3854077 on May  4 2023)
* Project:        myproject_prj
* Solution:       solution1 (Vivado IP Flow Target)
* Product family: zynquplusRFSOC
* Target device:  xczu49dr-ffvf1760-2-e


================================================================
== Performance Estimates
================================================================
+ Timing: 
    * Summary: 
    +--------+---------+----------+------------+
    |  Clock |  Target | Estimated| Uncertainty|
    +--------+---------+----------+------------+
    |ap_clk  |  5.00 ns|  3.643 ns|     1.35 ns|
    +--------+---------+----------+------------+

+ Latency: 
    * Summary: 
    +---------+---------+----------+----------+-----+-----+---------+
    |  Latency (cycles) |  Latency (absolute) |  Interval | Pipeline|
    |   min   |   max   |    min   |    max   | min | max |   Type  |
    +---------+---------+----------+----------+-----+-----+---------+
    |      577|      577|  2.885 us|  2.885 us|  577|  577|       no|
    +---------+---------+----------+----------+-----+-----+---------+

    + Detail: 
        * Instance: 
        +-------------------------------------------------------------------------------------+--------------------------------------------------------------------------+---------+---------+-----------+-----------+-----+-----+---------+
        |                                                                                     |                                                                          |  Latency (cycles) |   Latency (absolute)  |  Interval | Pipeline|
        |                                       Instance                                      |                                  Module                                  |   min   |   max   |    min    |    max    | min | max |   Type  |
        +-------------------------------------------------------------------------------------+--------------------------------------------------------------------------+---------+---------+-----------+-----------+-----+-----+---------+
        |grp_compute_output_buffer_1d_array_array_ap_fixed_23_12_5_3_0_32u_config12_s_fu_688  |compute_output_buffer_1d_array_array_ap_fixed_23_12_5_3_0_32u_config12_s  |        7|        7|  35.000 ns|  35.000 ns|    7|    7|      yes|
        +-------------------------------------------------------------------------------------+--------------------------------------------------------------------------+---------+---------+-----------+-----------+-----+-----+---------+

        * Loop: 
        +------------------+---------+---------+----------+-----------+-----------+------+----------+
        |                  |  Latency (cycles) | Iteration|  Initiation Interval  | Trip |          |
        |     Loop Name    |   min   |   max   |  Latency |  achieved |   target  | Count| Pipelined|
        +------------------+---------+---------+----------+-----------+-----------+------+----------+
        |- ReadInputWidth  |      575|      575|         9|          7|          1|    82|       yes|
        +------------------+---------+---------+----------+-----------+-----------+------+----------+



================================================================
== Utilization Estimates
================================================================
* Summary: 
+-----------------+---------+------+--------+--------+-----+
|       Name      | BRAM_18K|  DSP |   FF   |   LUT  | URAM|
+-----------------+---------+------+--------+--------+-----+
|DSP              |        -|     -|       -|       -|    -|
|Expression       |        -|     -|       0|      40|    -|
|FIFO             |        -|     -|       -|       -|    -|
|Instance         |        -|     0|   21835|  122967|    -|
|Memory           |        -|     -|       -|       -|    -|
|Multiplexer      |        -|     -|       -|     133|    -|
|Register         |        -|     -|      20|       -|    -|
+-----------------+---------+------+--------+--------+-----+
|Total            |        0|     0|   21855|  123140|    0|
+-----------------+---------+------+--------+--------+-----+
|Available        |     2160|  4272|  850560|  425280|   80|
+-----------------+---------+------+--------+--------+-----+
|Utilization (%)  |        0|     0|       2|      28|    0|
+-----------------+---------+------+--------+--------+-----+

+ Detail: 
    * Instance: 
    +-------------------------------------------------------------------------------------+--------------------------------------------------------------------------+---------+----+-------+--------+-----+
    |                                       Instance                                      |                                  Module                                  | BRAM_18K| DSP|   FF  |   LUT  | URAM|
    +-------------------------------------------------------------------------------------+--------------------------------------------------------------------------+---------+----+-------+--------+-----+
    |grp_compute_output_buffer_1d_array_array_ap_fixed_23_12_5_3_0_32u_config12_s_fu_688  |compute_output_buffer_1d_array_array_ap_fixed_23_12_5_3_0_32u_config12_s  |        0|   0|  21835|  122967|    0|
    +-------------------------------------------------------------------------------------+--------------------------------------------------------------------------+---------+----+-------+--------+-----+
    |Total                                                                                |                                                                          |        0|   0|  21835|  122967|    0|
    +-------------------------------------------------------------------------------------+--------------------------------------------------------------------------+---------+----+-------+--------+-----+

    * DSP: 
    N/A

    * Memory: 
    N/A

    * FIFO: 
    N/A

    * Expression: 
    +------------------------------------------+----------+----+---+----+------------+------------+
    |               Variable Name              | Operation| DSP| FF| LUT| Bitwidth P0| Bitwidth P1|
    +------------------------------------------+----------+----+---+----+------------+------------+
    |i_iw_4_fu_1160_p2                         |         +|   0|  0|  14|           7|           1|
    |ap_block_pp0_stage0_11001                 |       and|   0|  0|   2|           1|           1|
    |ap_block_pp0_stage1_11001_ignoreCallOp87  |       and|   0|  0|   2|           1|           1|
    |ap_block_state2_pp0_stage1_iter0          |       and|   0|  0|   2|           1|           1|
    |ap_condition_269                          |       and|   0|  0|   2|           1|           1|
    |icmp_ln22_fu_1154_p2                      |      icmp|   0|  0|  14|           7|           7|
    |ap_block_pp0_stage1_11001                 |        or|   0|  0|   2|           1|           1|
    |ap_enable_pp0                             |       xor|   0|  0|   2|           1|           2|
    +------------------------------------------+----------+----+---+----+------------+------------+
    |Total                                     |          |   0|  0|  40|          20|          15|
    +------------------------------------------+----------+----+---+----+------------+------------+

    * Multiplexer: 
    +-----------------------------+----+-----------+-----+-----------+
    |             Name            | LUT| Input Size| Bits| Total Bits|
    +-----------------------------+----+-----------+-----+-----------+
    |ap_NS_fsm                    |  43|          8|    1|          8|
    |ap_done_int                  |   9|          2|    1|          2|
    |ap_enable_reg_pp0_iter0      |   9|          2|    1|          2|
    |ap_enable_reg_pp0_iter0_reg  |   9|          2|    1|          2|
    |ap_enable_reg_pp0_iter1      |   9|          2|    1|          2|
    |ap_sig_allocacmp_i_iw        |   9|          2|    7|         14|
    |i_iw_01_fu_678               |   9|          2|    7|         14|
    |layer12_out_blk_n            |   9|          2|    1|          2|
    |layer12_out_write            |   9|          2|    1|          2|
    |layer21_out_blk_n            |   9|          2|    1|          2|
    |real_start                   |   9|          2|    1|          2|
    +-----------------------------+----+-----------+-----+-----------+
    |Total                        | 133|         28|   23|         52|
    +-----------------------------+----+-----------+-----+-----------+

    * Register: 
    +--------------------------------------------------------------------------------------------------+---+----+-----+-----------+
    |                                               Name                                               | FF| LUT| Bits| Const Bits|
    +--------------------------------------------------------------------------------------------------+---+----+-----+-----------+
    |ap_CS_fsm                                                                                         |  7|   0|    7|          0|
    |ap_done_reg                                                                                       |  1|   0|    1|          0|
    |ap_enable_reg_pp0_iter0_reg                                                                       |  1|   0|    1|          0|
    |ap_enable_reg_pp0_iter1                                                                           |  1|   0|    1|          0|
    |grp_compute_output_buffer_1d_array_array_ap_fixed_23_12_5_3_0_32u_config12_s_fu_688_ap_start_reg  |  1|   0|    1|          0|
    |i_iw_01_fu_678                                                                                    |  7|   0|    7|          0|
    |icmp_ln22_reg_1876                                                                                |  1|   0|    1|          0|
    |start_once_reg                                                                                    |  1|   0|    1|          0|
    +--------------------------------------------------------------------------------------------------+---+----+-----+-----------+
    |Total                                                                                             | 20|   0|   20|          0|
    +--------------------------------------------------------------------------------------------------+---+----+-----+-----------+



================================================================
== Interface
================================================================
* Summary: 
+----------------------------+-----+-----+------------+-------------------------------------------------------------+--------------+
|          RTL Ports         | Dir | Bits|  Protocol  |                        Source Object                        |    C Type    |
+----------------------------+-----+-----+------------+-------------------------------------------------------------+--------------+
|ap_clk                      |   in|    1|  ap_ctrl_hs|  conv_1d_cl<array,array<ap_fixed<23,12,5,3,0>,32u>,config12>|  return value|
|ap_rst                      |   in|    1|  ap_ctrl_hs|  conv_1d_cl<array,array<ap_fixed<23,12,5,3,0>,32u>,config12>|  return value|
|ap_start                    |   in|    1|  ap_ctrl_hs|  conv_1d_cl<array,array<ap_fixed<23,12,5,3,0>,32u>,config12>|  return value|
|start_full_n                |   in|    1|  ap_ctrl_hs|  conv_1d_cl<array,array<ap_fixed<23,12,5,3,0>,32u>,config12>|  return value|
|ap_done                     |  out|    1|  ap_ctrl_hs|  conv_1d_cl<array,array<ap_fixed<23,12,5,3,0>,32u>,config12>|  return value|
|ap_continue                 |   in|    1|  ap_ctrl_hs|  conv_1d_cl<array,array<ap_fixed<23,12,5,3,0>,32u>,config12>|  return value|
|ap_idle                     |  out|    1|  ap_ctrl_hs|  conv_1d_cl<array,array<ap_fixed<23,12,5,3,0>,32u>,config12>|  return value|
|ap_ready                    |  out|    1|  ap_ctrl_hs|  conv_1d_cl<array,array<ap_fixed<23,12,5,3,0>,32u>,config12>|  return value|
|start_out                   |  out|    1|  ap_ctrl_hs|  conv_1d_cl<array,array<ap_fixed<23,12,5,3,0>,32u>,config12>|  return value|
|start_write                 |  out|    1|  ap_ctrl_hs|  conv_1d_cl<array,array<ap_fixed<23,12,5,3,0>,32u>,config12>|  return value|
|layer21_out_dout            |   in|  384|     ap_fifo|                                                  layer21_out|       pointer|
|layer21_out_num_data_valid  |   in|    8|     ap_fifo|                                                  layer21_out|       pointer|
|layer21_out_fifo_cap        |   in|    8|     ap_fifo|                                                  layer21_out|       pointer|
|layer21_out_empty_n         |   in|    1|     ap_fifo|                                                  layer21_out|       pointer|
|layer21_out_read            |  out|    1|     ap_fifo|                                                  layer21_out|       pointer|
|layer12_out_din             |  out|  736|     ap_fifo|                                                  layer12_out|       pointer|
|layer12_out_num_data_valid  |   in|    8|     ap_fifo|                                                  layer12_out|       pointer|
|layer12_out_fifo_cap        |   in|    8|     ap_fifo|                                                  layer12_out|       pointer|
|layer12_out_full_n          |   in|    1|     ap_fifo|                                                  layer12_out|       pointer|
|layer12_out_write           |  out|    1|     ap_fifo|                                                  layer12_out|       pointer|
+----------------------------+-----+-----+------------+-------------------------------------------------------------+--------------+

