

================================================================
== Vitis HLS Report for 'relu_array_ap_fixed_32u_array_ap_ufixed_6_0_4_0_0_32u_relu_config14_s'
================================================================
* Date:           Wed May  6 12:33:08 2026

* Version:        2023.1 (Build 3854077 on May  4 2023)
* Project:        myproject_prj
* Solution:       solution1 (Vivado IP Flow Target)
* Product family: zynquplusRFSOC
* Target device:  xczu49dr-ffvf1760-2-e


================================================================
== Performance Estimates
================================================================
+ Timing: 
    * Summary: 
    +--------+---------+----------+------------+
    |  Clock |  Target | Estimated| Uncertainty|
    +--------+---------+----------+------------+
    |ap_clk  |  5.00 ns|  3.596 ns|     1.35 ns|
    +--------+---------+----------+------------+

+ Latency: 
    * Summary: 
    +---------+---------+----------+----------+-----+-----+---------+
    |  Latency (cycles) |  Latency (absolute) |  Interval | Pipeline|
    |   min   |   max   |    min   |    max   | min | max |   Type  |
    +---------+---------+----------+----------+-----+-----+---------+
    |       83|       83|  0.415 us|  0.415 us|   83|   83|       no|
    +---------+---------+----------+----------+-----+-----+---------+

    + Detail: 
        * Instance: 
        N/A

        * Loop: 
        +---------------+---------+---------+----------+-----------+-----------+------+----------+
        |               |  Latency (cycles) | Iteration|  Initiation Interval  | Trip |          |
        |   Loop Name   |   min   |   max   |  Latency |  achieved |   target  | Count| Pipelined|
        +---------------+---------+---------+----------+-----------+-----------+------+----------+
        |- ReLUActLoop  |       81|       81|         3|          1|          1|    80|       yes|
        +---------------+---------+---------+----------+-----------+-----------+------+----------+



================================================================
== Utilization Estimates
================================================================
* Summary: 
+-----------------+---------+------+--------+--------+-----+
|       Name      | BRAM_18K|  DSP |   FF   |   LUT  | URAM|
+-----------------+---------+------+--------+--------+-----+
|DSP              |        -|     -|       -|       -|    -|
|Expression       |        -|     -|       0|    3106|    -|
|FIFO             |        -|     -|       -|       -|    -|
|Instance         |        -|     -|       -|       -|    -|
|Memory           |        -|     -|       -|       -|    -|
|Multiplexer      |        -|     -|       -|      63|    -|
|Register         |        -|     -|     205|       -|    -|
+-----------------+---------+------+--------+--------+-----+
|Total            |        0|     0|     205|    3169|    0|
+-----------------+---------+------+--------+--------+-----+
|Available        |     2160|  4272|  850560|  425280|   80|
+-----------------+---------+------+--------+--------+-----+
|Utilization (%)  |        0|     0|      ~0|      ~0|    0|
+-----------------+---------+------+--------+--------+-----+

+ Detail: 
    * Instance: 
    N/A

    * DSP: 
    N/A

    * Memory: 
    N/A

    * FIFO: 
    N/A

    * Expression: 
    +---------------------------+----------+----+---+----+------------+------------+
    |       Variable Name       | Operation| DSP| FF| LUT| Bitwidth P0| Bitwidth P1|
    +---------------------------+----------+----+---+----+------------+------------+
    |add_ln52_32_fu_1056_p2     |         +|   0|  0|  13|           6|           6|
    |add_ln52_33_fu_1192_p2     |         +|   0|  0|  13|           6|           6|
    |add_ln52_34_fu_1328_p2     |         +|   0|  0|  13|           6|           6|
    |add_ln52_35_fu_1464_p2     |         +|   0|  0|  13|           6|           6|
    |add_ln52_36_fu_1600_p2     |         +|   0|  0|  13|           6|           6|
    |add_ln52_37_fu_1736_p2     |         +|   0|  0|  13|           6|           6|
    |add_ln52_38_fu_1872_p2     |         +|   0|  0|  13|           6|           6|
    |add_ln52_39_fu_2008_p2     |         +|   0|  0|  13|           6|           6|
    |add_ln52_40_fu_2144_p2     |         +|   0|  0|  13|           6|           6|
    |add_ln52_41_fu_2280_p2     |         +|   0|  0|  13|           6|           6|
    |add_ln52_42_fu_2416_p2     |         +|   0|  0|  13|           6|           6|
    |add_ln52_43_fu_2552_p2     |         +|   0|  0|  13|           6|           6|
    |add_ln52_44_fu_2688_p2     |         +|   0|  0|  13|           6|           6|
    |add_ln52_45_fu_2824_p2     |         +|   0|  0|  13|           6|           6|
    |add_ln52_46_fu_2960_p2     |         +|   0|  0|  13|           6|           6|
    |add_ln52_47_fu_3096_p2     |         +|   0|  0|  13|           6|           6|
    |add_ln52_48_fu_3232_p2     |         +|   0|  0|  13|           6|           6|
    |add_ln52_49_fu_3368_p2     |         +|   0|  0|  13|           6|           6|
    |add_ln52_50_fu_3504_p2     |         +|   0|  0|  13|           6|           6|
    |add_ln52_51_fu_3640_p2     |         +|   0|  0|  13|           6|           6|
    |add_ln52_52_fu_3776_p2     |         +|   0|  0|  13|           6|           6|
    |add_ln52_53_fu_3912_p2     |         +|   0|  0|  13|           6|           6|
    |add_ln52_54_fu_4048_p2     |         +|   0|  0|  13|           6|           6|
    |add_ln52_55_fu_4184_p2     |         +|   0|  0|  13|           6|           6|
    |add_ln52_56_fu_4320_p2     |         +|   0|  0|  13|           6|           6|
    |add_ln52_57_fu_4456_p2     |         +|   0|  0|  13|           6|           6|
    |add_ln52_58_fu_4592_p2     |         +|   0|  0|  13|           6|           6|
    |add_ln52_59_fu_4728_p2     |         +|   0|  0|  13|           6|           6|
    |add_ln52_60_fu_4864_p2     |         +|   0|  0|  13|           6|           6|
    |add_ln52_61_fu_5000_p2     |         +|   0|  0|  13|           6|           6|
    |add_ln52_62_fu_5136_p2     |         +|   0|  0|  13|           6|           6|
    |add_ln52_fu_920_p2         |         +|   0|  0|  13|           6|           6|
    |i_16_fu_537_p2             |         +|   0|  0|  14|           7|           1|
    |and_ln52_100_fu_3418_p2    |       and|   0|  0|   2|           1|           1|
    |and_ln52_101_fu_3494_p2    |       and|   0|  0|   2|           1|           1|
    |and_ln52_102_fu_3554_p2    |       and|   0|  0|   2|           1|           1|
    |and_ln52_103_fu_3630_p2    |       and|   0|  0|   2|           1|           1|
    |and_ln52_104_fu_3690_p2    |       and|   0|  0|   2|           1|           1|
    |and_ln52_105_fu_3766_p2    |       and|   0|  0|   2|           1|           1|
    |and_ln52_106_fu_3826_p2    |       and|   0|  0|   2|           1|           1|
    |and_ln52_107_fu_3902_p2    |       and|   0|  0|   2|           1|           1|
    |and_ln52_108_fu_3962_p2    |       and|   0|  0|   2|           1|           1|
    |and_ln52_109_fu_4038_p2    |       and|   0|  0|   2|           1|           1|
    |and_ln52_110_fu_4098_p2    |       and|   0|  0|   2|           1|           1|
    |and_ln52_111_fu_4174_p2    |       and|   0|  0|   2|           1|           1|
    |and_ln52_112_fu_4234_p2    |       and|   0|  0|   2|           1|           1|
    |and_ln52_113_fu_4310_p2    |       and|   0|  0|   2|           1|           1|
    |and_ln52_114_fu_4370_p2    |       and|   0|  0|   2|           1|           1|
    |and_ln52_115_fu_4446_p2    |       and|   0|  0|   2|           1|           1|
    |and_ln52_116_fu_4506_p2    |       and|   0|  0|   2|           1|           1|
    |and_ln52_117_fu_4582_p2    |       and|   0|  0|   2|           1|           1|
    |and_ln52_118_fu_4642_p2    |       and|   0|  0|   2|           1|           1|
    |and_ln52_119_fu_4718_p2    |       and|   0|  0|   2|           1|           1|
    |and_ln52_120_fu_4778_p2    |       and|   0|  0|   2|           1|           1|
    |and_ln52_121_fu_4854_p2    |       and|   0|  0|   2|           1|           1|
    |and_ln52_122_fu_4914_p2    |       and|   0|  0|   2|           1|           1|
    |and_ln52_123_fu_4990_p2    |       and|   0|  0|   2|           1|           1|
    |and_ln52_124_fu_5050_p2    |       and|   0|  0|   2|           1|           1|
    |and_ln52_125_fu_5126_p2    |       and|   0|  0|   2|           1|           1|
    |and_ln52_126_fu_5186_p2    |       and|   0|  0|   2|           1|           1|
    |and_ln52_64_fu_970_p2      |       and|   0|  0|   2|           1|           1|
    |and_ln52_65_fu_1046_p2     |       and|   0|  0|   2|           1|           1|
    |and_ln52_66_fu_1106_p2     |       and|   0|  0|   2|           1|           1|
    |and_ln52_67_fu_1182_p2     |       and|   0|  0|   2|           1|           1|
    |and_ln52_68_fu_1242_p2     |       and|   0|  0|   2|           1|           1|
    |and_ln52_69_fu_1318_p2     |       and|   0|  0|   2|           1|           1|
    |and_ln52_70_fu_1378_p2     |       and|   0|  0|   2|           1|           1|
    |and_ln52_71_fu_1454_p2     |       and|   0|  0|   2|           1|           1|
    |and_ln52_72_fu_1514_p2     |       and|   0|  0|   2|           1|           1|
    |and_ln52_73_fu_1590_p2     |       and|   0|  0|   2|           1|           1|
    |and_ln52_74_fu_1650_p2     |       and|   0|  0|   2|           1|           1|
    |and_ln52_75_fu_1726_p2     |       and|   0|  0|   2|           1|           1|
    |and_ln52_76_fu_1786_p2     |       and|   0|  0|   2|           1|           1|
    |and_ln52_77_fu_1862_p2     |       and|   0|  0|   2|           1|           1|
    |and_ln52_78_fu_1922_p2     |       and|   0|  0|   2|           1|           1|
    |and_ln52_79_fu_1998_p2     |       and|   0|  0|   2|           1|           1|
    |and_ln52_80_fu_2058_p2     |       and|   0|  0|   2|           1|           1|
    |and_ln52_81_fu_2134_p2     |       and|   0|  0|   2|           1|           1|
    |and_ln52_82_fu_2194_p2     |       and|   0|  0|   2|           1|           1|
    |and_ln52_83_fu_2270_p2     |       and|   0|  0|   2|           1|           1|
    |and_ln52_84_fu_2330_p2     |       and|   0|  0|   2|           1|           1|
    |and_ln52_85_fu_2406_p2     |       and|   0|  0|   2|           1|           1|
    |and_ln52_86_fu_2466_p2     |       and|   0|  0|   2|           1|           1|
    |and_ln52_87_fu_2542_p2     |       and|   0|  0|   2|           1|           1|
    |and_ln52_88_fu_2602_p2     |       and|   0|  0|   2|           1|           1|
    |and_ln52_89_fu_2678_p2     |       and|   0|  0|   2|           1|           1|
    |and_ln52_90_fu_2738_p2     |       and|   0|  0|   2|           1|           1|
    |and_ln52_91_fu_2814_p2     |       and|   0|  0|   2|           1|           1|
    |and_ln52_92_fu_2874_p2     |       and|   0|  0|   2|           1|           1|
    |and_ln52_93_fu_2950_p2     |       and|   0|  0|   2|           1|           1|
    |and_ln52_94_fu_3010_p2     |       and|   0|  0|   2|           1|           1|
    |and_ln52_95_fu_3086_p2     |       and|   0|  0|   2|           1|           1|
    |and_ln52_96_fu_3146_p2     |       and|   0|  0|   2|           1|           1|
    |and_ln52_97_fu_3222_p2     |       and|   0|  0|   2|           1|           1|
    |and_ln52_98_fu_3282_p2     |       and|   0|  0|   2|           1|           1|
    |and_ln52_99_fu_3358_p2     |       and|   0|  0|   2|           1|           1|
    |and_ln52_fu_910_p2         |       and|   0|  0|   2|           1|           1|
    |ap_condition_174           |       and|   0|  0|   2|           1|           1|
    |icmp_ln41_fu_531_p2        |      icmp|   0|  0|  14|           7|           7|
    |icmp_ln51_32_fu_992_p2     |      icmp|   0|  0|  30|          23|           1|
    |icmp_ln51_33_fu_1128_p2    |      icmp|   0|  0|  30|          23|           1|
    |icmp_ln51_34_fu_1264_p2    |      icmp|   0|  0|  30|          23|           1|
    |icmp_ln51_35_fu_1400_p2    |      icmp|   0|  0|  30|          23|           1|
    |icmp_ln51_36_fu_1536_p2    |      icmp|   0|  0|  30|          23|           1|
    |icmp_ln51_37_fu_1672_p2    |      icmp|   0|  0|  30|          23|           1|
    |icmp_ln51_38_fu_1808_p2    |      icmp|   0|  0|  30|          23|           1|
    |icmp_ln51_39_fu_1944_p2    |      icmp|   0|  0|  30|          23|           1|
    |icmp_ln51_40_fu_2080_p2    |      icmp|   0|  0|  30|          23|           1|
    |icmp_ln51_41_fu_2216_p2    |      icmp|   0|  0|  30|          23|           1|
    |icmp_ln51_42_fu_2352_p2    |      icmp|   0|  0|  30|          23|           1|
    |icmp_ln51_43_fu_2488_p2    |      icmp|   0|  0|  30|          23|           1|
    |icmp_ln51_44_fu_2624_p2    |      icmp|   0|  0|  30|          23|           1|
    |icmp_ln51_45_fu_2760_p2    |      icmp|   0|  0|  30|          23|           1|
    |icmp_ln51_46_fu_2896_p2    |      icmp|   0|  0|  30|          23|           1|
    |icmp_ln51_47_fu_3032_p2    |      icmp|   0|  0|  30|          23|           1|
    |icmp_ln51_48_fu_3168_p2    |      icmp|   0|  0|  30|          23|           1|
    |icmp_ln51_49_fu_3304_p2    |      icmp|   0|  0|  30|          23|           1|
    |icmp_ln51_50_fu_3440_p2    |      icmp|   0|  0|  30|          23|           1|
    |icmp_ln51_51_fu_3576_p2    |      icmp|   0|  0|  30|          23|           1|
    |icmp_ln51_52_fu_3712_p2    |      icmp|   0|  0|  30|          23|           1|
    |icmp_ln51_53_fu_3848_p2    |      icmp|   0|  0|  30|          23|           1|
    |icmp_ln51_54_fu_3984_p2    |      icmp|   0|  0|  30|          23|           1|
    |icmp_ln51_55_fu_4120_p2    |      icmp|   0|  0|  30|          23|           1|
    |icmp_ln51_56_fu_4256_p2    |      icmp|   0|  0|  30|          23|           1|
    |icmp_ln51_57_fu_4392_p2    |      icmp|   0|  0|  30|          23|           1|
    |icmp_ln51_58_fu_4528_p2    |      icmp|   0|  0|  30|          23|           1|
    |icmp_ln51_59_fu_4664_p2    |      icmp|   0|  0|  30|          23|           1|
    |icmp_ln51_60_fu_4800_p2    |      icmp|   0|  0|  30|          23|           1|
    |icmp_ln51_61_fu_4936_p2    |      icmp|   0|  0|  30|          23|           1|
    |icmp_ln51_62_fu_5072_p2    |      icmp|   0|  0|  30|          23|           1|
    |icmp_ln51_fu_862_p2        |      icmp|   0|  0|  30|          23|           1|
    |icmp_ln52_160_fu_898_p2    |      icmp|   0|  0|  12|           4|           1|
    |icmp_ln52_161_fu_936_p2    |      icmp|   0|  0|  19|          12|           1|
    |icmp_ln52_165_fu_1034_p2   |      icmp|   0|  0|  12|           4|           1|
    |icmp_ln52_166_fu_1072_p2   |      icmp|   0|  0|  19|          12|           1|
    |icmp_ln52_170_fu_1170_p2   |      icmp|   0|  0|  12|           4|           1|
    |icmp_ln52_171_fu_1208_p2   |      icmp|   0|  0|  19|          12|           1|
    |icmp_ln52_175_fu_1306_p2   |      icmp|   0|  0|  12|           4|           1|
    |icmp_ln52_176_fu_1344_p2   |      icmp|   0|  0|  19|          12|           1|
    |icmp_ln52_180_fu_1442_p2   |      icmp|   0|  0|  12|           4|           1|
    |icmp_ln52_181_fu_1480_p2   |      icmp|   0|  0|  19|          12|           1|
    |icmp_ln52_185_fu_1578_p2   |      icmp|   0|  0|  12|           4|           1|
    |icmp_ln52_186_fu_1616_p2   |      icmp|   0|  0|  19|          12|           1|
    |icmp_ln52_190_fu_1714_p2   |      icmp|   0|  0|  12|           4|           1|
    |icmp_ln52_191_fu_1850_p2   |      icmp|   0|  0|  12|           4|           1|
    |icmp_ln52_192_fu_1888_p2   |      icmp|   0|  0|  19|          12|           1|
    |icmp_ln52_193_fu_1986_p2   |      icmp|   0|  0|  12|           4|           1|
    |icmp_ln52_194_fu_2024_p2   |      icmp|   0|  0|  19|          12|           1|
    |icmp_ln52_195_fu_2122_p2   |      icmp|   0|  0|  12|           4|           1|
    |icmp_ln52_196_fu_2160_p2   |      icmp|   0|  0|  19|          12|           1|
    |icmp_ln52_197_fu_2258_p2   |      icmp|   0|  0|  12|           4|           1|
    |icmp_ln52_198_fu_2296_p2   |      icmp|   0|  0|  19|          12|           1|
    |icmp_ln52_199_fu_2394_p2   |      icmp|   0|  0|  12|           4|           1|
    |icmp_ln52_200_fu_2432_p2   |      icmp|   0|  0|  19|          12|           1|
    |icmp_ln52_201_fu_2530_p2   |      icmp|   0|  0|  12|           4|           1|
    |icmp_ln52_202_fu_2568_p2   |      icmp|   0|  0|  19|          12|           1|
    |icmp_ln52_203_fu_2666_p2   |      icmp|   0|  0|  12|           4|           1|
    |icmp_ln52_204_fu_2704_p2   |      icmp|   0|  0|  19|          12|           1|
    |icmp_ln52_205_fu_2802_p2   |      icmp|   0|  0|  12|           4|           1|
    |icmp_ln52_206_fu_2840_p2   |      icmp|   0|  0|  19|          12|           1|
    |icmp_ln52_207_fu_2938_p2   |      icmp|   0|  0|  12|           4|           1|
    |icmp_ln52_208_fu_2976_p2   |      icmp|   0|  0|  19|          12|           1|
    |icmp_ln52_209_fu_3074_p2   |      icmp|   0|  0|  12|           4|           1|
    |icmp_ln52_210_fu_3112_p2   |      icmp|   0|  0|  19|          12|           1|
    |icmp_ln52_211_fu_3210_p2   |      icmp|   0|  0|  12|           4|           1|
    |icmp_ln52_212_fu_3248_p2   |      icmp|   0|  0|  19|          12|           1|
    |icmp_ln52_213_fu_3346_p2   |      icmp|   0|  0|  12|           4|           1|
    |icmp_ln52_214_fu_3384_p2   |      icmp|   0|  0|  19|          12|           1|
    |icmp_ln52_215_fu_3482_p2   |      icmp|   0|  0|  12|           4|           1|
    |icmp_ln52_216_fu_3520_p2   |      icmp|   0|  0|  19|          12|           1|
    |icmp_ln52_217_fu_3618_p2   |      icmp|   0|  0|  12|           4|           1|
    |icmp_ln52_218_fu_3656_p2   |      icmp|   0|  0|  19|          12|           1|
    |icmp_ln52_219_fu_3754_p2   |      icmp|   0|  0|  12|           4|           1|
    |icmp_ln52_220_fu_3792_p2   |      icmp|   0|  0|  19|          12|           1|
    |icmp_ln52_221_fu_3890_p2   |      icmp|   0|  0|  12|           4|           1|
    |icmp_ln52_222_fu_3928_p2   |      icmp|   0|  0|  19|          12|           1|
    |icmp_ln52_223_fu_4026_p2   |      icmp|   0|  0|  12|           4|           1|
    |icmp_ln52_224_fu_4064_p2   |      icmp|   0|  0|  19|          12|           1|
    |icmp_ln52_225_fu_4162_p2   |      icmp|   0|  0|  12|           4|           1|
    |icmp_ln52_226_fu_4200_p2   |      icmp|   0|  0|  19|          12|           1|
    |icmp_ln52_227_fu_4298_p2   |      icmp|   0|  0|  12|           4|           1|
    |icmp_ln52_228_fu_4336_p2   |      icmp|   0|  0|  19|          12|           1|
    |icmp_ln52_229_fu_4434_p2   |      icmp|   0|  0|  12|           4|           1|
    |icmp_ln52_230_fu_4472_p2   |      icmp|   0|  0|  19|          12|           1|
    |icmp_ln52_231_fu_4570_p2   |      icmp|   0|  0|  12|           4|           1|
    |icmp_ln52_232_fu_4608_p2   |      icmp|   0|  0|  19|          12|           1|
    |icmp_ln52_233_fu_4706_p2   |      icmp|   0|  0|  12|           4|           1|
    |icmp_ln52_234_fu_4744_p2   |      icmp|   0|  0|  19|          12|           1|
    |icmp_ln52_235_fu_4842_p2   |      icmp|   0|  0|  12|           4|           1|
    |icmp_ln52_236_fu_4880_p2   |      icmp|   0|  0|  19|          12|           1|
    |icmp_ln52_237_fu_4978_p2   |      icmp|   0|  0|  12|           4|           1|
    |icmp_ln52_238_fu_5016_p2   |      icmp|   0|  0|  19|          12|           1|
    |icmp_ln52_239_fu_5114_p2   |      icmp|   0|  0|  12|           4|           1|
    |icmp_ln52_240_fu_5152_p2   |      icmp|   0|  0|  19|          12|           1|
    |icmp_ln52_fu_1752_p2       |      icmp|   0|  0|  19|          12|           1|
    |ap_block_pp0_stage0_01001  |        or|   0|  0|   2|           1|           1|
    |or_ln52_32_fu_1040_p2      |        or|   0|  0|   2|           1|           1|
    |or_ln52_33_fu_1176_p2      |        or|   0|  0|   2|           1|           1|
    |or_ln52_34_fu_1312_p2      |        or|   0|  0|   2|           1|           1|
    |or_ln52_35_fu_1448_p2      |        or|   0|  0|   2|           1|           1|
    |or_ln52_36_fu_1584_p2      |        or|   0|  0|   2|           1|           1|
    |or_ln52_37_fu_1720_p2      |        or|   0|  0|   2|           1|           1|
    |or_ln52_38_fu_1856_p2      |        or|   0|  0|   2|           1|           1|
    |or_ln52_39_fu_1992_p2      |        or|   0|  0|   2|           1|           1|
    |or_ln52_40_fu_2128_p2      |        or|   0|  0|   2|           1|           1|
    |or_ln52_41_fu_2264_p2      |        or|   0|  0|   2|           1|           1|
    |or_ln52_42_fu_2400_p2      |        or|   0|  0|   2|           1|           1|
    |or_ln52_43_fu_2536_p2      |        or|   0|  0|   2|           1|           1|
    |or_ln52_44_fu_2672_p2      |        or|   0|  0|   2|           1|           1|
    |or_ln52_45_fu_2808_p2      |        or|   0|  0|   2|           1|           1|
    |or_ln52_46_fu_2944_p2      |        or|   0|  0|   2|           1|           1|
    |or_ln52_47_fu_3080_p2      |        or|   0|  0|   2|           1|           1|
    |or_ln52_48_fu_3216_p2      |        or|   0|  0|   2|           1|           1|
    |or_ln52_49_fu_3352_p2      |        or|   0|  0|   2|           1|           1|
    |or_ln52_50_fu_3488_p2      |        or|   0|  0|   2|           1|           1|
    |or_ln52_51_fu_3624_p2      |        or|   0|  0|   2|           1|           1|
    |or_ln52_52_fu_3760_p2      |        or|   0|  0|   2|           1|           1|
    |or_ln52_53_fu_3896_p2      |        or|   0|  0|   2|           1|           1|
    |or_ln52_54_fu_4032_p2      |        or|   0|  0|   2|           1|           1|
    |or_ln52_55_fu_4168_p2      |        or|   0|  0|   2|           1|           1|
    |or_ln52_56_fu_4304_p2      |        or|   0|  0|   2|           1|           1|
    |or_ln52_57_fu_4440_p2      |        or|   0|  0|   2|           1|           1|
    |or_ln52_58_fu_4576_p2      |        or|   0|  0|   2|           1|           1|
    |or_ln52_59_fu_4712_p2      |        or|   0|  0|   2|           1|           1|
    |or_ln52_60_fu_4848_p2      |        or|   0|  0|   2|           1|           1|
    |or_ln52_61_fu_4984_p2      |        or|   0|  0|   2|           1|           1|
    |or_ln52_62_fu_5120_p2      |        or|   0|  0|   2|           1|           1|
    |or_ln52_64_fu_964_p2       |        or|   0|  0|   2|           1|           1|
    |or_ln52_65_fu_1100_p2      |        or|   0|  0|   2|           1|           1|
    |or_ln52_66_fu_1236_p2      |        or|   0|  0|   2|           1|           1|
    |or_ln52_67_fu_1372_p2      |        or|   0|  0|   2|           1|           1|
    |or_ln52_68_fu_1508_p2      |        or|   0|  0|   2|           1|           1|
    |or_ln52_69_fu_1644_p2      |        or|   0|  0|   2|           1|           1|
    |or_ln52_70_fu_1780_p2      |        or|   0|  0|   2|           1|           1|
    |or_ln52_71_fu_1916_p2      |        or|   0|  0|   2|           1|           1|
    |or_ln52_72_fu_2052_p2      |        or|   0|  0|   2|           1|           1|
    |or_ln52_73_fu_2188_p2      |        or|   0|  0|   2|           1|           1|
    |or_ln52_74_fu_2324_p2      |        or|   0|  0|   2|           1|           1|
    |or_ln52_75_fu_2460_p2      |        or|   0|  0|   2|           1|           1|
    |or_ln52_76_fu_2596_p2      |        or|   0|  0|   2|           1|           1|
    |or_ln52_77_fu_2732_p2      |        or|   0|  0|   2|           1|           1|
    |or_ln52_78_fu_2868_p2      |        or|   0|  0|   2|           1|           1|
    |or_ln52_79_fu_3004_p2      |        or|   0|  0|   2|           1|           1|
    |or_ln52_80_fu_3140_p2      |        or|   0|  0|   2|           1|           1|
    |or_ln52_81_fu_3276_p2      |        or|   0|  0|   2|           1|           1|
    |or_ln52_82_fu_3412_p2      |        or|   0|  0|   2|           1|           1|
    |or_ln52_83_fu_3548_p2      |        or|   0|  0|   2|           1|           1|
    |or_ln52_84_fu_3684_p2      |        or|   0|  0|   2|           1|           1|
    |or_ln52_85_fu_3820_p2      |        or|   0|  0|   2|           1|           1|
    |or_ln52_86_fu_3956_p2      |        or|   0|  0|   2|           1|           1|
    |or_ln52_87_fu_4092_p2      |        or|   0|  0|   2|           1|           1|
    |or_ln52_88_fu_4228_p2      |        or|   0|  0|   2|           1|           1|
    |or_ln52_89_fu_4364_p2      |        or|   0|  0|   2|           1|           1|
    |or_ln52_90_fu_4500_p2      |        or|   0|  0|   2|           1|           1|
    |or_ln52_91_fu_4636_p2      |        or|   0|  0|   2|           1|           1|
    |or_ln52_92_fu_4772_p2      |        or|   0|  0|   2|           1|           1|
    |or_ln52_93_fu_4908_p2      |        or|   0|  0|   2|           1|           1|
    |or_ln52_94_fu_5044_p2      |        or|   0|  0|   2|           1|           1|
    |or_ln52_95_fu_5180_p2      |        or|   0|  0|   2|           1|           1|
    |or_ln52_fu_904_p2          |        or|   0|  0|   2|           1|           1|
    |out_data_46_fu_984_p3      |    select|   0|  0|   6|           1|           6|
    |out_data_47_fu_1112_p3     |    select|   0|  0|   6|           1|           6|
    |out_data_48_fu_1120_p3     |    select|   0|  0|   6|           1|           6|
    |out_data_49_fu_1248_p3     |    select|   0|  0|   6|           1|           6|
    |out_data_50_fu_1256_p3     |    select|   0|  0|   6|           1|           6|
    |out_data_51_fu_1384_p3     |    select|   0|  0|   6|           1|           6|
    |out_data_52_fu_1392_p3     |    select|   0|  0|   6|           1|           6|
    |out_data_53_fu_1520_p3     |    select|   0|  0|   6|           1|           6|
    |out_data_54_fu_1528_p3     |    select|   0|  0|   6|           1|           6|
    |out_data_55_fu_1656_p3     |    select|   0|  0|   6|           1|           6|
    |out_data_56_fu_1664_p3     |    select|   0|  0|   6|           1|           6|
    |out_data_57_fu_1792_p3     |    select|   0|  0|   6|           1|           6|
    |out_data_58_fu_1800_p3     |    select|   0|  0|   6|           1|           6|
    |out_data_59_fu_1928_p3     |    select|   0|  0|   6|           1|           6|
    |out_data_60_fu_1936_p3     |    select|   0|  0|   6|           1|           6|
    |out_data_fu_976_p3         |    select|   0|  0|   6|           1|           6|
    |select_ln51_24_fu_2208_p3  |    select|   0|  0|   6|           1|           6|
    |select_ln51_25_fu_2344_p3  |    select|   0|  0|   6|           1|           6|
    |select_ln51_26_fu_2480_p3  |    select|   0|  0|   6|           1|           6|
    |select_ln51_27_fu_2616_p3  |    select|   0|  0|   6|           1|           6|
    |select_ln51_28_fu_2752_p3  |    select|   0|  0|   6|           1|           6|
    |select_ln51_29_fu_2888_p3  |    select|   0|  0|   6|           1|           6|
    |select_ln51_30_fu_3024_p3  |    select|   0|  0|   6|           1|           6|
    |select_ln51_31_fu_3160_p3  |    select|   0|  0|   6|           1|           6|
    |select_ln51_32_fu_3296_p3  |    select|   0|  0|   6|           1|           6|
    |select_ln51_33_fu_3432_p3  |    select|   0|  0|   6|           1|           6|
    |select_ln51_34_fu_3568_p3  |    select|   0|  0|   6|           1|           6|
    |select_ln51_35_fu_3704_p3  |    select|   0|  0|   6|           1|           6|
    |select_ln51_36_fu_3840_p3  |    select|   0|  0|   6|           1|           6|
    |select_ln51_37_fu_3976_p3  |    select|   0|  0|   6|           1|           6|
    |select_ln51_38_fu_4112_p3  |    select|   0|  0|   6|           1|           6|
    |select_ln51_39_fu_4248_p3  |    select|   0|  0|   6|           1|           6|
    |select_ln51_40_fu_4384_p3  |    select|   0|  0|   6|           1|           6|
    |select_ln51_41_fu_4520_p3  |    select|   0|  0|   6|           1|           6|
    |select_ln51_42_fu_4656_p3  |    select|   0|  0|   6|           1|           6|
    |select_ln51_43_fu_4792_p3  |    select|   0|  0|   6|           1|           6|
    |select_ln51_44_fu_4928_p3  |    select|   0|  0|   6|           1|           6|
    |select_ln51_45_fu_5064_p3  |    select|   0|  0|   6|           1|           6|
    |select_ln51_46_fu_5200_p3  |    select|   0|  0|   6|           1|           6|
    |select_ln51_fu_2072_p3     |    select|   0|  0|   6|           1|           6|
    |select_ln52_24_fu_2200_p3  |    select|   0|  0|   6|           1|           6|
    |select_ln52_25_fu_2336_p3  |    select|   0|  0|   6|           1|           6|
    |select_ln52_26_fu_2472_p3  |    select|   0|  0|   6|           1|           6|
    |select_ln52_27_fu_2608_p3  |    select|   0|  0|   6|           1|           6|
    |select_ln52_28_fu_2744_p3  |    select|   0|  0|   6|           1|           6|
    |select_ln52_29_fu_2880_p3  |    select|   0|  0|   6|           1|           6|
    |select_ln52_30_fu_3016_p3  |    select|   0|  0|   6|           1|           6|
    |select_ln52_31_fu_3152_p3  |    select|   0|  0|   6|           1|           6|
    |select_ln52_32_fu_3288_p3  |    select|   0|  0|   6|           1|           6|
    |select_ln52_33_fu_3424_p3  |    select|   0|  0|   6|           1|           6|
    |select_ln52_34_fu_3560_p3  |    select|   0|  0|   6|           1|           6|
    |select_ln52_35_fu_3696_p3  |    select|   0|  0|   6|           1|           6|
    |select_ln52_36_fu_3832_p3  |    select|   0|  0|   6|           1|           6|
    |select_ln52_37_fu_3968_p3  |    select|   0|  0|   6|           1|           6|
    |select_ln52_38_fu_4104_p3  |    select|   0|  0|   6|           1|           6|
    |select_ln52_39_fu_4240_p3  |    select|   0|  0|   6|           1|           6|
    |select_ln52_40_fu_4376_p3  |    select|   0|  0|   6|           1|           6|
    |select_ln52_41_fu_4512_p3  |    select|   0|  0|   6|           1|           6|
    |select_ln52_42_fu_4648_p3  |    select|   0|  0|   6|           1|           6|
    |select_ln52_43_fu_4784_p3  |    select|   0|  0|   6|           1|           6|
    |select_ln52_44_fu_4920_p3  |    select|   0|  0|   6|           1|           6|
    |select_ln52_45_fu_5056_p3  |    select|   0|  0|   6|           1|           6|
    |select_ln52_46_fu_5192_p3  |    select|   0|  0|   6|           1|           6|
    |select_ln52_fu_2064_p3     |    select|   0|  0|   6|           1|           6|
    |ap_enable_pp0              |       xor|   0|  0|   2|           1|           2|
    |xor_ln52_126_fu_1094_p2    |       xor|   0|  0|   2|           1|           2|
    |xor_ln52_127_fu_1230_p2    |       xor|   0|  0|   2|           1|           2|
    |xor_ln52_128_fu_1366_p2    |       xor|   0|  0|   2|           1|           2|
    |xor_ln52_129_fu_1502_p2    |       xor|   0|  0|   2|           1|           2|
    |xor_ln52_130_fu_1638_p2    |       xor|   0|  0|   2|           1|           2|
    |xor_ln52_131_fu_1774_p2    |       xor|   0|  0|   2|           1|           2|
    |xor_ln52_132_fu_1910_p2    |       xor|   0|  0|   2|           1|           2|
    |xor_ln52_133_fu_2046_p2    |       xor|   0|  0|   2|           1|           2|
    |xor_ln52_134_fu_2182_p2    |       xor|   0|  0|   2|           1|           2|
    |xor_ln52_135_fu_2318_p2    |       xor|   0|  0|   2|           1|           2|
    |xor_ln52_136_fu_2454_p2    |       xor|   0|  0|   2|           1|           2|
    |xor_ln52_137_fu_2590_p2    |       xor|   0|  0|   2|           1|           2|
    |xor_ln52_138_fu_2726_p2    |       xor|   0|  0|   2|           1|           2|
    |xor_ln52_139_fu_2862_p2    |       xor|   0|  0|   2|           1|           2|
    |xor_ln52_140_fu_2998_p2    |       xor|   0|  0|   2|           1|           2|
    |xor_ln52_141_fu_3134_p2    |       xor|   0|  0|   2|           1|           2|
    |xor_ln52_142_fu_3270_p2    |       xor|   0|  0|   2|           1|           2|
    |xor_ln52_143_fu_3406_p2    |       xor|   0|  0|   2|           1|           2|
    |xor_ln52_144_fu_3542_p2    |       xor|   0|  0|   2|           1|           2|
    |xor_ln52_145_fu_3678_p2    |       xor|   0|  0|   2|           1|           2|
    |xor_ln52_146_fu_3814_p2    |       xor|   0|  0|   2|           1|           2|
    |xor_ln52_147_fu_3950_p2    |       xor|   0|  0|   2|           1|           2|
    |xor_ln52_148_fu_4086_p2    |       xor|   0|  0|   2|           1|           2|
    |xor_ln52_149_fu_4222_p2    |       xor|   0|  0|   2|           1|           2|
    |xor_ln52_150_fu_4358_p2    |       xor|   0|  0|   2|           1|           2|
    |xor_ln52_151_fu_4494_p2    |       xor|   0|  0|   2|           1|           2|
    |xor_ln52_152_fu_4630_p2    |       xor|   0|  0|   2|           1|           2|
    |xor_ln52_153_fu_4766_p2    |       xor|   0|  0|   2|           1|           2|
    |xor_ln52_154_fu_4902_p2    |       xor|   0|  0|   2|           1|           2|
    |xor_ln52_155_fu_5038_p2    |       xor|   0|  0|   2|           1|           2|
    |xor_ln52_156_fu_5174_p2    |       xor|   0|  0|   2|           1|           2|
    |xor_ln52_fu_958_p2         |       xor|   0|  0|   2|           1|           2|
    +---------------------------+----------+----+---+----+------------+------------+
    |Total                      |          |   0|  0|3106|        1681|         876|
    +---------------------------+----------+----+---+----+------------+------------+

    * Multiplexer: 
    +-------------------------+----+-----------+-----+-----------+
    |           Name          | LUT| Input Size| Bits| Total Bits|
    +-------------------------+----+-----------+-----+-----------+
    |ap_done_int              |   9|          2|    1|          2|
    |ap_enable_reg_pp0_iter1  |   9|          2|    1|          2|
    |ap_sig_allocacmp_i_15    |   9|          2|    7|         14|
    |i_fu_506                 |   9|          2|    7|         14|
    |layer12_out_blk_n        |   9|          2|    1|          2|
    |layer14_out_blk_n        |   9|          2|    1|          2|
    |real_start               |   9|          2|    1|          2|
    +-------------------------+----+-----------+-----+-----------+
    |Total                    |  63|         14|   19|         38|
    +-------------------------+----+-----------+-----+-----------+

    * Register: 
    +----------------------------------+---+----+-----+-----------+
    |               Name               | FF| LUT| Bits| Const Bits|
    +----------------------------------+---+----+-----+-----------+
    |ap_CS_fsm                         |  1|   0|    1|          0|
    |ap_done_reg                       |  1|   0|    1|          0|
    |ap_enable_reg_pp0_iter1           |  1|   0|    1|          0|
    |ap_enable_reg_pp0_iter2           |  1|   0|    1|          0|
    |ap_loop_exit_ready_pp0_iter1_reg  |  1|   0|    1|          0|
    |i_fu_506                          |  7|   0|    7|          0|
    |out_data_46_reg_5256              |  6|   0|    6|          0|
    |out_data_48_reg_5261              |  6|   0|    6|          0|
    |out_data_50_reg_5266              |  6|   0|    6|          0|
    |out_data_52_reg_5271              |  6|   0|    6|          0|
    |out_data_54_reg_5276              |  6|   0|    6|          0|
    |out_data_56_reg_5281              |  6|   0|    6|          0|
    |out_data_58_reg_5286              |  6|   0|    6|          0|
    |out_data_60_reg_5291              |  6|   0|    6|          0|
    |select_ln51_24_reg_5301           |  6|   0|    6|          0|
    |select_ln51_25_reg_5306           |  6|   0|    6|          0|
    |select_ln51_26_reg_5311           |  6|   0|    6|          0|
    |select_ln51_27_reg_5316           |  6|   0|    6|          0|
    |select_ln51_28_reg_5321           |  6|   0|    6|          0|
    |select_ln51_29_reg_5326           |  6|   0|    6|          0|
    |select_ln51_30_reg_5331           |  6|   0|    6|          0|
    |select_ln51_31_reg_5336           |  6|   0|    6|          0|
    |select_ln51_32_reg_5341           |  6|   0|    6|          0|
    |select_ln51_33_reg_5346           |  6|   0|    6|          0|
    |select_ln51_34_reg_5351           |  6|   0|    6|          0|
    |select_ln51_35_reg_5356           |  6|   0|    6|          0|
    |select_ln51_36_reg_5361           |  6|   0|    6|          0|
    |select_ln51_37_reg_5366           |  6|   0|    6|          0|
    |select_ln51_38_reg_5371           |  6|   0|    6|          0|
    |select_ln51_39_reg_5376           |  6|   0|    6|          0|
    |select_ln51_40_reg_5381           |  6|   0|    6|          0|
    |select_ln51_41_reg_5386           |  6|   0|    6|          0|
    |select_ln51_42_reg_5391           |  6|   0|    6|          0|
    |select_ln51_43_reg_5396           |  6|   0|    6|          0|
    |select_ln51_44_reg_5401           |  6|   0|    6|          0|
    |select_ln51_45_reg_5406           |  6|   0|    6|          0|
    |select_ln51_46_reg_5411           |  6|   0|    6|          0|
    |select_ln51_reg_5296              |  6|   0|    6|          0|
    |start_once_reg                    |  1|   0|    1|          0|
    +----------------------------------+---+----+-----+-----------+
    |Total                             |205|   0|  205|          0|
    +----------------------------------+---+----+-----+-----------+



================================================================
== Interface
================================================================
* Summary: 
+----------------------------+-----+-----+------------+-------------------------------------------------------------------------+--------------+
|          RTL Ports         | Dir | Bits|  Protocol  |                              Source Object                              |    C Type    |
+----------------------------+-----+-----+------------+-------------------------------------------------------------------------+--------------+
|ap_clk                      |   in|    1|  ap_ctrl_hs|  relu<array<ap_fixed,32u>,array<ap_ufixed<6,0,4,0,0>,32u>,relu_config14>|  return value|
|ap_rst                      |   in|    1|  ap_ctrl_hs|  relu<array<ap_fixed,32u>,array<ap_ufixed<6,0,4,0,0>,32u>,relu_config14>|  return value|
|ap_start                    |   in|    1|  ap_ctrl_hs|  relu<array<ap_fixed,32u>,array<ap_ufixed<6,0,4,0,0>,32u>,relu_config14>|  return value|
|start_full_n                |   in|    1|  ap_ctrl_hs|  relu<array<ap_fixed,32u>,array<ap_ufixed<6,0,4,0,0>,32u>,relu_config14>|  return value|
|ap_done                     |  out|    1|  ap_ctrl_hs|  relu<array<ap_fixed,32u>,array<ap_ufixed<6,0,4,0,0>,32u>,relu_config14>|  return value|
|ap_continue                 |   in|    1|  ap_ctrl_hs|  relu<array<ap_fixed,32u>,array<ap_ufixed<6,0,4,0,0>,32u>,relu_config14>|  return value|
|ap_idle                     |  out|    1|  ap_ctrl_hs|  relu<array<ap_fixed,32u>,array<ap_ufixed<6,0,4,0,0>,32u>,relu_config14>|  return value|
|ap_ready                    |  out|    1|  ap_ctrl_hs|  relu<array<ap_fixed,32u>,array<ap_ufixed<6,0,4,0,0>,32u>,relu_config14>|  return value|
|start_out                   |  out|    1|  ap_ctrl_hs|  relu<array<ap_fixed,32u>,array<ap_ufixed<6,0,4,0,0>,32u>,relu_config14>|  return value|
|start_write                 |  out|    1|  ap_ctrl_hs|  relu<array<ap_fixed,32u>,array<ap_ufixed<6,0,4,0,0>,32u>,relu_config14>|  return value|
|layer12_out_dout            |   in|  736|     ap_fifo|                                                              layer12_out|       pointer|
|layer12_out_num_data_valid  |   in|    8|     ap_fifo|                                                              layer12_out|       pointer|
|layer12_out_fifo_cap        |   in|    8|     ap_fifo|                                                              layer12_out|       pointer|
|layer12_out_empty_n         |   in|    1|     ap_fifo|                                                              layer12_out|       pointer|
|layer12_out_read            |  out|    1|     ap_fifo|                                                              layer12_out|       pointer|
|layer14_out_din             |  out|  192|     ap_fifo|                                                              layer14_out|       pointer|
|layer14_out_num_data_valid  |   in|    8|     ap_fifo|                                                              layer14_out|       pointer|
|layer14_out_fifo_cap        |   in|    8|     ap_fifo|                                                              layer14_out|       pointer|
|layer14_out_full_n          |   in|    1|     ap_fifo|                                                              layer14_out|       pointer|
|layer14_out_write           |  out|    1|     ap_fifo|                                                              layer14_out|       pointer|
+----------------------------+-----+-----+------------+-------------------------------------------------------------------------+--------------+

