

================================================================
== Vitis HLS Report for 'compute_output_buffer_1d_array_array_ap_fixed_27_12_5_3_0_32u_config2_s'
================================================================
* Date:           Wed May  6 12:31:58 2026

* Version:        2023.1 (Build 3854077 on May  4 2023)
* Project:        myproject_prj
* Solution:       solution1 (Vivado IP Flow Target)
* Product family: zynquplusRFSOC
* Target device:  xczu49dr-ffvf1760-2-e


================================================================
== Performance Estimates
================================================================
+ Timing: 
    * Summary: 
    +--------+---------+----------+------------+
    |  Clock |  Target | Estimated| Uncertainty|
    +--------+---------+----------+------------+
    |ap_clk  |  5.00 ns|  3.626 ns|     1.35 ns|
    +--------+---------+----------+------------+

+ Latency: 
    * Summary: 
    +---------+---------+-----------+-----------+-----+-----+---------+
    |  Latency (cycles) |   Latency (absolute)  |  Interval | Pipeline|
    |   min   |   max   |    min    |    max    | min | max |   Type  |
    +---------+---------+-----------+-----------+-----+-----+---------+
    |        3|        3|  15.000 ns|  15.000 ns|    3|    3|      yes|
    +---------+---------+-----------+-----------+-----+-----+---------+

    + Detail: 
        * Instance: 
        +---------------------------------------------------------------------------------+-----------------------------------------------------------------------+---------+---------+----------+----------+-----+-----+---------+
        |                                                                                 |                                                                       |  Latency (cycles) |  Latency (absolute) |  Interval | Pipeline|
        |                                     Instance                                    |                                 Module                                |   min   |   max   |    min   |    max   | min | max |   Type  |
        +---------------------------------------------------------------------------------+-----------------------------------------------------------------------+---------+---------+----------+----------+-----+-----+---------+
        |grp_dense_latency_ap_fixed_16_6_5_3_0_ap_fixed_27_12_5_3_0_config2_mult_s_fu_68  |dense_latency_ap_fixed_16_6_5_3_0_ap_fixed_27_12_5_3_0_config2_mult_s  |        1|        1|  5.000 ns|  5.000 ns|    1|    1|      yes|
        +---------------------------------------------------------------------------------+-----------------------------------------------------------------------+---------+---------+----------+----------+-----+-----+---------+

        * Loop: 
        N/A



================================================================
== Utilization Estimates
================================================================
* Summary: 
+-----------------+---------+------+--------+--------+-----+
|       Name      | BRAM_18K|  DSP |   FF   |   LUT  | URAM|
+-----------------+---------+------+--------+--------+-----+
|DSP              |        -|     -|       -|       -|    -|
|Expression       |        -|     -|       0|     238|    -|
|FIFO             |        -|     -|       -|       -|    -|
|Instance         |        -|    29|    1444|    3975|    -|
|Memory           |        -|     -|       -|       -|    -|
|Multiplexer      |        -|     -|       -|      65|    -|
|Register         |        -|     -|    1014|       -|    -|
+-----------------+---------+------+--------+--------+-----+
|Total            |        0|    29|    2458|    4278|    0|
+-----------------+---------+------+--------+--------+-----+
|Available        |     2160|  4272|  850560|  425280|   80|
+-----------------+---------+------+--------+--------+-----+
|Utilization (%)  |        0|    ~0|      ~0|       1|    0|
+-----------------+---------+------+--------+--------+-----+

+ Detail: 
    * Instance: 
    +---------------------------------------------------------------------------------+-----------------------------------------------------------------------+---------+----+------+------+-----+
    |                                     Instance                                    |                                 Module                                | BRAM_18K| DSP|  FF  |  LUT | URAM|
    +---------------------------------------------------------------------------------+-----------------------------------------------------------------------+---------+----+------+------+-----+
    |grp_dense_latency_ap_fixed_16_6_5_3_0_ap_fixed_27_12_5_3_0_config2_mult_s_fu_68  |dense_latency_ap_fixed_16_6_5_3_0_ap_fixed_27_12_5_3_0_config2_mult_s  |        0|  29|  1444|  3975|    0|
    +---------------------------------------------------------------------------------+-----------------------------------------------------------------------+---------+----+------+------+-----+
    |Total                                                                            |                                                                       |        0|  29|  1444|  3975|    0|
    +---------------------------------------------------------------------------------+-----------------------------------------------------------------------+---------+----+------+------+-----+

    * DSP: 
    N/A

    * Memory: 
    N/A

    * FIFO: 
    N/A

    * Expression: 
    +----------------------------------+----------+----+---+----+------------+------------+
    |           Variable Name          | Operation| DSP| FF| LUT| Bitwidth P0| Bitwidth P1|
    +----------------------------------+----------+----+---+----+------------+------------+
    |add_ln369_fu_140_p2               |         +|   0|  0|  39|          32|           1|
    |add_ln376_fu_158_p2               |         +|   0|  0|  39|          32|           1|
    |and_ln350_fu_134_p2               |       and|   0|  0|   2|           1|           1|
    |ap_block_pp0_stage0_01001         |       and|   0|  0|   2|           1|           1|
    |ap_block_state4_pp0_stage0_iter1  |       and|   0|  0|   2|           1|           1|
    |ap_condition_228                  |       and|   0|  0|   2|           1|           1|
    |icmp_ln350_1_fu_128_p2            |      icmp|   0|  0|  38|          31|           1|
    |icmp_ln350_fu_108_p2              |      icmp|   0|  0|  39|          32|           2|
    |icmp_ln369_fu_146_p2              |      icmp|   0|  0|  39|          32|           7|
    |ap_block_pp0_stage0_subdone       |        or|   0|  0|   2|           1|           1|
    |select_ln376_fu_164_p3            |    select|   0|  0|  32|           1|           2|
    |ap_enable_pp0                     |       xor|   0|  0|   2|           1|           2|
    +----------------------------------+----------+----+---+----+------------+------------+
    |Total                             |          |   0|  0| 238|         166|          21|
    +----------------------------------+----------+----+---+----+------------+------------+

    * Multiplexer: 
    +----------------------------------------+----+-----------+-----+-----------+
    |                  Name                  | LUT| Input Size| Bits| Total Bits|
    +----------------------------------------+----+-----------+-----+-----------+
    |ap_NS_fsm                               |  20|          4|    1|          4|
    |ap_enable_reg_pp0_iter0                 |   9|          2|    1|          2|
    |ap_enable_reg_pp0_iter1                 |   9|          2|    1|          2|
    |ap_phi_reg_pp0_iter0_storemerge_reg_57  |   9|          2|   32|         64|
    |layer2_out_blk_n                        |   9|          2|    1|          2|
    |pX_3                                    |   9|          2|   32|         64|
    +----------------------------------------+----+-----------+-----+-----------+
    |Total                                   |  65|         14|   68|        138|
    +----------------------------------------+----+-----------+-----+-----------+

    * Register: 
    +---------------------------------------------------------------------------------+----+----+-----+-----------+
    |                                       Name                                      | FF | LUT| Bits| Const Bits|
    +---------------------------------------------------------------------------------+----+----+-----+-----------+
    |and_ln350_reg_349                                                                |   1|   0|    1|          0|
    |ap_CS_fsm                                                                        |   3|   0|    3|          0|
    |ap_enable_reg_pp0_iter0_reg                                                      |   1|   0|    1|          0|
    |ap_enable_reg_pp0_iter1                                                          |   1|   0|    1|          0|
    |ap_phi_reg_pp0_iter0_storemerge_reg_57                                           |  32|   0|   32|          0|
    |pX_3                                                                             |  32|   0|   32|          0|
    |res_out_10_reg_411                                                               |  27|   0|   27|          0|
    |res_out_11_reg_416                                                               |  27|   0|   27|          0|
    |res_out_12_reg_421                                                               |  27|   0|   27|          0|
    |res_out_13_reg_426                                                               |  27|   0|   27|          0|
    |res_out_14_reg_431                                                               |  27|   0|   27|          0|
    |res_out_15_reg_436                                                               |  27|   0|   27|          0|
    |res_out_16_reg_441                                                               |  27|   0|   27|          0|
    |res_out_17_reg_446                                                               |  27|   0|   27|          0|
    |res_out_18_reg_451                                                               |  27|   0|   27|          0|
    |res_out_19_reg_456                                                               |  27|   0|   27|          0|
    |res_out_1_reg_366                                                                |  27|   0|   27|          0|
    |res_out_20_reg_461                                                               |  27|   0|   27|          0|
    |res_out_21_reg_466                                                               |  27|   0|   27|          0|
    |res_out_22_reg_471                                                               |  27|   0|   27|          0|
    |res_out_23_reg_476                                                               |  27|   0|   27|          0|
    |res_out_24_reg_481                                                               |  27|   0|   27|          0|
    |res_out_25_reg_486                                                               |  27|   0|   27|          0|
    |res_out_26_reg_491                                                               |  27|   0|   27|          0|
    |res_out_27_reg_496                                                               |  27|   0|   27|          0|
    |res_out_28_reg_501                                                               |  27|   0|   27|          0|
    |res_out_29_reg_506                                                               |  27|   0|   27|          0|
    |res_out_2_reg_371                                                                |  27|   0|   27|          0|
    |res_out_30_reg_511                                                               |  27|   0|   27|          0|
    |res_out_31_reg_516                                                               |  27|   0|   27|          0|
    |res_out_3_reg_376                                                                |  27|   0|   27|          0|
    |res_out_4_reg_381                                                                |  27|   0|   27|          0|
    |res_out_5_reg_386                                                                |  27|   0|   27|          0|
    |res_out_6_reg_391                                                                |  27|   0|   27|          0|
    |res_out_7_reg_396                                                                |  27|   0|   27|          0|
    |res_out_8_reg_401                                                                |  27|   0|   27|          0|
    |res_out_9_reg_406                                                                |  27|   0|   27|          0|
    |res_out_reg_361                                                                  |  27|   0|   27|          0|
    |sX_3                                                                             |  32|   0|   32|          0|
    |void_compute_output_buffer_1d_array_const_stream_weight_t_bias_t_kernel_data_30  |  16|   0|   16|          0|
    |void_compute_output_buffer_1d_array_const_stream_weight_t_bias_t_kernel_data_31  |  16|   0|   16|          0|
    |void_compute_output_buffer_1d_array_const_stream_weight_t_bias_t_kernel_data_32  |  16|   0|   16|          0|
    +---------------------------------------------------------------------------------+----+----+-----+-----------+
    |Total                                                                            |1014|   0| 1014|          0|
    +---------------------------------------------------------------------------------+----+----+-----+-----------+



================================================================
== Interface
================================================================
* Summary: 
+---------------------------+-----+-----+------------+--------------------------------------------------------------------------+--------------+
|         RTL Ports         | Dir | Bits|  Protocol  |                               Source Object                              |    C Type    |
+---------------------------+-----+-----+------------+--------------------------------------------------------------------------+--------------+
|ap_clk                     |   in|    1|  ap_ctrl_hs|  compute_output_buffer_1d<array,array<ap_fixed<27,12,5,3,0>,32u>,config2>|  return value|
|ap_rst                     |   in|    1|  ap_ctrl_hs|  compute_output_buffer_1d<array,array<ap_fixed<27,12,5,3,0>,32u>,config2>|  return value|
|ap_start                   |   in|    1|  ap_ctrl_hs|  compute_output_buffer_1d<array,array<ap_fixed<27,12,5,3,0>,32u>,config2>|  return value|
|ap_done                    |  out|    1|  ap_ctrl_hs|  compute_output_buffer_1d<array,array<ap_fixed<27,12,5,3,0>,32u>,config2>|  return value|
|ap_idle                    |  out|    1|  ap_ctrl_hs|  compute_output_buffer_1d<array,array<ap_fixed<27,12,5,3,0>,32u>,config2>|  return value|
|ap_ready                   |  out|    1|  ap_ctrl_hs|  compute_output_buffer_1d<array,array<ap_fixed<27,12,5,3,0>,32u>,config2>|  return value|
|ap_ce                      |   in|    1|  ap_ctrl_hs|  compute_output_buffer_1d<array,array<ap_fixed<27,12,5,3,0>,32u>,config2>|  return value|
|layer2_out_blk_n           |  out|    1|  ap_ctrl_hs|  compute_output_buffer_1d<array,array<ap_fixed<27,12,5,3,0>,32u>,config2>|  return value|
|in_elem_0_0_0_0_0_val      |   in|   16|     ap_none|                                                     in_elem_0_0_0_0_0_val|        scalar|
|layer2_out_din             |  out|  864|     ap_fifo|                                                                layer2_out|       pointer|
|layer2_out_num_data_valid  |   in|    8|     ap_fifo|                                                                layer2_out|       pointer|
|layer2_out_fifo_cap        |   in|    8|     ap_fifo|                                                                layer2_out|       pointer|
|layer2_out_full_n          |   in|    1|     ap_fifo|                                                                layer2_out|       pointer|
|layer2_out_write           |  out|    1|     ap_fifo|                                                                layer2_out|       pointer|
+---------------------------+-----+-----+------------+--------------------------------------------------------------------------+--------------+

============================================================
+ Verbose Summary: Synthesis Manager
============================================================
InlineROM: 1
ExposeGlobal: 0
============================================================
+ Verbose Summary: CDFG Model
============================================================
IsTopModel: 0
ResetActiveHigh: 1
IsCombinational: 2
IsDatapathOnly: 2
HasWiredReturn: 1
HasMFsm: 2
HasVarLatency: 0
IsPipeline: 1
IsRtlPipelined: 1
IsInstanceOverlapped: 0
IsDontTouch: 0
HasImplIP: 0
IsGatedGlobalClock: 0

+ Individual pipeline summary: 
  * Pipeline-0: initiation interval (II) = 3, depth = 4


============================================================
+ Verbose Summary: Schedule
============================================================
* Number of FSM states : 4
* Pipeline : 1
  Pipeline-0 : II = 3, D = 4, States = { 1 2 3 4 }
* Dataflow Pipeline: 0

* FSM state transitions: 
1 --> 2 
2 --> 3 
3 --> 4 
4 --> 

* FSM state operations: 

State 1 <SV = 0> <Delay = 0.00>
ST_1 : Operation 5 [1/1] (0.00ns)   --->   "%in_elem_0_0_0_0_0_val_read = read i16 @_ssdm_op_Read.ap_auto.i16, i16 %in_elem_0_0_0_0_0_val"   --->   Operation 5 'read' 'in_elem_0_0_0_0_0_val_read' <Predicate = true> <Delay = 0.00>
ST_1 : Operation 6 [1/1] (0.00ns)   --->   "%void_compute_output_buffer_1d_array_const_stream_weight_t_bias_t_kernel_data_33 = load i16 %void_compute_output_buffer_1d_array_const_stream_weight_t_bias_t_kernel_data_31" [firmware/nnet_utils/nnet_conv_stream.h:167->firmware/nnet_utils/nnet_conv_stream.h:347]   --->   Operation 6 'load' 'void_compute_output_buffer_1d_array_const_stream_weight_t_bias_t_kernel_data_33' <Predicate = true> <Delay = 0.00>
ST_1 : Operation 7 [1/1] (0.00ns)   --->   "%void_compute_output_buffer_1d_array_const_stream_weight_t_bias_t_kernel_data_34 = load i16 %void_compute_output_buffer_1d_array_const_stream_weight_t_bias_t_kernel_data_30" [firmware/nnet_utils/nnet_conv_stream.h:167->firmware/nnet_utils/nnet_conv_stream.h:347]   --->   Operation 7 'load' 'void_compute_output_buffer_1d_array_const_stream_weight_t_bias_t_kernel_data_34' <Predicate = true> <Delay = 0.00>
ST_1 : Operation 8 [1/1] (0.00ns)   --->   "%store_ln167 = store i16 %void_compute_output_buffer_1d_array_const_stream_weight_t_bias_t_kernel_data_33, i16 %void_compute_output_buffer_1d_array_const_stream_weight_t_bias_t_kernel_data_32" [firmware/nnet_utils/nnet_conv_stream.h:167->firmware/nnet_utils/nnet_conv_stream.h:347]   --->   Operation 8 'store' 'store_ln167' <Predicate = true> <Delay = 0.00>
ST_1 : Operation 9 [1/1] (0.00ns)   --->   "%store_ln167 = store i16 %void_compute_output_buffer_1d_array_const_stream_weight_t_bias_t_kernel_data_34, i16 %void_compute_output_buffer_1d_array_const_stream_weight_t_bias_t_kernel_data_31" [firmware/nnet_utils/nnet_conv_stream.h:167->firmware/nnet_utils/nnet_conv_stream.h:347]   --->   Operation 9 'store' 'store_ln167' <Predicate = true> <Delay = 0.00>
ST_1 : Operation 10 [1/1] (0.00ns)   --->   "%store_ln176 = store i16 %in_elem_0_0_0_0_0_val_read, i16 %void_compute_output_buffer_1d_array_const_stream_weight_t_bias_t_kernel_data_30" [firmware/nnet_utils/nnet_conv_stream.h:176->firmware/nnet_utils/nnet_conv_stream.h:347]   --->   Operation 10 'store' 'store_ln176' <Predicate = true> <Delay = 0.00>

State 2 <SV = 1> <Delay = 2.45>
ST_2 : Operation 11 [1/1] (0.00ns)   --->   "%specinterface_ln0 = specinterface void @_ssdm_op_SpecInterface, i864 %layer2_out, void @empty_2, i32 0, i32 0, void @empty_1, i32 0, i32 0, void @empty_1, void @empty_1, void @empty_1, i32 0, i32 0, i32 0, i32 0, void @empty_1, void @empty_1, i32 4294967295, i32 0"   --->   Operation 11 'specinterface' 'specinterface_ln0' <Predicate = true> <Delay = 0.00>
ST_2 : Operation 12 [1/1] (0.00ns)   --->   "%sX_3_load = load i32 %sX_3" [firmware/nnet_utils/nnet_conv_stream.h:350]   --->   Operation 12 'load' 'sX_3_load' <Predicate = true> <Delay = 0.00>
ST_2 : Operation 13 [1/1] (1.01ns)   --->   "%icmp_ln350 = icmp_eq  i32 %sX_3_load, i32 2" [firmware/nnet_utils/nnet_conv_stream.h:350]   --->   Operation 13 'icmp' 'icmp_ln350' <Predicate = true> <Delay = 1.01> <CoreInst = "Cmp">   --->   Core 9 'Cmp' <Latency = 0> <II = 1> <Delay = 1.01> <FuncUnit> <Opcode : 'icmp'> <InPorts = 2> <OutPorts = 1>
ST_2 : Operation 14 [1/1] (0.00ns)   --->   "%pX_3_load = load i32 %pX_3" [firmware/nnet_utils/nnet_conv_stream.h:350]   --->   Operation 14 'load' 'pX_3_load' <Predicate = true> <Delay = 0.00>
ST_2 : Operation 15 [1/1] (0.00ns)   --->   "%tmp_769 = partselect i31 @_ssdm_op_PartSelect.i31.i32.i32.i32, i32 %pX_3_load, i32 1, i32 31" [firmware/nnet_utils/nnet_conv_stream.h:350]   --->   Operation 15 'partselect' 'tmp_769' <Predicate = true> <Delay = 0.00>
ST_2 : Operation 16 [1/1] (1.00ns)   --->   "%icmp_ln350_1 = icmp_sgt  i31 %tmp_769, i31 0" [firmware/nnet_utils/nnet_conv_stream.h:350]   --->   Operation 16 'icmp' 'icmp_ln350_1' <Predicate = true> <Delay = 1.00> <CoreInst = "Cmp">   --->   Core 9 'Cmp' <Latency = 0> <II = 1> <Delay = 1.00> <FuncUnit> <Opcode : 'icmp'> <InPorts = 2> <OutPorts = 1>
ST_2 : Operation 17 [1/1] (0.28ns)   --->   "%and_ln350 = and i1 %icmp_ln350, i1 %icmp_ln350_1" [firmware/nnet_utils/nnet_conv_stream.h:350]   --->   Operation 17 'and' 'and_ln350' <Predicate = true> <Delay = 0.28> <CoreInst = "LogicGate">   --->   Core 74 'LogicGate' <Latency = 0> <II = 1> <Delay = 0.28> <FuncUnit> <Opcode : 'and' 'or' 'xor'> <InPorts = 2> <OutPorts = 1>
ST_2 : Operation 18 [1/1] (0.00ns)   --->   "%br_ln350 = br i1 %and_ln350, void %if.end, void %if.then" [firmware/nnet_utils/nnet_conv_stream.h:350]   --->   Operation 18 'br' 'br_ln350' <Predicate = true> <Delay = 0.00>
ST_2 : Operation 19 [2/2] (0.00ns)   --->   "%tmp = call i864 @dense_latency<ap_fixed<16, 6, 5, 3, 0>, ap_fixed<27, 12, 5, 3, 0>, config2_mult>, i16 %void_compute_output_buffer_1d_array_const_stream_weight_t_bias_t_kernel_data_32, i16 %void_compute_output_buffer_1d_array_const_stream_weight_t_bias_t_kernel_data_31, i16 %void_compute_output_buffer_1d_array_const_stream_weight_t_bias_t_kernel_data_30" [firmware/nnet_utils/nnet_dense.h:54->firmware/nnet_utils/nnet_conv_stream.h:354]   --->   Operation 19 'call' 'tmp' <Predicate = (and_ln350)> <Delay = 0.00> <CoreType = "Generic">   --->   Core 0 '' <Latency = 0> <II = 1> <Delay = 1.00> <Generic> <Opcode : >
ST_2 : Operation 20 [1/1] (1.01ns)   --->   "%add_ln369 = add i32 %pX_3_load, i32 1" [firmware/nnet_utils/nnet_conv_stream.h:369]   --->   Operation 20 'add' 'add_ln369' <Predicate = true> <Delay = 1.01> <CoreInst = "Adder">   --->   Core 1 'Adder' <Latency = 0> <II = 1> <Delay = 1.01> <FuncUnit> <Opcode : 'add' 'sub'> <InPorts = 2> <OutPorts = 1>
ST_2 : Operation 21 [1/1] (1.01ns)   --->   "%icmp_ln369 = icmp_eq  i32 %add_ln369, i32 82" [firmware/nnet_utils/nnet_conv_stream.h:369]   --->   Operation 21 'icmp' 'icmp_ln369' <Predicate = true> <Delay = 1.01> <CoreInst = "Cmp">   --->   Core 9 'Cmp' <Latency = 0> <II = 1> <Delay = 1.01> <FuncUnit> <Opcode : 'icmp'> <InPorts = 2> <OutPorts = 1>
ST_2 : Operation 22 [1/1] (0.00ns)   --->   "%br_ln369 = br i1 %icmp_ln369, void %if.else, void %if.then12" [firmware/nnet_utils/nnet_conv_stream.h:369]   --->   Operation 22 'br' 'br_ln369' <Predicate = true> <Delay = 0.00>
ST_2 : Operation 23 [1/1] (0.42ns)   --->   "%store_ln374 = store i32 %add_ln369, i32 %pX_3" [firmware/nnet_utils/nnet_conv_stream.h:374]   --->   Operation 23 'store' 'store_ln374' <Predicate = (!icmp_ln369)> <Delay = 0.42>
ST_2 : Operation 24 [1/1] (1.01ns)   --->   "%add_ln376 = add i32 %sX_3_load, i32 1" [firmware/nnet_utils/nnet_conv_stream.h:376]   --->   Operation 24 'add' 'add_ln376' <Predicate = (!icmp_ln369)> <Delay = 1.01> <CoreInst = "Adder">   --->   Core 1 'Adder' <Latency = 0> <II = 1> <Delay = 1.01> <FuncUnit> <Opcode : 'add' 'sub'> <InPorts = 2> <OutPorts = 1>
ST_2 : Operation 25 [1/1] (0.44ns)   --->   "%select_ln376 = select i1 %icmp_ln350, i32 2, i32 %add_ln376" [firmware/nnet_utils/nnet_conv_stream.h:376]   --->   Operation 25 'select' 'select_ln376' <Predicate = (!icmp_ln369)> <Delay = 0.44> <CoreInst = "Sel">   --->   Core 73 'Sel' <Latency = 0> <II = 1> <Delay = 0.44> <FuncUnit> <Opcode : 'select'> <InPorts = 3> <OutPorts = 1>
ST_2 : Operation 26 [1/1] (0.42ns)   --->   "%br_ln0 = br void %if.end19"   --->   Operation 26 'br' 'br_ln0' <Predicate = (!icmp_ln369)> <Delay = 0.42>
ST_2 : Operation 27 [1/1] (0.42ns)   --->   "%store_ln371 = store i32 0, i32 %pX_3" [firmware/nnet_utils/nnet_conv_stream.h:371]   --->   Operation 27 'store' 'store_ln371' <Predicate = (icmp_ln369)> <Delay = 0.42>
ST_2 : Operation 28 [1/1] (0.42ns)   --->   "%br_ln373 = br void %if.end19" [firmware/nnet_utils/nnet_conv_stream.h:373]   --->   Operation 28 'br' 'br_ln373' <Predicate = (icmp_ln369)> <Delay = 0.42>

State 3 <SV = 2> <Delay = 3.62>
ST_3 : Operation 29 [1/2] (3.62ns)   --->   "%tmp = call i864 @dense_latency<ap_fixed<16, 6, 5, 3, 0>, ap_fixed<27, 12, 5, 3, 0>, config2_mult>, i16 %void_compute_output_buffer_1d_array_const_stream_weight_t_bias_t_kernel_data_32, i16 %void_compute_output_buffer_1d_array_const_stream_weight_t_bias_t_kernel_data_31, i16 %void_compute_output_buffer_1d_array_const_stream_weight_t_bias_t_kernel_data_30" [firmware/nnet_utils/nnet_dense.h:54->firmware/nnet_utils/nnet_conv_stream.h:354]   --->   Operation 29 'call' 'tmp' <Predicate = (and_ln350)> <Delay = 3.62> <CoreType = "Generic">   --->   Core 0 '' <Latency = 0> <II = 1> <Delay = 1.00> <Generic> <Opcode : >
ST_3 : Operation 30 [1/1] (0.00ns)   --->   "%res_out = extractvalue i864 %tmp" [firmware/nnet_utils/nnet_dense.h:54->firmware/nnet_utils/nnet_conv_stream.h:354]   --->   Operation 30 'extractvalue' 'res_out' <Predicate = (and_ln350)> <Delay = 0.00>
ST_3 : Operation 31 [1/1] (0.00ns)   --->   "%res_out_1 = extractvalue i864 %tmp" [firmware/nnet_utils/nnet_dense.h:54->firmware/nnet_utils/nnet_conv_stream.h:354]   --->   Operation 31 'extractvalue' 'res_out_1' <Predicate = (and_ln350)> <Delay = 0.00>
ST_3 : Operation 32 [1/1] (0.00ns)   --->   "%res_out_2 = extractvalue i864 %tmp" [firmware/nnet_utils/nnet_dense.h:54->firmware/nnet_utils/nnet_conv_stream.h:354]   --->   Operation 32 'extractvalue' 'res_out_2' <Predicate = (and_ln350)> <Delay = 0.00>
ST_3 : Operation 33 [1/1] (0.00ns)   --->   "%res_out_3 = extractvalue i864 %tmp" [firmware/nnet_utils/nnet_dense.h:54->firmware/nnet_utils/nnet_conv_stream.h:354]   --->   Operation 33 'extractvalue' 'res_out_3' <Predicate = (and_ln350)> <Delay = 0.00>
ST_3 : Operation 34 [1/1] (0.00ns)   --->   "%res_out_4 = extractvalue i864 %tmp" [firmware/nnet_utils/nnet_dense.h:54->firmware/nnet_utils/nnet_conv_stream.h:354]   --->   Operation 34 'extractvalue' 'res_out_4' <Predicate = (and_ln350)> <Delay = 0.00>
ST_3 : Operation 35 [1/1] (0.00ns)   --->   "%res_out_5 = extractvalue i864 %tmp" [firmware/nnet_utils/nnet_dense.h:54->firmware/nnet_utils/nnet_conv_stream.h:354]   --->   Operation 35 'extractvalue' 'res_out_5' <Predicate = (and_ln350)> <Delay = 0.00>
ST_3 : Operation 36 [1/1] (0.00ns)   --->   "%res_out_6 = extractvalue i864 %tmp" [firmware/nnet_utils/nnet_dense.h:54->firmware/nnet_utils/nnet_conv_stream.h:354]   --->   Operation 36 'extractvalue' 'res_out_6' <Predicate = (and_ln350)> <Delay = 0.00>
ST_3 : Operation 37 [1/1] (0.00ns)   --->   "%res_out_7 = extractvalue i864 %tmp" [firmware/nnet_utils/nnet_dense.h:54->firmware/nnet_utils/nnet_conv_stream.h:354]   --->   Operation 37 'extractvalue' 'res_out_7' <Predicate = (and_ln350)> <Delay = 0.00>
ST_3 : Operation 38 [1/1] (0.00ns)   --->   "%res_out_8 = extractvalue i864 %tmp" [firmware/nnet_utils/nnet_dense.h:54->firmware/nnet_utils/nnet_conv_stream.h:354]   --->   Operation 38 'extractvalue' 'res_out_8' <Predicate = (and_ln350)> <Delay = 0.00>
ST_3 : Operation 39 [1/1] (0.00ns)   --->   "%res_out_9 = extractvalue i864 %tmp" [firmware/nnet_utils/nnet_dense.h:54->firmware/nnet_utils/nnet_conv_stream.h:354]   --->   Operation 39 'extractvalue' 'res_out_9' <Predicate = (and_ln350)> <Delay = 0.00>
ST_3 : Operation 40 [1/1] (0.00ns)   --->   "%res_out_10 = extractvalue i864 %tmp" [firmware/nnet_utils/nnet_dense.h:54->firmware/nnet_utils/nnet_conv_stream.h:354]   --->   Operation 40 'extractvalue' 'res_out_10' <Predicate = (and_ln350)> <Delay = 0.00>
ST_3 : Operation 41 [1/1] (0.00ns)   --->   "%res_out_11 = extractvalue i864 %tmp" [firmware/nnet_utils/nnet_dense.h:54->firmware/nnet_utils/nnet_conv_stream.h:354]   --->   Operation 41 'extractvalue' 'res_out_11' <Predicate = (and_ln350)> <Delay = 0.00>
ST_3 : Operation 42 [1/1] (0.00ns)   --->   "%res_out_12 = extractvalue i864 %tmp" [firmware/nnet_utils/nnet_dense.h:54->firmware/nnet_utils/nnet_conv_stream.h:354]   --->   Operation 42 'extractvalue' 'res_out_12' <Predicate = (and_ln350)> <Delay = 0.00>
ST_3 : Operation 43 [1/1] (0.00ns)   --->   "%res_out_13 = extractvalue i864 %tmp" [firmware/nnet_utils/nnet_dense.h:54->firmware/nnet_utils/nnet_conv_stream.h:354]   --->   Operation 43 'extractvalue' 'res_out_13' <Predicate = (and_ln350)> <Delay = 0.00>
ST_3 : Operation 44 [1/1] (0.00ns)   --->   "%res_out_14 = extractvalue i864 %tmp" [firmware/nnet_utils/nnet_dense.h:54->firmware/nnet_utils/nnet_conv_stream.h:354]   --->   Operation 44 'extractvalue' 'res_out_14' <Predicate = (and_ln350)> <Delay = 0.00>
ST_3 : Operation 45 [1/1] (0.00ns)   --->   "%res_out_15 = extractvalue i864 %tmp" [firmware/nnet_utils/nnet_dense.h:54->firmware/nnet_utils/nnet_conv_stream.h:354]   --->   Operation 45 'extractvalue' 'res_out_15' <Predicate = (and_ln350)> <Delay = 0.00>
ST_3 : Operation 46 [1/1] (0.00ns)   --->   "%res_out_16 = extractvalue i864 %tmp" [firmware/nnet_utils/nnet_dense.h:54->firmware/nnet_utils/nnet_conv_stream.h:354]   --->   Operation 46 'extractvalue' 'res_out_16' <Predicate = (and_ln350)> <Delay = 0.00>
ST_3 : Operation 47 [1/1] (0.00ns)   --->   "%res_out_17 = extractvalue i864 %tmp" [firmware/nnet_utils/nnet_dense.h:54->firmware/nnet_utils/nnet_conv_stream.h:354]   --->   Operation 47 'extractvalue' 'res_out_17' <Predicate = (and_ln350)> <Delay = 0.00>
ST_3 : Operation 48 [1/1] (0.00ns)   --->   "%res_out_18 = extractvalue i864 %tmp" [firmware/nnet_utils/nnet_dense.h:54->firmware/nnet_utils/nnet_conv_stream.h:354]   --->   Operation 48 'extractvalue' 'res_out_18' <Predicate = (and_ln350)> <Delay = 0.00>
ST_3 : Operation 49 [1/1] (0.00ns)   --->   "%res_out_19 = extractvalue i864 %tmp" [firmware/nnet_utils/nnet_dense.h:54->firmware/nnet_utils/nnet_conv_stream.h:354]   --->   Operation 49 'extractvalue' 'res_out_19' <Predicate = (and_ln350)> <Delay = 0.00>
ST_3 : Operation 50 [1/1] (0.00ns)   --->   "%res_out_20 = extractvalue i864 %tmp" [firmware/nnet_utils/nnet_dense.h:54->firmware/nnet_utils/nnet_conv_stream.h:354]   --->   Operation 50 'extractvalue' 'res_out_20' <Predicate = (and_ln350)> <Delay = 0.00>
ST_3 : Operation 51 [1/1] (0.00ns)   --->   "%res_out_21 = extractvalue i864 %tmp" [firmware/nnet_utils/nnet_dense.h:54->firmware/nnet_utils/nnet_conv_stream.h:354]   --->   Operation 51 'extractvalue' 'res_out_21' <Predicate = (and_ln350)> <Delay = 0.00>
ST_3 : Operation 52 [1/1] (0.00ns)   --->   "%res_out_22 = extractvalue i864 %tmp" [firmware/nnet_utils/nnet_dense.h:54->firmware/nnet_utils/nnet_conv_stream.h:354]   --->   Operation 52 'extractvalue' 'res_out_22' <Predicate = (and_ln350)> <Delay = 0.00>
ST_3 : Operation 53 [1/1] (0.00ns)   --->   "%res_out_23 = extractvalue i864 %tmp" [firmware/nnet_utils/nnet_dense.h:54->firmware/nnet_utils/nnet_conv_stream.h:354]   --->   Operation 53 'extractvalue' 'res_out_23' <Predicate = (and_ln350)> <Delay = 0.00>
ST_3 : Operation 54 [1/1] (0.00ns)   --->   "%res_out_24 = extractvalue i864 %tmp" [firmware/nnet_utils/nnet_dense.h:54->firmware/nnet_utils/nnet_conv_stream.h:354]   --->   Operation 54 'extractvalue' 'res_out_24' <Predicate = (and_ln350)> <Delay = 0.00>
ST_3 : Operation 55 [1/1] (0.00ns)   --->   "%res_out_25 = extractvalue i864 %tmp" [firmware/nnet_utils/nnet_dense.h:54->firmware/nnet_utils/nnet_conv_stream.h:354]   --->   Operation 55 'extractvalue' 'res_out_25' <Predicate = (and_ln350)> <Delay = 0.00>
ST_3 : Operation 56 [1/1] (0.00ns)   --->   "%res_out_26 = extractvalue i864 %tmp" [firmware/nnet_utils/nnet_dense.h:54->firmware/nnet_utils/nnet_conv_stream.h:354]   --->   Operation 56 'extractvalue' 'res_out_26' <Predicate = (and_ln350)> <Delay = 0.00>
ST_3 : Operation 57 [1/1] (0.00ns)   --->   "%res_out_27 = extractvalue i864 %tmp" [firmware/nnet_utils/nnet_dense.h:54->firmware/nnet_utils/nnet_conv_stream.h:354]   --->   Operation 57 'extractvalue' 'res_out_27' <Predicate = (and_ln350)> <Delay = 0.00>
ST_3 : Operation 58 [1/1] (0.00ns)   --->   "%res_out_28 = extractvalue i864 %tmp" [firmware/nnet_utils/nnet_dense.h:54->firmware/nnet_utils/nnet_conv_stream.h:354]   --->   Operation 58 'extractvalue' 'res_out_28' <Predicate = (and_ln350)> <Delay = 0.00>
ST_3 : Operation 59 [1/1] (0.00ns)   --->   "%res_out_29 = extractvalue i864 %tmp" [firmware/nnet_utils/nnet_dense.h:54->firmware/nnet_utils/nnet_conv_stream.h:354]   --->   Operation 59 'extractvalue' 'res_out_29' <Predicate = (and_ln350)> <Delay = 0.00>
ST_3 : Operation 60 [1/1] (0.00ns)   --->   "%res_out_30 = extractvalue i864 %tmp" [firmware/nnet_utils/nnet_dense.h:54->firmware/nnet_utils/nnet_conv_stream.h:354]   --->   Operation 60 'extractvalue' 'res_out_30' <Predicate = (and_ln350)> <Delay = 0.00>
ST_3 : Operation 61 [1/1] (0.00ns)   --->   "%res_out_31 = extractvalue i864 %tmp" [firmware/nnet_utils/nnet_dense.h:54->firmware/nnet_utils/nnet_conv_stream.h:354]   --->   Operation 61 'extractvalue' 'res_out_31' <Predicate = (and_ln350)> <Delay = 0.00>
ST_3 : Operation 62 [1/1] (0.00ns)   --->   "%storemerge = phi i32 %select_ln376, void %if.else, i32 0, void %if.then12" [firmware/nnet_utils/nnet_conv_stream.h:376]   --->   Operation 62 'phi' 'storemerge' <Predicate = true> <Delay = 0.00>
ST_3 : Operation 63 [1/1] (0.00ns)   --->   "%store_ln372 = store i32 %storemerge, i32 %sX_3" [firmware/nnet_utils/nnet_conv_stream.h:372]   --->   Operation 63 'store' 'store_ln372' <Predicate = true> <Delay = 0.00>

State 4 <SV = 3> <Delay = 1.63>
ST_4 : Operation 64 [1/1] (0.00ns)   --->   "%p_0 = bitconcatenate i864 @_ssdm_op_BitConcatenate.i864.i27.i27.i27.i27.i27.i27.i27.i27.i27.i27.i27.i27.i27.i27.i27.i27.i27.i27.i27.i27.i27.i27.i27.i27.i27.i27.i27.i27.i27.i27.i27.i27, i27 %res_out_31, i27 %res_out_30, i27 %res_out_29, i27 %res_out_28, i27 %res_out_27, i27 %res_out_26, i27 %res_out_25, i27 %res_out_24, i27 %res_out_23, i27 %res_out_22, i27 %res_out_21, i27 %res_out_20, i27 %res_out_19, i27 %res_out_18, i27 %res_out_17, i27 %res_out_16, i27 %res_out_15, i27 %res_out_14, i27 %res_out_13, i27 %res_out_12, i27 %res_out_11, i27 %res_out_10, i27 %res_out_9, i27 %res_out_8, i27 %res_out_7, i27 %res_out_6, i27 %res_out_5, i27 %res_out_4, i27 %res_out_3, i27 %res_out_2, i27 %res_out_1, i27 %res_out" [firmware/nnet_utils/nnet_conv_stream.h:365]   --->   Operation 64 'bitconcatenate' 'p_0' <Predicate = (and_ln350)> <Delay = 0.00>
ST_4 : Operation 65 [1/1] (1.63ns)   --->   "%write_ln365 = write void @_ssdm_op_Write.ap_fifo.volatile.i864P0A, i864 %layer2_out, i864 %p_0" [firmware/nnet_utils/nnet_conv_stream.h:365]   --->   Operation 65 'write' 'write_ln365' <Predicate = (and_ln350)> <Delay = 1.63> <CoreInst = "FIFO">   --->   Core 78 'FIFO' <Latency = 0> <II = 1> <Delay = 1.63> <Storage> <Opcode : 'read' 'write' 'nbread' 'nbwrite'> <Ports = 0> <Width = 864> <Depth = 80> <FIFO>
ST_4 : Operation 66 [1/1] (0.00ns)   --->   "%br_ln366 = br void %if.end" [firmware/nnet_utils/nnet_conv_stream.h:366]   --->   Operation 66 'br' 'br_ln366' <Predicate = (and_ln350)> <Delay = 0.00>
ST_4 : Operation 67 [1/1] (0.00ns)   --->   "%ret_ln378 = ret" [firmware/nnet_utils/nnet_conv_stream.h:378]   --->   Operation 67 'ret' 'ret_ln378' <Predicate = true> <Delay = 0.00>


============================================================
+ Verbose Summary: Binding
============================================================
STG Binding: 
---------------- STG Properties BEGIN ----------------
- Is combinational: 0
- Is one-state seq: 0
- Is datapath-only: 0
- Is pipelined: 1
- Is top level: 0
Port [ Return ] is wired: 1; IO mode=ap_ctrl_hs:ce=0
Port [ in_elem_0_0_0_0_0_val]:  wired=1; compound=0; hidden=0; nouse=0; global=0; static=0; extern=0; dir=0; type=0; pingpong=0; private_global=0; IO mode=ap_none:ce=0
Port [ layer2_out]:  wired=1; compound=1; hidden=0; nouse=0; global=0; static=0; extern=0; dir=1; type=3; pingpong=0; private_global=0; IO mode=ap_fifo:ce=0
Port [ void_compute_output_buffer_1d_array_const_stream_weight_t_bias_t_kernel_data_31]:  wired=0; compound=0; hidden=1; nouse=0; global=1; static=1; extern=0; dir=2; type=0; pingpong=0; private_global=1; IO mode=ap_ovld:ce=0
Port [ void_compute_output_buffer_1d_array_const_stream_weight_t_bias_t_kernel_data_30]:  wired=0; compound=0; hidden=1; nouse=0; global=1; static=1; extern=0; dir=2; type=0; pingpong=0; private_global=1; IO mode=ap_ovld:ce=0
Port [ void_compute_output_buffer_1d_array_const_stream_weight_t_bias_t_kernel_data_32]:  wired=0; compound=0; hidden=1; nouse=0; global=1; static=1; extern=0; dir=2; type=0; pingpong=0; private_global=1; IO mode=ap_ovld:ce=0
Port [ sX_3]:  wired=0; compound=0; hidden=1; nouse=0; global=1; static=1; extern=0; dir=2; type=0; pingpong=0; private_global=1; IO mode=ap_ovld:ce=0
Port [ pX_3]:  wired=0; compound=0; hidden=1; nouse=0; global=1; static=1; extern=0; dir=2; type=0; pingpong=0; private_global=1; IO mode=ap_ovld:ce=0
---------------- STG Properties END ------------------

---------------- Datapath Model BEGIN ----------------

<LifeTime>
<method=bitvector/>
in_elem_0_0_0_0_0_val_read                                                      (read          ) [ 00000]
void_compute_output_buffer_1d_array_const_stream_weight_t_bias_t_kernel_data_33 (load          ) [ 00000]
void_compute_output_buffer_1d_array_const_stream_weight_t_bias_t_kernel_data_34 (load          ) [ 00000]
store_ln167                                                                     (store         ) [ 00000]
store_ln167                                                                     (store         ) [ 00000]
store_ln176                                                                     (store         ) [ 00000]
specinterface_ln0                                                               (specinterface ) [ 00000]
sX_3_load                                                                       (load          ) [ 00000]
icmp_ln350                                                                      (icmp          ) [ 00000]
pX_3_load                                                                       (load          ) [ 00000]
tmp_769                                                                         (partselect    ) [ 00000]
icmp_ln350_1                                                                    (icmp          ) [ 00000]
and_ln350                                                                       (and           ) [ 01111]
br_ln350                                                                        (br            ) [ 00000]
add_ln369                                                                       (add           ) [ 00000]
icmp_ln369                                                                      (icmp          ) [ 00100]
br_ln369                                                                        (br            ) [ 00000]
store_ln374                                                                     (store         ) [ 00000]
add_ln376                                                                       (add           ) [ 00000]
select_ln376                                                                    (select        ) [ 00110]
br_ln0                                                                          (br            ) [ 00110]
store_ln371                                                                     (store         ) [ 00000]
br_ln373                                                                        (br            ) [ 00110]
tmp                                                                             (call          ) [ 00000]
res_out                                                                         (extractvalue  ) [ 01001]
res_out_1                                                                       (extractvalue  ) [ 01001]
res_out_2                                                                       (extractvalue  ) [ 01001]
res_out_3                                                                       (extractvalue  ) [ 01001]
res_out_4                                                                       (extractvalue  ) [ 01001]
res_out_5                                                                       (extractvalue  ) [ 01001]
res_out_6                                                                       (extractvalue  ) [ 01001]
res_out_7                                                                       (extractvalue  ) [ 01001]
res_out_8                                                                       (extractvalue  ) [ 01001]
res_out_9                                                                       (extractvalue  ) [ 01001]
res_out_10                                                                      (extractvalue  ) [ 01001]
res_out_11                                                                      (extractvalue  ) [ 01001]
res_out_12                                                                      (extractvalue  ) [ 01001]
res_out_13                                                                      (extractvalue  ) [ 01001]
res_out_14                                                                      (extractvalue  ) [ 01001]
res_out_15                                                                      (extractvalue  ) [ 01001]
res_out_16                                                                      (extractvalue  ) [ 01001]
res_out_17                                                                      (extractvalue  ) [ 01001]
res_out_18                                                                      (extractvalue  ) [ 01001]
res_out_19                                                                      (extractvalue  ) [ 01001]
res_out_20                                                                      (extractvalue  ) [ 01001]
res_out_21                                                                      (extractvalue  ) [ 01001]
res_out_22                                                                      (extractvalue  ) [ 01001]
res_out_23                                                                      (extractvalue  ) [ 01001]
res_out_24                                                                      (extractvalue  ) [ 01001]
res_out_25                                                                      (extractvalue  ) [ 01001]
res_out_26                                                                      (extractvalue  ) [ 01001]
res_out_27                                                                      (extractvalue  ) [ 01001]
res_out_28                                                                      (extractvalue  ) [ 01001]
res_out_29                                                                      (extractvalue  ) [ 01001]
res_out_30                                                                      (extractvalue  ) [ 01001]
res_out_31                                                                      (extractvalue  ) [ 01001]
storemerge                                                                      (phi           ) [ 00010]
store_ln372                                                                     (store         ) [ 00000]
p_0                                                                             (bitconcatenate) [ 00000]
write_ln365                                                                     (write         ) [ 00000]
br_ln366                                                                        (br            ) [ 00000]
ret_ln378                                                                       (ret           ) [ 00000]
</LifeTime>

<model>

<comp_list>
<comp id="0" class="1000" name="in_elem_0_0_0_0_0_val">
<pin_list>
<pin id="1" dir="1" index="0" bw="1" slack="0"/>
</pin_list>
<bind>
<StgValue><ssdm name="in_elem_0_0_0_0_0_val"/></StgValue>
</bind>
</comp>

<comp id="2" class="1000" name="layer2_out">
<pin_list>
<pin id="3" dir="1" index="0" bw="1" slack="0"/>
</pin_list>
<bind>
<StgValue><ssdm name="layer2_out"/></StgValue>
</bind>
</comp>

<comp id="4" class="1000" name="void_compute_output_buffer_1d_array_const_stream_weight_t_bias_t_kernel_data_31">
<pin_list>
<pin id="5" dir="1" index="0" bw="1" slack="0"/>
</pin_list>
<bind>
<StgValue><ssdm name="void_compute_output_buffer_1d_array_const_stream_weight_t_bias_t_kernel_data_31"/></StgValue>
</bind>
</comp>

<comp id="6" class="1000" name="void_compute_output_buffer_1d_array_const_stream_weight_t_bias_t_kernel_data_30">
<pin_list>
<pin id="7" dir="1" index="0" bw="1" slack="0"/>
</pin_list>
<bind>
<StgValue><ssdm name="void_compute_output_buffer_1d_array_const_stream_weight_t_bias_t_kernel_data_30"/></StgValue>
</bind>
</comp>

<comp id="8" class="1000" name="void_compute_output_buffer_1d_array_const_stream_weight_t_bias_t_kernel_data_32">
<pin_list>
<pin id="9" dir="1" index="0" bw="1" slack="0"/>
</pin_list>
<bind>
<StgValue><ssdm name="void_compute_output_buffer_1d_array_const_stream_weight_t_bias_t_kernel_data_32"/></StgValue>
</bind>
</comp>

<comp id="10" class="1000" name="sX_3">
<pin_list>
<pin id="11" dir="1" index="0" bw="1" slack="0"/>
</pin_list>
<bind>
<StgValue><ssdm name="sX_3"/></StgValue>
</bind>
</comp>

<comp id="12" class="1000" name="pX_3">
<pin_list>
<pin id="13" dir="1" index="0" bw="1" slack="0"/>
</pin_list>
<bind>
<StgValue><ssdm name="pX_3"/></StgValue>
</bind>
</comp>

<comp id="14" class="1001" name="const_14">
<pin_list>
<pin id="15" dir="1" index="0" bw="1" slack="0"/>
</pin_list>
<bind>
<StgValue><ssdm name="_ssdm_op_Read.ap_auto.i16"/></StgValue>
</bind>
</comp>

<comp id="16" class="1001" name="const_16">
<pin_list>
<pin id="17" dir="1" index="0" bw="1" slack="2147483647"/>
</pin_list>
<bind>
<StgValue><ssdm name="_ssdm_op_SpecInterface"/></StgValue>
</bind>
</comp>

<comp id="18" class="1001" name="const_18">
<pin_list>
<pin id="19" dir="1" index="0" bw="1" slack="2147483647"/>
</pin_list>
<bind>
<StgValue><ssdm name="empty_2"/></StgValue>
</bind>
</comp>

<comp id="20" class="1001" name="const_20">
<pin_list>
<pin id="21" dir="1" index="0" bw="1" slack="0"/>
</pin_list>
<bind>
<StgValue><ssdm name=""/></StgValue>
</bind>
</comp>

<comp id="22" class="1001" name="const_22">
<pin_list>
<pin id="23" dir="1" index="0" bw="1" slack="2147483647"/>
</pin_list>
<bind>
<StgValue><ssdm name="empty_1"/></StgValue>
</bind>
</comp>

<comp id="24" class="1001" name="const_24">
<pin_list>
<pin id="25" dir="1" index="0" bw="1" slack="2147483647"/>
</pin_list>
<bind>
<StgValue><ssdm name=""/></StgValue>
</bind>
</comp>

<comp id="26" class="1001" name="const_26">
<pin_list>
<pin id="27" dir="1" index="0" bw="1" slack="0"/>
</pin_list>
<bind>
<StgValue><ssdm name=""/></StgValue>
</bind>
</comp>

<comp id="28" class="1001" name="const_28">
<pin_list>
<pin id="29" dir="1" index="0" bw="1" slack="0"/>
</pin_list>
<bind>
<StgValue><ssdm name="_ssdm_op_PartSelect.i31.i32.i32.i32"/></StgValue>
</bind>
</comp>

<comp id="30" class="1001" name="const_30">
<pin_list>
<pin id="31" dir="1" index="0" bw="1" slack="0"/>
</pin_list>
<bind>
<StgValue><ssdm name=""/></StgValue>
</bind>
</comp>

<comp id="32" class="1001" name="const_32">
<pin_list>
<pin id="33" dir="1" index="0" bw="1" slack="0"/>
</pin_list>
<bind>
<StgValue><ssdm name=""/></StgValue>
</bind>
</comp>

<comp id="34" class="1001" name="const_34">
<pin_list>
<pin id="35" dir="1" index="0" bw="1" slack="0"/>
</pin_list>
<bind>
<StgValue><ssdm name=""/></StgValue>
</bind>
</comp>

<comp id="36" class="1001" name="const_36">
<pin_list>
<pin id="37" dir="1" index="0" bw="1" slack="0"/>
</pin_list>
<bind>
<StgValue><ssdm name="dense_latency<ap_fixed<16, 6, 5, 3, 0>, ap_fixed<27, 12, 5, 3, 0>, config2_mult>"/></StgValue>
</bind>
</comp>

<comp id="38" class="1001" name="const_38">
<pin_list>
<pin id="39" dir="1" index="0" bw="1" slack="0"/>
</pin_list>
<bind>
<StgValue><ssdm name=""/></StgValue>
</bind>
</comp>

<comp id="40" class="1001" name="const_40">
<pin_list>
<pin id="41" dir="1" index="0" bw="1" slack="0"/>
</pin_list>
<bind>
<StgValue><ssdm name="_ssdm_op_BitConcatenate.i864.i27.i27.i27.i27.i27.i27.i27.i27.i27.i27.i27.i27.i27.i27.i27.i27.i27.i27.i27.i27.i27.i27.i27.i27.i27.i27.i27.i27.i27.i27.i27.i27"/></StgValue>
</bind>
</comp>

<comp id="42" class="1001" name="const_42">
<pin_list>
<pin id="43" dir="1" index="0" bw="1" slack="0"/>
</pin_list>
<bind>
<StgValue><ssdm name="_ssdm_op_Write.ap_fifo.volatile.i864P0A"/></StgValue>
</bind>
</comp>

<comp id="44" class="1004" name="in_elem_0_0_0_0_0_val_read_read_fu_44">
<pin_list>
<pin id="45" dir="0" index="0" bw="16" slack="0"/>
<pin id="46" dir="0" index="1" bw="16" slack="0"/>
<pin id="47" dir="1" index="2" bw="16" slack="0"/>
</pin_list>
<bind>
<opcode="read(1150) " fcode="read"/>
<opset="in_elem_0_0_0_0_0_val_read/1 "/>
</bind>
</comp>

<comp id="50" class="1004" name="write_ln365_write_fu_50">
<pin_list>
<pin id="51" dir="0" index="0" bw="0" slack="0"/>
<pin id="52" dir="0" index="1" bw="864" slack="0"/>
<pin id="53" dir="0" index="2" bw="864" slack="0"/>
<pin id="54" dir="1" index="3" bw="0" slack="2147483647"/>
</pin_list>
<bind>
<opcode="write(1151) " fcode="write"/>
<opset="write_ln365/4 "/>
</bind>
</comp>

<comp id="57" class="1005" name="storemerge_reg_57">
<pin_list>
<pin id="58" dir="0" index="0" bw="32" slack="1"/>
<pin id="59" dir="1" index="1" bw="32" slack="1"/>
</pin_list>
<bind>
<opset="storemerge (phireg) "/>
</bind>
</comp>

<comp id="61" class="1004" name="storemerge_phi_fu_61">
<pin_list>
<pin id="62" dir="0" index="0" bw="32" slack="1"/>
<pin id="63" dir="0" index="1" bw="0" slack="2147483647"/>
<pin id="64" dir="0" index="2" bw="1" slack="1"/>
<pin id="65" dir="0" index="3" bw="0" slack="2147483647"/>
<pin id="66" dir="1" index="4" bw="32" slack="0"/>
</pin_list>
<bind>
<opcode="phi(47) " fcode="phi"/>
<opset="storemerge/3 "/>
</bind>
</comp>

<comp id="68" class="1004" name="grp_dense_latency_ap_fixed_16_6_5_3_0_ap_fixed_27_12_5_3_0_config2_mult_s_fu_68">
<pin_list>
<pin id="69" dir="0" index="0" bw="864" slack="0"/>
<pin id="70" dir="0" index="1" bw="16" slack="0"/>
<pin id="71" dir="0" index="2" bw="16" slack="0"/>
<pin id="72" dir="0" index="3" bw="16" slack="0"/>
<pin id="73" dir="1" index="4" bw="864" slack="0"/>
</pin_list>
<bind>
<opcode="call(48) " fcode="call"/>
<opset="tmp/2 "/>
</bind>
</comp>

<comp id="78" class="1004" name="void_compute_output_buffer_1d_array_const_stream_weight_t_bias_t_kernel_data_33_load_fu_78">
<pin_list>
<pin id="79" dir="0" index="0" bw="16" slack="0"/>
<pin id="80" dir="1" index="1" bw="16" slack="0"/>
</pin_list>
<bind>
<opcode="load(27) " fcode="load"/>
<opset="void_compute_output_buffer_1d_array_const_stream_weight_t_bias_t_kernel_data_33/1 "/>
</bind>
</comp>

<comp id="82" class="1004" name="void_compute_output_buffer_1d_array_const_stream_weight_t_bias_t_kernel_data_34_load_fu_82">
<pin_list>
<pin id="83" dir="0" index="0" bw="16" slack="0"/>
<pin id="84" dir="1" index="1" bw="16" slack="0"/>
</pin_list>
<bind>
<opcode="load(27) " fcode="load"/>
<opset="void_compute_output_buffer_1d_array_const_stream_weight_t_bias_t_kernel_data_34/1 "/>
</bind>
</comp>

<comp id="86" class="1004" name="store_ln167_store_fu_86">
<pin_list>
<pin id="87" dir="0" index="0" bw="16" slack="0"/>
<pin id="88" dir="0" index="1" bw="16" slack="0"/>
<pin id="89" dir="1" index="2" bw="0" slack="2147483647"/>
</pin_list>
<bind>
<opcode="store(28) " fcode="store"/>
<opset="store_ln167/1 "/>
</bind>
</comp>

<comp id="92" class="1004" name="store_ln167_store_fu_92">
<pin_list>
<pin id="93" dir="0" index="0" bw="16" slack="0"/>
<pin id="94" dir="0" index="1" bw="16" slack="0"/>
<pin id="95" dir="1" index="2" bw="0" slack="2147483647"/>
</pin_list>
<bind>
<opcode="store(28) " fcode="store"/>
<opset="store_ln167/1 "/>
</bind>
</comp>

<comp id="98" class="1004" name="store_ln176_store_fu_98">
<pin_list>
<pin id="99" dir="0" index="0" bw="16" slack="0"/>
<pin id="100" dir="0" index="1" bw="16" slack="0"/>
<pin id="101" dir="1" index="2" bw="0" slack="2147483647"/>
</pin_list>
<bind>
<opcode="store(28) " fcode="store"/>
<opset="store_ln176/1 "/>
</bind>
</comp>

<comp id="104" class="1004" name="sX_3_load_load_fu_104">
<pin_list>
<pin id="105" dir="0" index="0" bw="32" slack="0"/>
<pin id="106" dir="1" index="1" bw="32" slack="0"/>
</pin_list>
<bind>
<opcode="load(27) " fcode="load"/>
<opset="sX_3_load/2 "/>
</bind>
</comp>

<comp id="108" class="1004" name="icmp_ln350_fu_108">
<pin_list>
<pin id="109" dir="0" index="0" bw="32" slack="0"/>
<pin id="110" dir="0" index="1" bw="32" slack="0"/>
<pin id="111" dir="1" index="2" bw="1" slack="0"/>
</pin_list>
<bind>
<opcode="icmp(45) " fcode="icmp"/>
<opset="icmp_ln350/2 "/>
</bind>
</comp>

<comp id="114" class="1004" name="pX_3_load_load_fu_114">
<pin_list>
<pin id="115" dir="0" index="0" bw="32" slack="0"/>
<pin id="116" dir="1" index="1" bw="32" slack="0"/>
</pin_list>
<bind>
<opcode="load(27) " fcode="load"/>
<opset="pX_3_load/2 "/>
</bind>
</comp>

<comp id="118" class="1004" name="tmp_769_fu_118">
<pin_list>
<pin id="119" dir="0" index="0" bw="31" slack="0"/>
<pin id="120" dir="0" index="1" bw="32" slack="0"/>
<pin id="121" dir="0" index="2" bw="1" slack="0"/>
<pin id="122" dir="0" index="3" bw="6" slack="0"/>
<pin id="123" dir="1" index="4" bw="31" slack="0"/>
</pin_list>
<bind>
<opcode="partselect(1002) " fcode="partselect"/>
<opset="tmp_769/2 "/>
</bind>
</comp>

<comp id="128" class="1004" name="icmp_ln350_1_fu_128">
<pin_list>
<pin id="129" dir="0" index="0" bw="31" slack="0"/>
<pin id="130" dir="0" index="1" bw="31" slack="0"/>
<pin id="131" dir="1" index="2" bw="1" slack="0"/>
</pin_list>
<bind>
<opcode="icmp(45) " fcode="icmp"/>
<opset="icmp_ln350_1/2 "/>
</bind>
</comp>

<comp id="134" class="1004" name="and_ln350_fu_134">
<pin_list>
<pin id="135" dir="0" index="0" bw="1" slack="0"/>
<pin id="136" dir="0" index="1" bw="1" slack="0"/>
<pin id="137" dir="1" index="2" bw="1" slack="1"/>
</pin_list>
<bind>
<opcode="and(23) " fcode="and"/>
<opset="and_ln350/2 "/>
</bind>
</comp>

<comp id="140" class="1004" name="add_ln369_fu_140">
<pin_list>
<pin id="141" dir="0" index="0" bw="32" slack="0"/>
<pin id="142" dir="0" index="1" bw="1" slack="0"/>
<pin id="143" dir="1" index="2" bw="32" slack="0"/>
</pin_list>
<bind>
<opcode="add(8) " fcode="add"/>
<opset="add_ln369/2 "/>
</bind>
</comp>

<comp id="146" class="1004" name="icmp_ln369_fu_146">
<pin_list>
<pin id="147" dir="0" index="0" bw="32" slack="0"/>
<pin id="148" dir="0" index="1" bw="32" slack="0"/>
<pin id="149" dir="1" index="2" bw="1" slack="2147483647"/>
</pin_list>
<bind>
<opcode="icmp(45) " fcode="icmp"/>
<opset="icmp_ln369/2 "/>
</bind>
</comp>

<comp id="152" class="1004" name="store_ln374_store_fu_152">
<pin_list>
<pin id="153" dir="0" index="0" bw="32" slack="0"/>
<pin id="154" dir="0" index="1" bw="32" slack="0"/>
<pin id="155" dir="1" index="2" bw="0" slack="2147483647"/>
</pin_list>
<bind>
<opcode="store(28) " fcode="store"/>
<opset="store_ln374/2 "/>
</bind>
</comp>

<comp id="158" class="1004" name="add_ln376_fu_158">
<pin_list>
<pin id="159" dir="0" index="0" bw="32" slack="0"/>
<pin id="160" dir="0" index="1" bw="1" slack="0"/>
<pin id="161" dir="1" index="2" bw="32" slack="0"/>
</pin_list>
<bind>
<opcode="add(8) " fcode="add"/>
<opset="add_ln376/2 "/>
</bind>
</comp>

<comp id="164" class="1004" name="select_ln376_fu_164">
<pin_list>
<pin id="165" dir="0" index="0" bw="1" slack="0"/>
<pin id="166" dir="0" index="1" bw="32" slack="0"/>
<pin id="167" dir="0" index="2" bw="32" slack="0"/>
<pin id="168" dir="1" index="3" bw="32" slack="1"/>
</pin_list>
<bind>
<opcode="select(49) " fcode="select"/>
<opset="select_ln376/2 "/>
</bind>
</comp>

<comp id="172" class="1004" name="store_ln371_store_fu_172">
<pin_list>
<pin id="173" dir="0" index="0" bw="1" slack="0"/>
<pin id="174" dir="0" index="1" bw="32" slack="0"/>
<pin id="175" dir="1" index="2" bw="0" slack="2147483647"/>
</pin_list>
<bind>
<opcode="store(28) " fcode="store"/>
<opset="store_ln371/2 "/>
</bind>
</comp>

<comp id="178" class="1004" name="res_out_fu_178">
<pin_list>
<pin id="179" dir="0" index="0" bw="864" slack="0"/>
<pin id="180" dir="1" index="1" bw="27" slack="1"/>
</pin_list>
<bind>
<opcode="extractvalue(56) " fcode="extractvalue"/>
<opset="res_out/3 "/>
</bind>
</comp>

<comp id="182" class="1004" name="res_out_1_fu_182">
<pin_list>
<pin id="183" dir="0" index="0" bw="864" slack="0"/>
<pin id="184" dir="1" index="1" bw="27" slack="1"/>
</pin_list>
<bind>
<opcode="extractvalue(56) " fcode="extractvalue"/>
<opset="res_out_1/3 "/>
</bind>
</comp>

<comp id="186" class="1004" name="res_out_2_fu_186">
<pin_list>
<pin id="187" dir="0" index="0" bw="864" slack="0"/>
<pin id="188" dir="1" index="1" bw="27" slack="1"/>
</pin_list>
<bind>
<opcode="extractvalue(56) " fcode="extractvalue"/>
<opset="res_out_2/3 "/>
</bind>
</comp>

<comp id="190" class="1004" name="res_out_3_fu_190">
<pin_list>
<pin id="191" dir="0" index="0" bw="864" slack="0"/>
<pin id="192" dir="1" index="1" bw="27" slack="1"/>
</pin_list>
<bind>
<opcode="extractvalue(56) " fcode="extractvalue"/>
<opset="res_out_3/3 "/>
</bind>
</comp>

<comp id="194" class="1004" name="res_out_4_fu_194">
<pin_list>
<pin id="195" dir="0" index="0" bw="864" slack="0"/>
<pin id="196" dir="1" index="1" bw="27" slack="1"/>
</pin_list>
<bind>
<opcode="extractvalue(56) " fcode="extractvalue"/>
<opset="res_out_4/3 "/>
</bind>
</comp>

<comp id="198" class="1004" name="res_out_5_fu_198">
<pin_list>
<pin id="199" dir="0" index="0" bw="864" slack="0"/>
<pin id="200" dir="1" index="1" bw="27" slack="1"/>
</pin_list>
<bind>
<opcode="extractvalue(56) " fcode="extractvalue"/>
<opset="res_out_5/3 "/>
</bind>
</comp>

<comp id="202" class="1004" name="res_out_6_fu_202">
<pin_list>
<pin id="203" dir="0" index="0" bw="864" slack="0"/>
<pin id="204" dir="1" index="1" bw="27" slack="1"/>
</pin_list>
<bind>
<opcode="extractvalue(56) " fcode="extractvalue"/>
<opset="res_out_6/3 "/>
</bind>
</comp>

<comp id="206" class="1004" name="res_out_7_fu_206">
<pin_list>
<pin id="207" dir="0" index="0" bw="864" slack="0"/>
<pin id="208" dir="1" index="1" bw="27" slack="1"/>
</pin_list>
<bind>
<opcode="extractvalue(56) " fcode="extractvalue"/>
<opset="res_out_7/3 "/>
</bind>
</comp>

<comp id="210" class="1004" name="res_out_8_fu_210">
<pin_list>
<pin id="211" dir="0" index="0" bw="864" slack="0"/>
<pin id="212" dir="1" index="1" bw="27" slack="1"/>
</pin_list>
<bind>
<opcode="extractvalue(56) " fcode="extractvalue"/>
<opset="res_out_8/3 "/>
</bind>
</comp>

<comp id="214" class="1004" name="res_out_9_fu_214">
<pin_list>
<pin id="215" dir="0" index="0" bw="864" slack="0"/>
<pin id="216" dir="1" index="1" bw="27" slack="1"/>
</pin_list>
<bind>
<opcode="extractvalue(56) " fcode="extractvalue"/>
<opset="res_out_9/3 "/>
</bind>
</comp>

<comp id="218" class="1004" name="res_out_10_fu_218">
<pin_list>
<pin id="219" dir="0" index="0" bw="864" slack="0"/>
<pin id="220" dir="1" index="1" bw="27" slack="1"/>
</pin_list>
<bind>
<opcode="extractvalue(56) " fcode="extractvalue"/>
<opset="res_out_10/3 "/>
</bind>
</comp>

<comp id="222" class="1004" name="res_out_11_fu_222">
<pin_list>
<pin id="223" dir="0" index="0" bw="864" slack="0"/>
<pin id="224" dir="1" index="1" bw="27" slack="1"/>
</pin_list>
<bind>
<opcode="extractvalue(56) " fcode="extractvalue"/>
<opset="res_out_11/3 "/>
</bind>
</comp>

<comp id="226" class="1004" name="res_out_12_fu_226">
<pin_list>
<pin id="227" dir="0" index="0" bw="864" slack="0"/>
<pin id="228" dir="1" index="1" bw="27" slack="1"/>
</pin_list>
<bind>
<opcode="extractvalue(56) " fcode="extractvalue"/>
<opset="res_out_12/3 "/>
</bind>
</comp>

<comp id="230" class="1004" name="res_out_13_fu_230">
<pin_list>
<pin id="231" dir="0" index="0" bw="864" slack="0"/>
<pin id="232" dir="1" index="1" bw="27" slack="1"/>
</pin_list>
<bind>
<opcode="extractvalue(56) " fcode="extractvalue"/>
<opset="res_out_13/3 "/>
</bind>
</comp>

<comp id="234" class="1004" name="res_out_14_fu_234">
<pin_list>
<pin id="235" dir="0" index="0" bw="864" slack="0"/>
<pin id="236" dir="1" index="1" bw="27" slack="1"/>
</pin_list>
<bind>
<opcode="extractvalue(56) " fcode="extractvalue"/>
<opset="res_out_14/3 "/>
</bind>
</comp>

<comp id="238" class="1004" name="res_out_15_fu_238">
<pin_list>
<pin id="239" dir="0" index="0" bw="864" slack="0"/>
<pin id="240" dir="1" index="1" bw="27" slack="1"/>
</pin_list>
<bind>
<opcode="extractvalue(56) " fcode="extractvalue"/>
<opset="res_out_15/3 "/>
</bind>
</comp>

<comp id="242" class="1004" name="res_out_16_fu_242">
<pin_list>
<pin id="243" dir="0" index="0" bw="864" slack="0"/>
<pin id="244" dir="1" index="1" bw="27" slack="1"/>
</pin_list>
<bind>
<opcode="extractvalue(56) " fcode="extractvalue"/>
<opset="res_out_16/3 "/>
</bind>
</comp>

<comp id="246" class="1004" name="res_out_17_fu_246">
<pin_list>
<pin id="247" dir="0" index="0" bw="864" slack="0"/>
<pin id="248" dir="1" index="1" bw="27" slack="1"/>
</pin_list>
<bind>
<opcode="extractvalue(56) " fcode="extractvalue"/>
<opset="res_out_17/3 "/>
</bind>
</comp>

<comp id="250" class="1004" name="res_out_18_fu_250">
<pin_list>
<pin id="251" dir="0" index="0" bw="864" slack="0"/>
<pin id="252" dir="1" index="1" bw="27" slack="1"/>
</pin_list>
<bind>
<opcode="extractvalue(56) " fcode="extractvalue"/>
<opset="res_out_18/3 "/>
</bind>
</comp>

<comp id="254" class="1004" name="res_out_19_fu_254">
<pin_list>
<pin id="255" dir="0" index="0" bw="864" slack="0"/>
<pin id="256" dir="1" index="1" bw="27" slack="1"/>
</pin_list>
<bind>
<opcode="extractvalue(56) " fcode="extractvalue"/>
<opset="res_out_19/3 "/>
</bind>
</comp>

<comp id="258" class="1004" name="res_out_20_fu_258">
<pin_list>
<pin id="259" dir="0" index="0" bw="864" slack="0"/>
<pin id="260" dir="1" index="1" bw="27" slack="1"/>
</pin_list>
<bind>
<opcode="extractvalue(56) " fcode="extractvalue"/>
<opset="res_out_20/3 "/>
</bind>
</comp>

<comp id="262" class="1004" name="res_out_21_fu_262">
<pin_list>
<pin id="263" dir="0" index="0" bw="864" slack="0"/>
<pin id="264" dir="1" index="1" bw="27" slack="1"/>
</pin_list>
<bind>
<opcode="extractvalue(56) " fcode="extractvalue"/>
<opset="res_out_21/3 "/>
</bind>
</comp>

<comp id="266" class="1004" name="res_out_22_fu_266">
<pin_list>
<pin id="267" dir="0" index="0" bw="864" slack="0"/>
<pin id="268" dir="1" index="1" bw="27" slack="1"/>
</pin_list>
<bind>
<opcode="extractvalue(56) " fcode="extractvalue"/>
<opset="res_out_22/3 "/>
</bind>
</comp>

<comp id="270" class="1004" name="res_out_23_fu_270">
<pin_list>
<pin id="271" dir="0" index="0" bw="864" slack="0"/>
<pin id="272" dir="1" index="1" bw="27" slack="1"/>
</pin_list>
<bind>
<opcode="extractvalue(56) " fcode="extractvalue"/>
<opset="res_out_23/3 "/>
</bind>
</comp>

<comp id="274" class="1004" name="res_out_24_fu_274">
<pin_list>
<pin id="275" dir="0" index="0" bw="864" slack="0"/>
<pin id="276" dir="1" index="1" bw="27" slack="1"/>
</pin_list>
<bind>
<opcode="extractvalue(56) " fcode="extractvalue"/>
<opset="res_out_24/3 "/>
</bind>
</comp>

<comp id="278" class="1004" name="res_out_25_fu_278">
<pin_list>
<pin id="279" dir="0" index="0" bw="864" slack="0"/>
<pin id="280" dir="1" index="1" bw="27" slack="1"/>
</pin_list>
<bind>
<opcode="extractvalue(56) " fcode="extractvalue"/>
<opset="res_out_25/3 "/>
</bind>
</comp>

<comp id="282" class="1004" name="res_out_26_fu_282">
<pin_list>
<pin id="283" dir="0" index="0" bw="864" slack="0"/>
<pin id="284" dir="1" index="1" bw="27" slack="1"/>
</pin_list>
<bind>
<opcode="extractvalue(56) " fcode="extractvalue"/>
<opset="res_out_26/3 "/>
</bind>
</comp>

<comp id="286" class="1004" name="res_out_27_fu_286">
<pin_list>
<pin id="287" dir="0" index="0" bw="864" slack="0"/>
<pin id="288" dir="1" index="1" bw="27" slack="1"/>
</pin_list>
<bind>
<opcode="extractvalue(56) " fcode="extractvalue"/>
<opset="res_out_27/3 "/>
</bind>
</comp>

<comp id="290" class="1004" name="res_out_28_fu_290">
<pin_list>
<pin id="291" dir="0" index="0" bw="864" slack="0"/>
<pin id="292" dir="1" index="1" bw="27" slack="1"/>
</pin_list>
<bind>
<opcode="extractvalue(56) " fcode="extractvalue"/>
<opset="res_out_28/3 "/>
</bind>
</comp>

<comp id="294" class="1004" name="res_out_29_fu_294">
<pin_list>
<pin id="295" dir="0" index="0" bw="864" slack="0"/>
<pin id="296" dir="1" index="1" bw="27" slack="1"/>
</pin_list>
<bind>
<opcode="extractvalue(56) " fcode="extractvalue"/>
<opset="res_out_29/3 "/>
</bind>
</comp>

<comp id="298" class="1004" name="res_out_30_fu_298">
<pin_list>
<pin id="299" dir="0" index="0" bw="864" slack="0"/>
<pin id="300" dir="1" index="1" bw="27" slack="1"/>
</pin_list>
<bind>
<opcode="extractvalue(56) " fcode="extractvalue"/>
<opset="res_out_30/3 "/>
</bind>
</comp>

<comp id="302" class="1004" name="res_out_31_fu_302">
<pin_list>
<pin id="303" dir="0" index="0" bw="864" slack="0"/>
<pin id="304" dir="1" index="1" bw="27" slack="1"/>
</pin_list>
<bind>
<opcode="extractvalue(56) " fcode="extractvalue"/>
<opset="res_out_31/3 "/>
</bind>
</comp>

<comp id="306" class="1004" name="store_ln372_store_fu_306">
<pin_list>
<pin id="307" dir="0" index="0" bw="32" slack="0"/>
<pin id="308" dir="0" index="1" bw="32" slack="0"/>
<pin id="309" dir="1" index="2" bw="0" slack="2147483647"/>
</pin_list>
<bind>
<opcode="store(28) " fcode="store"/>
<opset="store_ln372/3 "/>
</bind>
</comp>

<comp id="312" class="1004" name="p_0_fu_312">
<pin_list>
<pin id="313" dir="0" index="0" bw="864" slack="0"/>
<pin id="314" dir="0" index="1" bw="27" slack="1"/>
<pin id="315" dir="0" index="2" bw="27" slack="1"/>
<pin id="316" dir="0" index="3" bw="27" slack="1"/>
<pin id="317" dir="0" index="4" bw="27" slack="1"/>
<pin id="318" dir="0" index="5" bw="27" slack="1"/>
<pin id="319" dir="0" index="6" bw="27" slack="1"/>
<pin id="320" dir="0" index="7" bw="27" slack="1"/>
<pin id="321" dir="0" index="8" bw="27" slack="1"/>
<pin id="322" dir="0" index="9" bw="27" slack="1"/>
<pin id="323" dir="0" index="10" bw="27" slack="1"/>
<pin id="324" dir="0" index="11" bw="27" slack="1"/>
<pin id="325" dir="0" index="12" bw="27" slack="1"/>
<pin id="326" dir="0" index="13" bw="27" slack="1"/>
<pin id="327" dir="0" index="14" bw="27" slack="1"/>
<pin id="328" dir="0" index="15" bw="27" slack="1"/>
<pin id="329" dir="0" index="16" bw="27" slack="1"/>
<pin id="330" dir="0" index="17" bw="27" slack="1"/>
<pin id="331" dir="0" index="18" bw="27" slack="1"/>
<pin id="332" dir="0" index="19" bw="27" slack="1"/>
<pin id="333" dir="0" index="20" bw="27" slack="1"/>
<pin id="334" dir="0" index="21" bw="27" slack="1"/>
<pin id="335" dir="0" index="22" bw="27" slack="1"/>
<pin id="336" dir="0" index="23" bw="27" slack="1"/>
<pin id="337" dir="0" index="24" bw="27" slack="1"/>
<pin id="338" dir="0" index="25" bw="27" slack="1"/>
<pin id="339" dir="0" index="26" bw="27" slack="1"/>
<pin id="340" dir="0" index="27" bw="27" slack="1"/>
<pin id="341" dir="0" index="28" bw="27" slack="1"/>
<pin id="342" dir="0" index="29" bw="27" slack="1"/>
<pin id="343" dir="0" index="30" bw="27" slack="1"/>
<pin id="344" dir="0" index="31" bw="27" slack="1"/>
<pin id="345" dir="0" index="32" bw="27" slack="1"/>
<pin id="346" dir="1" index="33" bw="864" slack="0"/>
</pin_list>
<bind>
<opcode="bitconcatenate(1004) " fcode="bitconcatenate"/>
<opset="p_0/4 "/>
</bind>
</comp>

<comp id="349" class="1005" name="and_ln350_reg_349">
<pin_list>
<pin id="350" dir="0" index="0" bw="1" slack="1"/>
<pin id="351" dir="1" index="1" bw="1" slack="2147483647"/>
</pin_list>
<bind>
<opset="and_ln350 "/>
</bind>
</comp>

<comp id="356" class="1005" name="select_ln376_reg_356">
<pin_list>
<pin id="357" dir="0" index="0" bw="32" slack="1"/>
<pin id="358" dir="1" index="1" bw="32" slack="1"/>
</pin_list>
<bind>
<opset="select_ln376 "/>
</bind>
</comp>

<comp id="361" class="1005" name="res_out_reg_361">
<pin_list>
<pin id="362" dir="0" index="0" bw="27" slack="1"/>
<pin id="363" dir="1" index="1" bw="27" slack="1"/>
</pin_list>
<bind>
<opset="res_out "/>
</bind>
</comp>

<comp id="366" class="1005" name="res_out_1_reg_366">
<pin_list>
<pin id="367" dir="0" index="0" bw="27" slack="1"/>
<pin id="368" dir="1" index="1" bw="27" slack="1"/>
</pin_list>
<bind>
<opset="res_out_1 "/>
</bind>
</comp>

<comp id="371" class="1005" name="res_out_2_reg_371">
<pin_list>
<pin id="372" dir="0" index="0" bw="27" slack="1"/>
<pin id="373" dir="1" index="1" bw="27" slack="1"/>
</pin_list>
<bind>
<opset="res_out_2 "/>
</bind>
</comp>

<comp id="376" class="1005" name="res_out_3_reg_376">
<pin_list>
<pin id="377" dir="0" index="0" bw="27" slack="1"/>
<pin id="378" dir="1" index="1" bw="27" slack="1"/>
</pin_list>
<bind>
<opset="res_out_3 "/>
</bind>
</comp>

<comp id="381" class="1005" name="res_out_4_reg_381">
<pin_list>
<pin id="382" dir="0" index="0" bw="27" slack="1"/>
<pin id="383" dir="1" index="1" bw="27" slack="1"/>
</pin_list>
<bind>
<opset="res_out_4 "/>
</bind>
</comp>

<comp id="386" class="1005" name="res_out_5_reg_386">
<pin_list>
<pin id="387" dir="0" index="0" bw="27" slack="1"/>
<pin id="388" dir="1" index="1" bw="27" slack="1"/>
</pin_list>
<bind>
<opset="res_out_5 "/>
</bind>
</comp>

<comp id="391" class="1005" name="res_out_6_reg_391">
<pin_list>
<pin id="392" dir="0" index="0" bw="27" slack="1"/>
<pin id="393" dir="1" index="1" bw="27" slack="1"/>
</pin_list>
<bind>
<opset="res_out_6 "/>
</bind>
</comp>

<comp id="396" class="1005" name="res_out_7_reg_396">
<pin_list>
<pin id="397" dir="0" index="0" bw="27" slack="1"/>
<pin id="398" dir="1" index="1" bw="27" slack="1"/>
</pin_list>
<bind>
<opset="res_out_7 "/>
</bind>
</comp>

<comp id="401" class="1005" name="res_out_8_reg_401">
<pin_list>
<pin id="402" dir="0" index="0" bw="27" slack="1"/>
<pin id="403" dir="1" index="1" bw="27" slack="1"/>
</pin_list>
<bind>
<opset="res_out_8 "/>
</bind>
</comp>

<comp id="406" class="1005" name="res_out_9_reg_406">
<pin_list>
<pin id="407" dir="0" index="0" bw="27" slack="1"/>
<pin id="408" dir="1" index="1" bw="27" slack="1"/>
</pin_list>
<bind>
<opset="res_out_9 "/>
</bind>
</comp>

<comp id="411" class="1005" name="res_out_10_reg_411">
<pin_list>
<pin id="412" dir="0" index="0" bw="27" slack="1"/>
<pin id="413" dir="1" index="1" bw="27" slack="1"/>
</pin_list>
<bind>
<opset="res_out_10 "/>
</bind>
</comp>

<comp id="416" class="1005" name="res_out_11_reg_416">
<pin_list>
<pin id="417" dir="0" index="0" bw="27" slack="1"/>
<pin id="418" dir="1" index="1" bw="27" slack="1"/>
</pin_list>
<bind>
<opset="res_out_11 "/>
</bind>
</comp>

<comp id="421" class="1005" name="res_out_12_reg_421">
<pin_list>
<pin id="422" dir="0" index="0" bw="27" slack="1"/>
<pin id="423" dir="1" index="1" bw="27" slack="1"/>
</pin_list>
<bind>
<opset="res_out_12 "/>
</bind>
</comp>

<comp id="426" class="1005" name="res_out_13_reg_426">
<pin_list>
<pin id="427" dir="0" index="0" bw="27" slack="1"/>
<pin id="428" dir="1" index="1" bw="27" slack="1"/>
</pin_list>
<bind>
<opset="res_out_13 "/>
</bind>
</comp>

<comp id="431" class="1005" name="res_out_14_reg_431">
<pin_list>
<pin id="432" dir="0" index="0" bw="27" slack="1"/>
<pin id="433" dir="1" index="1" bw="27" slack="1"/>
</pin_list>
<bind>
<opset="res_out_14 "/>
</bind>
</comp>

<comp id="436" class="1005" name="res_out_15_reg_436">
<pin_list>
<pin id="437" dir="0" index="0" bw="27" slack="1"/>
<pin id="438" dir="1" index="1" bw="27" slack="1"/>
</pin_list>
<bind>
<opset="res_out_15 "/>
</bind>
</comp>

<comp id="441" class="1005" name="res_out_16_reg_441">
<pin_list>
<pin id="442" dir="0" index="0" bw="27" slack="1"/>
<pin id="443" dir="1" index="1" bw="27" slack="1"/>
</pin_list>
<bind>
<opset="res_out_16 "/>
</bind>
</comp>

<comp id="446" class="1005" name="res_out_17_reg_446">
<pin_list>
<pin id="447" dir="0" index="0" bw="27" slack="1"/>
<pin id="448" dir="1" index="1" bw="27" slack="1"/>
</pin_list>
<bind>
<opset="res_out_17 "/>
</bind>
</comp>

<comp id="451" class="1005" name="res_out_18_reg_451">
<pin_list>
<pin id="452" dir="0" index="0" bw="27" slack="1"/>
<pin id="453" dir="1" index="1" bw="27" slack="1"/>
</pin_list>
<bind>
<opset="res_out_18 "/>
</bind>
</comp>

<comp id="456" class="1005" name="res_out_19_reg_456">
<pin_list>
<pin id="457" dir="0" index="0" bw="27" slack="1"/>
<pin id="458" dir="1" index="1" bw="27" slack="1"/>
</pin_list>
<bind>
<opset="res_out_19 "/>
</bind>
</comp>

<comp id="461" class="1005" name="res_out_20_reg_461">
<pin_list>
<pin id="462" dir="0" index="0" bw="27" slack="1"/>
<pin id="463" dir="1" index="1" bw="27" slack="1"/>
</pin_list>
<bind>
<opset="res_out_20 "/>
</bind>
</comp>

<comp id="466" class="1005" name="res_out_21_reg_466">
<pin_list>
<pin id="467" dir="0" index="0" bw="27" slack="1"/>
<pin id="468" dir="1" index="1" bw="27" slack="1"/>
</pin_list>
<bind>
<opset="res_out_21 "/>
</bind>
</comp>

<comp id="471" class="1005" name="res_out_22_reg_471">
<pin_list>
<pin id="472" dir="0" index="0" bw="27" slack="1"/>
<pin id="473" dir="1" index="1" bw="27" slack="1"/>
</pin_list>
<bind>
<opset="res_out_22 "/>
</bind>
</comp>

<comp id="476" class="1005" name="res_out_23_reg_476">
<pin_list>
<pin id="477" dir="0" index="0" bw="27" slack="1"/>
<pin id="478" dir="1" index="1" bw="27" slack="1"/>
</pin_list>
<bind>
<opset="res_out_23 "/>
</bind>
</comp>

<comp id="481" class="1005" name="res_out_24_reg_481">
<pin_list>
<pin id="482" dir="0" index="0" bw="27" slack="1"/>
<pin id="483" dir="1" index="1" bw="27" slack="1"/>
</pin_list>
<bind>
<opset="res_out_24 "/>
</bind>
</comp>

<comp id="486" class="1005" name="res_out_25_reg_486">
<pin_list>
<pin id="487" dir="0" index="0" bw="27" slack="1"/>
<pin id="488" dir="1" index="1" bw="27" slack="1"/>
</pin_list>
<bind>
<opset="res_out_25 "/>
</bind>
</comp>

<comp id="491" class="1005" name="res_out_26_reg_491">
<pin_list>
<pin id="492" dir="0" index="0" bw="27" slack="1"/>
<pin id="493" dir="1" index="1" bw="27" slack="1"/>
</pin_list>
<bind>
<opset="res_out_26 "/>
</bind>
</comp>

<comp id="496" class="1005" name="res_out_27_reg_496">
<pin_list>
<pin id="497" dir="0" index="0" bw="27" slack="1"/>
<pin id="498" dir="1" index="1" bw="27" slack="1"/>
</pin_list>
<bind>
<opset="res_out_27 "/>
</bind>
</comp>

<comp id="501" class="1005" name="res_out_28_reg_501">
<pin_list>
<pin id="502" dir="0" index="0" bw="27" slack="1"/>
<pin id="503" dir="1" index="1" bw="27" slack="1"/>
</pin_list>
<bind>
<opset="res_out_28 "/>
</bind>
</comp>

<comp id="506" class="1005" name="res_out_29_reg_506">
<pin_list>
<pin id="507" dir="0" index="0" bw="27" slack="1"/>
<pin id="508" dir="1" index="1" bw="27" slack="1"/>
</pin_list>
<bind>
<opset="res_out_29 "/>
</bind>
</comp>

<comp id="511" class="1005" name="res_out_30_reg_511">
<pin_list>
<pin id="512" dir="0" index="0" bw="27" slack="1"/>
<pin id="513" dir="1" index="1" bw="27" slack="1"/>
</pin_list>
<bind>
<opset="res_out_30 "/>
</bind>
</comp>

<comp id="516" class="1005" name="res_out_31_reg_516">
<pin_list>
<pin id="517" dir="0" index="0" bw="27" slack="1"/>
<pin id="518" dir="1" index="1" bw="27" slack="1"/>
</pin_list>
<bind>
<opset="res_out_31 "/>
</bind>
</comp>

</comp_list>

<net_list>
<net id="48"><net_src comp="14" pin="0"/><net_sink comp="44" pin=0"/></net>

<net id="49"><net_src comp="0" pin="0"/><net_sink comp="44" pin=1"/></net>

<net id="55"><net_src comp="42" pin="0"/><net_sink comp="50" pin=0"/></net>

<net id="56"><net_src comp="2" pin="0"/><net_sink comp="50" pin=1"/></net>

<net id="60"><net_src comp="20" pin="0"/><net_sink comp="57" pin=0"/></net>

<net id="67"><net_src comp="57" pin="1"/><net_sink comp="61" pin=2"/></net>

<net id="74"><net_src comp="36" pin="0"/><net_sink comp="68" pin=0"/></net>

<net id="75"><net_src comp="8" pin="0"/><net_sink comp="68" pin=1"/></net>

<net id="76"><net_src comp="4" pin="0"/><net_sink comp="68" pin=2"/></net>

<net id="77"><net_src comp="6" pin="0"/><net_sink comp="68" pin=3"/></net>

<net id="81"><net_src comp="4" pin="0"/><net_sink comp="78" pin=0"/></net>

<net id="85"><net_src comp="6" pin="0"/><net_sink comp="82" pin=0"/></net>

<net id="90"><net_src comp="78" pin="1"/><net_sink comp="86" pin=0"/></net>

<net id="91"><net_src comp="8" pin="0"/><net_sink comp="86" pin=1"/></net>

<net id="96"><net_src comp="82" pin="1"/><net_sink comp="92" pin=0"/></net>

<net id="97"><net_src comp="4" pin="0"/><net_sink comp="92" pin=1"/></net>

<net id="102"><net_src comp="44" pin="2"/><net_sink comp="98" pin=0"/></net>

<net id="103"><net_src comp="6" pin="0"/><net_sink comp="98" pin=1"/></net>

<net id="107"><net_src comp="10" pin="0"/><net_sink comp="104" pin=0"/></net>

<net id="112"><net_src comp="104" pin="1"/><net_sink comp="108" pin=0"/></net>

<net id="113"><net_src comp="26" pin="0"/><net_sink comp="108" pin=1"/></net>

<net id="117"><net_src comp="12" pin="0"/><net_sink comp="114" pin=0"/></net>

<net id="124"><net_src comp="28" pin="0"/><net_sink comp="118" pin=0"/></net>

<net id="125"><net_src comp="114" pin="1"/><net_sink comp="118" pin=1"/></net>

<net id="126"><net_src comp="30" pin="0"/><net_sink comp="118" pin=2"/></net>

<net id="127"><net_src comp="32" pin="0"/><net_sink comp="118" pin=3"/></net>

<net id="132"><net_src comp="118" pin="4"/><net_sink comp="128" pin=0"/></net>

<net id="133"><net_src comp="34" pin="0"/><net_sink comp="128" pin=1"/></net>

<net id="138"><net_src comp="108" pin="2"/><net_sink comp="134" pin=0"/></net>

<net id="139"><net_src comp="128" pin="2"/><net_sink comp="134" pin=1"/></net>

<net id="144"><net_src comp="114" pin="1"/><net_sink comp="140" pin=0"/></net>

<net id="145"><net_src comp="30" pin="0"/><net_sink comp="140" pin=1"/></net>

<net id="150"><net_src comp="140" pin="2"/><net_sink comp="146" pin=0"/></net>

<net id="151"><net_src comp="38" pin="0"/><net_sink comp="146" pin=1"/></net>

<net id="156"><net_src comp="140" pin="2"/><net_sink comp="152" pin=0"/></net>

<net id="157"><net_src comp="12" pin="0"/><net_sink comp="152" pin=1"/></net>

<net id="162"><net_src comp="104" pin="1"/><net_sink comp="158" pin=0"/></net>

<net id="163"><net_src comp="30" pin="0"/><net_sink comp="158" pin=1"/></net>

<net id="169"><net_src comp="108" pin="2"/><net_sink comp="164" pin=0"/></net>

<net id="170"><net_src comp="26" pin="0"/><net_sink comp="164" pin=1"/></net>

<net id="171"><net_src comp="158" pin="2"/><net_sink comp="164" pin=2"/></net>

<net id="176"><net_src comp="20" pin="0"/><net_sink comp="172" pin=0"/></net>

<net id="177"><net_src comp="12" pin="0"/><net_sink comp="172" pin=1"/></net>

<net id="181"><net_src comp="68" pin="4"/><net_sink comp="178" pin=0"/></net>

<net id="185"><net_src comp="68" pin="4"/><net_sink comp="182" pin=0"/></net>

<net id="189"><net_src comp="68" pin="4"/><net_sink comp="186" pin=0"/></net>

<net id="193"><net_src comp="68" pin="4"/><net_sink comp="190" pin=0"/></net>

<net id="197"><net_src comp="68" pin="4"/><net_sink comp="194" pin=0"/></net>

<net id="201"><net_src comp="68" pin="4"/><net_sink comp="198" pin=0"/></net>

<net id="205"><net_src comp="68" pin="4"/><net_sink comp="202" pin=0"/></net>

<net id="209"><net_src comp="68" pin="4"/><net_sink comp="206" pin=0"/></net>

<net id="213"><net_src comp="68" pin="4"/><net_sink comp="210" pin=0"/></net>

<net id="217"><net_src comp="68" pin="4"/><net_sink comp="214" pin=0"/></net>

<net id="221"><net_src comp="68" pin="4"/><net_sink comp="218" pin=0"/></net>

<net id="225"><net_src comp="68" pin="4"/><net_sink comp="222" pin=0"/></net>

<net id="229"><net_src comp="68" pin="4"/><net_sink comp="226" pin=0"/></net>

<net id="233"><net_src comp="68" pin="4"/><net_sink comp="230" pin=0"/></net>

<net id="237"><net_src comp="68" pin="4"/><net_sink comp="234" pin=0"/></net>

<net id="241"><net_src comp="68" pin="4"/><net_sink comp="238" pin=0"/></net>

<net id="245"><net_src comp="68" pin="4"/><net_sink comp="242" pin=0"/></net>

<net id="249"><net_src comp="68" pin="4"/><net_sink comp="246" pin=0"/></net>

<net id="253"><net_src comp="68" pin="4"/><net_sink comp="250" pin=0"/></net>

<net id="257"><net_src comp="68" pin="4"/><net_sink comp="254" pin=0"/></net>

<net id="261"><net_src comp="68" pin="4"/><net_sink comp="258" pin=0"/></net>

<net id="265"><net_src comp="68" pin="4"/><net_sink comp="262" pin=0"/></net>

<net id="269"><net_src comp="68" pin="4"/><net_sink comp="266" pin=0"/></net>

<net id="273"><net_src comp="68" pin="4"/><net_sink comp="270" pin=0"/></net>

<net id="277"><net_src comp="68" pin="4"/><net_sink comp="274" pin=0"/></net>

<net id="281"><net_src comp="68" pin="4"/><net_sink comp="278" pin=0"/></net>

<net id="285"><net_src comp="68" pin="4"/><net_sink comp="282" pin=0"/></net>

<net id="289"><net_src comp="68" pin="4"/><net_sink comp="286" pin=0"/></net>

<net id="293"><net_src comp="68" pin="4"/><net_sink comp="290" pin=0"/></net>

<net id="297"><net_src comp="68" pin="4"/><net_sink comp="294" pin=0"/></net>

<net id="301"><net_src comp="68" pin="4"/><net_sink comp="298" pin=0"/></net>

<net id="305"><net_src comp="68" pin="4"/><net_sink comp="302" pin=0"/></net>

<net id="310"><net_src comp="61" pin="4"/><net_sink comp="306" pin=0"/></net>

<net id="311"><net_src comp="10" pin="0"/><net_sink comp="306" pin=1"/></net>

<net id="347"><net_src comp="40" pin="0"/><net_sink comp="312" pin=0"/></net>

<net id="348"><net_src comp="312" pin="33"/><net_sink comp="50" pin=2"/></net>

<net id="352"><net_src comp="134" pin="2"/><net_sink comp="349" pin=0"/></net>

<net id="359"><net_src comp="164" pin="3"/><net_sink comp="356" pin=0"/></net>

<net id="360"><net_src comp="356" pin="1"/><net_sink comp="61" pin=0"/></net>

<net id="364"><net_src comp="178" pin="1"/><net_sink comp="361" pin=0"/></net>

<net id="365"><net_src comp="361" pin="1"/><net_sink comp="312" pin=32"/></net>

<net id="369"><net_src comp="182" pin="1"/><net_sink comp="366" pin=0"/></net>

<net id="370"><net_src comp="366" pin="1"/><net_sink comp="312" pin=31"/></net>

<net id="374"><net_src comp="186" pin="1"/><net_sink comp="371" pin=0"/></net>

<net id="375"><net_src comp="371" pin="1"/><net_sink comp="312" pin=30"/></net>

<net id="379"><net_src comp="190" pin="1"/><net_sink comp="376" pin=0"/></net>

<net id="380"><net_src comp="376" pin="1"/><net_sink comp="312" pin=29"/></net>

<net id="384"><net_src comp="194" pin="1"/><net_sink comp="381" pin=0"/></net>

<net id="385"><net_src comp="381" pin="1"/><net_sink comp="312" pin=28"/></net>

<net id="389"><net_src comp="198" pin="1"/><net_sink comp="386" pin=0"/></net>

<net id="390"><net_src comp="386" pin="1"/><net_sink comp="312" pin=27"/></net>

<net id="394"><net_src comp="202" pin="1"/><net_sink comp="391" pin=0"/></net>

<net id="395"><net_src comp="391" pin="1"/><net_sink comp="312" pin=26"/></net>

<net id="399"><net_src comp="206" pin="1"/><net_sink comp="396" pin=0"/></net>

<net id="400"><net_src comp="396" pin="1"/><net_sink comp="312" pin=25"/></net>

<net id="404"><net_src comp="210" pin="1"/><net_sink comp="401" pin=0"/></net>

<net id="405"><net_src comp="401" pin="1"/><net_sink comp="312" pin=24"/></net>

<net id="409"><net_src comp="214" pin="1"/><net_sink comp="406" pin=0"/></net>

<net id="410"><net_src comp="406" pin="1"/><net_sink comp="312" pin=23"/></net>

<net id="414"><net_src comp="218" pin="1"/><net_sink comp="411" pin=0"/></net>

<net id="415"><net_src comp="411" pin="1"/><net_sink comp="312" pin=22"/></net>

<net id="419"><net_src comp="222" pin="1"/><net_sink comp="416" pin=0"/></net>

<net id="420"><net_src comp="416" pin="1"/><net_sink comp="312" pin=21"/></net>

<net id="424"><net_src comp="226" pin="1"/><net_sink comp="421" pin=0"/></net>

<net id="425"><net_src comp="421" pin="1"/><net_sink comp="312" pin=20"/></net>

<net id="429"><net_src comp="230" pin="1"/><net_sink comp="426" pin=0"/></net>

<net id="430"><net_src comp="426" pin="1"/><net_sink comp="312" pin=19"/></net>

<net id="434"><net_src comp="234" pin="1"/><net_sink comp="431" pin=0"/></net>

<net id="435"><net_src comp="431" pin="1"/><net_sink comp="312" pin=18"/></net>

<net id="439"><net_src comp="238" pin="1"/><net_sink comp="436" pin=0"/></net>

<net id="440"><net_src comp="436" pin="1"/><net_sink comp="312" pin=17"/></net>

<net id="444"><net_src comp="242" pin="1"/><net_sink comp="441" pin=0"/></net>

<net id="445"><net_src comp="441" pin="1"/><net_sink comp="312" pin=16"/></net>

<net id="449"><net_src comp="246" pin="1"/><net_sink comp="446" pin=0"/></net>

<net id="450"><net_src comp="446" pin="1"/><net_sink comp="312" pin=15"/></net>

<net id="454"><net_src comp="250" pin="1"/><net_sink comp="451" pin=0"/></net>

<net id="455"><net_src comp="451" pin="1"/><net_sink comp="312" pin=14"/></net>

<net id="459"><net_src comp="254" pin="1"/><net_sink comp="456" pin=0"/></net>

<net id="460"><net_src comp="456" pin="1"/><net_sink comp="312" pin=13"/></net>

<net id="464"><net_src comp="258" pin="1"/><net_sink comp="461" pin=0"/></net>

<net id="465"><net_src comp="461" pin="1"/><net_sink comp="312" pin=12"/></net>

<net id="469"><net_src comp="262" pin="1"/><net_sink comp="466" pin=0"/></net>

<net id="470"><net_src comp="466" pin="1"/><net_sink comp="312" pin=11"/></net>

<net id="474"><net_src comp="266" pin="1"/><net_sink comp="471" pin=0"/></net>

<net id="475"><net_src comp="471" pin="1"/><net_sink comp="312" pin=10"/></net>

<net id="479"><net_src comp="270" pin="1"/><net_sink comp="476" pin=0"/></net>

<net id="480"><net_src comp="476" pin="1"/><net_sink comp="312" pin=9"/></net>

<net id="484"><net_src comp="274" pin="1"/><net_sink comp="481" pin=0"/></net>

<net id="485"><net_src comp="481" pin="1"/><net_sink comp="312" pin=8"/></net>

<net id="489"><net_src comp="278" pin="1"/><net_sink comp="486" pin=0"/></net>

<net id="490"><net_src comp="486" pin="1"/><net_sink comp="312" pin=7"/></net>

<net id="494"><net_src comp="282" pin="1"/><net_sink comp="491" pin=0"/></net>

<net id="495"><net_src comp="491" pin="1"/><net_sink comp="312" pin=6"/></net>

<net id="499"><net_src comp="286" pin="1"/><net_sink comp="496" pin=0"/></net>

<net id="500"><net_src comp="496" pin="1"/><net_sink comp="312" pin=5"/></net>

<net id="504"><net_src comp="290" pin="1"/><net_sink comp="501" pin=0"/></net>

<net id="505"><net_src comp="501" pin="1"/><net_sink comp="312" pin=4"/></net>

<net id="509"><net_src comp="294" pin="1"/><net_sink comp="506" pin=0"/></net>

<net id="510"><net_src comp="506" pin="1"/><net_sink comp="312" pin=3"/></net>

<net id="514"><net_src comp="298" pin="1"/><net_sink comp="511" pin=0"/></net>

<net id="515"><net_src comp="511" pin="1"/><net_sink comp="312" pin=2"/></net>

<net id="519"><net_src comp="302" pin="1"/><net_sink comp="516" pin=0"/></net>

<net id="520"><net_src comp="516" pin="1"/><net_sink comp="312" pin=1"/></net>

</net_list>

</model> 
---------------- Datapath Model END ------------------

* FSMD analyzer results:
  - Output states:
	Port: in_elem_0_0_0_0_0_val | {}
	Port: layer2_out | {4 }
	Port: void_compute_output_buffer_1d_array_const_stream_weight_t_bias_t_kernel_data_31 | {1 }
	Port: void_compute_output_buffer_1d_array_const_stream_weight_t_bias_t_kernel_data_30 | {1 }
	Port: void_compute_output_buffer_1d_array_const_stream_weight_t_bias_t_kernel_data_32 | {1 }
	Port: sX_3 | {3 }
	Port: pX_3 | {2 }
 - Input state : 
	Port: compute_output_buffer_1d<array,array<ap_fixed<27,12,5,3,0>,32u>,config2> : in_elem_0_0_0_0_0_val | {1 }
	Port: compute_output_buffer_1d<array,array<ap_fixed<27,12,5,3,0>,32u>,config2> : layer2_out | {}
	Port: compute_output_buffer_1d<array,array<ap_fixed<27,12,5,3,0>,32u>,config2> : void_compute_output_buffer_1d_array_const_stream_weight_t_bias_t_kernel_data_31 | {1 2 }
	Port: compute_output_buffer_1d<array,array<ap_fixed<27,12,5,3,0>,32u>,config2> : void_compute_output_buffer_1d_array_const_stream_weight_t_bias_t_kernel_data_30 | {1 2 }
	Port: compute_output_buffer_1d<array,array<ap_fixed<27,12,5,3,0>,32u>,config2> : void_compute_output_buffer_1d_array_const_stream_weight_t_bias_t_kernel_data_32 | {2 }
	Port: compute_output_buffer_1d<array,array<ap_fixed<27,12,5,3,0>,32u>,config2> : sX_3 | {2 }
	Port: compute_output_buffer_1d<array,array<ap_fixed<27,12,5,3,0>,32u>,config2> : pX_3 | {2 }
  - Chain level:
	State 1
		store_ln167 : 1
		store_ln167 : 1
	State 2
		icmp_ln350 : 1
		tmp_769 : 1
		icmp_ln350_1 : 2
		and_ln350 : 3
		br_ln350 : 3
		add_ln369 : 1
		icmp_ln369 : 2
		br_ln369 : 3
		store_ln374 : 2
		add_ln376 : 1
		select_ln376 : 2
	State 3
		res_out : 1
		res_out_1 : 1
		res_out_2 : 1
		res_out_3 : 1
		res_out_4 : 1
		res_out_5 : 1
		res_out_6 : 1
		res_out_7 : 1
		res_out_8 : 1
		res_out_9 : 1
		res_out_10 : 1
		res_out_11 : 1
		res_out_12 : 1
		res_out_13 : 1
		res_out_14 : 1
		res_out_15 : 1
		res_out_16 : 1
		res_out_17 : 1
		res_out_18 : 1
		res_out_19 : 1
		res_out_20 : 1
		res_out_21 : 1
		res_out_22 : 1
		res_out_23 : 1
		res_out_24 : 1
		res_out_25 : 1
		res_out_26 : 1
		res_out_27 : 1
		res_out_28 : 1
		res_out_29 : 1
		res_out_30 : 1
		res_out_31 : 1
		store_ln372 : 1
	State 4
		write_ln365 : 1


============================================================
+ Verbose Summary: Datapath Resource usage 
============================================================

* Functional unit list:
|----------|---------------------------------------------------------------------------------|---------|---------|---------|
| Operation|                                 Functional Unit                                 |   DSP   |    FF   |   LUT   |
|----------|---------------------------------------------------------------------------------|---------|---------|---------|
|   call   | grp_dense_latency_ap_fixed_16_6_5_3_0_ap_fixed_27_12_5_3_0_config2_mult_s_fu_68 |    29   |   581   |   3462  |
|----------|---------------------------------------------------------------------------------|---------|---------|---------|
|          |                                icmp_ln350_fu_108                                |    0    |    0    |    39   |
|   icmp   |                               icmp_ln350_1_fu_128                               |    0    |    0    |    38   |
|          |                                icmp_ln369_fu_146                                |    0    |    0    |    39   |
|----------|---------------------------------------------------------------------------------|---------|---------|---------|
|    add   |                                 add_ln369_fu_140                                |    0    |    0    |    39   |
|          |                                 add_ln376_fu_158                                |    0    |    0    |    39   |
|----------|---------------------------------------------------------------------------------|---------|---------|---------|
|  select  |                               select_ln376_fu_164                               |    0    |    0    |    32   |
|----------|---------------------------------------------------------------------------------|---------|---------|---------|
|    and   |                                 and_ln350_fu_134                                |    0    |    0    |    2    |
|----------|---------------------------------------------------------------------------------|---------|---------|---------|
|   read   |                      in_elem_0_0_0_0_0_val_read_read_fu_44                      |    0    |    0    |    0    |
|----------|---------------------------------------------------------------------------------|---------|---------|---------|
|   write  |                             write_ln365_write_fu_50                             |    0    |    0    |    0    |
|----------|---------------------------------------------------------------------------------|---------|---------|---------|
|partselect|                                  tmp_769_fu_118                                 |    0    |    0    |    0    |
|----------|---------------------------------------------------------------------------------|---------|---------|---------|
|          |                                  res_out_fu_178                                 |    0    |    0    |    0    |
|          |                                 res_out_1_fu_182                                |    0    |    0    |    0    |
|          |                                 res_out_2_fu_186                                |    0    |    0    |    0    |
|          |                                 res_out_3_fu_190                                |    0    |    0    |    0    |
|          |                                 res_out_4_fu_194                                |    0    |    0    |    0    |
|          |                                 res_out_5_fu_198                                |    0    |    0    |    0    |
|          |                                 res_out_6_fu_202                                |    0    |    0    |    0    |
|          |                                 res_out_7_fu_206                                |    0    |    0    |    0    |
|          |                                 res_out_8_fu_210                                |    0    |    0    |    0    |
|          |                                 res_out_9_fu_214                                |    0    |    0    |    0    |
|          |                                res_out_10_fu_218                                |    0    |    0    |    0    |
|          |                                res_out_11_fu_222                                |    0    |    0    |    0    |
|          |                                res_out_12_fu_226                                |    0    |    0    |    0    |
|          |                                res_out_13_fu_230                                |    0    |    0    |    0    |
|          |                                res_out_14_fu_234                                |    0    |    0    |    0    |
|extractvalue|                                res_out_15_fu_238                                |    0    |    0    |    0    |
|          |                                res_out_16_fu_242                                |    0    |    0    |    0    |
|          |                                res_out_17_fu_246                                |    0    |    0    |    0    |
|          |                                res_out_18_fu_250                                |    0    |    0    |    0    |
|          |                                res_out_19_fu_254                                |    0    |    0    |    0    |
|          |                                res_out_20_fu_258                                |    0    |    0    |    0    |
|          |                                res_out_21_fu_262                                |    0    |    0    |    0    |
|          |                                res_out_22_fu_266                                |    0    |    0    |    0    |
|          |                                res_out_23_fu_270                                |    0    |    0    |    0    |
|          |                                res_out_24_fu_274                                |    0    |    0    |    0    |
|          |                                res_out_25_fu_278                                |    0    |    0    |    0    |
|          |                                res_out_26_fu_282                                |    0    |    0    |    0    |
|          |                                res_out_27_fu_286                                |    0    |    0    |    0    |
|          |                                res_out_28_fu_290                                |    0    |    0    |    0    |
|          |                                res_out_29_fu_294                                |    0    |    0    |    0    |
|          |                                res_out_30_fu_298                                |    0    |    0    |    0    |
|          |                                res_out_31_fu_302                                |    0    |    0    |    0    |
|----------|---------------------------------------------------------------------------------|---------|---------|---------|
|bitconcatenate|                                    p_0_fu_312                                   |    0    |    0    |    0    |
|----------|---------------------------------------------------------------------------------|---------|---------|---------|
|   Total  |                                                                                 |    29   |   581   |   3690  |
|----------|---------------------------------------------------------------------------------|---------|---------|---------|

Memories:
N/A

* Register list:
+--------------------+--------+
|                    |   FF   |
+--------------------+--------+
|  and_ln350_reg_349 |    1   |
| res_out_10_reg_411 |   27   |
| res_out_11_reg_416 |   27   |
| res_out_12_reg_421 |   27   |
| res_out_13_reg_426 |   27   |
| res_out_14_reg_431 |   27   |
| res_out_15_reg_436 |   27   |
| res_out_16_reg_441 |   27   |
| res_out_17_reg_446 |   27   |
| res_out_18_reg_451 |   27   |
| res_out_19_reg_456 |   27   |
|  res_out_1_reg_366 |   27   |
| res_out_20_reg_461 |   27   |
| res_out_21_reg_466 |   27   |
| res_out_22_reg_471 |   27   |
| res_out_23_reg_476 |   27   |
| res_out_24_reg_481 |   27   |
| res_out_25_reg_486 |   27   |
| res_out_26_reg_491 |   27   |
| res_out_27_reg_496 |   27   |
| res_out_28_reg_501 |   27   |
| res_out_29_reg_506 |   27   |
|  res_out_2_reg_371 |   27   |
| res_out_30_reg_511 |   27   |
| res_out_31_reg_516 |   27   |
|  res_out_3_reg_376 |   27   |
|  res_out_4_reg_381 |   27   |
|  res_out_5_reg_386 |   27   |
|  res_out_6_reg_391 |   27   |
|  res_out_7_reg_396 |   27   |
|  res_out_8_reg_401 |   27   |
|  res_out_9_reg_406 |   27   |
|   res_out_reg_361  |   27   |
|select_ln376_reg_356|   32   |
|  storemerge_reg_57 |   32   |
+--------------------+--------+
|        Total       |   929  |
+--------------------+--------+

* Multiplexer (MUX) list: 
|--------|------|------|------|--------|
|  Comp  |  Pin | Size |  BW  | S x BW |
|--------|------|------|------|--------|
|  Total |      |      |      |    0   |
|--------|------|------|------|--------|



* Summary:
+-----------+--------+--------+--------+
|           |   DSP  |   FF   |   LUT  |
+-----------+--------+--------+--------+
|  Function |   29   |   581  |  3690  |
|   Memory  |    -   |    -   |    -   |
|Multiplexer|    -   |    -   |    -   |
|  Register |    -   |   929  |    -   |
+-----------+--------+--------+--------+
|   Total   |   29   |  1510  |  3690  |
+-----------+--------+--------+--------+
