

================================================================
== Vitis HLS Report for 'compute_output_buffer_1d_array_array_ap_fixed_27_12_5_3_0_32u_config2_s'
================================================================
* Date:           Wed May  6 12:30:08 2026

* Version:        2023.1 (Build 3854077 on May  4 2023)
* Project:        myproject_prj
* Solution:       solution1 (Vivado IP Flow Target)
* Product family: zynquplusRFSOC
* Target device:  xczu49dr-ffvf1760-2-e


================================================================
== Performance Estimates
================================================================
+ Timing: 
    * Summary: 
    +--------+---------+----------+------------+
    |  Clock |  Target | Estimated| Uncertainty|
    +--------+---------+----------+------------+
    |ap_clk  |  5.00 ns|  3.626 ns|     1.35 ns|
    +--------+---------+----------+------------+

+ Latency: 
    * Summary: 
    +---------+---------+-----------+-----------+-----+-----+---------+
    |  Latency (cycles) |   Latency (absolute)  |  Interval | Pipeline|
    |   min   |   max   |    min    |    max    | min | max |   Type  |
    +---------+---------+-----------+-----------+-----+-----+---------+
    |        3|        3|  15.000 ns|  15.000 ns|    3|    3|      yes|
    +---------+---------+-----------+-----------+-----+-----+---------+

    + Detail: 
        * Instance: 
        N/A

        * Loop: 
        N/A

============================================================
+ Verbose Summary: Synthesis Manager
============================================================
InlineROM: 1
ExposeGlobal: 0
============================================================
+ Verbose Summary: CDFG Model
============================================================
IsTopModel: 0
ResetActiveHigh: 1
IsCombinational: 0
IsDatapathOnly: 0
HasWiredReturn: 1
HasMFsm: 2
HasVarLatency: 0
IsPipeline: 1
IsRtlPipelined: 1
IsInstanceOverlapped: 0
IsDontTouch: 0
HasImplIP: 0
IsGatedGlobalClock: 0

+ Individual pipeline summary: 
  * Pipeline-0: initiation interval (II) = 3, depth = 4


============================================================
+ Verbose Summary: Schedule
============================================================
* Number of FSM states : 4
* Pipeline : 1
  Pipeline-0 : II = 3, D = 4, States = { 1 2 3 4 }
* Dataflow Pipeline: 0

* FSM state transitions: 
1 --> 2 
2 --> 3 
3 --> 4 
4 --> 

* FSM state operations: 

State 1 <SV = 0> <Delay = 0.00>
ST_1 : Operation 5 [1/1] (0.00ns)   --->   "%in_elem_0_0_0_0_0_val_read = read i16 @_ssdm_op_Read.ap_auto.i16, i16 %in_elem_0_0_0_0_0_val"   --->   Operation 5 'read' 'in_elem_0_0_0_0_0_val_read' <Predicate = true> <Delay = 0.00>
ST_1 : Operation 6 [1/1] (0.00ns)   --->   "%void_compute_output_buffer_1d_array_const_stream_weight_t_bias_t_kernel_data_33 = load i16 %void_compute_output_buffer_1d_array_const_stream_weight_t_bias_t_kernel_data_31" [firmware/nnet_utils/nnet_conv_stream.h:167->firmware/nnet_utils/nnet_conv_stream.h:347]   --->   Operation 6 'load' 'void_compute_output_buffer_1d_array_const_stream_weight_t_bias_t_kernel_data_33' <Predicate = true> <Delay = 0.00>
ST_1 : Operation 7 [1/1] (0.00ns)   --->   "%void_compute_output_buffer_1d_array_const_stream_weight_t_bias_t_kernel_data_34 = load i16 %void_compute_output_buffer_1d_array_const_stream_weight_t_bias_t_kernel_data_30" [firmware/nnet_utils/nnet_conv_stream.h:167->firmware/nnet_utils/nnet_conv_stream.h:347]   --->   Operation 7 'load' 'void_compute_output_buffer_1d_array_const_stream_weight_t_bias_t_kernel_data_34' <Predicate = true> <Delay = 0.00>
ST_1 : Operation 8 [1/1] (0.00ns)   --->   "%store_ln167 = store i16 %void_compute_output_buffer_1d_array_const_stream_weight_t_bias_t_kernel_data_33, i16 %void_compute_output_buffer_1d_array_const_stream_weight_t_bias_t_kernel_data_32" [firmware/nnet_utils/nnet_conv_stream.h:167->firmware/nnet_utils/nnet_conv_stream.h:347]   --->   Operation 8 'store' 'store_ln167' <Predicate = true> <Delay = 0.00>
ST_1 : Operation 9 [1/1] (0.00ns)   --->   "%store_ln167 = store i16 %void_compute_output_buffer_1d_array_const_stream_weight_t_bias_t_kernel_data_34, i16 %void_compute_output_buffer_1d_array_const_stream_weight_t_bias_t_kernel_data_31" [firmware/nnet_utils/nnet_conv_stream.h:167->firmware/nnet_utils/nnet_conv_stream.h:347]   --->   Operation 9 'store' 'store_ln167' <Predicate = true> <Delay = 0.00>
ST_1 : Operation 10 [1/1] (0.00ns)   --->   "%store_ln176 = store i16 %in_elem_0_0_0_0_0_val_read, i16 %void_compute_output_buffer_1d_array_const_stream_weight_t_bias_t_kernel_data_30" [firmware/nnet_utils/nnet_conv_stream.h:176->firmware/nnet_utils/nnet_conv_stream.h:347]   --->   Operation 10 'store' 'store_ln176' <Predicate = true> <Delay = 0.00>

State 2 <SV = 1> <Delay = 2.45>
ST_2 : Operation 11 [1/1] (0.00ns)   --->   "%specinterface_ln0 = specinterface void @_ssdm_op_SpecInterface, i864 %layer2_out, void @empty_2, i32 0, i32 0, void @empty_1, i32 0, i32 0, void @empty_1, void @empty_1, void @empty_1, i32 0, i32 0, i32 0, i32 0, void @empty_1, void @empty_1, i32 4294967295, i32 0"   --->   Operation 11 'specinterface' 'specinterface_ln0' <Predicate = true> <Delay = 0.00>
ST_2 : Operation 12 [1/1] (0.00ns)   --->   "%sX_3_load = load i32 %sX_3" [firmware/nnet_utils/nnet_conv_stream.h:350]   --->   Operation 12 'load' 'sX_3_load' <Predicate = true> <Delay = 0.00>
ST_2 : Operation 13 [1/1] (1.01ns)   --->   "%icmp_ln350 = icmp_eq  i32 %sX_3_load, i32 2" [firmware/nnet_utils/nnet_conv_stream.h:350]   --->   Operation 13 'icmp' 'icmp_ln350' <Predicate = true> <Delay = 1.01> <CoreInst = "Cmp">   --->   Core 9 'Cmp' <Latency = 0> <II = 1> <Delay = 1.01> <FuncUnit> <Opcode : 'icmp'> <InPorts = 2> <OutPorts = 1>
ST_2 : Operation 14 [1/1] (0.00ns)   --->   "%pX_3_load = load i32 %pX_3" [firmware/nnet_utils/nnet_conv_stream.h:350]   --->   Operation 14 'load' 'pX_3_load' <Predicate = true> <Delay = 0.00>
ST_2 : Operation 15 [1/1] (0.00ns)   --->   "%tmp_769 = partselect i31 @_ssdm_op_PartSelect.i31.i32.i32.i32, i32 %pX_3_load, i32 1, i32 31" [firmware/nnet_utils/nnet_conv_stream.h:350]   --->   Operation 15 'partselect' 'tmp_769' <Predicate = true> <Delay = 0.00>
ST_2 : Operation 16 [1/1] (1.00ns)   --->   "%icmp_ln350_1 = icmp_sgt  i31 %tmp_769, i31 0" [firmware/nnet_utils/nnet_conv_stream.h:350]   --->   Operation 16 'icmp' 'icmp_ln350_1' <Predicate = true> <Delay = 1.00> <CoreInst = "Cmp">   --->   Core 9 'Cmp' <Latency = 0> <II = 1> <Delay = 1.00> <FuncUnit> <Opcode : 'icmp'> <InPorts = 2> <OutPorts = 1>
ST_2 : Operation 17 [1/1] (0.28ns)   --->   "%and_ln350 = and i1 %icmp_ln350, i1 %icmp_ln350_1" [firmware/nnet_utils/nnet_conv_stream.h:350]   --->   Operation 17 'and' 'and_ln350' <Predicate = true> <Delay = 0.28> <CoreInst = "LogicGate">   --->   Core 74 'LogicGate' <Latency = 0> <II = 1> <Delay = 0.28> <FuncUnit> <Opcode : 'and' 'or' 'xor'> <InPorts = 2> <OutPorts = 1>
ST_2 : Operation 18 [1/1] (0.00ns)   --->   "%br_ln350 = br i1 %and_ln350, void %if.end, void %if.then" [firmware/nnet_utils/nnet_conv_stream.h:350]   --->   Operation 18 'br' 'br_ln350' <Predicate = true> <Delay = 0.00>
ST_2 : Operation 19 [2/2] (0.00ns)   --->   "%tmp = call i864 @dense_latency<ap_fixed<16, 6, 5, 3, 0>, ap_fixed<27, 12, 5, 3, 0>, config2_mult>, i16 %void_compute_output_buffer_1d_array_const_stream_weight_t_bias_t_kernel_data_32, i16 %void_compute_output_buffer_1d_array_const_stream_weight_t_bias_t_kernel_data_31, i16 %void_compute_output_buffer_1d_array_const_stream_weight_t_bias_t_kernel_data_30" [firmware/nnet_utils/nnet_dense.h:54->firmware/nnet_utils/nnet_conv_stream.h:354]   --->   Operation 19 'call' 'tmp' <Predicate = (and_ln350)> <Delay = 0.00> <CoreType = "Generic">   --->   Core 0 '' <Latency = 0> <II = 1> <Delay = 1.00> <Generic> <Opcode : >
ST_2 : Operation 20 [1/1] (1.01ns)   --->   "%add_ln369 = add i32 %pX_3_load, i32 1" [firmware/nnet_utils/nnet_conv_stream.h:369]   --->   Operation 20 'add' 'add_ln369' <Predicate = true> <Delay = 1.01> <CoreInst = "Adder">   --->   Core 1 'Adder' <Latency = 0> <II = 1> <Delay = 1.01> <FuncUnit> <Opcode : 'add' 'sub'> <InPorts = 2> <OutPorts = 1>
ST_2 : Operation 21 [1/1] (1.01ns)   --->   "%icmp_ln369 = icmp_eq  i32 %add_ln369, i32 82" [firmware/nnet_utils/nnet_conv_stream.h:369]   --->   Operation 21 'icmp' 'icmp_ln369' <Predicate = true> <Delay = 1.01> <CoreInst = "Cmp">   --->   Core 9 'Cmp' <Latency = 0> <II = 1> <Delay = 1.01> <FuncUnit> <Opcode : 'icmp'> <InPorts = 2> <OutPorts = 1>
ST_2 : Operation 22 [1/1] (0.00ns)   --->   "%br_ln369 = br i1 %icmp_ln369, void %if.else, void %if.then12" [firmware/nnet_utils/nnet_conv_stream.h:369]   --->   Operation 22 'br' 'br_ln369' <Predicate = true> <Delay = 0.00>
ST_2 : Operation 23 [1/1] (0.42ns)   --->   "%store_ln374 = store i32 %add_ln369, i32 %pX_3" [firmware/nnet_utils/nnet_conv_stream.h:374]   --->   Operation 23 'store' 'store_ln374' <Predicate = (!icmp_ln369)> <Delay = 0.42>
ST_2 : Operation 24 [1/1] (1.01ns)   --->   "%add_ln376 = add i32 %sX_3_load, i32 1" [firmware/nnet_utils/nnet_conv_stream.h:376]   --->   Operation 24 'add' 'add_ln376' <Predicate = (!icmp_ln369)> <Delay = 1.01> <CoreInst = "Adder">   --->   Core 1 'Adder' <Latency = 0> <II = 1> <Delay = 1.01> <FuncUnit> <Opcode : 'add' 'sub'> <InPorts = 2> <OutPorts = 1>
ST_2 : Operation 25 [1/1] (0.44ns)   --->   "%select_ln376 = select i1 %icmp_ln350, i32 2, i32 %add_ln376" [firmware/nnet_utils/nnet_conv_stream.h:376]   --->   Operation 25 'select' 'select_ln376' <Predicate = (!icmp_ln369)> <Delay = 0.44> <CoreInst = "Sel">   --->   Core 73 'Sel' <Latency = 0> <II = 1> <Delay = 0.44> <FuncUnit> <Opcode : 'select'> <InPorts = 3> <OutPorts = 1>
ST_2 : Operation 26 [1/1] (0.42ns)   --->   "%br_ln0 = br void %if.end19"   --->   Operation 26 'br' 'br_ln0' <Predicate = (!icmp_ln369)> <Delay = 0.42>
ST_2 : Operation 27 [1/1] (0.42ns)   --->   "%store_ln371 = store i32 0, i32 %pX_3" [firmware/nnet_utils/nnet_conv_stream.h:371]   --->   Operation 27 'store' 'store_ln371' <Predicate = (icmp_ln369)> <Delay = 0.42>
ST_2 : Operation 28 [1/1] (0.42ns)   --->   "%br_ln373 = br void %if.end19" [firmware/nnet_utils/nnet_conv_stream.h:373]   --->   Operation 28 'br' 'br_ln373' <Predicate = (icmp_ln369)> <Delay = 0.42>

State 3 <SV = 2> <Delay = 3.62>
ST_3 : Operation 29 [1/2] (3.62ns)   --->   "%tmp = call i864 @dense_latency<ap_fixed<16, 6, 5, 3, 0>, ap_fixed<27, 12, 5, 3, 0>, config2_mult>, i16 %void_compute_output_buffer_1d_array_const_stream_weight_t_bias_t_kernel_data_32, i16 %void_compute_output_buffer_1d_array_const_stream_weight_t_bias_t_kernel_data_31, i16 %void_compute_output_buffer_1d_array_const_stream_weight_t_bias_t_kernel_data_30" [firmware/nnet_utils/nnet_dense.h:54->firmware/nnet_utils/nnet_conv_stream.h:354]   --->   Operation 29 'call' 'tmp' <Predicate = (and_ln350)> <Delay = 3.62> <CoreType = "Generic">   --->   Core 0 '' <Latency = 0> <II = 1> <Delay = 1.00> <Generic> <Opcode : >
ST_3 : Operation 30 [1/1] (0.00ns)   --->   "%res_out = extractvalue i864 %tmp" [firmware/nnet_utils/nnet_dense.h:54->firmware/nnet_utils/nnet_conv_stream.h:354]   --->   Operation 30 'extractvalue' 'res_out' <Predicate = (and_ln350)> <Delay = 0.00>
ST_3 : Operation 31 [1/1] (0.00ns)   --->   "%res_out_1 = extractvalue i864 %tmp" [firmware/nnet_utils/nnet_dense.h:54->firmware/nnet_utils/nnet_conv_stream.h:354]   --->   Operation 31 'extractvalue' 'res_out_1' <Predicate = (and_ln350)> <Delay = 0.00>
ST_3 : Operation 32 [1/1] (0.00ns)   --->   "%res_out_2 = extractvalue i864 %tmp" [firmware/nnet_utils/nnet_dense.h:54->firmware/nnet_utils/nnet_conv_stream.h:354]   --->   Operation 32 'extractvalue' 'res_out_2' <Predicate = (and_ln350)> <Delay = 0.00>
ST_3 : Operation 33 [1/1] (0.00ns)   --->   "%res_out_3 = extractvalue i864 %tmp" [firmware/nnet_utils/nnet_dense.h:54->firmware/nnet_utils/nnet_conv_stream.h:354]   --->   Operation 33 'extractvalue' 'res_out_3' <Predicate = (and_ln350)> <Delay = 0.00>
ST_3 : Operation 34 [1/1] (0.00ns)   --->   "%res_out_4 = extractvalue i864 %tmp" [firmware/nnet_utils/nnet_dense.h:54->firmware/nnet_utils/nnet_conv_stream.h:354]   --->   Operation 34 'extractvalue' 'res_out_4' <Predicate = (and_ln350)> <Delay = 0.00>
ST_3 : Operation 35 [1/1] (0.00ns)   --->   "%res_out_5 = extractvalue i864 %tmp" [firmware/nnet_utils/nnet_dense.h:54->firmware/nnet_utils/nnet_conv_stream.h:354]   --->   Operation 35 'extractvalue' 'res_out_5' <Predicate = (and_ln350)> <Delay = 0.00>
ST_3 : Operation 36 [1/1] (0.00ns)   --->   "%res_out_6 = extractvalue i864 %tmp" [firmware/nnet_utils/nnet_dense.h:54->firmware/nnet_utils/nnet_conv_stream.h:354]   --->   Operation 36 'extractvalue' 'res_out_6' <Predicate = (and_ln350)> <Delay = 0.00>
ST_3 : Operation 37 [1/1] (0.00ns)   --->   "%res_out_7 = extractvalue i864 %tmp" [firmware/nnet_utils/nnet_dense.h:54->firmware/nnet_utils/nnet_conv_stream.h:354]   --->   Operation 37 'extractvalue' 'res_out_7' <Predicate = (and_ln350)> <Delay = 0.00>
ST_3 : Operation 38 [1/1] (0.00ns)   --->   "%res_out_8 = extractvalue i864 %tmp" [firmware/nnet_utils/nnet_dense.h:54->firmware/nnet_utils/nnet_conv_stream.h:354]   --->   Operation 38 'extractvalue' 'res_out_8' <Predicate = (and_ln350)> <Delay = 0.00>
ST_3 : Operation 39 [1/1] (0.00ns)   --->   "%res_out_9 = extractvalue i864 %tmp" [firmware/nnet_utils/nnet_dense.h:54->firmware/nnet_utils/nnet_conv_stream.h:354]   --->   Operation 39 'extractvalue' 'res_out_9' <Predicate = (and_ln350)> <Delay = 0.00>
ST_3 : Operation 40 [1/1] (0.00ns)   --->   "%res_out_10 = extractvalue i864 %tmp" [firmware/nnet_utils/nnet_dense.h:54->firmware/nnet_utils/nnet_conv_stream.h:354]   --->   Operation 40 'extractvalue' 'res_out_10' <Predicate = (and_ln350)> <Delay = 0.00>
ST_3 : Operation 41 [1/1] (0.00ns)   --->   "%res_out_11 = extractvalue i864 %tmp" [firmware/nnet_utils/nnet_dense.h:54->firmware/nnet_utils/nnet_conv_stream.h:354]   --->   Operation 41 'extractvalue' 'res_out_11' <Predicate = (and_ln350)> <Delay = 0.00>
ST_3 : Operation 42 [1/1] (0.00ns)   --->   "%res_out_12 = extractvalue i864 %tmp" [firmware/nnet_utils/nnet_dense.h:54->firmware/nnet_utils/nnet_conv_stream.h:354]   --->   Operation 42 'extractvalue' 'res_out_12' <Predicate = (and_ln350)> <Delay = 0.00>
ST_3 : Operation 43 [1/1] (0.00ns)   --->   "%res_out_13 = extractvalue i864 %tmp" [firmware/nnet_utils/nnet_dense.h:54->firmware/nnet_utils/nnet_conv_stream.h:354]   --->   Operation 43 'extractvalue' 'res_out_13' <Predicate = (and_ln350)> <Delay = 0.00>
ST_3 : Operation 44 [1/1] (0.00ns)   --->   "%res_out_14 = extractvalue i864 %tmp" [firmware/nnet_utils/nnet_dense.h:54->firmware/nnet_utils/nnet_conv_stream.h:354]   --->   Operation 44 'extractvalue' 'res_out_14' <Predicate = (and_ln350)> <Delay = 0.00>
ST_3 : Operation 45 [1/1] (0.00ns)   --->   "%res_out_15 = extractvalue i864 %tmp" [firmware/nnet_utils/nnet_dense.h:54->firmware/nnet_utils/nnet_conv_stream.h:354]   --->   Operation 45 'extractvalue' 'res_out_15' <Predicate = (and_ln350)> <Delay = 0.00>
ST_3 : Operation 46 [1/1] (0.00ns)   --->   "%res_out_16 = extractvalue i864 %tmp" [firmware/nnet_utils/nnet_dense.h:54->firmware/nnet_utils/nnet_conv_stream.h:354]   --->   Operation 46 'extractvalue' 'res_out_16' <Predicate = (and_ln350)> <Delay = 0.00>
ST_3 : Operation 47 [1/1] (0.00ns)   --->   "%res_out_17 = extractvalue i864 %tmp" [firmware/nnet_utils/nnet_dense.h:54->firmware/nnet_utils/nnet_conv_stream.h:354]   --->   Operation 47 'extractvalue' 'res_out_17' <Predicate = (and_ln350)> <Delay = 0.00>
ST_3 : Operation 48 [1/1] (0.00ns)   --->   "%res_out_18 = extractvalue i864 %tmp" [firmware/nnet_utils/nnet_dense.h:54->firmware/nnet_utils/nnet_conv_stream.h:354]   --->   Operation 48 'extractvalue' 'res_out_18' <Predicate = (and_ln350)> <Delay = 0.00>
ST_3 : Operation 49 [1/1] (0.00ns)   --->   "%res_out_19 = extractvalue i864 %tmp" [firmware/nnet_utils/nnet_dense.h:54->firmware/nnet_utils/nnet_conv_stream.h:354]   --->   Operation 49 'extractvalue' 'res_out_19' <Predicate = (and_ln350)> <Delay = 0.00>
ST_3 : Operation 50 [1/1] (0.00ns)   --->   "%res_out_20 = extractvalue i864 %tmp" [firmware/nnet_utils/nnet_dense.h:54->firmware/nnet_utils/nnet_conv_stream.h:354]   --->   Operation 50 'extractvalue' 'res_out_20' <Predicate = (and_ln350)> <Delay = 0.00>
ST_3 : Operation 51 [1/1] (0.00ns)   --->   "%res_out_21 = extractvalue i864 %tmp" [firmware/nnet_utils/nnet_dense.h:54->firmware/nnet_utils/nnet_conv_stream.h:354]   --->   Operation 51 'extractvalue' 'res_out_21' <Predicate = (and_ln350)> <Delay = 0.00>
ST_3 : Operation 52 [1/1] (0.00ns)   --->   "%res_out_22 = extractvalue i864 %tmp" [firmware/nnet_utils/nnet_dense.h:54->firmware/nnet_utils/nnet_conv_stream.h:354]   --->   Operation 52 'extractvalue' 'res_out_22' <Predicate = (and_ln350)> <Delay = 0.00>
ST_3 : Operation 53 [1/1] (0.00ns)   --->   "%res_out_23 = extractvalue i864 %tmp" [firmware/nnet_utils/nnet_dense.h:54->firmware/nnet_utils/nnet_conv_stream.h:354]   --->   Operation 53 'extractvalue' 'res_out_23' <Predicate = (and_ln350)> <Delay = 0.00>
ST_3 : Operation 54 [1/1] (0.00ns)   --->   "%res_out_24 = extractvalue i864 %tmp" [firmware/nnet_utils/nnet_dense.h:54->firmware/nnet_utils/nnet_conv_stream.h:354]   --->   Operation 54 'extractvalue' 'res_out_24' <Predicate = (and_ln350)> <Delay = 0.00>
ST_3 : Operation 55 [1/1] (0.00ns)   --->   "%res_out_25 = extractvalue i864 %tmp" [firmware/nnet_utils/nnet_dense.h:54->firmware/nnet_utils/nnet_conv_stream.h:354]   --->   Operation 55 'extractvalue' 'res_out_25' <Predicate = (and_ln350)> <Delay = 0.00>
ST_3 : Operation 56 [1/1] (0.00ns)   --->   "%res_out_26 = extractvalue i864 %tmp" [firmware/nnet_utils/nnet_dense.h:54->firmware/nnet_utils/nnet_conv_stream.h:354]   --->   Operation 56 'extractvalue' 'res_out_26' <Predicate = (and_ln350)> <Delay = 0.00>
ST_3 : Operation 57 [1/1] (0.00ns)   --->   "%res_out_27 = extractvalue i864 %tmp" [firmware/nnet_utils/nnet_dense.h:54->firmware/nnet_utils/nnet_conv_stream.h:354]   --->   Operation 57 'extractvalue' 'res_out_27' <Predicate = (and_ln350)> <Delay = 0.00>
ST_3 : Operation 58 [1/1] (0.00ns)   --->   "%res_out_28 = extractvalue i864 %tmp" [firmware/nnet_utils/nnet_dense.h:54->firmware/nnet_utils/nnet_conv_stream.h:354]   --->   Operation 58 'extractvalue' 'res_out_28' <Predicate = (and_ln350)> <Delay = 0.00>
ST_3 : Operation 59 [1/1] (0.00ns)   --->   "%res_out_29 = extractvalue i864 %tmp" [firmware/nnet_utils/nnet_dense.h:54->firmware/nnet_utils/nnet_conv_stream.h:354]   --->   Operation 59 'extractvalue' 'res_out_29' <Predicate = (and_ln350)> <Delay = 0.00>
ST_3 : Operation 60 [1/1] (0.00ns)   --->   "%res_out_30 = extractvalue i864 %tmp" [firmware/nnet_utils/nnet_dense.h:54->firmware/nnet_utils/nnet_conv_stream.h:354]   --->   Operation 60 'extractvalue' 'res_out_30' <Predicate = (and_ln350)> <Delay = 0.00>
ST_3 : Operation 61 [1/1] (0.00ns)   --->   "%res_out_31 = extractvalue i864 %tmp" [firmware/nnet_utils/nnet_dense.h:54->firmware/nnet_utils/nnet_conv_stream.h:354]   --->   Operation 61 'extractvalue' 'res_out_31' <Predicate = (and_ln350)> <Delay = 0.00>
ST_3 : Operation 62 [1/1] (0.00ns)   --->   "%storemerge = phi i32 %select_ln376, void %if.else, i32 0, void %if.then12" [firmware/nnet_utils/nnet_conv_stream.h:376]   --->   Operation 62 'phi' 'storemerge' <Predicate = true> <Delay = 0.00>
ST_3 : Operation 63 [1/1] (0.00ns)   --->   "%store_ln372 = store i32 %storemerge, i32 %sX_3" [firmware/nnet_utils/nnet_conv_stream.h:372]   --->   Operation 63 'store' 'store_ln372' <Predicate = true> <Delay = 0.00>

State 4 <SV = 3> <Delay = 1.63>
ST_4 : Operation 64 [1/1] (0.00ns)   --->   "%p_0 = bitconcatenate i864 @_ssdm_op_BitConcatenate.i864.i27.i27.i27.i27.i27.i27.i27.i27.i27.i27.i27.i27.i27.i27.i27.i27.i27.i27.i27.i27.i27.i27.i27.i27.i27.i27.i27.i27.i27.i27.i27.i27, i27 %res_out_31, i27 %res_out_30, i27 %res_out_29, i27 %res_out_28, i27 %res_out_27, i27 %res_out_26, i27 %res_out_25, i27 %res_out_24, i27 %res_out_23, i27 %res_out_22, i27 %res_out_21, i27 %res_out_20, i27 %res_out_19, i27 %res_out_18, i27 %res_out_17, i27 %res_out_16, i27 %res_out_15, i27 %res_out_14, i27 %res_out_13, i27 %res_out_12, i27 %res_out_11, i27 %res_out_10, i27 %res_out_9, i27 %res_out_8, i27 %res_out_7, i27 %res_out_6, i27 %res_out_5, i27 %res_out_4, i27 %res_out_3, i27 %res_out_2, i27 %res_out_1, i27 %res_out" [firmware/nnet_utils/nnet_conv_stream.h:365]   --->   Operation 64 'bitconcatenate' 'p_0' <Predicate = (and_ln350)> <Delay = 0.00>
ST_4 : Operation 65 [1/1] (1.63ns)   --->   "%write_ln365 = write void @_ssdm_op_Write.ap_fifo.volatile.i864P0A, i864 %layer2_out, i864 %p_0" [firmware/nnet_utils/nnet_conv_stream.h:365]   --->   Operation 65 'write' 'write_ln365' <Predicate = (and_ln350)> <Delay = 1.63> <CoreInst = "FIFO">   --->   Core 78 'FIFO' <Latency = 0> <II = 1> <Delay = 1.63> <Storage> <Opcode : 'read' 'write' 'nbread' 'nbwrite'> <Ports = 0> <Width = 864> <Depth = 80> <FIFO>
ST_4 : Operation 66 [1/1] (0.00ns)   --->   "%br_ln366 = br void %if.end" [firmware/nnet_utils/nnet_conv_stream.h:366]   --->   Operation 66 'br' 'br_ln366' <Predicate = (and_ln350)> <Delay = 0.00>
ST_4 : Operation 67 [1/1] (0.00ns)   --->   "%ret_ln378 = ret" [firmware/nnet_utils/nnet_conv_stream.h:378]   --->   Operation 67 'ret' 'ret_ln378' <Predicate = true> <Delay = 0.00>


============================================================
+ Verbose Summary: Timing violations
============================================================
Target clock period: 5.000ns, clock uncertainty: 1.350ns.

 <State 1>: 0.000ns
The critical path consists of the following:

 <State 2>: 2.459ns
The critical path consists of the following:
	'load' operation ('pX_3_load', firmware/nnet_utils/nnet_conv_stream.h:350) on static variable 'pX_3' [17]  (0.000 ns)
	'add' operation ('add_ln369', firmware/nnet_utils/nnet_conv_stream.h:369) [60]  (1.016 ns)
	'icmp' operation ('icmp_ln369', firmware/nnet_utils/nnet_conv_stream.h:369) [61]  (1.016 ns)
	blocking operation 0.427 ns on control path)

 <State 3>: 3.626ns
The critical path consists of the following:
	'call' operation ('tmp', firmware/nnet_utils/nnet_dense.h:54->firmware/nnet_utils/nnet_conv_stream.h:354) to 'dense_latency<ap_fixed<16, 6, 5, 3, 0>, ap_fixed<27, 12, 5, 3, 0>, config2_mult>' [23]  (3.626 ns)

 <State 4>: 1.634ns
The critical path consists of the following:
	fifo write operation ('write_ln365', firmware/nnet_utils/nnet_conv_stream.h:365) on port 'layer2_out' (firmware/nnet_utils/nnet_conv_stream.h:365) [57]  (1.634 ns)


============================================================
+ Verbose Summary: Binding
============================================================
N/A
* FSMD analyzer results:
  - Output states:
 - Input state : 
  - Chain level:
	State 1
	State 2
	State 3
	State 4


============================================================
+ Verbose Summary: Datapath Resource usage 
============================================================
N/A
