

================================================================
== Vitis HLS Report for 'conv_1d_cl_array_ap_fixed_1u_array_ap_fixed_27_12_5_3_0_32u_config2_s'
================================================================
* Date:           Wed May  6 12:30:08 2026

* Version:        2023.1 (Build 3854077 on May  4 2023)
* Project:        myproject_prj
* Solution:       solution1 (Vivado IP Flow Target)
* Product family: zynquplusRFSOC
* Target device:  xczu49dr-ffvf1760-2-e


================================================================
== Performance Estimates
================================================================
+ Timing: 
    * Summary: 
    +--------+---------+----------+------------+
    |  Clock |  Target | Estimated| Uncertainty|
    +--------+---------+----------+------------+
    |ap_clk  |  5.00 ns|  3.626 ns|     1.35 ns|
    +--------+---------+----------+------------+

+ Latency: 
    * Summary: 
    +---------+---------+----------+----------+-----+-----+---------+
    |  Latency (cycles) |  Latency (absolute) |  Interval | Pipeline|
    |   min   |   max   |    min   |    max   | min | max |   Type  |
    +---------+---------+----------+----------+-----+-----+---------+
    |      249|      249|  1.245 us|  1.245 us|  249|  249|       no|
    +---------+---------+----------+----------+-----+-----+---------+

    + Detail: 
        * Instance: 
        N/A

        * Loop: 
        +------------------+---------+---------+----------+-----------+-----------+------+----------+
        |                  |  Latency (cycles) | Iteration|  Initiation Interval  | Trip |          |
        |     Loop Name    |   min   |   max   |  Latency |  achieved |   target  | Count| Pipelined|
        +------------------+---------+---------+----------+-----------+-----------+------+----------+
        |- ReadInputWidth  |      247|      247|         5|          3|          1|    82|       yes|
        +------------------+---------+---------+----------+-----------+-----------+------+----------+

============================================================
+ Verbose Summary: Synthesis Manager
============================================================
InlineROM: 1
ExposeGlobal: 0
============================================================
+ Verbose Summary: CDFG Model
============================================================
IsTopModel: 0
ResetActiveHigh: 1
IsCombinational: 2
IsDatapathOnly: 0
HasWiredReturn: 1
HasMFsm: 2
HasVarLatency: 1
IsPipeline: 0
IsRtlPipelined: 0
IsInstanceOverlapped: 0
IsDontTouch: 0
HasImplIP: 0
IsGatedGlobalClock: 0

+ Individual pipeline summary: 
  * Pipeline-0: initiation interval (II) = 3, depth = 5


============================================================
+ Verbose Summary: Schedule
============================================================
* Number of FSM states : 5
* Pipeline : 1
  Pipeline-0 : II = 3, D = 5, States = { 1 2 3 4 5 }
* Dataflow Pipeline: 0

* FSM state transitions: 
1 --> 2 
2 --> 3 
3 --> 4 
4 --> 5 
5 --> 

* FSM state operations: 

State 1 <SV = 0> <Delay = 1.20>
ST_1 : Operation 8 [1/1] (0.00ns)   --->   "%i_iw_01 = alloca i32 1"   --->   Operation 8 'alloca' 'i_iw_01' <Predicate = true> <Delay = 0.00>
ST_1 : Operation 9 [1/1] (0.00ns)   --->   "%specinterface_ln0 = specinterface void @_ssdm_op_SpecInterface, i864 %layer2_out, void @empty_2, i32 0, i32 0, void @empty_1, i32 0, i32 0, void @empty_1, void @empty_1, void @empty_1, i32 0, i32 0, i32 0, i32 0, void @empty_1, void @empty_1, i32 4294967295, i32 0"   --->   Operation 9 'specinterface' 'specinterface_ln0' <Predicate = true> <Delay = 0.00>
ST_1 : Operation 10 [1/1] (0.00ns)   --->   "%specinterface_ln0 = specinterface void @_ssdm_op_SpecInterface, i16 %layer18_out, void @empty_2, i32 0, i32 0, void @empty_1, i32 0, i32 0, void @empty_1, void @empty_1, void @empty_1, i32 0, i32 0, i32 0, i32 0, void @empty_1, void @empty_1, i32 4294967295, i32 0"   --->   Operation 10 'specinterface' 'specinterface_ln0' <Predicate = true> <Delay = 0.00>
ST_1 : Operation 11 [1/1] (0.42ns)   --->   "%store_ln22 = store i7 0, i7 %i_iw_01" [firmware/nnet_utils/nnet_conv1d_stream.h:22]   --->   Operation 11 'store' 'store_ln22' <Predicate = true> <Delay = 0.42>
ST_1 : Operation 12 [1/1] (0.00ns)   --->   "%br_ln22 = br void %for.inc" [firmware/nnet_utils/nnet_conv1d_stream.h:22]   --->   Operation 12 'br' 'br_ln22' <Predicate = true> <Delay = 0.00>
ST_1 : Operation 13 [1/1] (0.00ns)   --->   "%i_iw = load i7 %i_iw_01" [firmware/nnet_utils/nnet_conv1d_stream.h:22]   --->   Operation 13 'load' 'i_iw' <Predicate = true> <Delay = 0.00>
ST_1 : Operation 14 [1/1] (0.77ns)   --->   "%icmp_ln22 = icmp_eq  i7 %i_iw, i7 82" [firmware/nnet_utils/nnet_conv1d_stream.h:22]   --->   Operation 14 'icmp' 'icmp_ln22' <Predicate = true> <Delay = 0.77> <CoreInst = "Cmp">   --->   Core 9 'Cmp' <Latency = 0> <II = 1> <Delay = 0.77> <FuncUnit> <Opcode : 'icmp'> <InPorts = 2> <OutPorts = 1>
ST_1 : Operation 15 [1/1] (0.77ns)   --->   "%i_iw_3 = add i7 %i_iw, i7 1" [firmware/nnet_utils/nnet_conv1d_stream.h:22]   --->   Operation 15 'add' 'i_iw_3' <Predicate = true> <Delay = 0.77> <CoreInst = "Adder">   --->   Core 1 'Adder' <Latency = 0> <II = 1> <Delay = 0.77> <FuncUnit> <Opcode : 'add' 'sub'> <InPorts = 2> <OutPorts = 1>
ST_1 : Operation 16 [1/1] (0.00ns)   --->   "%br_ln22 = br i1 %icmp_ln22, void %for.inc.split, void %if.end14" [firmware/nnet_utils/nnet_conv1d_stream.h:22]   --->   Operation 16 'br' 'br_ln22' <Predicate = true> <Delay = 0.00>
ST_1 : Operation 17 [1/1] (0.42ns)   --->   "%store_ln22 = store i7 %i_iw_3, i7 %i_iw_01" [firmware/nnet_utils/nnet_conv1d_stream.h:22]   --->   Operation 17 'store' 'store_ln22' <Predicate = (!icmp_ln22)> <Delay = 0.42>

State 2 <SV = 1> <Delay = 1.64>
ST_2 : Operation 18 [1/1] (1.64ns)   --->   "%layer18_out_read = read i16 @_ssdm_op_Read.ap_fifo.volatile.i16P0A, i16 %layer18_out" [firmware/nnet_utils/nnet_conv1d_stream.h:24]   --->   Operation 18 'read' 'layer18_out_read' <Predicate = (!icmp_ln22)> <Delay = 1.64> <CoreInst = "FIFO">   --->   Core 78 'FIFO' <Latency = 0> <II = 1> <Delay = 1.64> <Storage> <Opcode : 'read' 'write' 'nbread' 'nbwrite'> <Ports = 0> <Width = 16> <Depth = 82> <FIFO>
ST_2 : Operation 19 [4/4] (0.00ns)   --->   "%call_ln24 = call void @compute_output_buffer_1d<array,array<ap_fixed<27,12,5,3,0>,32u>,config2>, i16 %layer18_out_read, i864 %layer2_out, i16 %void_compute_output_buffer_1d_array_const_stream_weight_t_bias_t_kernel_data_31, i16 %void_compute_output_buffer_1d_array_const_stream_weight_t_bias_t_kernel_data_30, i16 %void_compute_output_buffer_1d_array_const_stream_weight_t_bias_t_kernel_data_32, i32 %sX_3, i32 %pX_3" [firmware/nnet_utils/nnet_conv1d_stream.h:24]   --->   Operation 19 'call' 'call_ln24' <Predicate = (!icmp_ln22)> <Delay = 0.00> <CoreType = "Generic">   --->   Core 0 '' <Latency = 0> <II = 1> <Delay = 1.00> <Generic> <Opcode : >
ST_2 : Operation 27 [1/1] (0.00ns)   --->   "%ret_ln34 = ret" [firmware/nnet_utils/nnet_conv1d_stream.h:34]   --->   Operation 27 'ret' 'ret_ln34' <Predicate = (icmp_ln22)> <Delay = 0.00>

State 3 <SV = 2> <Delay = 0.00>
ST_3 : Operation 20 [3/4] (0.00ns)   --->   "%call_ln24 = call void @compute_output_buffer_1d<array,array<ap_fixed<27,12,5,3,0>,32u>,config2>, i16 %layer18_out_read, i864 %layer2_out, i16 %void_compute_output_buffer_1d_array_const_stream_weight_t_bias_t_kernel_data_31, i16 %void_compute_output_buffer_1d_array_const_stream_weight_t_bias_t_kernel_data_30, i16 %void_compute_output_buffer_1d_array_const_stream_weight_t_bias_t_kernel_data_32, i32 %sX_3, i32 %pX_3" [firmware/nnet_utils/nnet_conv1d_stream.h:24]   --->   Operation 20 'call' 'call_ln24' <Predicate = (!icmp_ln22)> <Delay = 0.00> <CoreType = "Generic">   --->   Core 0 '' <Latency = 0> <II = 1> <Delay = 1.00> <Generic> <Opcode : >

State 4 <SV = 3> <Delay = 0.00>
ST_4 : Operation 21 [2/4] (0.00ns)   --->   "%call_ln24 = call void @compute_output_buffer_1d<array,array<ap_fixed<27,12,5,3,0>,32u>,config2>, i16 %layer18_out_read, i864 %layer2_out, i16 %void_compute_output_buffer_1d_array_const_stream_weight_t_bias_t_kernel_data_31, i16 %void_compute_output_buffer_1d_array_const_stream_weight_t_bias_t_kernel_data_30, i16 %void_compute_output_buffer_1d_array_const_stream_weight_t_bias_t_kernel_data_32, i32 %sX_3, i32 %pX_3" [firmware/nnet_utils/nnet_conv1d_stream.h:24]   --->   Operation 21 'call' 'call_ln24' <Predicate = (!icmp_ln22)> <Delay = 0.00> <CoreType = "Generic">   --->   Core 0 '' <Latency = 0> <II = 1> <Delay = 1.00> <Generic> <Opcode : >

State 5 <SV = 4> <Delay = 0.00>
ST_5 : Operation 22 [1/1] (0.00ns)   --->   "%specpipeline_ln23 = specpipeline void @_ssdm_op_SpecPipeline, i32 1, i32 0, i32 0, i32 0, void @empty_1" [firmware/nnet_utils/nnet_conv1d_stream.h:23]   --->   Operation 22 'specpipeline' 'specpipeline_ln23' <Predicate = true> <Delay = 0.00>
ST_5 : Operation 23 [1/1] (0.00ns)   --->   "%speclooptripcount_ln22 = speclooptripcount void @_ssdm_op_SpecLoopTripCount, i64 82, i64 82, i64 82" [firmware/nnet_utils/nnet_conv1d_stream.h:22]   --->   Operation 23 'speclooptripcount' 'speclooptripcount_ln22' <Predicate = true> <Delay = 0.00>
ST_5 : Operation 24 [1/1] (0.00ns)   --->   "%specloopname_ln22 = specloopname void @_ssdm_op_SpecLoopName, void @empty_4" [firmware/nnet_utils/nnet_conv1d_stream.h:22]   --->   Operation 24 'specloopname' 'specloopname_ln22' <Predicate = true> <Delay = 0.00>
ST_5 : Operation 25 [1/4] (0.00ns)   --->   "%call_ln24 = call void @compute_output_buffer_1d<array,array<ap_fixed<27,12,5,3,0>,32u>,config2>, i16 %layer18_out_read, i864 %layer2_out, i16 %void_compute_output_buffer_1d_array_const_stream_weight_t_bias_t_kernel_data_31, i16 %void_compute_output_buffer_1d_array_const_stream_weight_t_bias_t_kernel_data_30, i16 %void_compute_output_buffer_1d_array_const_stream_weight_t_bias_t_kernel_data_32, i32 %sX_3, i32 %pX_3" [firmware/nnet_utils/nnet_conv1d_stream.h:24]   --->   Operation 25 'call' 'call_ln24' <Predicate = true> <Delay = 0.00> <CoreType = "Generic">   --->   Core 0 '' <Latency = 0> <II = 1> <Delay = 1.00> <Generic> <Opcode : >
ST_5 : Operation 26 [1/1] (0.00ns)   --->   "%br_ln22 = br void %for.inc" [firmware/nnet_utils/nnet_conv1d_stream.h:22]   --->   Operation 26 'br' 'br_ln22' <Predicate = true> <Delay = 0.00>


============================================================
+ Verbose Summary: Timing violations
============================================================
Target clock period: 5.000ns, clock uncertainty: 1.350ns.

 <State 1>: 1.200ns
The critical path consists of the following:
	'alloca' operation ('i_iw') [8]  (0.000 ns)
	'load' operation ('i_iw', firmware/nnet_utils/nnet_conv1d_stream.h:22) on local variable 'i_iw' [14]  (0.000 ns)
	'add' operation ('i_iw', firmware/nnet_utils/nnet_conv1d_stream.h:22) [16]  (0.773 ns)
	'store' operation ('store_ln22', firmware/nnet_utils/nnet_conv1d_stream.h:22) of variable 'i_iw', firmware/nnet_utils/nnet_conv1d_stream.h:22 on local variable 'i_iw' [24]  (0.427 ns)

 <State 2>: 1.644ns
The critical path consists of the following:
	fifo read operation ('layer18_out_read', firmware/nnet_utils/nnet_conv1d_stream.h:24) on port 'layer18_out' (firmware/nnet_utils/nnet_conv1d_stream.h:24) [22]  (1.644 ns)

 <State 3>: 0.000ns
The critical path consists of the following:

 <State 4>: 0.000ns
The critical path consists of the following:

 <State 5>: 0.000ns
The critical path consists of the following:


============================================================
+ Verbose Summary: Binding
============================================================
N/A
* FSMD analyzer results:
  - Output states:
 - Input state : 
  - Chain level:
	State 1
	State 2
	State 3
	State 4
	State 5


============================================================
+ Verbose Summary: Datapath Resource usage 
============================================================
N/A
