/home/export/sallen2/synthesis_tools/quantized_cnn_final/myproject_prj/solution1/.autopilot/db/myproject.pp.0.cpp:28536:7: warning: Added loop label VITIS_LOOP_1213_1:   [xilinx-label-all-loops]
      for (i = 0; i < __N - 1; ++i) {
      ^~~
      VITIS_LOOP_1213_1: 
/home/export/sallen2/synthesis_tools/quantized_cnn_final/myproject_prj/solution1/.autopilot/db/myproject.pp.0.cpp:28536:7: note: FIX-IT applied suggested code changes
/home/export/sallen2/synthesis_tools/quantized_cnn_final/myproject_prj/solution1/.autopilot/db/myproject.pp.0.cpp:29510:5: warning: Added loop label VITIS_LOOP_676_1:   [xilinx-label-all-loops]
    for (unsigned i = low; i != high; ++i) {
    ^~~
    VITIS_LOOP_676_1: 
/home/export/sallen2/synthesis_tools/quantized_cnn_final/myproject_prj/solution1/.autopilot/db/myproject.pp.0.cpp:29510:5: note: FIX-IT applied suggested code changes
/home/export/sallen2/synthesis_tools/quantized_cnn_final/myproject_prj/solution1/.autopilot/db/myproject.pp.0.cpp:29524:5: warning: Added loop label VITIS_LOOP_690_1:   [xilinx-label-all-loops]
    for (unsigned i = low; i != high; ++i) {
    ^~~
    VITIS_LOOP_690_1: 
/home/export/sallen2/synthesis_tools/quantized_cnn_final/myproject_prj/solution1/.autopilot/db/myproject.pp.0.cpp:29524:5: note: FIX-IT applied suggested code changes
/home/export/sallen2/synthesis_tools/quantized_cnn_final/myproject_prj/solution1/.autopilot/db/myproject.pp.0.cpp:29538:5: warning: Added loop label VITIS_LOOP_704_1:   [xilinx-label-all-loops]
    for (unsigned i = low; i != high; ++i) {
    ^~~
    VITIS_LOOP_704_1: 
/home/export/sallen2/synthesis_tools/quantized_cnn_final/myproject_prj/solution1/.autopilot/db/myproject.pp.0.cpp:29538:5: note: FIX-IT applied suggested code changes
/home/export/sallen2/synthesis_tools/quantized_cnn_final/myproject_prj/solution1/.autopilot/db/myproject.pp.0.cpp:31137:7: warning: Added loop label VITIS_LOOP_1247_1:   [xilinx-label-all-loops]
      for (i = 0; i < __N - 1; ++i) {
      ^~~
      VITIS_LOOP_1247_1: 
/home/export/sallen2/synthesis_tools/quantized_cnn_final/myproject_prj/solution1/.autopilot/db/myproject.pp.0.cpp:31137:7: note: FIX-IT applied suggested code changes
/home/export/sallen2/synthesis_tools/quantized_cnn_final/myproject_prj/solution1/.autopilot/db/myproject.pp.0.cpp:33122:9: warning: Added loop label VITIS_LOOP_27_1:   [xilinx-label-all-loops]
        for (unsigned i = 0; i < N; i++) {
        ^~~
        VITIS_LOOP_27_1: 
/home/export/sallen2/synthesis_tools/quantized_cnn_final/myproject_prj/solution1/.autopilot/db/myproject.pp.0.cpp:33122:9: note: FIX-IT applied suggested code changes
/home/export/sallen2/synthesis_tools/quantized_cnn_final/myproject_prj/solution1/.autopilot/db/myproject.pp.0.cpp:33134:9: warning: Added loop label VITIS_LOOP_39_1:   [xilinx-label-all-loops]
        for (unsigned i = 0; i < N; i++) {
        ^~~
        VITIS_LOOP_39_1: 
/home/export/sallen2/synthesis_tools/quantized_cnn_final/myproject_prj/solution1/.autopilot/db/myproject.pp.0.cpp:33134:9: note: FIX-IT applied suggested code changes
/home/export/sallen2/synthesis_tools/quantized_cnn_final/myproject_prj/solution1/.autopilot/db/myproject.pp.0.cpp:33151:9: warning: Added loop label VITIS_LOOP_56_1:   [xilinx-label-all-loops]
        for (size_t i = 0; i < N; i++) {
        ^~~
        VITIS_LOOP_56_1: 
/home/export/sallen2/synthesis_tools/quantized_cnn_final/myproject_prj/solution1/.autopilot/db/myproject.pp.0.cpp:33151:9: note: FIX-IT applied suggested code changes
/home/export/sallen2/synthesis_tools/quantized_cnn_final/myproject_prj/solution1/.autopilot/db/myproject.pp.0.cpp:56372:5: warning: Added loop label VITIS_LOOP_265_1:   [xilinx-label-all-loops]
    for (typename std::vector<src_T>::const_iterator i = in_begin; i != in_end; ++i) {
    ^~~
    VITIS_LOOP_265_1: 
/home/export/sallen2/synthesis_tools/quantized_cnn_final/myproject_prj/solution1/.autopilot/db/myproject.pp.0.cpp:56372:5: note: FIX-IT applied suggested code changes
/home/export/sallen2/synthesis_tools/quantized_cnn_final/myproject_prj/solution1/.autopilot/db/myproject.pp.0.cpp:56382:5: warning: Added loop label VITIS_LOOP_275_1:   [xilinx-label-all-loops]
    for (auto i = 0; i < SIZE; i++)
    ^~~
    VITIS_LOOP_275_1: 
/home/export/sallen2/synthesis_tools/quantized_cnn_final/myproject_prj/solution1/.autopilot/db/myproject.pp.0.cpp:56382:5: note: FIX-IT applied suggested code changes
/home/export/sallen2/synthesis_tools/quantized_cnn_final/myproject_prj/solution1/.autopilot/db/myproject.pp.0.cpp:56393:5: warning: Added loop label VITIS_LOOP_286_1:   [xilinx-label-all-loops]
    for (int i = 0; i < SIZE; i++) {
    ^~~
    VITIS_LOOP_286_1: 
/home/export/sallen2/synthesis_tools/quantized_cnn_final/myproject_prj/solution1/.autopilot/db/myproject.pp.0.cpp:56393:5: note: FIX-IT applied suggested code changes
/home/export/sallen2/synthesis_tools/quantized_cnn_final/myproject_prj/solution1/.autopilot/db/myproject.pp.0.cpp:56400:5: warning: Added loop label VITIS_LOOP_293_1:   [xilinx-label-all-loops]
    for (int i = 0; i < SIZE / res_T::size; i++) {
    ^~~
    VITIS_LOOP_293_1: 
/home/export/sallen2/synthesis_tools/quantized_cnn_final/myproject_prj/solution1/.autopilot/db/myproject.pp.0.cpp:56400:5: note: FIX-IT applied suggested code changes
/home/export/sallen2/synthesis_tools/quantized_cnn_final/myproject_prj/solution1/.autopilot/db/myproject.pp.0.cpp:56402:9: warning: Added loop label VITIS_LOOP_295_2:   [xilinx-label-all-loops]
        for (int j = 0; j < res_T::size; j++) {
        ^~~
        VITIS_LOOP_295_2: 
/home/export/sallen2/synthesis_tools/quantized_cnn_final/myproject_prj/solution1/.autopilot/db/myproject.pp.0.cpp:56402:9: note: FIX-IT applied suggested code changes
/home/export/sallen2/synthesis_tools/quantized_cnn_final/myproject_prj/solution1/.autopilot/db/myproject.pp.0.cpp:56414:5: warning: Added loop label VITIS_LOOP_307_1:   [xilinx-label-all-loops]
    for (int i = 0; i < SIZE / data_T::size; i++) {
    ^~~
    VITIS_LOOP_307_1: 
/home/export/sallen2/synthesis_tools/quantized_cnn_final/myproject_prj/solution1/.autopilot/db/myproject.pp.0.cpp:56414:5: note: FIX-IT applied suggested code changes
/home/export/sallen2/synthesis_tools/quantized_cnn_final/myproject_prj/solution1/.autopilot/db/myproject.pp.0.cpp:56416:9: warning: Added loop label VITIS_LOOP_309_2:   [xilinx-label-all-loops]
        for (int j = 0; j < data_T::size; j++) {
        ^~~
        VITIS_LOOP_309_2: 
/home/export/sallen2/synthesis_tools/quantized_cnn_final/myproject_prj/solution1/.autopilot/db/myproject.pp.0.cpp:56416:9: note: FIX-IT applied suggested code changes
/home/export/sallen2/synthesis_tools/quantized_cnn_final/myproject_prj/solution1/.autopilot/db/myproject.pp.0.cpp:56431:5: warning: Added loop label VITIS_LOOP_324_1:   [xilinx-label-all-loops]
    for (int ii = 0; ii < nrows; ii++) {
    ^~~
    VITIS_LOOP_324_1: 
/home/export/sallen2/synthesis_tools/quantized_cnn_final/myproject_prj/solution1/.autopilot/db/myproject.pp.0.cpp:56431:5: note: FIX-IT applied suggested code changes
/home/export/sallen2/synthesis_tools/quantized_cnn_final/myproject_prj/solution1/.autopilot/db/myproject.pp.0.cpp:56451:5: warning: Added loop label VITIS_LOOP_344_1:   [xilinx-label-all-loops]
    for (int ii = 0; ii < nrows; ii++) {
    ^~~
    VITIS_LOOP_344_1: 
/home/export/sallen2/synthesis_tools/quantized_cnn_final/myproject_prj/solution1/.autopilot/db/myproject.pp.0.cpp:56451:5: note: FIX-IT applied suggested code changes
/home/export/sallen2/synthesis_tools/quantized_cnn_final/myproject_prj/solution1/.autopilot/db/myproject.pp.0.cpp:56452:9: warning: Added loop label VITIS_LOOP_345_2:   [xilinx-label-all-loops]
        for (int jj = 0; jj < ncols; jj++) {
        ^~~
        VITIS_LOOP_345_2: 
/home/export/sallen2/synthesis_tools/quantized_cnn_final/myproject_prj/solution1/.autopilot/db/myproject.pp.0.cpp:56452:9: note: FIX-IT applied suggested code changes
/home/export/sallen2/synthesis_tools/quantized_cnn_final/myproject_prj/solution1/.autopilot/db/myproject.pp.0.cpp:56467:5: warning: Added loop label VITIS_LOOP_360_1:   [xilinx-label-all-loops]
    for (int ii = 0; ii < N_IN; ii++) {
    ^~~
    VITIS_LOOP_360_1: 
/home/export/sallen2/synthesis_tools/quantized_cnn_final/myproject_prj/solution1/.autopilot/db/myproject.pp.0.cpp:56467:5: note: FIX-IT applied suggested code changes
/home/export/sallen2/synthesis_tools/quantized_cnn_final/myproject_prj/solution1/.autopilot/db/myproject.pp.0.cpp:56474:5: warning: Added loop label VITIS_LOOP_367_1:   [xilinx-label-all-loops]
    for (int ii = 0; ii < N_IN; ii++) {
    ^~~
    VITIS_LOOP_367_1: 
/home/export/sallen2/synthesis_tools/quantized_cnn_final/myproject_prj/solution1/.autopilot/db/myproject.pp.0.cpp:56474:5: note: FIX-IT applied suggested code changes
/home/export/sallen2/synthesis_tools/quantized_cnn_final/myproject_prj/solution1/.autopilot/db/myproject.pp.0.cpp:56784:5: warning: Added loop label VITIS_LOOP_136_1:   [xilinx-label-all-loops]
    for (int ii = 0; ii < CONFIG_T::out_width / CONFIG_T::n_partitions; ii++) {
    ^~~
    VITIS_LOOP_136_1: 
/home/export/sallen2/synthesis_tools/quantized_cnn_final/myproject_prj/solution1/.autopilot/db/myproject.pp.0.cpp:56784:5: note: FIX-IT applied suggested code changes
/home/export/sallen2/synthesis_tools/quantized_cnn_final/myproject_prj/solution1/.autopilot/db/myproject.pp.0.cpp:56785:9: warning: Added loop label VITIS_LOOP_137_2:   [xilinx-label-all-loops]
        for (int ff = 0; ff < CONFIG_T::n_filt; ff++) {
        ^~~
        VITIS_LOOP_137_2: 
/home/export/sallen2/synthesis_tools/quantized_cnn_final/myproject_prj/solution1/.autopilot/db/myproject.pp.0.cpp:56785:9: note: FIX-IT applied suggested code changes
/home/export/sallen2/synthesis_tools/quantized_cnn_final/myproject_prj/solution1/.autopilot/db/myproject.pp.0.cpp:56806:5: warning: Added loop label VITIS_LOOP_158_3:   [xilinx-label-all-loops]
    for (int ii = 0; ii < CONFIG_T::out_width / CONFIG_T::n_partitions; ii++) {
    ^~~
    VITIS_LOOP_158_3: 
/home/export/sallen2/synthesis_tools/quantized_cnn_final/myproject_prj/solution1/.autopilot/db/myproject.pp.0.cpp:56806:5: note: FIX-IT applied suggested code changes
/home/export/sallen2/synthesis_tools/quantized_cnn_final/myproject_prj/solution1/.autopilot/db/myproject.pp.0.cpp:56807:9: warning: Added loop label VITIS_LOOP_159_4:   [xilinx-label-all-loops]
        for (int ff = 0; ff < CONFIG_T::n_filt; ff++) {
        ^~~
        VITIS_LOOP_159_4: 
/home/export/sallen2/synthesis_tools/quantized_cnn_final/myproject_prj/solution1/.autopilot/db/myproject.pp.0.cpp:56807:9: note: FIX-IT applied suggested code changes
/home/export/sallen2/synthesis_tools/quantized_cnn_final/myproject_prj/solution1/.autopilot/db/myproject.pp.0.cpp:56954:2: warning: Added loop label VITIS_LOOP_31_1:   [xilinx-label-all-loops]
 for (int ii = 0; ii < CONFIG_T::n_in; ii++) {
 ^~~
 VITIS_LOOP_31_1: 
/home/export/sallen2/synthesis_tools/quantized_cnn_final/myproject_prj/solution1/.autopilot/db/myproject.pp.0.cpp:56954:2: note: FIX-IT applied suggested code changes
/home/export/sallen2/synthesis_tools/quantized_cnn_final/myproject_prj/solution1/.autopilot/db/myproject.pp.0.cpp:56966:5: warning: Added loop label VITIS_LOOP_43_1:   [xilinx-label-all-loops]
    for (int ii = 0; ii < CONFIG_T::n_in; ii++) {
    ^~~
    VITIS_LOOP_43_1: 
/home/export/sallen2/synthesis_tools/quantized_cnn_final/myproject_prj/solution1/.autopilot/db/myproject.pp.0.cpp:56966:5: note: FIX-IT applied suggested code changes
/home/export/sallen2/synthesis_tools/quantized_cnn_final/myproject_prj/solution1/.autopilot/db/myproject.pp.0.cpp:56980:5: warning: Added loop label VITIS_LOOP_57_1:   [xilinx-label-all-loops]
    for (int ii = 0; ii < CONFIG_T::n_in; ii++) {
    ^~~
    VITIS_LOOP_57_1: 
/home/export/sallen2/synthesis_tools/quantized_cnn_final/myproject_prj/solution1/.autopilot/db/myproject.pp.0.cpp:56980:5: note: FIX-IT applied suggested code changes
/home/export/sallen2/synthesis_tools/quantized_cnn_final/myproject_prj/solution1/.autopilot/db/myproject.pp.0.cpp:57007:5: warning: Added loop label VITIS_LOOP_84_1:   [xilinx-label-all-loops]
    for (int ii = 0; ii < N_TABLE; ii++) {
    ^~~
    VITIS_LOOP_84_1: 
/home/export/sallen2/synthesis_tools/quantized_cnn_final/myproject_prj/solution1/.autopilot/db/myproject.pp.0.cpp:57007:5: note: FIX-IT applied suggested code changes
/home/export/sallen2/synthesis_tools/quantized_cnn_final/myproject_prj/solution1/.autopilot/db/myproject.pp.0.cpp:57037:5: warning: Added loop label VITIS_LOOP_114_1:   [xilinx-label-all-loops]
    for (int ii = 0; ii < CONFIG_T::n_in; ii++) {
    ^~~
    VITIS_LOOP_114_1: 
/home/export/sallen2/synthesis_tools/quantized_cnn_final/myproject_prj/solution1/.autopilot/db/myproject.pp.0.cpp:57037:5: note: FIX-IT applied suggested code changes
/home/export/sallen2/synthesis_tools/quantized_cnn_final/myproject_prj/solution1/.autopilot/db/myproject.pp.0.cpp:57074:5: warning: Added loop label VITIS_LOOP_151_1:   [xilinx-label-all-loops]
    for (unsigned i = 0; i < CONFIG_T::exp_table_size; i++) {
    ^~~
    VITIS_LOOP_151_1: 
/home/export/sallen2/synthesis_tools/quantized_cnn_final/myproject_prj/solution1/.autopilot/db/myproject.pp.0.cpp:57074:5: note: FIX-IT applied suggested code changes
/home/export/sallen2/synthesis_tools/quantized_cnn_final/myproject_prj/solution1/.autopilot/db/myproject.pp.0.cpp:57090:5: warning: Added loop label VITIS_LOOP_167_1:   [xilinx-label-all-loops]
    for (unsigned i = 0; i < CONFIG_T::inv_table_size; i++) {
    ^~~
    VITIS_LOOP_167_1: 
/home/export/sallen2/synthesis_tools/quantized_cnn_final/myproject_prj/solution1/.autopilot/db/myproject.pp.0.cpp:57090:5: note: FIX-IT applied suggested code changes
/home/export/sallen2/synthesis_tools/quantized_cnn_final/myproject_prj/solution1/.autopilot/db/myproject.pp.0.cpp:57123:5: warning: Added loop label VITIS_LOOP_200_1:   [xilinx-label-all-loops]
    for (unsigned i = 0; i < CONFIG_T::n_slice; i++) {
    ^~~
    VITIS_LOOP_200_1: 
/home/export/sallen2/synthesis_tools/quantized_cnn_final/myproject_prj/solution1/.autopilot/db/myproject.pp.0.cpp:57123:5: note: FIX-IT applied suggested code changes
/home/export/sallen2/synthesis_tools/quantized_cnn_final/myproject_prj/solution1/.autopilot/db/myproject.pp.0.cpp:57136:5: warning: Added loop label VITIS_LOOP_213_2:   [xilinx-label-all-loops]
    for (unsigned i = 0; i < CONFIG_T::n_slice; i++) {
    ^~~
    VITIS_LOOP_213_2: 
/home/export/sallen2/synthesis_tools/quantized_cnn_final/myproject_prj/solution1/.autopilot/db/myproject.pp.0.cpp:57136:5: note: FIX-IT applied suggested code changes
/home/export/sallen2/synthesis_tools/quantized_cnn_final/myproject_prj/solution1/.autopilot/db/myproject.pp.0.cpp:57169:5: warning: Added loop label VITIS_LOOP_246_1:   [xilinx-label-all-loops]
    for (unsigned i = 0; i < CONFIG_T::n_slice; i++) {
    ^~~
    VITIS_LOOP_246_1: 
/home/export/sallen2/synthesis_tools/quantized_cnn_final/myproject_prj/solution1/.autopilot/db/myproject.pp.0.cpp:57169:5: note: FIX-IT applied suggested code changes
/home/export/sallen2/synthesis_tools/quantized_cnn_final/myproject_prj/solution1/.autopilot/db/myproject.pp.0.cpp:57178:5: warning: Added loop label VITIS_LOOP_255_2:   [xilinx-label-all-loops]
    for (unsigned i = 0; i < CONFIG_T::n_slice; i++) {
    ^~~
    VITIS_LOOP_255_2: 
/home/export/sallen2/synthesis_tools/quantized_cnn_final/myproject_prj/solution1/.autopilot/db/myproject.pp.0.cpp:57178:5: note: FIX-IT applied suggested code changes
/home/export/sallen2/synthesis_tools/quantized_cnn_final/myproject_prj/solution1/.autopilot/db/myproject.pp.0.cpp:57191:5: warning: Added loop label VITIS_LOOP_268_3:   [xilinx-label-all-loops]
    for (unsigned i = 0; i < CONFIG_T::n_slice; i++) {
    ^~~
    VITIS_LOOP_268_3: 
/home/export/sallen2/synthesis_tools/quantized_cnn_final/myproject_prj/solution1/.autopilot/db/myproject.pp.0.cpp:57191:5: note: FIX-IT applied suggested code changes
/home/export/sallen2/synthesis_tools/quantized_cnn_final/myproject_prj/solution1/.autopilot/db/myproject.pp.0.cpp:57198:5: warning: Added loop label VITIS_LOOP_275_1:   [xilinx-label-all-loops]
    for (int ii = 0; ii < N_TABLE; ii++) {
    ^~~
    VITIS_LOOP_275_1: 
/home/export/sallen2/synthesis_tools/quantized_cnn_final/myproject_prj/solution1/.autopilot/db/myproject.pp.0.cpp:57198:5: note: FIX-IT applied suggested code changes
/home/export/sallen2/synthesis_tools/quantized_cnn_final/myproject_prj/solution1/.autopilot/db/myproject.pp.0.cpp:57211:5: warning: Added loop label VITIS_LOOP_288_1:   [xilinx-label-all-loops]
    for (int ii = 0; ii < N_TABLE; ii++) {
    ^~~
    VITIS_LOOP_288_1: 
/home/export/sallen2/synthesis_tools/quantized_cnn_final/myproject_prj/solution1/.autopilot/db/myproject.pp.0.cpp:57211:5: note: FIX-IT applied suggested code changes
/home/export/sallen2/synthesis_tools/quantized_cnn_final/myproject_prj/solution1/.autopilot/db/myproject.pp.0.cpp:57248:5: warning: Added loop label VITIS_LOOP_325_1:   [xilinx-label-all-loops]
    for (int ii = 0; ii < CONFIG_T::n_slice; ii++) {
    ^~~
    VITIS_LOOP_325_1: 
/home/export/sallen2/synthesis_tools/quantized_cnn_final/myproject_prj/solution1/.autopilot/db/myproject.pp.0.cpp:57248:5: note: FIX-IT applied suggested code changes
/home/export/sallen2/synthesis_tools/quantized_cnn_final/myproject_prj/solution1/.autopilot/db/myproject.pp.0.cpp:57253:5: warning: Added loop label VITIS_LOOP_330_2:   [xilinx-label-all-loops]
    for (int ii = 0; ii < CONFIG_T::n_slice; ii++) {
    ^~~
    VITIS_LOOP_330_2: 
/home/export/sallen2/synthesis_tools/quantized_cnn_final/myproject_prj/solution1/.autopilot/db/myproject.pp.0.cpp:57253:5: note: FIX-IT applied suggested code changes
/home/export/sallen2/synthesis_tools/quantized_cnn_final/myproject_prj/solution1/.autopilot/db/myproject.pp.0.cpp:57254:9: warning: Added loop label VITIS_LOOP_331_3:   [xilinx-label-all-loops]
        for (int jj = 0; jj < CONFIG_T::n_slice; jj++) {
        ^~~
        VITIS_LOOP_331_3: 
/home/export/sallen2/synthesis_tools/quantized_cnn_final/myproject_prj/solution1/.autopilot/db/myproject.pp.0.cpp:57254:9: note: FIX-IT applied suggested code changes
/home/export/sallen2/synthesis_tools/quantized_cnn_final/myproject_prj/solution1/.autopilot/db/myproject.pp.0.cpp:57271:5: warning: Added loop label VITIS_LOOP_348_4:   [xilinx-label-all-loops]
    for (int ii = 0; ii < CONFIG_T::n_slice; ii++) {
    ^~~
    VITIS_LOOP_348_4: 
/home/export/sallen2/synthesis_tools/quantized_cnn_final/myproject_prj/solution1/.autopilot/db/myproject.pp.0.cpp:57271:5: note: FIX-IT applied suggested code changes
/home/export/sallen2/synthesis_tools/quantized_cnn_final/myproject_prj/solution1/.autopilot/db/myproject.pp.0.cpp:57284:5: warning: Added loop label VITIS_LOOP_361_1:   [xilinx-label-all-loops]
    for (int i = 0; i < CONFIG_T::n_slice; i++) {
    ^~~
    VITIS_LOOP_361_1: 
/home/export/sallen2/synthesis_tools/quantized_cnn_final/myproject_prj/solution1/.autopilot/db/myproject.pp.0.cpp:57284:5: note: FIX-IT applied suggested code changes
/home/export/sallen2/synthesis_tools/quantized_cnn_final/myproject_prj/solution1/.autopilot/db/myproject.pp.0.cpp:57292:5: warning: Added loop label VITIS_LOOP_369_2:   [xilinx-label-all-loops]
    for (int i = 1; i < CONFIG_T::n_slice; i++) {
    ^~~
    VITIS_LOOP_369_2: 
/home/export/sallen2/synthesis_tools/quantized_cnn_final/myproject_prj/solution1/.autopilot/db/myproject.pp.0.cpp:57292:5: note: FIX-IT applied suggested code changes
/home/export/sallen2/synthesis_tools/quantized_cnn_final/myproject_prj/solution1/.autopilot/db/myproject.pp.0.cpp:57328:5: warning: Added loop label VITIS_LOOP_405_1:   [xilinx-label-all-loops]
    for (signed i = 0; i < CONFIG_T::n_outer; i++) {
    ^~~
    VITIS_LOOP_405_1: 
/home/export/sallen2/synthesis_tools/quantized_cnn_final/myproject_prj/solution1/.autopilot/db/myproject.pp.0.cpp:57328:5: note: FIX-IT applied suggested code changes
/home/export/sallen2/synthesis_tools/quantized_cnn_final/myproject_prj/solution1/.autopilot/db/myproject.pp.0.cpp:57330:2: warning: Added loop label VITIS_LOOP_407_2:   [xilinx-label-all-loops]
 for (signed k = 0; k < CONFIG_T::n_inner; k++) {
 ^~~
 VITIS_LOOP_407_2: 
/home/export/sallen2/synthesis_tools/quantized_cnn_final/myproject_prj/solution1/.autopilot/db/myproject.pp.0.cpp:57330:2: note: FIX-IT applied suggested code changes
/home/export/sallen2/synthesis_tools/quantized_cnn_final/myproject_prj/solution1/.autopilot/db/myproject.pp.0.cpp:57332:2: warning: Added loop label VITIS_LOOP_409_3:   [xilinx-label-all-loops]
 for (signed j = 0; j < CONFIG_T::n_slice; j++) {
 ^~~
 VITIS_LOOP_409_3: 
/home/export/sallen2/synthesis_tools/quantized_cnn_final/myproject_prj/solution1/.autopilot/db/myproject.pp.0.cpp:57332:2: note: FIX-IT applied suggested code changes
/home/export/sallen2/synthesis_tools/quantized_cnn_final/myproject_prj/solution1/.autopilot/db/myproject.pp.0.cpp:57337:13: warning: Added loop label VITIS_LOOP_414_4:   [xilinx-label-all-loops]
            for (signed j = 0; j < CONFIG_T::n_slice; j++) {
            ^~~
            VITIS_LOOP_414_4: 
/home/export/sallen2/synthesis_tools/quantized_cnn_final/myproject_prj/solution1/.autopilot/db/myproject.pp.0.cpp:57337:13: note: FIX-IT applied suggested code changes
/home/export/sallen2/synthesis_tools/quantized_cnn_final/myproject_prj/solution1/.autopilot/db/myproject.pp.0.cpp:57350:5: warning: Added loop label VITIS_LOOP_427_1:   [xilinx-label-all-loops]
    for (int ii = 0; ii < N_TABLE; ii++) {
    ^~~
    VITIS_LOOP_427_1: 
/home/export/sallen2/synthesis_tools/quantized_cnn_final/myproject_prj/solution1/.autopilot/db/myproject.pp.0.cpp:57350:5: note: FIX-IT applied suggested code changes
/home/export/sallen2/synthesis_tools/quantized_cnn_final/myproject_prj/solution1/.autopilot/db/myproject.pp.0.cpp:57380:5: warning: Added loop label VITIS_LOOP_457_1:   [xilinx-label-all-loops]
    for (int ii = 0; ii < CONFIG_T::n_in; ii++) {
    ^~~
    VITIS_LOOP_457_1: 
/home/export/sallen2/synthesis_tools/quantized_cnn_final/myproject_prj/solution1/.autopilot/db/myproject.pp.0.cpp:57380:5: note: FIX-IT applied suggested code changes
/home/export/sallen2/synthesis_tools/quantized_cnn_final/myproject_prj/solution1/.autopilot/db/myproject.pp.0.cpp:57407:2: warning: Added loop label VITIS_LOOP_484_1:   [xilinx-label-all-loops]
 for (int ii = 0; ii < CONFIG_T::n_in; ii++) {
 ^~~
 VITIS_LOOP_484_1: 
/home/export/sallen2/synthesis_tools/quantized_cnn_final/myproject_prj/solution1/.autopilot/db/myproject.pp.0.cpp:57407:2: note: FIX-IT applied suggested code changes
/home/export/sallen2/synthesis_tools/quantized_cnn_final/myproject_prj/solution1/.autopilot/db/myproject.pp.0.cpp:57421:2: warning: Added loop label VITIS_LOOP_498_1:   [xilinx-label-all-loops]
 for (int ii = 0; ii < CONFIG_T::n_in; ii++) {
 ^~~
 VITIS_LOOP_498_1: 
/home/export/sallen2/synthesis_tools/quantized_cnn_final/myproject_prj/solution1/.autopilot/db/myproject.pp.0.cpp:57421:2: note: FIX-IT applied suggested code changes
/home/export/sallen2/synthesis_tools/quantized_cnn_final/myproject_prj/solution1/.autopilot/db/myproject.pp.0.cpp:57437:5: warning: Added loop label VITIS_LOOP_514_1:   [xilinx-label-all-loops]
    for (int ii = 0; ii < CONFIG_T::n_in; ii++) {
    ^~~
    VITIS_LOOP_514_1: 
/home/export/sallen2/synthesis_tools/quantized_cnn_final/myproject_prj/solution1/.autopilot/db/myproject.pp.0.cpp:57437:5: note: FIX-IT applied suggested code changes
/home/export/sallen2/synthesis_tools/quantized_cnn_final/myproject_prj/solution1/.autopilot/db/myproject.pp.0.cpp:57455:5: warning: Added loop label VITIS_LOOP_532_1:   [xilinx-label-all-loops]
    for (int ii = 0; ii < CONFIG_T::n_in; ii++) {
    ^~~
    VITIS_LOOP_532_1: 
/home/export/sallen2/synthesis_tools/quantized_cnn_final/myproject_prj/solution1/.autopilot/db/myproject.pp.0.cpp:57455:5: note: FIX-IT applied suggested code changes
/home/export/sallen2/synthesis_tools/quantized_cnn_final/myproject_prj/solution1/.autopilot/db/myproject.pp.0.cpp:57472:5: warning: Added loop label VITIS_LOOP_549_1:   [xilinx-label-all-loops]
    for (int ii = 0; ii < CONFIG_T::n_in; ii++) {
    ^~~
    VITIS_LOOP_549_1: 
/home/export/sallen2/synthesis_tools/quantized_cnn_final/myproject_prj/solution1/.autopilot/db/myproject.pp.0.cpp:57472:5: note: FIX-IT applied suggested code changes
/home/export/sallen2/synthesis_tools/quantized_cnn_final/myproject_prj/solution1/.autopilot/db/myproject.pp.0.cpp:57489:5: warning: Added loop label VITIS_LOOP_566_1:   [xilinx-label-all-loops]
    for (int ii = 0; ii < N_TABLE; ii++) {
    ^~~
    VITIS_LOOP_566_1: 
/home/export/sallen2/synthesis_tools/quantized_cnn_final/myproject_prj/solution1/.autopilot/db/myproject.pp.0.cpp:57489:5: note: FIX-IT applied suggested code changes
/home/export/sallen2/synthesis_tools/quantized_cnn_final/myproject_prj/solution1/.autopilot/db/myproject.pp.0.cpp:57519:5: warning: Added loop label VITIS_LOOP_596_1:   [xilinx-label-all-loops]
    for (int ii = 0; ii < CONFIG_T::n_in; ii++) {
    ^~~
    VITIS_LOOP_596_1: 
/home/export/sallen2/synthesis_tools/quantized_cnn_final/myproject_prj/solution1/.autopilot/db/myproject.pp.0.cpp:57519:5: note: FIX-IT applied suggested code changes
/home/export/sallen2/synthesis_tools/quantized_cnn_final/myproject_prj/solution1/.autopilot/db/myproject.pp.0.cpp:57538:5: warning: Added loop label VITIS_LOOP_615_1:   [xilinx-label-all-loops]
    for (int ii = 0; ii < N_TABLE; ii++) {
    ^~~
    VITIS_LOOP_615_1: 
/home/export/sallen2/synthesis_tools/quantized_cnn_final/myproject_prj/solution1/.autopilot/db/myproject.pp.0.cpp:57538:5: note: FIX-IT applied suggested code changes
/home/export/sallen2/synthesis_tools/quantized_cnn_final/myproject_prj/solution1/.autopilot/db/myproject.pp.0.cpp:57568:5: warning: Added loop label VITIS_LOOP_645_1:   [xilinx-label-all-loops]
    for (int ii = 0; ii < CONFIG_T::n_in; ii++) {
    ^~~
    VITIS_LOOP_645_1: 
/home/export/sallen2/synthesis_tools/quantized_cnn_final/myproject_prj/solution1/.autopilot/db/myproject.pp.0.cpp:57568:5: note: FIX-IT applied suggested code changes
/home/export/sallen2/synthesis_tools/quantized_cnn_final/myproject_prj/solution1/.autopilot/db/myproject.pp.0.cpp:57587:5: warning: Added loop label VITIS_LOOP_664_1:   [xilinx-label-all-loops]
    for (int ii = 0; ii < N_TABLE; ii++) {
    ^~~
    VITIS_LOOP_664_1: 
/home/export/sallen2/synthesis_tools/quantized_cnn_final/myproject_prj/solution1/.autopilot/db/myproject.pp.0.cpp:57587:5: note: FIX-IT applied suggested code changes
/home/export/sallen2/synthesis_tools/quantized_cnn_final/myproject_prj/solution1/.autopilot/db/myproject.pp.0.cpp:57617:5: warning: Added loop label VITIS_LOOP_694_1:   [xilinx-label-all-loops]
    for (int ii = 0; ii < CONFIG_T::n_in; ii++) {
    ^~~
    VITIS_LOOP_694_1: 
/home/export/sallen2/synthesis_tools/quantized_cnn_final/myproject_prj/solution1/.autopilot/db/myproject.pp.0.cpp:57617:5: note: FIX-IT applied suggested code changes
/home/export/sallen2/synthesis_tools/quantized_cnn_final/myproject_prj/solution1/.autopilot/db/myproject.pp.0.cpp:57644:5: warning: Added loop label VITIS_LOOP_721_1:   [xilinx-label-all-loops]
    for (int ii = 0; ii < N_TABLE; ii++) {
    ^~~
    VITIS_LOOP_721_1: 
/home/export/sallen2/synthesis_tools/quantized_cnn_final/myproject_prj/solution1/.autopilot/db/myproject.pp.0.cpp:57644:5: note: FIX-IT applied suggested code changes
/home/export/sallen2/synthesis_tools/quantized_cnn_final/myproject_prj/solution1/.autopilot/db/myproject.pp.0.cpp:57672:2: warning: Added loop label VITIS_LOOP_749_1:   [xilinx-label-all-loops]
 for (int ii = 0; ii < CONFIG_T::n_in; ii++) {
 ^~~
 VITIS_LOOP_749_1: 
/home/export/sallen2/synthesis_tools/quantized_cnn_final/myproject_prj/solution1/.autopilot/db/myproject.pp.0.cpp:57672:2: note: FIX-IT applied suggested code changes
/home/export/sallen2/synthesis_tools/quantized_cnn_final/myproject_prj/solution1/.autopilot/db/myproject.pp.0.cpp:57702:5: warning: Added loop label VITIS_LOOP_779_1:   [xilinx-label-all-loops]
    for (int ii = 0; ii < CONFIG_T::n_in; ii++) {
    ^~~
    VITIS_LOOP_779_1: 
/home/export/sallen2/synthesis_tools/quantized_cnn_final/myproject_prj/solution1/.autopilot/db/myproject.pp.0.cpp:57702:5: note: FIX-IT applied suggested code changes
/home/export/sallen2/synthesis_tools/quantized_cnn_final/myproject_prj/solution1/.autopilot/db/myproject.pp.0.cpp:57731:5: warning: Added loop label VITIS_LOOP_808_1:   [xilinx-label-all-loops]
    for (int ii = 0; ii < CONFIG_T::n_in; ii++) {
    ^~~
    VITIS_LOOP_808_1: 
/home/export/sallen2/synthesis_tools/quantized_cnn_final/myproject_prj/solution1/.autopilot/db/myproject.pp.0.cpp:57731:5: note: FIX-IT applied suggested code changes
/home/export/sallen2/synthesis_tools/quantized_cnn_final/myproject_prj/solution1/.autopilot/db/myproject.pp.0.cpp:57751:5: warning: Added loop label VITIS_LOOP_828_1:   [xilinx-label-all-loops]
    for (int ii = 0; ii < CONFIG_T::n_in; ii++) {
    ^~~
    VITIS_LOOP_828_1: 
/home/export/sallen2/synthesis_tools/quantized_cnn_final/myproject_prj/solution1/.autopilot/db/myproject.pp.0.cpp:57751:5: note: FIX-IT applied suggested code changes
/home/export/sallen2/synthesis_tools/quantized_cnn_final/myproject_prj/solution1/.autopilot/db/myproject.pp.0.cpp:57996:9: warning: Added loop label VITIS_LOOP_229_1:   [xilinx-label-all-loops]
        for (int i = 0; i < N / data_T::size; i++) {
        ^~~
        VITIS_LOOP_229_1: 
/home/export/sallen2/synthesis_tools/quantized_cnn_final/myproject_prj/solution1/.autopilot/db/myproject.pp.0.cpp:57996:9: note: FIX-IT applied suggested code changes
/home/export/sallen2/synthesis_tools/quantized_cnn_final/myproject_prj/solution1/.autopilot/db/myproject.pp.0.cpp:58003:13: warning: Added loop label VITIS_LOOP_236_2:   [xilinx-label-all-loops]
            for (int j = 0; j < data_T::size; j++) {
            ^~~
            VITIS_LOOP_236_2: 
/home/export/sallen2/synthesis_tools/quantized_cnn_final/myproject_prj/solution1/.autopilot/db/myproject.pp.0.cpp:58003:13: note: FIX-IT applied suggested code changes
/home/export/sallen2/synthesis_tools/quantized_cnn_final/myproject_prj/solution1/.autopilot/db/myproject.pp.0.cpp:58012:9: warning: Added loop label VITIS_LOOP_245_3:   [xilinx-label-all-loops]
        for (int i = 0; i < N / data_T::size; i++) {
        ^~~
        VITIS_LOOP_245_3: 
/home/export/sallen2/synthesis_tools/quantized_cnn_final/myproject_prj/solution1/.autopilot/db/myproject.pp.0.cpp:58012:9: note: FIX-IT applied suggested code changes
/home/export/sallen2/synthesis_tools/quantized_cnn_final/myproject_prj/solution1/.autopilot/db/myproject.pp.0.cpp:58021:13: warning: Added loop label VITIS_LOOP_254_4:   [xilinx-label-all-loops]
            for (int j = 0; j < pack_diff; j++) {
            ^~~
            VITIS_LOOP_254_4: 
/home/export/sallen2/synthesis_tools/quantized_cnn_final/myproject_prj/solution1/.autopilot/db/myproject.pp.0.cpp:58021:13: note: FIX-IT applied suggested code changes
/home/export/sallen2/synthesis_tools/quantized_cnn_final/myproject_prj/solution1/.autopilot/db/myproject.pp.0.cpp:58025:17: warning: Added loop label VITIS_LOOP_258_5:   [xilinx-label-all-loops]
                for (int k = 0; k < res_T::size; k++) {
                ^~~
                VITIS_LOOP_258_5: 
/home/export/sallen2/synthesis_tools/quantized_cnn_final/myproject_prj/solution1/.autopilot/db/myproject.pp.0.cpp:58025:17: note: FIX-IT applied suggested code changes
/home/export/sallen2/synthesis_tools/quantized_cnn_final/myproject_prj/solution1/.autopilot/db/myproject.pp.0.cpp:58036:9: warning: Added loop label VITIS_LOOP_269_6:   [xilinx-label-all-loops]
        for (int i = 0; i < N / data_T::size; i++) {
        ^~~
        VITIS_LOOP_269_6: 
/home/export/sallen2/synthesis_tools/quantized_cnn_final/myproject_prj/solution1/.autopilot/db/myproject.pp.0.cpp:58036:9: note: FIX-IT applied suggested code changes
/home/export/sallen2/synthesis_tools/quantized_cnn_final/myproject_prj/solution1/.autopilot/db/myproject.pp.0.cpp:58040:13: warning: Added loop label VITIS_LOOP_273_7:   [xilinx-label-all-loops]
            for (int j = 0; j < data_T::size; j++) {
            ^~~
            VITIS_LOOP_273_7: 
/home/export/sallen2/synthesis_tools/quantized_cnn_final/myproject_prj/solution1/.autopilot/db/myproject.pp.0.cpp:58040:13: note: FIX-IT applied suggested code changes
/home/export/sallen2/synthesis_tools/quantized_cnn_final/myproject_prj/solution1/.autopilot/db/myproject.pp.0.cpp:58064:9: warning: Added loop label VITIS_LOOP_297_1:   [xilinx-label-all-loops]
        for (int j = 0; j < n_dupl; j++) {
        ^~~
        VITIS_LOOP_297_1: 
/home/export/sallen2/synthesis_tools/quantized_cnn_final/myproject_prj/solution1/.autopilot/db/myproject.pp.0.cpp:58064:9: note: FIX-IT applied suggested code changes
/home/export/sallen2/synthesis_tools/quantized_cnn_final/myproject_prj/solution1/.autopilot/db/myproject.pp.0.cpp:58068:13: warning: Added loop label VITIS_LOOP_301_2:   [xilinx-label-all-loops]
            for (int k = 0; k < res_T::size; k++) {
            ^~~
            VITIS_LOOP_301_2: 
/home/export/sallen2/synthesis_tools/quantized_cnn_final/myproject_prj/solution1/.autopilot/db/myproject.pp.0.cpp:58068:13: note: FIX-IT applied suggested code changes
/home/export/sallen2/synthesis_tools/quantized_cnn_final/myproject_prj/solution1/.autopilot/db/myproject.pp.0.cpp:58087:9: warning: Added loop label VITIS_LOOP_320_1:   [xilinx-label-all-loops]
        for (int k = 0; k < res_T::size; k++) {
        ^~~
        VITIS_LOOP_320_1: 
/home/export/sallen2/synthesis_tools/quantized_cnn_final/myproject_prj/solution1/.autopilot/db/myproject.pp.0.cpp:58087:9: note: FIX-IT applied suggested code changes
/home/export/sallen2/synthesis_tools/quantized_cnn_final/myproject_prj/solution1/.autopilot/db/myproject.pp.0.cpp:58311:9: warning: Added loop label VITIS_LOOP_211_1:   [xilinx-label-all-loops]
        for (unsigned j = 0; j < data_T::size; j++) {
        ^~~
        VITIS_LOOP_211_1: 
/home/export/sallen2/synthesis_tools/quantized_cnn_final/myproject_prj/solution1/.autopilot/db/myproject.pp.0.cpp:58311:9: note: FIX-IT applied suggested code changes
/home/export/sallen2/synthesis_tools/quantized_cnn_final/myproject_prj/solution1/.autopilot/db/myproject.pp.0.cpp:58320:9: warning: Added loop label VITIS_LOOP_220_2:   [xilinx-label-all-loops]
        for (unsigned j = 0; j < data_T::size; j++) {
        ^~~
        VITIS_LOOP_220_2: 
/home/export/sallen2/synthesis_tools/quantized_cnn_final/myproject_prj/solution1/.autopilot/db/myproject.pp.0.cpp:58320:9: note: FIX-IT applied suggested code changes
/home/export/sallen2/synthesis_tools/quantized_cnn_final/myproject_prj/solution1/.autopilot/db/myproject.pp.0.cpp:58425:5: warning: Added loop label VITIS_LOOP_325_1:   [xilinx-label-all-loops]
    for (int i = 0; i < CONFIG_T::n_in / res_T::size; i++) {
    ^~~
    VITIS_LOOP_325_1: 
/home/export/sallen2/synthesis_tools/quantized_cnn_final/myproject_prj/solution1/.autopilot/db/myproject.pp.0.cpp:58425:5: note: FIX-IT applied suggested code changes
/home/export/sallen2/synthesis_tools/quantized_cnn_final/myproject_prj/solution1/.autopilot/db/myproject.pp.0.cpp:58430:9: warning: Added loop label VITIS_LOOP_330_2:   [xilinx-label-all-loops]
        for (int i = 0; i < res_T::size; i++) {
        ^~~
        VITIS_LOOP_330_2: 
/home/export/sallen2/synthesis_tools/quantized_cnn_final/myproject_prj/solution1/.autopilot/db/myproject.pp.0.cpp:58430:9: note: FIX-IT applied suggested code changes
/home/export/sallen2/synthesis_tools/quantized_cnn_final/myproject_prj/solution1/.autopilot/db/myproject.pp.0.cpp:58438:9: warning: Added loop label VITIS_LOOP_338_3:   [xilinx-label-all-loops]
        for (int i = 1; i < res_T::size; i++) {
        ^~~
        VITIS_LOOP_338_3: 
/home/export/sallen2/synthesis_tools/quantized_cnn_final/myproject_prj/solution1/.autopilot/db/myproject.pp.0.cpp:58438:9: note: FIX-IT applied suggested code changes
/home/export/sallen2/synthesis_tools/quantized_cnn_final/myproject_prj/solution1/.autopilot/db/myproject.pp.0.cpp:59031:9: error: Resource with core_name: ROM_nP_BRAM pragma is ignored, because this core doesn't exist at all  [clang-diagnostic-error]
#pragma HLS RESOURCE variable=weights core=ROM_nP_BRAM
        ^
/home/export/sallen2/synthesis_tools/quantized_cnn_final/myproject_prj/solution1/.autopilot/db/myproject.pp.0.cpp:59105:9: error: Resource with core_name: ROM_nP_BRAM pragma is ignored, because this core doesn't exist at all  [clang-diagnostic-error]
#pragma HLS RESOURCE variable=weights core=ROM_nP_BRAM
        ^
/home/export/sallen2/synthesis_tools/quantized_cnn_final/myproject_prj/solution1/.autopilot/db/myproject.pp.0.cpp:59187:9: error: Resource with core_name: ROM_nP_BRAM pragma is ignored, because this core doesn't exist at all  [clang-diagnostic-error]
#pragma HLS RESOURCE variable=weights core=ROM_nP_BRAM
        ^
/home/export/sallen2/synthesis_tools/quantized_cnn_final/myproject_prj/solution1/.autopilot/db/myproject.pp.0.cpp:59545:2: warning: Added loop label VITIS_LOOP_105_1:   [xilinx-label-all-loops]
 for (int jj = 0; jj < CONFIG_T::n_partitions; jj++) {
 ^~~
 VITIS_LOOP_105_1: 
/home/export/sallen2/synthesis_tools/quantized_cnn_final/myproject_prj/solution1/.autopilot/db/myproject.pp.0.cpp:59545:2: note: FIX-IT applied suggested code changes
/home/export/sallen2/synthesis_tools/quantized_cnn_final/myproject_prj/solution1/.autopilot/db/myproject.pp.0.cpp:59547:2: warning: Added loop label VITIS_LOOP_107_2:   [xilinx-label-all-loops]
 for (int ii = 0; ii < CONFIG_T::in_width * CONFIG_T::n_chan / CONFIG_T::n_partitions; ii++) {
 ^~~
 VITIS_LOOP_107_2: 
/home/export/sallen2/synthesis_tools/quantized_cnn_final/myproject_prj/solution1/.autopilot/db/myproject.pp.0.cpp:59547:2: note: FIX-IT applied suggested code changes
/home/export/sallen2/synthesis_tools/quantized_cnn_final/myproject_prj/solution1/.autopilot/db/myproject.pp.0.cpp:59556:9: warning: Added loop label VITIS_LOOP_116_3:   [xilinx-label-all-loops]
        for (int jj = 0; jj < CONFIG_T::n_partitions; jj++) {
        ^~~
        VITIS_LOOP_116_3: 
/home/export/sallen2/synthesis_tools/quantized_cnn_final/myproject_prj/solution1/.autopilot/db/myproject.pp.0.cpp:59556:9: note: FIX-IT applied suggested code changes
/home/export/sallen2/synthesis_tools/quantized_cnn_final/myproject_prj/solution1/.autopilot/db/myproject.pp.0.cpp:59560:9: warning: Added loop label VITIS_LOOP_120_4:   [xilinx-label-all-loops]
        for (int jj = 0; jj < CONFIG_T::n_partitions; jj++) {
        ^~~
        VITIS_LOOP_120_4: 
/home/export/sallen2/synthesis_tools/quantized_cnn_final/myproject_prj/solution1/.autopilot/db/myproject.pp.0.cpp:59560:9: note: FIX-IT applied suggested code changes
/home/export/sallen2/synthesis_tools/quantized_cnn_final/myproject_prj/solution1/.autopilot/db/myproject.pp.0.cpp:59562:2: warning: Added loop label VITIS_LOOP_122_5:   [xilinx-label-all-loops]
 for (int ii = 0; ii < CONFIG_T::out_width * CONFIG_T::n_filt / CONFIG_T::n_partitions; ii++) {
 ^~~
 VITIS_LOOP_122_5: 
/home/export/sallen2/synthesis_tools/quantized_cnn_final/myproject_prj/solution1/.autopilot/db/myproject.pp.0.cpp:59562:2: note: FIX-IT applied suggested code changes
/home/export/sallen2/synthesis_tools/quantized_cnn_final/myproject_prj/solution1/.autopilot/db/myproject.pp.0.cpp:59607:9: warning: Added loop label VITIS_LOOP_67_1:   [xilinx-label-all-loops]
        for (unsigned i = 0; i < __SHIFT_DEPTH__; ++i)
        ^~~
        VITIS_LOOP_67_1: 
/home/export/sallen2/synthesis_tools/quantized_cnn_final/myproject_prj/solution1/.autopilot/db/myproject.pp.0.cpp:59607:9: note: FIX-IT applied suggested code changes
/home/export/sallen2/synthesis_tools/quantized_cnn_final/myproject_prj/solution1/.autopilot/db/myproject.pp.0.cpp:59614:9: warning: Added loop label VITIS_LOOP_74_1:   [xilinx-label-all-loops]
        for (unsigned i = 0; i < __SHIFT_DEPTH__; ++i)
        ^~~
        VITIS_LOOP_74_1: 
/home/export/sallen2/synthesis_tools/quantized_cnn_final/myproject_prj/solution1/.autopilot/db/myproject.pp.0.cpp:59614:9: note: FIX-IT applied suggested code changes
/home/export/sallen2/synthesis_tools/quantized_cnn_final/myproject_prj/solution1/.autopilot/db/myproject.pp.0.cpp:60094:2: warning: Added loop label VITIS_LOOP_27_1:   [xilinx-label-all-loops]
 for (int i = 0; i < CONFIG_T::new_height; i++) {
 ^~~
 VITIS_LOOP_27_1: 
/home/export/sallen2/synthesis_tools/quantized_cnn_final/myproject_prj/solution1/.autopilot/db/myproject.pp.0.cpp:60094:2: note: FIX-IT applied suggested code changes
/home/export/sallen2/synthesis_tools/quantized_cnn_final/myproject_prj/solution1/.autopilot/db/myproject.pp.0.cpp:60095:9: warning: Added loop label VITIS_LOOP_28_2:   [xilinx-label-all-loops]
        for (int j = 0; j < CONFIG_T::new_width; j++) {
        ^~~
        VITIS_LOOP_28_2: 
/home/export/sallen2/synthesis_tools/quantized_cnn_final/myproject_prj/solution1/.autopilot/db/myproject.pp.0.cpp:60095:9: note: FIX-IT applied suggested code changes
/home/export/sallen2/synthesis_tools/quantized_cnn_final/myproject_prj/solution1/.autopilot/db/myproject.pp.0.cpp:60098:13: warning: Added loop label VITIS_LOOP_31_3:   [xilinx-label-all-loops]
            for (int k = 0; k < CONFIG_T::n_chan; k++) {
            ^~~
            VITIS_LOOP_31_3: 
/home/export/sallen2/synthesis_tools/quantized_cnn_final/myproject_prj/solution1/.autopilot/db/myproject.pp.0.cpp:60098:13: note: FIX-IT applied suggested code changes
/home/export/sallen2/synthesis_tools/quantized_cnn_final/myproject_prj/solution1/.autopilot/db/myproject.pp.0.cpp:60195:2: warning: Added loop label VITIS_LOOP_20_1:   [xilinx-label-all-loops]
 for (int j = 0; j < CONFIG_T::n_chan; j++) {
 ^~~
 VITIS_LOOP_20_1: 
/home/export/sallen2/synthesis_tools/quantized_cnn_final/myproject_prj/solution1/.autopilot/db/myproject.pp.0.cpp:60195:2: note: FIX-IT applied suggested code changes
/home/export/sallen2/synthesis_tools/quantized_cnn_final/myproject_prj/solution1/.autopilot/db/myproject.pp.0.cpp:60196:9: warning: Added loop label VITIS_LOOP_21_2:   [xilinx-label-all-loops]
        for (int i = 0; i < CONFIG_T::pad_left; i++) {
        ^~~
        VITIS_LOOP_21_2: 
/home/export/sallen2/synthesis_tools/quantized_cnn_final/myproject_prj/solution1/.autopilot/db/myproject.pp.0.cpp:60196:9: note: FIX-IT applied suggested code changes
/home/export/sallen2/synthesis_tools/quantized_cnn_final/myproject_prj/solution1/.autopilot/db/myproject.pp.0.cpp:60200:9: warning: Added loop label VITIS_LOOP_25_3:   [xilinx-label-all-loops]
        for (int i = 0; i < CONFIG_T::in_width; i++) {
        ^~~
        VITIS_LOOP_25_3: 
/home/export/sallen2/synthesis_tools/quantized_cnn_final/myproject_prj/solution1/.autopilot/db/myproject.pp.0.cpp:60200:9: note: FIX-IT applied suggested code changes
/home/export/sallen2/synthesis_tools/quantized_cnn_final/myproject_prj/solution1/.autopilot/db/myproject.pp.0.cpp:60204:9: warning: Added loop label VITIS_LOOP_29_4:   [xilinx-label-all-loops]
        for (int i = 0; i < CONFIG_T::pad_right; i++) {
        ^~~
        VITIS_LOOP_29_4: 
/home/export/sallen2/synthesis_tools/quantized_cnn_final/myproject_prj/solution1/.autopilot/db/myproject.pp.0.cpp:60204:9: note: FIX-IT applied suggested code changes
/home/export/sallen2/synthesis_tools/quantized_cnn_final/myproject_prj/solution1/.autopilot/db/myproject.pp.0.cpp:60214:2: warning: Added loop label VITIS_LOOP_39_1:   [xilinx-label-all-loops]
 for (int i = 0; i < CONFIG_T::pad_left; i++) {
 ^~~
 VITIS_LOOP_39_1: 
/home/export/sallen2/synthesis_tools/quantized_cnn_final/myproject_prj/solution1/.autopilot/db/myproject.pp.0.cpp:60214:2: note: FIX-IT applied suggested code changes
/home/export/sallen2/synthesis_tools/quantized_cnn_final/myproject_prj/solution1/.autopilot/db/myproject.pp.0.cpp:60215:9: warning: Added loop label VITIS_LOOP_40_2:   [xilinx-label-all-loops]
        for (int j = 0; j < CONFIG_T::n_chan; j++) {
        ^~~
        VITIS_LOOP_40_2: 
/home/export/sallen2/synthesis_tools/quantized_cnn_final/myproject_prj/solution1/.autopilot/db/myproject.pp.0.cpp:60215:9: note: FIX-IT applied suggested code changes
/home/export/sallen2/synthesis_tools/quantized_cnn_final/myproject_prj/solution1/.autopilot/db/myproject.pp.0.cpp:60220:5: warning: Added loop label VITIS_LOOP_45_3:   [xilinx-label-all-loops]
    for (int i = 0; i < CONFIG_T::in_width; i++) {
    ^~~
    VITIS_LOOP_45_3: 
/home/export/sallen2/synthesis_tools/quantized_cnn_final/myproject_prj/solution1/.autopilot/db/myproject.pp.0.cpp:60220:5: note: FIX-IT applied suggested code changes
/home/export/sallen2/synthesis_tools/quantized_cnn_final/myproject_prj/solution1/.autopilot/db/myproject.pp.0.cpp:60221:9: warning: Added loop label VITIS_LOOP_46_4:   [xilinx-label-all-loops]
        for (int j = 0; j < CONFIG_T::n_chan; j++) {
        ^~~
        VITIS_LOOP_46_4: 
/home/export/sallen2/synthesis_tools/quantized_cnn_final/myproject_prj/solution1/.autopilot/db/myproject.pp.0.cpp:60221:9: note: FIX-IT applied suggested code changes
/home/export/sallen2/synthesis_tools/quantized_cnn_final/myproject_prj/solution1/.autopilot/db/myproject.pp.0.cpp:60226:5: warning: Added loop label VITIS_LOOP_51_5:   [xilinx-label-all-loops]
    for (int i = 0; i < CONFIG_T::pad_right; i++) {
    ^~~
    VITIS_LOOP_51_5: 
/home/export/sallen2/synthesis_tools/quantized_cnn_final/myproject_prj/solution1/.autopilot/db/myproject.pp.0.cpp:60226:5: note: FIX-IT applied suggested code changes
/home/export/sallen2/synthesis_tools/quantized_cnn_final/myproject_prj/solution1/.autopilot/db/myproject.pp.0.cpp:60227:9: warning: Added loop label VITIS_LOOP_52_6:   [xilinx-label-all-loops]
        for (int j = 0; j < CONFIG_T::n_chan; j++) {
        ^~~
        VITIS_LOOP_52_6: 
/home/export/sallen2/synthesis_tools/quantized_cnn_final/myproject_prj/solution1/.autopilot/db/myproject.pp.0.cpp:60227:9: note: FIX-IT applied suggested code changes
/home/export/sallen2/synthesis_tools/quantized_cnn_final/myproject_prj/solution1/.autopilot/db/myproject.pp.0.cpp:60250:2: warning: Added loop label VITIS_LOOP_75_1:   [xilinx-label-all-loops]
 for (int k = 0; k < CONFIG_T::n_chan; k++) {
 ^~~
 VITIS_LOOP_75_1: 
/home/export/sallen2/synthesis_tools/quantized_cnn_final/myproject_prj/solution1/.autopilot/db/myproject.pp.0.cpp:60250:2: note: FIX-IT applied suggested code changes
/home/export/sallen2/synthesis_tools/quantized_cnn_final/myproject_prj/solution1/.autopilot/db/myproject.pp.0.cpp:60252:9: warning: Added loop label VITIS_LOOP_77_2:   [xilinx-label-all-loops]
        for (int i = 0; i < CONFIG_T::pad_top; i++) {
        ^~~
        VITIS_LOOP_77_2: 
/home/export/sallen2/synthesis_tools/quantized_cnn_final/myproject_prj/solution1/.autopilot/db/myproject.pp.0.cpp:60252:9: note: FIX-IT applied suggested code changes
/home/export/sallen2/synthesis_tools/quantized_cnn_final/myproject_prj/solution1/.autopilot/db/myproject.pp.0.cpp:60253:13: warning: Added loop label VITIS_LOOP_78_3:   [xilinx-label-all-loops]
            for (int j = 0; j < CONFIG_T::out_width; j++) {
            ^~~
            VITIS_LOOP_78_3: 
/home/export/sallen2/synthesis_tools/quantized_cnn_final/myproject_prj/solution1/.autopilot/db/myproject.pp.0.cpp:60253:13: note: FIX-IT applied suggested code changes
/home/export/sallen2/synthesis_tools/quantized_cnn_final/myproject_prj/solution1/.autopilot/db/myproject.pp.0.cpp:60258:9: warning: Added loop label VITIS_LOOP_83_4:   [xilinx-label-all-loops]
        for (int i = 0; i < CONFIG_T::in_height; i++) {
        ^~~
        VITIS_LOOP_83_4: 
/home/export/sallen2/synthesis_tools/quantized_cnn_final/myproject_prj/solution1/.autopilot/db/myproject.pp.0.cpp:60258:9: note: FIX-IT applied suggested code changes
/home/export/sallen2/synthesis_tools/quantized_cnn_final/myproject_prj/solution1/.autopilot/db/myproject.pp.0.cpp:60259:13: warning: Added loop label VITIS_LOOP_84_5:   [xilinx-label-all-loops]
            for (int j = 0; j < CONFIG_T::pad_left; j++) {
            ^~~
            VITIS_LOOP_84_5: 
/home/export/sallen2/synthesis_tools/quantized_cnn_final/myproject_prj/solution1/.autopilot/db/myproject.pp.0.cpp:60259:13: note: FIX-IT applied suggested code changes
/home/export/sallen2/synthesis_tools/quantized_cnn_final/myproject_prj/solution1/.autopilot/db/myproject.pp.0.cpp:60262:13: warning: Added loop label VITIS_LOOP_87_6:   [xilinx-label-all-loops]
            for (int j = 0; j < CONFIG_T::in_width; j++) {
            ^~~
            VITIS_LOOP_87_6: 
/home/export/sallen2/synthesis_tools/quantized_cnn_final/myproject_prj/solution1/.autopilot/db/myproject.pp.0.cpp:60262:13: note: FIX-IT applied suggested code changes
/home/export/sallen2/synthesis_tools/quantized_cnn_final/myproject_prj/solution1/.autopilot/db/myproject.pp.0.cpp:60265:13: warning: Added loop label VITIS_LOOP_90_7:   [xilinx-label-all-loops]
            for (int j = 0; j < CONFIG_T::pad_right; j++) {
            ^~~
            VITIS_LOOP_90_7: 
/home/export/sallen2/synthesis_tools/quantized_cnn_final/myproject_prj/solution1/.autopilot/db/myproject.pp.0.cpp:60265:13: note: FIX-IT applied suggested code changes
/home/export/sallen2/synthesis_tools/quantized_cnn_final/myproject_prj/solution1/.autopilot/db/myproject.pp.0.cpp:60270:9: warning: Added loop label VITIS_LOOP_95_8:   [xilinx-label-all-loops]
        for (int i = 0; i < CONFIG_T::pad_bottom; i++) {
        ^~~
        VITIS_LOOP_95_8: 
/home/export/sallen2/synthesis_tools/quantized_cnn_final/myproject_prj/solution1/.autopilot/db/myproject.pp.0.cpp:60270:9: note: FIX-IT applied suggested code changes
/home/export/sallen2/synthesis_tools/quantized_cnn_final/myproject_prj/solution1/.autopilot/db/myproject.pp.0.cpp:60271:13: warning: Added loop label VITIS_LOOP_96_9:   [xilinx-label-all-loops]
            for (int j = 0; j < CONFIG_T::out_width; j++) {
            ^~~
            VITIS_LOOP_96_9: 
/home/export/sallen2/synthesis_tools/quantized_cnn_final/myproject_prj/solution1/.autopilot/db/myproject.pp.0.cpp:60271:13: note: FIX-IT applied suggested code changes
/home/export/sallen2/synthesis_tools/quantized_cnn_final/myproject_prj/solution1/.autopilot/db/myproject.pp.0.cpp:60283:2: warning: Added loop label VITIS_LOOP_108_1:   [xilinx-label-all-loops]
 for (int i = 0; i < CONFIG_T::pad_top; i++) {
 ^~~
 VITIS_LOOP_108_1: 
/home/export/sallen2/synthesis_tools/quantized_cnn_final/myproject_prj/solution1/.autopilot/db/myproject.pp.0.cpp:60283:2: note: FIX-IT applied suggested code changes
/home/export/sallen2/synthesis_tools/quantized_cnn_final/myproject_prj/solution1/.autopilot/db/myproject.pp.0.cpp:60284:9: warning: Added loop label VITIS_LOOP_109_2:   [xilinx-label-all-loops]
        for (int j = 0; j < CONFIG_T::out_width; j++) {
        ^~~
        VITIS_LOOP_109_2: 
/home/export/sallen2/synthesis_tools/quantized_cnn_final/myproject_prj/solution1/.autopilot/db/myproject.pp.0.cpp:60284:9: note: FIX-IT applied suggested code changes
/home/export/sallen2/synthesis_tools/quantized_cnn_final/myproject_prj/solution1/.autopilot/db/myproject.pp.0.cpp:60285:13: warning: Added loop label VITIS_LOOP_110_3:   [xilinx-label-all-loops]
            for (int k = 0; k < CONFIG_T::n_chan; k++) {
            ^~~
            VITIS_LOOP_110_3: 
/home/export/sallen2/synthesis_tools/quantized_cnn_final/myproject_prj/solution1/.autopilot/db/myproject.pp.0.cpp:60285:13: note: FIX-IT applied suggested code changes
/home/export/sallen2/synthesis_tools/quantized_cnn_final/myproject_prj/solution1/.autopilot/db/myproject.pp.0.cpp:60291:5: warning: Added loop label VITIS_LOOP_116_4:   [xilinx-label-all-loops]
    for (int i = 0; i < CONFIG_T::in_height; i++) {
    ^~~
    VITIS_LOOP_116_4: 
/home/export/sallen2/synthesis_tools/quantized_cnn_final/myproject_prj/solution1/.autopilot/db/myproject.pp.0.cpp:60291:5: note: FIX-IT applied suggested code changes
/home/export/sallen2/synthesis_tools/quantized_cnn_final/myproject_prj/solution1/.autopilot/db/myproject.pp.0.cpp:60292:9: warning: Added loop label VITIS_LOOP_117_5:   [xilinx-label-all-loops]
        for (int j = 0; j < CONFIG_T::pad_left; j++) {
        ^~~
        VITIS_LOOP_117_5: 
/home/export/sallen2/synthesis_tools/quantized_cnn_final/myproject_prj/solution1/.autopilot/db/myproject.pp.0.cpp:60292:9: note: FIX-IT applied suggested code changes
/home/export/sallen2/synthesis_tools/quantized_cnn_final/myproject_prj/solution1/.autopilot/db/myproject.pp.0.cpp:60293:13: warning: Added loop label VITIS_LOOP_118_6:   [xilinx-label-all-loops]
            for (int k = 0; k < CONFIG_T::n_chan; k++) {
            ^~~
            VITIS_LOOP_118_6: 
/home/export/sallen2/synthesis_tools/quantized_cnn_final/myproject_prj/solution1/.autopilot/db/myproject.pp.0.cpp:60293:13: note: FIX-IT applied suggested code changes
/home/export/sallen2/synthesis_tools/quantized_cnn_final/myproject_prj/solution1/.autopilot/db/myproject.pp.0.cpp:60297:9: warning: Added loop label VITIS_LOOP_122_7:   [xilinx-label-all-loops]
        for (int j = 0; j < CONFIG_T::in_width; j++) {
        ^~~
        VITIS_LOOP_122_7: 
/home/export/sallen2/synthesis_tools/quantized_cnn_final/myproject_prj/solution1/.autopilot/db/myproject.pp.0.cpp:60297:9: note: FIX-IT applied suggested code changes
/home/export/sallen2/synthesis_tools/quantized_cnn_final/myproject_prj/solution1/.autopilot/db/myproject.pp.0.cpp:60298:13: warning: Added loop label VITIS_LOOP_123_8:   [xilinx-label-all-loops]
            for (int k = 0; k < CONFIG_T::n_chan; k++) {
            ^~~
            VITIS_LOOP_123_8: 
/home/export/sallen2/synthesis_tools/quantized_cnn_final/myproject_prj/solution1/.autopilot/db/myproject.pp.0.cpp:60298:13: note: FIX-IT applied suggested code changes
/home/export/sallen2/synthesis_tools/quantized_cnn_final/myproject_prj/solution1/.autopilot/db/myproject.pp.0.cpp:60302:9: warning: Added loop label VITIS_LOOP_127_9:   [xilinx-label-all-loops]
        for (int j = 0; j < CONFIG_T::pad_right; j++) {
        ^~~
        VITIS_LOOP_127_9: 
/home/export/sallen2/synthesis_tools/quantized_cnn_final/myproject_prj/solution1/.autopilot/db/myproject.pp.0.cpp:60302:9: note: FIX-IT applied suggested code changes
/home/export/sallen2/synthesis_tools/quantized_cnn_final/myproject_prj/solution1/.autopilot/db/myproject.pp.0.cpp:60303:13: warning: Added loop label VITIS_LOOP_128_10:   [xilinx-label-all-loops]
            for (int k = 0; k < CONFIG_T::n_chan; k++) {
            ^~~
            VITIS_LOOP_128_10: 
/home/export/sallen2/synthesis_tools/quantized_cnn_final/myproject_prj/solution1/.autopilot/db/myproject.pp.0.cpp:60303:13: note: FIX-IT applied suggested code changes
/home/export/sallen2/synthesis_tools/quantized_cnn_final/myproject_prj/solution1/.autopilot/db/myproject.pp.0.cpp:60309:5: warning: Added loop label VITIS_LOOP_134_11:   [xilinx-label-all-loops]
    for (int i = 0; i < CONFIG_T::pad_bottom; i++) {
    ^~~
    VITIS_LOOP_134_11: 
/home/export/sallen2/synthesis_tools/quantized_cnn_final/myproject_prj/solution1/.autopilot/db/myproject.pp.0.cpp:60309:5: note: FIX-IT applied suggested code changes
/home/export/sallen2/synthesis_tools/quantized_cnn_final/myproject_prj/solution1/.autopilot/db/myproject.pp.0.cpp:60310:9: warning: Added loop label VITIS_LOOP_135_12:   [xilinx-label-all-loops]
        for (int j = 0; j < CONFIG_T::out_width; j++) {
        ^~~
        VITIS_LOOP_135_12: 
/home/export/sallen2/synthesis_tools/quantized_cnn_final/myproject_prj/solution1/.autopilot/db/myproject.pp.0.cpp:60310:9: note: FIX-IT applied suggested code changes
/home/export/sallen2/synthesis_tools/quantized_cnn_final/myproject_prj/solution1/.autopilot/db/myproject.pp.0.cpp:60311:13: warning: Added loop label VITIS_LOOP_136_13:   [xilinx-label-all-loops]
            for (int k = 0; k < CONFIG_T::n_chan; k++) {
            ^~~
            VITIS_LOOP_136_13: 
/home/export/sallen2/synthesis_tools/quantized_cnn_final/myproject_prj/solution1/.autopilot/db/myproject.pp.0.cpp:60311:13: note: FIX-IT applied suggested code changes
/home/export/sallen2/synthesis_tools/quantized_cnn_final/myproject_prj/solution1/.autopilot/db/myproject.pp.0.cpp:60332:5: warning: Added loop label VITIS_LOOP_11_1:   [xilinx-label-all-loops]
    for (int c = 0; c < CONFIG_T::n_chan; c++) {
    ^~~
    VITIS_LOOP_11_1: 
/home/export/sallen2/synthesis_tools/quantized_cnn_final/myproject_prj/solution1/.autopilot/db/myproject.pp.0.cpp:60332:5: note: FIX-IT applied suggested code changes
/home/export/sallen2/synthesis_tools/quantized_cnn_final/myproject_prj/solution1/.autopilot/db/myproject.pp.0.cpp:60343:5: warning: Added loop label VITIS_LOOP_22_1:   [xilinx-label-all-loops]
    for (int c = 0; c < CONFIG_T::n_chan; c++) {
    ^~~
    VITIS_LOOP_22_1: 
/home/export/sallen2/synthesis_tools/quantized_cnn_final/myproject_prj/solution1/.autopilot/db/myproject.pp.0.cpp:60343:5: note: FIX-IT applied suggested code changes
