

================================================================
== Vitis HLS Report for 'hard_sigmoid_array_array_ap_ufixed_8_0_4_0_0_1u_hard_sigmoid_config17_s'
================================================================
* Date:           Wed May  6 12:31:52 2026

* Version:        2023.1 (Build 3854077 on May  4 2023)
* Project:        myproject_prj
* Solution:       solution1 (Vivado IP Flow Target)
* Product family: zynquplusRFSOC
* Target device:  xczu49dr-ffvf1760-2-e


================================================================
== Performance Estimates
================================================================
+ Timing: 
    * Summary: 
    +--------+---------+----------+------------+
    |  Clock |  Target | Estimated| Uncertainty|
    +--------+---------+----------+------------+
    |ap_clk  |  5.00 ns|  3.156 ns|     1.35 ns|
    +--------+---------+----------+------------+

+ Latency: 
    * Summary: 
    +---------+---------+----------+----------+-----+-----+---------+
    |  Latency (cycles) |  Latency (absolute) |  Interval | Pipeline|
    |   min   |   max   |    min   |    max   | min | max |   Type  |
    +---------+---------+----------+----------+-----+-----+---------+
    |       84|       84|  0.420 us|  0.420 us|   84|   84|       no|
    +---------+---------+----------+----------+-----+-----+---------+

    + Detail: 
        * Instance: 
        N/A

        * Loop: 
        +----------------------+---------+---------+----------+-----------+-----------+------+----------+
        |                      |  Latency (cycles) | Iteration|  Initiation Interval  | Trip |          |
        |       Loop Name      |   min   |   max   |  Latency |  achieved |   target  | Count| Pipelined|
        +----------------------+---------+---------+----------+-----------+-----------+------+----------+
        |- HardSigmoidActLoop  |       82|       82|         4|          1|          1|    80|       yes|
        +----------------------+---------+---------+----------+-----------+-----------+------+----------+

============================================================
+ Verbose Summary: Synthesis Manager
============================================================
InlineROM: 1
ExposeGlobal: 0
============================================================
+ Verbose Summary: CDFG Model
============================================================
IsTopModel: 0
ResetActiveHigh: 1
IsCombinational: 2
IsDatapathOnly: 0
HasWiredReturn: 1
HasMFsm: 2
HasVarLatency: 1
IsPipeline: 0
IsRtlPipelined: 0
IsInstanceOverlapped: 0
IsDontTouch: 0
HasImplIP: 0
IsGatedGlobalClock: 0

+ Individual pipeline summary: 
  * Pipeline-0: initiation interval (II) = 1, depth = 4


============================================================
+ Verbose Summary: Schedule
============================================================
* Number of FSM states : 4
* Pipeline : 1
  Pipeline-0 : II = 1, D = 4, States = { 1 2 3 4 }
* Dataflow Pipeline: 0

* FSM state transitions: 
1 --> 2 
2 --> 3 
3 --> 4 
4 --> 

* FSM state operations: 

State 1 <SV = 0> <Delay = 1.20>
ST_1 : Operation 7 [1/1] (0.00ns)   --->   "%i = alloca i32 1"   --->   Operation 7 'alloca' 'i' <Predicate = true> <Delay = 0.00>
ST_1 : Operation 8 [1/1] (0.00ns)   --->   "%specinterface_ln0 = specinterface void @_ssdm_op_SpecInterface, i20 %layer15_out, void @empty_2, i32 0, i32 0, void @empty_1, i32 0, i32 0, void @empty_1, void @empty_1, void @empty_1, i32 0, i32 0, i32 0, i32 0, void @empty_1, void @empty_1, i32 4294967295, i32 0"   --->   Operation 8 'specinterface' 'specinterface_ln0' <Predicate = true> <Delay = 0.00>
ST_1 : Operation 9 [1/1] (0.00ns)   --->   "%specinterface_ln0 = specinterface void @_ssdm_op_SpecInterface, i8 %layer17_out, void @empty, i32 1, i32 1, void @empty_0, i32 0, i32 0, void @empty_1, void @empty_1, void @empty_1, i32 0, i32 0, i32 0, i32 0, void @empty_1, void @empty_1, i32 4294967295, i32 0"   --->   Operation 9 'specinterface' 'specinterface_ln0' <Predicate = true> <Delay = 0.00>
ST_1 : Operation 10 [1/1] (0.42ns)   --->   "%store_ln448 = store i7 0, i7 %i" [firmware/nnet_utils/nnet_activation_stream.h:448]   --->   Operation 10 'store' 'store_ln448' <Predicate = true> <Delay = 0.42>
ST_1 : Operation 11 [1/1] (0.00ns)   --->   "%br_ln448 = br void %for.body4" [firmware/nnet_utils/nnet_activation_stream.h:448]   --->   Operation 11 'br' 'br_ln448' <Predicate = true> <Delay = 0.00>
ST_1 : Operation 12 [1/1] (0.00ns)   --->   "%i_17 = load i7 %i" [firmware/nnet_utils/nnet_activation_stream.h:448]   --->   Operation 12 'load' 'i_17' <Predicate = true> <Delay = 0.00>
ST_1 : Operation 13 [1/1] (0.77ns)   --->   "%icmp_ln448 = icmp_eq  i7 %i_17, i7 80" [firmware/nnet_utils/nnet_activation_stream.h:448]   --->   Operation 13 'icmp' 'icmp_ln448' <Predicate = true> <Delay = 0.77> <CoreInst = "Cmp">   --->   Core 9 'Cmp' <Latency = 0> <II = 1> <Delay = 0.77> <FuncUnit> <Opcode : 'icmp'> <InPorts = 2> <OutPorts = 1>
ST_1 : Operation 14 [1/1] (0.77ns)   --->   "%i_18 = add i7 %i_17, i7 1" [firmware/nnet_utils/nnet_activation_stream.h:448]   --->   Operation 14 'add' 'i_18' <Predicate = true> <Delay = 0.77> <CoreInst = "Adder">   --->   Core 1 'Adder' <Latency = 0> <II = 1> <Delay = 0.77> <FuncUnit> <Opcode : 'add' 'sub'> <InPorts = 2> <OutPorts = 1>
ST_1 : Operation 15 [1/1] (0.00ns)   --->   "%br_ln448 = br i1 %icmp_ln448, void %for.body4.split_ifconv, void %for.end15" [firmware/nnet_utils/nnet_activation_stream.h:448]   --->   Operation 15 'br' 'br_ln448' <Predicate = true> <Delay = 0.00>
ST_1 : Operation 16 [1/1] (0.42ns)   --->   "%store_ln448 = store i7 %i_18, i7 %i" [firmware/nnet_utils/nnet_activation_stream.h:448]   --->   Operation 16 'store' 'store_ln448' <Predicate = (!icmp_ln448)> <Delay = 0.42>

State 2 <SV = 1> <Delay = 2.53>
ST_2 : Operation 17 [1/1] (1.63ns)   --->   "%layer15_out_read = read i20 @_ssdm_op_Read.ap_fifo.volatile.i20P0A, i20 %layer15_out" [firmware/nnet_utils/nnet_activation_stream.h:451]   --->   Operation 17 'read' 'layer15_out_read' <Predicate = true> <Delay = 1.63> <CoreInst = "FIFO">   --->   Core 78 'FIFO' <Latency = 0> <II = 1> <Delay = 1.63> <Storage> <Opcode : 'read' 'write' 'nbread' 'nbwrite'> <Ports = 0> <Width = 20> <Depth = 80> <FIFO>
ST_2 : Operation 18 [1/1] (0.00ns)   --->   "%shl_ln = bitconcatenate i21 @_ssdm_op_BitConcatenate.i21.i20.i1, i20 %layer15_out_read, i1 0" [firmware/nnet_utils/nnet_activation_stream.h:458]   --->   Operation 18 'bitconcatenate' 'shl_ln' <Predicate = true> <Delay = 0.00>
ST_2 : Operation 19 [1/1] (0.00ns)   --->   "%sext_ln458 = sext i21 %shl_ln" [firmware/nnet_utils/nnet_activation_stream.h:458]   --->   Operation 19 'sext' 'sext_ln458' <Predicate = true> <Delay = 0.00>
ST_2 : Operation 20 [1/1] (0.00ns)   --->   "%trunc_ln458 = trunc i20 %layer15_out_read" [firmware/nnet_utils/nnet_activation_stream.h:458]   --->   Operation 20 'trunc' 'trunc_ln458' <Predicate = true> <Delay = 0.00>
ST_2 : Operation 21 [1/1] (0.00ns)   --->   "%trunc_ln458_3 = bitconcatenate i14 @_ssdm_op_BitConcatenate.i14.i13.i1, i13 %trunc_ln458, i1 0" [firmware/nnet_utils/nnet_activation_stream.h:458]   --->   Operation 21 'bitconcatenate' 'trunc_ln458_3' <Predicate = true> <Delay = 0.00>
ST_2 : Operation 22 [1/1] (0.90ns)   --->   "%datareg = add i22 %sext_ln458, i22 4096" [firmware/nnet_utils/nnet_activation_stream.h:458]   --->   Operation 22 'add' 'datareg' <Predicate = true> <Delay = 0.90> <CoreInst = "Adder">   --->   Core 1 'Adder' <Latency = 0> <II = 1> <Delay = 0.90> <FuncUnit> <Opcode : 'add' 'sub'> <InPorts = 2> <OutPorts = 1>
ST_2 : Operation 23 [1/1] (0.83ns)   --->   "%add_ln458_1 = add i14 %trunc_ln458_3, i14 4096" [firmware/nnet_utils/nnet_activation_stream.h:458]   --->   Operation 23 'add' 'add_ln458_1' <Predicate = true> <Delay = 0.83> <CoreInst = "Adder">   --->   Core 1 'Adder' <Latency = 0> <II = 1> <Delay = 0.83> <FuncUnit> <Opcode : 'add' 'sub'> <InPorts = 2> <OutPorts = 1>

State 3 <SV = 2> <Delay = 3.15>
ST_3 : Operation 24 [1/1] (0.91ns)   --->   "%icmp_ln459 = icmp_sgt  i22 %datareg, i22 8192" [firmware/nnet_utils/nnet_activation_stream.h:459]   --->   Operation 24 'icmp' 'icmp_ln459' <Predicate = true> <Delay = 0.91> <CoreInst = "Cmp">   --->   Core 9 'Cmp' <Latency = 0> <II = 1> <Delay = 0.91> <FuncUnit> <Opcode : 'icmp'> <InPorts = 2> <OutPorts = 1>
ST_3 : Operation 25 [1/1] (0.00ns) (grouped into LUT with out node datareg_1)   --->   "%tmp = bitselect i1 @_ssdm_op_BitSelect.i1.i22.i32, i22 %datareg, i32 21" [firmware/nnet_utils/nnet_activation_stream.h:461]   --->   Operation 25 'bitselect' 'tmp' <Predicate = true> <Delay = 0.00>
ST_3 : Operation 26 [1/1] (0.00ns) (grouped into LUT with out node datareg_1)   --->   "%select_ln459 = select i1 %icmp_ln459, i14 8192, i14 0" [firmware/nnet_utils/nnet_activation_stream.h:459]   --->   Operation 26 'select' 'select_ln459' <Predicate = true> <Delay = 0.00> <CoreInst = "Sel">   --->   Core 73 'Sel' <Latency = 0> <II = 1> <Delay = 0.23> <FuncUnit> <Opcode : 'select'> <InPorts = 3> <OutPorts = 1>
ST_3 : Operation 27 [1/1] (0.00ns) (grouped into LUT with out node datareg_1)   --->   "%or_ln459 = or i1 %icmp_ln459, i1 %tmp" [firmware/nnet_utils/nnet_activation_stream.h:459]   --->   Operation 27 'or' 'or_ln459' <Predicate = true> <Delay = 0.00> <CoreInst = "LogicGate">   --->   Core 74 'LogicGate' <Latency = 0> <II = 1> <Delay = 0.28> <FuncUnit> <Opcode : 'and' 'or' 'xor'> <InPorts = 2> <OutPorts = 1>
ST_3 : Operation 28 [1/1] (0.28ns) (out node of the LUT)   --->   "%datareg_1 = select i1 %or_ln459, i14 %select_ln459, i14 %add_ln458_1" [firmware/nnet_utils/nnet_activation_stream.h:458]   --->   Operation 28 'select' 'datareg_1' <Predicate = true> <Delay = 0.28> <CoreInst = "Sel">   --->   Core 73 'Sel' <Latency = 0> <II = 1> <Delay = 0.23> <FuncUnit> <Opcode : 'select'> <InPorts = 3> <OutPorts = 1>
ST_3 : Operation 29 [1/1] (0.00ns) (grouped into LUT with out node add_ln463)   --->   "%trunc_ln = partselect i8 @_ssdm_op_PartSelect.i8.i14.i32.i32, i14 %datareg_1, i32 5, i32 12" [firmware/nnet_utils/nnet_activation_stream.h:463]   --->   Operation 29 'partselect' 'trunc_ln' <Predicate = true> <Delay = 0.00>
ST_3 : Operation 30 [1/1] (0.00ns) (grouped into LUT with out node add_ln463)   --->   "%tmp_764 = bitselect i1 @_ssdm_op_BitSelect.i1.i14.i32, i14 %datareg_1, i32 5" [firmware/nnet_utils/nnet_activation_stream.h:463]   --->   Operation 30 'bitselect' 'tmp_764' <Predicate = true> <Delay = 0.00>
ST_3 : Operation 31 [1/1] (0.00ns) (grouped into LUT with out node add_ln463)   --->   "%tmp_765 = bitselect i1 @_ssdm_op_BitSelect.i1.i14.i32, i14 %datareg_1, i32 4" [firmware/nnet_utils/nnet_activation_stream.h:463]   --->   Operation 31 'bitselect' 'tmp_765' <Predicate = true> <Delay = 0.00>
ST_3 : Operation 32 [1/1] (0.00ns)   --->   "%trunc_ln463 = trunc i14 %datareg_1" [firmware/nnet_utils/nnet_activation_stream.h:463]   --->   Operation 32 'trunc' 'trunc_ln463' <Predicate = true> <Delay = 0.00>
ST_3 : Operation 33 [1/1] (0.79ns)   --->   "%icmp_ln463 = icmp_ne  i4 %trunc_ln463, i4 0" [firmware/nnet_utils/nnet_activation_stream.h:463]   --->   Operation 33 'icmp' 'icmp_ln463' <Predicate = true> <Delay = 0.79> <CoreInst = "Cmp">   --->   Core 9 'Cmp' <Latency = 0> <II = 1> <Delay = 0.79> <FuncUnit> <Opcode : 'icmp'> <InPorts = 2> <OutPorts = 1>
ST_3 : Operation 34 [1/1] (0.00ns) (grouped into LUT with out node add_ln463)   --->   "%or_ln463 = or i1 %tmp_764, i1 %icmp_ln463" [firmware/nnet_utils/nnet_activation_stream.h:463]   --->   Operation 34 'or' 'or_ln463' <Predicate = true> <Delay = 0.00> <CoreInst = "LogicGate">   --->   Core 74 'LogicGate' <Latency = 0> <II = 1> <Delay = 0.28> <FuncUnit> <Opcode : 'and' 'or' 'xor'> <InPorts = 2> <OutPorts = 1>
ST_3 : Operation 35 [1/1] (0.00ns) (grouped into LUT with out node add_ln463)   --->   "%and_ln463 = and i1 %or_ln463, i1 %tmp_765" [firmware/nnet_utils/nnet_activation_stream.h:463]   --->   Operation 35 'and' 'and_ln463' <Predicate = true> <Delay = 0.00> <CoreInst = "LogicGate">   --->   Core 74 'LogicGate' <Latency = 0> <II = 1> <Delay = 0.28> <FuncUnit> <Opcode : 'and' 'or' 'xor'> <InPorts = 2> <OutPorts = 1>
ST_3 : Operation 36 [1/1] (0.00ns) (grouped into LUT with out node add_ln463)   --->   "%zext_ln463 = zext i1 %and_ln463" [firmware/nnet_utils/nnet_activation_stream.h:463]   --->   Operation 36 'zext' 'zext_ln463' <Predicate = true> <Delay = 0.00>
ST_3 : Operation 37 [1/1] (0.76ns) (out node of the LUT)   --->   "%add_ln463 = add i8 %trunc_ln, i8 %zext_ln463" [firmware/nnet_utils/nnet_activation_stream.h:463]   --->   Operation 37 'add' 'add_ln463' <Predicate = true> <Delay = 0.76> <CoreInst = "Adder">   --->   Core 1 'Adder' <Latency = 0> <II = 1> <Delay = 0.76> <FuncUnit> <Opcode : 'add' 'sub'> <InPorts = 2> <OutPorts = 1>
ST_3 : Operation 38 [1/1] (0.00ns) (grouped into LUT with out node select_ln463)   --->   "%tmp_766 = bitselect i1 @_ssdm_op_BitSelect.i1.i14.i32, i14 %datareg_1, i32 13" [firmware/nnet_utils/nnet_activation_stream.h:463]   --->   Operation 38 'bitselect' 'tmp_766' <Predicate = true> <Delay = 0.00>
ST_3 : Operation 39 [1/1] (0.00ns) (grouped into LUT with out node select_ln463)   --->   "%xor_ln463 = xor i1 %tmp_766, i1 1" [firmware/nnet_utils/nnet_activation_stream.h:463]   --->   Operation 39 'xor' 'xor_ln463' <Predicate = true> <Delay = 0.00> <CoreInst = "LogicGate">   --->   Core 74 'LogicGate' <Latency = 0> <II = 1> <Delay = 0.28> <FuncUnit> <Opcode : 'and' 'or' 'xor'> <InPorts = 2> <OutPorts = 1>
ST_3 : Operation 40 [1/1] (0.00ns) (grouped into LUT with out node select_ln463)   --->   "%tmp_767 = bitselect i1 @_ssdm_op_BitSelect.i1.i8.i32, i8 %add_ln463, i32 7" [firmware/nnet_utils/nnet_activation_stream.h:463]   --->   Operation 40 'bitselect' 'tmp_767' <Predicate = true> <Delay = 0.00>
ST_3 : Operation 41 [1/1] (0.00ns) (grouped into LUT with out node select_ln463)   --->   "%tmp_768 = bitselect i1 @_ssdm_op_BitSelect.i1.i14.i32, i14 %datareg_1, i32 12" [firmware/nnet_utils/nnet_activation_stream.h:463]   --->   Operation 41 'bitselect' 'tmp_768' <Predicate = true> <Delay = 0.00>
ST_3 : Operation 42 [1/1] (0.00ns) (grouped into LUT with out node select_ln463)   --->   "%xor_ln463_1 = xor i1 %tmp_768, i1 1" [firmware/nnet_utils/nnet_activation_stream.h:463]   --->   Operation 42 'xor' 'xor_ln463_1' <Predicate = true> <Delay = 0.00> <CoreInst = "LogicGate">   --->   Core 74 'LogicGate' <Latency = 0> <II = 1> <Delay = 0.28> <FuncUnit> <Opcode : 'and' 'or' 'xor'> <InPorts = 2> <OutPorts = 1>
ST_3 : Operation 43 [1/1] (0.00ns) (grouped into LUT with out node select_ln463)   --->   "%or_ln463_1 = or i1 %tmp_767, i1 %xor_ln463_1" [firmware/nnet_utils/nnet_activation_stream.h:463]   --->   Operation 43 'or' 'or_ln463_1' <Predicate = true> <Delay = 0.00> <CoreInst = "LogicGate">   --->   Core 74 'LogicGate' <Latency = 0> <II = 1> <Delay = 0.28> <FuncUnit> <Opcode : 'and' 'or' 'xor'> <InPorts = 2> <OutPorts = 1>
ST_3 : Operation 44 [1/1] (0.00ns) (grouped into LUT with out node select_ln463)   --->   "%and_ln463_1 = and i1 %or_ln463_1, i1 %xor_ln463" [firmware/nnet_utils/nnet_activation_stream.h:463]   --->   Operation 44 'and' 'and_ln463_1' <Predicate = true> <Delay = 0.00> <CoreInst = "LogicGate">   --->   Core 74 'LogicGate' <Latency = 0> <II = 1> <Delay = 0.28> <FuncUnit> <Opcode : 'and' 'or' 'xor'> <InPorts = 2> <OutPorts = 1>
ST_3 : Operation 45 [1/1] (0.39ns) (out node of the LUT)   --->   "%select_ln463 = select i1 %and_ln463_1, i8 %add_ln463, i8 255" [firmware/nnet_utils/nnet_activation_stream.h:463]   --->   Operation 45 'select' 'select_ln463' <Predicate = true> <Delay = 0.39> <CoreInst = "Sel">   --->   Core 73 'Sel' <Latency = 0> <II = 1> <Delay = 0.39> <FuncUnit> <Opcode : 'select'> <InPorts = 3> <OutPorts = 1>
ST_3 : Operation 46 [2/2] (0.00ns)   --->   "%write_ln466 = write void @_ssdm_op_Write.axis.volatile.i8P128A, i8 %layer17_out, i8 %select_ln463" [firmware/nnet_utils/nnet_activation_stream.h:466]   --->   Operation 46 'write' 'write_ln466' <Predicate = true> <Delay = 0.00> <CoreInst = "axis">   --->   Core 123 'axis' <Latency = 0> <II = 1> <Delay = 1.00> <Adapter> <Opcode : >
ST_3 : Operation 52 [1/1] (0.00ns)   --->   "%ret_ln468 = ret" [firmware/nnet_utils/nnet_activation_stream.h:468]   --->   Operation 52 'ret' 'ret_ln468' <Predicate = (icmp_ln448)> <Delay = 0.00>

State 4 <SV = 3> <Delay = 0.00>
ST_4 : Operation 47 [1/1] (0.00ns)   --->   "%specpipeline_ln449 = specpipeline void @_ssdm_op_SpecPipeline, i32 4294967295, i32 0, i32 0, i32 0, void @empty_1" [firmware/nnet_utils/nnet_activation_stream.h:449]   --->   Operation 47 'specpipeline' 'specpipeline_ln449' <Predicate = true> <Delay = 0.00>
ST_4 : Operation 48 [1/1] (0.00ns)   --->   "%speclooptripcount_ln448 = speclooptripcount void @_ssdm_op_SpecLoopTripCount, i64 80, i64 80, i64 80" [firmware/nnet_utils/nnet_activation_stream.h:448]   --->   Operation 48 'speclooptripcount' 'speclooptripcount_ln448' <Predicate = true> <Delay = 0.00>
ST_4 : Operation 49 [1/1] (0.00ns)   --->   "%specloopname_ln448 = specloopname void @_ssdm_op_SpecLoopName, void @empty_8" [firmware/nnet_utils/nnet_activation_stream.h:448]   --->   Operation 49 'specloopname' 'specloopname_ln448' <Predicate = true> <Delay = 0.00>
ST_4 : Operation 50 [1/2] (0.00ns)   --->   "%write_ln466 = write void @_ssdm_op_Write.axis.volatile.i8P128A, i8 %layer17_out, i8 %select_ln463" [firmware/nnet_utils/nnet_activation_stream.h:466]   --->   Operation 50 'write' 'write_ln466' <Predicate = true> <Delay = 0.00> <CoreInst = "axis">   --->   Core 123 'axis' <Latency = 0> <II = 1> <Delay = 1.00> <Adapter> <Opcode : >
ST_4 : Operation 51 [1/1] (0.00ns)   --->   "%br_ln448 = br void %for.body4" [firmware/nnet_utils/nnet_activation_stream.h:448]   --->   Operation 51 'br' 'br_ln448' <Predicate = true> <Delay = 0.00>


============================================================
+ Verbose Summary: Timing violations
============================================================
Target clock period: 5.000ns, clock uncertainty: 1.350ns.

 <State 1>: 1.200ns
The critical path consists of the following:
	'alloca' operation ('i') [3]  (0.000 ns)
	'load' operation ('i', firmware/nnet_utils/nnet_activation_stream.h:448) on local variable 'i' [9]  (0.000 ns)
	'add' operation ('i', firmware/nnet_utils/nnet_activation_stream.h:448) [11]  (0.773 ns)
	'store' operation ('store_ln448', firmware/nnet_utils/nnet_activation_stream.h:448) of variable 'i', firmware/nnet_utils/nnet_activation_stream.h:448 on local variable 'i' [47]  (0.427 ns)

 <State 2>: 2.538ns
The critical path consists of the following:
	fifo read operation ('layer15_out_read', firmware/nnet_utils/nnet_activation_stream.h:451) on port 'layer15_out' (firmware/nnet_utils/nnet_activation_stream.h:451) [17]  (1.634 ns)
	'add' operation ('datareg', firmware/nnet_utils/nnet_activation_stream.h:458) [22]  (0.904 ns)

 <State 3>: 3.156ns
The critical path consists of the following:
	'icmp' operation ('icmp_ln459', firmware/nnet_utils/nnet_activation_stream.h:459) [24]  (0.914 ns)
	'select' operation ('select_ln459', firmware/nnet_utils/nnet_activation_stream.h:459) [26]  (0.000 ns)
	'select' operation ('datareg', firmware/nnet_utils/nnet_activation_stream.h:458) [28]  (0.287 ns)
	'icmp' operation ('icmp_ln463', firmware/nnet_utils/nnet_activation_stream.h:463) [33]  (0.797 ns)
	'or' operation ('or_ln463', firmware/nnet_utils/nnet_activation_stream.h:463) [34]  (0.000 ns)
	'and' operation ('and_ln463', firmware/nnet_utils/nnet_activation_stream.h:463) [35]  (0.000 ns)
	'add' operation ('add_ln463', firmware/nnet_utils/nnet_activation_stream.h:463) [37]  (0.765 ns)
	'select' operation ('select_ln463', firmware/nnet_utils/nnet_activation_stream.h:463) [45]  (0.393 ns)

 <State 4>: 0.000ns
The critical path consists of the following:


============================================================
+ Verbose Summary: Binding
============================================================
N/A
* FSMD analyzer results:
  - Output states:
 - Input state : 
  - Chain level:
	State 1
	State 2
	State 3
	State 4


============================================================
+ Verbose Summary: Datapath Resource usage 
============================================================
N/A
