

================================================================
== Vitis HLS Report for 'hard_sigmoid_array_array_ap_ufixed_8_0_4_0_0_1u_hard_sigmoid_config17_s'
================================================================
* Date:           Wed May  6 12:33:09 2026

* Version:        2023.1 (Build 3854077 on May  4 2023)
* Project:        myproject_prj
* Solution:       solution1 (Vivado IP Flow Target)
* Product family: zynquplusRFSOC
* Target device:  xczu49dr-ffvf1760-2-e


================================================================
== Performance Estimates
================================================================
+ Timing: 
    * Summary: 
    +--------+---------+----------+------------+
    |  Clock |  Target | Estimated| Uncertainty|
    +--------+---------+----------+------------+
    |ap_clk  |  5.00 ns|  3.156 ns|     1.35 ns|
    +--------+---------+----------+------------+

+ Latency: 
    * Summary: 
    +---------+---------+----------+----------+-----+-----+---------+
    |  Latency (cycles) |  Latency (absolute) |  Interval | Pipeline|
    |   min   |   max   |    min   |    max   | min | max |   Type  |
    +---------+---------+----------+----------+-----+-----+---------+
    |       84|       84|  0.420 us|  0.420 us|   84|   84|       no|
    +---------+---------+----------+----------+-----+-----+---------+

    + Detail: 
        * Instance: 
        N/A

        * Loop: 
        +----------------------+---------+---------+----------+-----------+-----------+------+----------+
        |                      |  Latency (cycles) | Iteration|  Initiation Interval  | Trip |          |
        |       Loop Name      |   min   |   max   |  Latency |  achieved |   target  | Count| Pipelined|
        +----------------------+---------+---------+----------+-----------+-----------+------+----------+
        |- HardSigmoidActLoop  |       82|       82|         4|          1|          1|    80|       yes|
        +----------------------+---------+---------+----------+-----------+-----------+------+----------+



================================================================
== Utilization Estimates
================================================================
* Summary: 
+-----------------+---------+------+--------+--------+-----+
|       Name      | BRAM_18K|  DSP |   FF   |   LUT  | URAM|
+-----------------+---------+------+--------+--------+-----+
|DSP              |        -|     -|       -|       -|    -|
|Expression       |        -|     -|       0|     193|    -|
|FIFO             |        -|     -|       -|       -|    -|
|Instance         |        -|     -|       -|       -|    -|
|Memory           |        -|     -|       -|       -|    -|
|Multiplexer      |        -|     -|       -|      54|    -|
|Register         |        -|     -|      48|       -|    -|
+-----------------+---------+------+--------+--------+-----+
|Total            |        0|     0|      48|     247|    0|
+-----------------+---------+------+--------+--------+-----+
|Available        |     2160|  4272|  850560|  425280|   80|
+-----------------+---------+------+--------+--------+-----+
|Utilization (%)  |        0|     0|      ~0|      ~0|    0|
+-----------------+---------+------+--------+--------+-----+

+ Detail: 
    * Instance: 
    N/A

    * DSP: 
    N/A

    * Memory: 
    N/A

    * FIFO: 
    N/A

    * Expression: 
    +----------------------------------+----------+----+---+----+------------+------------+
    |           Variable Name          | Operation| DSP| FF| LUT| Bitwidth P0| Bitwidth P1|
    +----------------------------------+----------+----+---+----+------------+------------+
    |add_ln458_1_fu_154_p2             |         +|   0|  0|  21|          14|          13|
    |add_ln463_fu_245_p2               |         +|   0|  0|  15|           8|           8|
    |datareg_fu_148_p2                 |         +|   0|  0|  29|          22|          13|
    |i_18_fu_113_p2                    |         +|   0|  0|  14|           7|           1|
    |and_ln463_1_fu_293_p2             |       and|   0|  0|   2|           1|           1|
    |and_ln463_fu_235_p2               |       and|   0|  0|   2|           1|           1|
    |ap_condition_117                  |       and|   0|  0|   2|           1|           1|
    |icmp_ln448_fu_107_p2              |      icmp|   0|  0|  14|           7|           7|
    |icmp_ln459_fu_160_p2              |      icmp|   0|  0|  29|          22|          14|
    |icmp_ln463_fu_223_p2              |      icmp|   0|  0|  12|           4|           1|
    |ap_block_pp0_stage0_01001         |        or|   0|  0|   2|           1|           1|
    |ap_block_state3_pp0_stage0_iter2  |        or|   0|  0|   2|           1|           1|
    |or_ln459_fu_180_p2                |        or|   0|  0|   2|           1|           1|
    |or_ln463_1_fu_287_p2              |        or|   0|  0|   2|           1|           1|
    |or_ln463_fu_229_p2                |        or|   0|  0|   2|           1|           1|
    |datareg_1_fu_186_p3               |    select|   0|  0|  14|           1|          14|
    |layer17_out_TDATA_int_regslice    |    select|   0|  0|   8|           1|           8|
    |select_ln459_fu_172_p3            |    select|   0|  0|  15|           1|          15|
    |ap_enable_pp0                     |       xor|   0|  0|   2|           1|           2|
    |xor_ln463_1_fu_281_p2             |       xor|   0|  0|   2|           1|           2|
    |xor_ln463_fu_259_p2               |       xor|   0|  0|   2|           1|           2|
    +----------------------------------+----------+----+---+----+------------+------------+
    |Total                             |          |   0|  0| 193|          98|         108|
    +----------------------------------+----------+----+---+----+------------+------------+

    * Multiplexer: 
    +-------------------------+----+-----------+-----+-----------+
    |           Name          | LUT| Input Size| Bits| Total Bits|
    +-------------------------+----+-----------+-----+-----------+
    |ap_done_int              |   9|          2|    1|          2|
    |ap_enable_reg_pp0_iter1  |   9|          2|    1|          2|
    |ap_sig_allocacmp_i_17    |   9|          2|    7|         14|
    |i_fu_82                  |   9|          2|    7|         14|
    |layer15_out_blk_n        |   9|          2|    1|          2|
    |layer17_out_TDATA_blk_n  |   9|          2|    1|          2|
    +-------------------------+----+-----------+-----+-----------+
    |Total                    |  54|         12|   18|         36|
    +-------------------------+----+-----------+-----+-----------+

    * Register: 
    +----------------------------------+----+----+-----+-----------+
    |               Name               | FF | LUT| Bits| Const Bits|
    +----------------------------------+----+----+-----+-----------+
    |add_ln458_1_reg_325               |  13|   0|   14|          1|
    |ap_CS_fsm                         |   1|   0|    1|          0|
    |ap_done_reg                       |   1|   0|    1|          0|
    |ap_enable_reg_pp0_iter1           |   1|   0|    1|          0|
    |ap_enable_reg_pp0_iter2           |   1|   0|    1|          0|
    |ap_enable_reg_pp0_iter3           |   1|   0|    1|          0|
    |ap_loop_exit_ready_pp0_iter1_reg  |   1|   0|    1|          0|
    |ap_loop_exit_ready_pp0_iter2_reg  |   1|   0|    1|          0|
    |datareg_reg_319                   |  21|   0|   22|          1|
    |i_fu_82                           |   7|   0|    7|          0|
    +----------------------------------+----+----+-----+-----------+
    |Total                             |  48|   0|   50|          2|
    +----------------------------------+----+----+-----+-----------+



================================================================
== Interface
================================================================
* Summary: 
+----------------------------+-----+-----+------------+--------------------------------------------------------------------------+--------------+
|          RTL Ports         | Dir | Bits|  Protocol  |                               Source Object                              |    C Type    |
+----------------------------+-----+-----+------------+--------------------------------------------------------------------------+--------------+
|ap_clk                      |   in|    1|  ap_ctrl_hs|  hard_sigmoid<array,array<ap_ufixed<8,0,4,0,0>,1u>,hard_sigmoid_config17>|  return value|
|ap_rst                      |   in|    1|  ap_ctrl_hs|  hard_sigmoid<array,array<ap_ufixed<8,0,4,0,0>,1u>,hard_sigmoid_config17>|  return value|
|ap_start                    |   in|    1|  ap_ctrl_hs|  hard_sigmoid<array,array<ap_ufixed<8,0,4,0,0>,1u>,hard_sigmoid_config17>|  return value|
|ap_done                     |  out|    1|  ap_ctrl_hs|  hard_sigmoid<array,array<ap_ufixed<8,0,4,0,0>,1u>,hard_sigmoid_config17>|  return value|
|ap_continue                 |   in|    1|  ap_ctrl_hs|  hard_sigmoid<array,array<ap_ufixed<8,0,4,0,0>,1u>,hard_sigmoid_config17>|  return value|
|ap_idle                     |  out|    1|  ap_ctrl_hs|  hard_sigmoid<array,array<ap_ufixed<8,0,4,0,0>,1u>,hard_sigmoid_config17>|  return value|
|ap_ready                    |  out|    1|  ap_ctrl_hs|  hard_sigmoid<array,array<ap_ufixed<8,0,4,0,0>,1u>,hard_sigmoid_config17>|  return value|
|layer15_out_dout            |   in|   20|     ap_fifo|                                                               layer15_out|       pointer|
|layer15_out_num_data_valid  |   in|    8|     ap_fifo|                                                               layer15_out|       pointer|
|layer15_out_fifo_cap        |   in|    8|     ap_fifo|                                                               layer15_out|       pointer|
|layer15_out_empty_n         |   in|    1|     ap_fifo|                                                               layer15_out|       pointer|
|layer15_out_read            |  out|    1|     ap_fifo|                                                               layer15_out|       pointer|
|layer17_out_TREADY          |   in|    1|        axis|                                                               layer17_out|       pointer|
|layer17_out_TDATA           |  out|    8|        axis|                                                               layer17_out|       pointer|
|layer17_out_TVALID          |  out|    1|        axis|                                                               layer17_out|       pointer|
+----------------------------+-----+-----+------------+--------------------------------------------------------------------------+--------------+

============================================================
+ Verbose Summary: Synthesis Manager
============================================================
InlineROM: 1
ExposeGlobal: 0
============================================================
+ Verbose Summary: CDFG Model
============================================================
IsTopModel: 0
ResetActiveHigh: 1
IsCombinational: 2
IsDatapathOnly: 0
HasWiredReturn: 1
HasMFsm: 2
HasVarLatency: 1
IsPipeline: 0
IsRtlPipelined: 0
IsInstanceOverlapped: 0
IsDontTouch: 0
HasImplIP: 0
IsGatedGlobalClock: 0

+ Individual pipeline summary: 
  * Pipeline-0: initiation interval (II) = 1, depth = 4


============================================================
+ Verbose Summary: Schedule
============================================================
* Number of FSM states : 4
* Pipeline : 1
  Pipeline-0 : II = 1, D = 4, States = { 1 2 3 4 }
* Dataflow Pipeline: 0

* FSM state transitions: 
1 --> 2 
2 --> 3 
3 --> 4 
4 --> 

* FSM state operations: 

State 1 <SV = 0> <Delay = 1.20>
ST_1 : Operation 7 [1/1] (0.00ns)   --->   "%i = alloca i32 1"   --->   Operation 7 'alloca' 'i' <Predicate = true> <Delay = 0.00>
ST_1 : Operation 8 [1/1] (0.00ns)   --->   "%specinterface_ln0 = specinterface void @_ssdm_op_SpecInterface, i20 %layer15_out, void @empty_2, i32 0, i32 0, void @empty_1, i32 0, i32 0, void @empty_1, void @empty_1, void @empty_1, i32 0, i32 0, i32 0, i32 0, void @empty_1, void @empty_1, i32 4294967295, i32 0"   --->   Operation 8 'specinterface' 'specinterface_ln0' <Predicate = true> <Delay = 0.00>
ST_1 : Operation 9 [1/1] (0.00ns)   --->   "%specinterface_ln0 = specinterface void @_ssdm_op_SpecInterface, i8 %layer17_out, void @empty, i32 1, i32 1, void @empty_0, i32 0, i32 0, void @empty_1, void @empty_1, void @empty_1, i32 0, i32 0, i32 0, i32 0, void @empty_1, void @empty_1, i32 4294967295, i32 0"   --->   Operation 9 'specinterface' 'specinterface_ln0' <Predicate = true> <Delay = 0.00>
ST_1 : Operation 10 [1/1] (0.42ns)   --->   "%store_ln448 = store i7 0, i7 %i" [firmware/nnet_utils/nnet_activation_stream.h:448]   --->   Operation 10 'store' 'store_ln448' <Predicate = true> <Delay = 0.42>
ST_1 : Operation 11 [1/1] (0.00ns)   --->   "%br_ln448 = br void %for.body4" [firmware/nnet_utils/nnet_activation_stream.h:448]   --->   Operation 11 'br' 'br_ln448' <Predicate = true> <Delay = 0.00>
ST_1 : Operation 12 [1/1] (0.00ns)   --->   "%i_17 = load i7 %i" [firmware/nnet_utils/nnet_activation_stream.h:448]   --->   Operation 12 'load' 'i_17' <Predicate = true> <Delay = 0.00>
ST_1 : Operation 13 [1/1] (0.77ns)   --->   "%icmp_ln448 = icmp_eq  i7 %i_17, i7 80" [firmware/nnet_utils/nnet_activation_stream.h:448]   --->   Operation 13 'icmp' 'icmp_ln448' <Predicate = true> <Delay = 0.77> <CoreInst = "Cmp">   --->   Core 9 'Cmp' <Latency = 0> <II = 1> <Delay = 0.77> <FuncUnit> <Opcode : 'icmp'> <InPorts = 2> <OutPorts = 1>
ST_1 : Operation 14 [1/1] (0.77ns)   --->   "%i_18 = add i7 %i_17, i7 1" [firmware/nnet_utils/nnet_activation_stream.h:448]   --->   Operation 14 'add' 'i_18' <Predicate = true> <Delay = 0.77> <CoreInst = "Adder">   --->   Core 1 'Adder' <Latency = 0> <II = 1> <Delay = 0.77> <FuncUnit> <Opcode : 'add' 'sub'> <InPorts = 2> <OutPorts = 1>
ST_1 : Operation 15 [1/1] (0.00ns)   --->   "%br_ln448 = br i1 %icmp_ln448, void %for.body4.split_ifconv, void %for.end15" [firmware/nnet_utils/nnet_activation_stream.h:448]   --->   Operation 15 'br' 'br_ln448' <Predicate = true> <Delay = 0.00>
ST_1 : Operation 16 [1/1] (0.42ns)   --->   "%store_ln448 = store i7 %i_18, i7 %i" [firmware/nnet_utils/nnet_activation_stream.h:448]   --->   Operation 16 'store' 'store_ln448' <Predicate = (!icmp_ln448)> <Delay = 0.42>

State 2 <SV = 1> <Delay = 2.53>
ST_2 : Operation 17 [1/1] (1.63ns)   --->   "%layer15_out_read = read i20 @_ssdm_op_Read.ap_fifo.volatile.i20P0A, i20 %layer15_out" [firmware/nnet_utils/nnet_activation_stream.h:451]   --->   Operation 17 'read' 'layer15_out_read' <Predicate = true> <Delay = 1.63> <CoreInst = "FIFO">   --->   Core 78 'FIFO' <Latency = 0> <II = 1> <Delay = 1.63> <Storage> <Opcode : 'read' 'write' 'nbread' 'nbwrite'> <Ports = 0> <Width = 20> <Depth = 80> <FIFO>
ST_2 : Operation 18 [1/1] (0.00ns)   --->   "%shl_ln = bitconcatenate i21 @_ssdm_op_BitConcatenate.i21.i20.i1, i20 %layer15_out_read, i1 0" [firmware/nnet_utils/nnet_activation_stream.h:458]   --->   Operation 18 'bitconcatenate' 'shl_ln' <Predicate = true> <Delay = 0.00>
ST_2 : Operation 19 [1/1] (0.00ns)   --->   "%sext_ln458 = sext i21 %shl_ln" [firmware/nnet_utils/nnet_activation_stream.h:458]   --->   Operation 19 'sext' 'sext_ln458' <Predicate = true> <Delay = 0.00>
ST_2 : Operation 20 [1/1] (0.00ns)   --->   "%trunc_ln458 = trunc i20 %layer15_out_read" [firmware/nnet_utils/nnet_activation_stream.h:458]   --->   Operation 20 'trunc' 'trunc_ln458' <Predicate = true> <Delay = 0.00>
ST_2 : Operation 21 [1/1] (0.00ns)   --->   "%trunc_ln458_3 = bitconcatenate i14 @_ssdm_op_BitConcatenate.i14.i13.i1, i13 %trunc_ln458, i1 0" [firmware/nnet_utils/nnet_activation_stream.h:458]   --->   Operation 21 'bitconcatenate' 'trunc_ln458_3' <Predicate = true> <Delay = 0.00>
ST_2 : Operation 22 [1/1] (0.90ns)   --->   "%datareg = add i22 %sext_ln458, i22 4096" [firmware/nnet_utils/nnet_activation_stream.h:458]   --->   Operation 22 'add' 'datareg' <Predicate = true> <Delay = 0.90> <CoreInst = "Adder">   --->   Core 1 'Adder' <Latency = 0> <II = 1> <Delay = 0.91> <FuncUnit> <Opcode : 'add' 'sub'> <InPorts = 2> <OutPorts = 1>
ST_2 : Operation 23 [1/1] (0.83ns)   --->   "%add_ln458_1 = add i14 %trunc_ln458_3, i14 4096" [firmware/nnet_utils/nnet_activation_stream.h:458]   --->   Operation 23 'add' 'add_ln458_1' <Predicate = true> <Delay = 0.83> <CoreInst = "Adder">   --->   Core 1 'Adder' <Latency = 0> <II = 1> <Delay = 0.83> <FuncUnit> <Opcode : 'add' 'sub'> <InPorts = 2> <OutPorts = 1>

State 3 <SV = 2> <Delay = 3.15>
ST_3 : Operation 24 [1/1] (0.91ns)   --->   "%icmp_ln459 = icmp_sgt  i22 %datareg, i22 8192" [firmware/nnet_utils/nnet_activation_stream.h:459]   --->   Operation 24 'icmp' 'icmp_ln459' <Predicate = true> <Delay = 0.91> <CoreInst = "Cmp">   --->   Core 9 'Cmp' <Latency = 0> <II = 1> <Delay = 0.91> <FuncUnit> <Opcode : 'icmp'> <InPorts = 2> <OutPorts = 1>
ST_3 : Operation 25 [1/1] (0.00ns) (grouped into LUT with out node datareg_1)   --->   "%tmp = bitselect i1 @_ssdm_op_BitSelect.i1.i22.i32, i22 %datareg, i32 21" [firmware/nnet_utils/nnet_activation_stream.h:461]   --->   Operation 25 'bitselect' 'tmp' <Predicate = true> <Delay = 0.00>
ST_3 : Operation 26 [1/1] (0.00ns) (grouped into LUT with out node datareg_1)   --->   "%select_ln459 = select i1 %icmp_ln459, i14 8192, i14 0" [firmware/nnet_utils/nnet_activation_stream.h:459]   --->   Operation 26 'select' 'select_ln459' <Predicate = true> <Delay = 0.00> <CoreInst = "Sel">   --->   Core 73 'Sel' <Latency = 0> <II = 1> <Delay = 0.29> <FuncUnit> <Opcode : 'select'> <InPorts = 3> <OutPorts = 1>
ST_3 : Operation 27 [1/1] (0.00ns) (grouped into LUT with out node datareg_1)   --->   "%or_ln459 = or i1 %icmp_ln459, i1 %tmp" [firmware/nnet_utils/nnet_activation_stream.h:459]   --->   Operation 27 'or' 'or_ln459' <Predicate = true> <Delay = 0.00> <CoreInst = "LogicGate">   --->   Core 74 'LogicGate' <Latency = 0> <II = 1> <Delay = 0.28> <FuncUnit> <Opcode : 'and' 'or' 'xor'> <InPorts = 2> <OutPorts = 1>
ST_3 : Operation 28 [1/1] (0.28ns) (out node of the LUT)   --->   "%datareg_1 = select i1 %or_ln459, i14 %select_ln459, i14 %add_ln458_1" [firmware/nnet_utils/nnet_activation_stream.h:458]   --->   Operation 28 'select' 'datareg_1' <Predicate = true> <Delay = 0.28> <CoreInst = "Sel">   --->   Core 73 'Sel' <Latency = 0> <II = 1> <Delay = 0.23> <FuncUnit> <Opcode : 'select'> <InPorts = 3> <OutPorts = 1>
ST_3 : Operation 29 [1/1] (0.00ns) (grouped into LUT with out node add_ln463)   --->   "%trunc_ln = partselect i8 @_ssdm_op_PartSelect.i8.i14.i32.i32, i14 %datareg_1, i32 5, i32 12" [firmware/nnet_utils/nnet_activation_stream.h:463]   --->   Operation 29 'partselect' 'trunc_ln' <Predicate = true> <Delay = 0.00>
ST_3 : Operation 30 [1/1] (0.00ns) (grouped into LUT with out node add_ln463)   --->   "%tmp_764 = bitselect i1 @_ssdm_op_BitSelect.i1.i14.i32, i14 %datareg_1, i32 5" [firmware/nnet_utils/nnet_activation_stream.h:463]   --->   Operation 30 'bitselect' 'tmp_764' <Predicate = true> <Delay = 0.00>
ST_3 : Operation 31 [1/1] (0.00ns) (grouped into LUT with out node add_ln463)   --->   "%tmp_765 = bitselect i1 @_ssdm_op_BitSelect.i1.i14.i32, i14 %datareg_1, i32 4" [firmware/nnet_utils/nnet_activation_stream.h:463]   --->   Operation 31 'bitselect' 'tmp_765' <Predicate = true> <Delay = 0.00>
ST_3 : Operation 32 [1/1] (0.00ns)   --->   "%trunc_ln463 = trunc i14 %datareg_1" [firmware/nnet_utils/nnet_activation_stream.h:463]   --->   Operation 32 'trunc' 'trunc_ln463' <Predicate = true> <Delay = 0.00>
ST_3 : Operation 33 [1/1] (0.79ns)   --->   "%icmp_ln463 = icmp_ne  i4 %trunc_ln463, i4 0" [firmware/nnet_utils/nnet_activation_stream.h:463]   --->   Operation 33 'icmp' 'icmp_ln463' <Predicate = true> <Delay = 0.79> <CoreInst = "Cmp">   --->   Core 9 'Cmp' <Latency = 0> <II = 1> <Delay = 0.79> <FuncUnit> <Opcode : 'icmp'> <InPorts = 2> <OutPorts = 1>
ST_3 : Operation 34 [1/1] (0.00ns) (grouped into LUT with out node add_ln463)   --->   "%or_ln463 = or i1 %tmp_764, i1 %icmp_ln463" [firmware/nnet_utils/nnet_activation_stream.h:463]   --->   Operation 34 'or' 'or_ln463' <Predicate = true> <Delay = 0.00> <CoreInst = "LogicGate">   --->   Core 74 'LogicGate' <Latency = 0> <II = 1> <Delay = 0.28> <FuncUnit> <Opcode : 'and' 'or' 'xor'> <InPorts = 2> <OutPorts = 1>
ST_3 : Operation 35 [1/1] (0.00ns) (grouped into LUT with out node add_ln463)   --->   "%and_ln463 = and i1 %or_ln463, i1 %tmp_765" [firmware/nnet_utils/nnet_activation_stream.h:463]   --->   Operation 35 'and' 'and_ln463' <Predicate = true> <Delay = 0.00> <CoreInst = "LogicGate">   --->   Core 74 'LogicGate' <Latency = 0> <II = 1> <Delay = 0.28> <FuncUnit> <Opcode : 'and' 'or' 'xor'> <InPorts = 2> <OutPorts = 1>
ST_3 : Operation 36 [1/1] (0.00ns) (grouped into LUT with out node add_ln463)   --->   "%zext_ln463 = zext i1 %and_ln463" [firmware/nnet_utils/nnet_activation_stream.h:463]   --->   Operation 36 'zext' 'zext_ln463' <Predicate = true> <Delay = 0.00>
ST_3 : Operation 37 [1/1] (0.76ns) (out node of the LUT)   --->   "%add_ln463 = add i8 %trunc_ln, i8 %zext_ln463" [firmware/nnet_utils/nnet_activation_stream.h:463]   --->   Operation 37 'add' 'add_ln463' <Predicate = true> <Delay = 0.76> <CoreInst = "Adder">   --->   Core 1 'Adder' <Latency = 0> <II = 1> <Delay = 0.76> <FuncUnit> <Opcode : 'add' 'sub'> <InPorts = 2> <OutPorts = 1>
ST_3 : Operation 38 [1/1] (0.00ns) (grouped into LUT with out node select_ln463)   --->   "%tmp_766 = bitselect i1 @_ssdm_op_BitSelect.i1.i14.i32, i14 %datareg_1, i32 13" [firmware/nnet_utils/nnet_activation_stream.h:463]   --->   Operation 38 'bitselect' 'tmp_766' <Predicate = true> <Delay = 0.00>
ST_3 : Operation 39 [1/1] (0.00ns) (grouped into LUT with out node select_ln463)   --->   "%xor_ln463 = xor i1 %tmp_766, i1 1" [firmware/nnet_utils/nnet_activation_stream.h:463]   --->   Operation 39 'xor' 'xor_ln463' <Predicate = true> <Delay = 0.00> <CoreInst = "LogicGate">   --->   Core 74 'LogicGate' <Latency = 0> <II = 1> <Delay = 0.28> <FuncUnit> <Opcode : 'and' 'or' 'xor'> <InPorts = 2> <OutPorts = 1>
ST_3 : Operation 40 [1/1] (0.00ns) (grouped into LUT with out node select_ln463)   --->   "%tmp_767 = bitselect i1 @_ssdm_op_BitSelect.i1.i8.i32, i8 %add_ln463, i32 7" [firmware/nnet_utils/nnet_activation_stream.h:463]   --->   Operation 40 'bitselect' 'tmp_767' <Predicate = true> <Delay = 0.00>
ST_3 : Operation 41 [1/1] (0.00ns) (grouped into LUT with out node select_ln463)   --->   "%tmp_768 = bitselect i1 @_ssdm_op_BitSelect.i1.i14.i32, i14 %datareg_1, i32 12" [firmware/nnet_utils/nnet_activation_stream.h:463]   --->   Operation 41 'bitselect' 'tmp_768' <Predicate = true> <Delay = 0.00>
ST_3 : Operation 42 [1/1] (0.00ns) (grouped into LUT with out node select_ln463)   --->   "%xor_ln463_1 = xor i1 %tmp_768, i1 1" [firmware/nnet_utils/nnet_activation_stream.h:463]   --->   Operation 42 'xor' 'xor_ln463_1' <Predicate = true> <Delay = 0.00> <CoreInst = "LogicGate">   --->   Core 74 'LogicGate' <Latency = 0> <II = 1> <Delay = 0.28> <FuncUnit> <Opcode : 'and' 'or' 'xor'> <InPorts = 2> <OutPorts = 1>
ST_3 : Operation 43 [1/1] (0.00ns) (grouped into LUT with out node select_ln463)   --->   "%or_ln463_1 = or i1 %tmp_767, i1 %xor_ln463_1" [firmware/nnet_utils/nnet_activation_stream.h:463]   --->   Operation 43 'or' 'or_ln463_1' <Predicate = true> <Delay = 0.00> <CoreInst = "LogicGate">   --->   Core 74 'LogicGate' <Latency = 0> <II = 1> <Delay = 0.28> <FuncUnit> <Opcode : 'and' 'or' 'xor'> <InPorts = 2> <OutPorts = 1>
ST_3 : Operation 44 [1/1] (0.00ns) (grouped into LUT with out node select_ln463)   --->   "%and_ln463_1 = and i1 %or_ln463_1, i1 %xor_ln463" [firmware/nnet_utils/nnet_activation_stream.h:463]   --->   Operation 44 'and' 'and_ln463_1' <Predicate = true> <Delay = 0.00> <CoreInst = "LogicGate">   --->   Core 74 'LogicGate' <Latency = 0> <II = 1> <Delay = 0.28> <FuncUnit> <Opcode : 'and' 'or' 'xor'> <InPorts = 2> <OutPorts = 1>
ST_3 : Operation 45 [1/1] (0.39ns) (out node of the LUT)   --->   "%select_ln463 = select i1 %and_ln463_1, i8 %add_ln463, i8 255" [firmware/nnet_utils/nnet_activation_stream.h:463]   --->   Operation 45 'select' 'select_ln463' <Predicate = true> <Delay = 0.39> <CoreInst = "Sel">   --->   Core 73 'Sel' <Latency = 0> <II = 1> <Delay = 0.39> <FuncUnit> <Opcode : 'select'> <InPorts = 3> <OutPorts = 1>
ST_3 : Operation 46 [2/2] (0.00ns)   --->   "%write_ln466 = write void @_ssdm_op_Write.axis.volatile.i8P128A, i8 %layer17_out, i8 %select_ln463" [firmware/nnet_utils/nnet_activation_stream.h:466]   --->   Operation 46 'write' 'write_ln466' <Predicate = true> <Delay = 0.00> <CoreInst = "axis">   --->   Core 123 'axis' <Latency = 0> <II = 1> <Delay = 1.00> <Adapter> <Opcode : >
ST_3 : Operation 52 [1/1] (0.00ns)   --->   "%ret_ln468 = ret" [firmware/nnet_utils/nnet_activation_stream.h:468]   --->   Operation 52 'ret' 'ret_ln468' <Predicate = (icmp_ln448)> <Delay = 0.00>

State 4 <SV = 3> <Delay = 0.00>
ST_4 : Operation 47 [1/1] (0.00ns)   --->   "%specpipeline_ln449 = specpipeline void @_ssdm_op_SpecPipeline, i32 4294967295, i32 0, i32 0, i32 0, void @empty_1" [firmware/nnet_utils/nnet_activation_stream.h:449]   --->   Operation 47 'specpipeline' 'specpipeline_ln449' <Predicate = true> <Delay = 0.00>
ST_4 : Operation 48 [1/1] (0.00ns)   --->   "%speclooptripcount_ln448 = speclooptripcount void @_ssdm_op_SpecLoopTripCount, i64 80, i64 80, i64 80" [firmware/nnet_utils/nnet_activation_stream.h:448]   --->   Operation 48 'speclooptripcount' 'speclooptripcount_ln448' <Predicate = true> <Delay = 0.00>
ST_4 : Operation 49 [1/1] (0.00ns)   --->   "%specloopname_ln448 = specloopname void @_ssdm_op_SpecLoopName, void @empty_8" [firmware/nnet_utils/nnet_activation_stream.h:448]   --->   Operation 49 'specloopname' 'specloopname_ln448' <Predicate = true> <Delay = 0.00>
ST_4 : Operation 50 [1/2] (0.00ns)   --->   "%write_ln466 = write void @_ssdm_op_Write.axis.volatile.i8P128A, i8 %layer17_out, i8 %select_ln463" [firmware/nnet_utils/nnet_activation_stream.h:466]   --->   Operation 50 'write' 'write_ln466' <Predicate = true> <Delay = 0.00> <CoreInst = "axis">   --->   Core 123 'axis' <Latency = 0> <II = 1> <Delay = 1.00> <Adapter> <Opcode : >
ST_4 : Operation 51 [1/1] (0.00ns)   --->   "%br_ln448 = br void %for.body4" [firmware/nnet_utils/nnet_activation_stream.h:448]   --->   Operation 51 'br' 'br_ln448' <Predicate = true> <Delay = 0.00>


============================================================
+ Verbose Summary: Binding
============================================================
STG Binding: 
---------------- STG Properties BEGIN ----------------
- Is combinational: 0
- Is one-state seq: 0
- Is datapath-only: 0
- Is pipelined: 0
- Is top level: 0
Port [ Return ] is wired: 1; IO mode=ap_ctrl_hs:ce=0
Port [ layer15_out]:  wired=1; compound=1; hidden=0; nouse=0; global=0; static=0; extern=0; dir=0; type=3; pingpong=0; private_global=0; IO mode=ap_fifo:ce=0
Port [ layer17_out]:  wired=1; compound=1; hidden=0; nouse=0; global=0; static=0; extern=0; dir=1; type=0; pingpong=0; private_global=0; IO mode=axis:ce=0
---------------- STG Properties END ------------------

---------------- Datapath Model BEGIN ----------------

<LifeTime>
<method=bitvector/>
i                       (alloca           ) [ 01000]
specinterface_ln0       (specinterface    ) [ 00000]
specinterface_ln0       (specinterface    ) [ 00000]
store_ln448             (store            ) [ 00000]
br_ln448                (br               ) [ 00000]
i_17                    (load             ) [ 00000]
icmp_ln448              (icmp             ) [ 01110]
i_18                    (add              ) [ 00000]
br_ln448                (br               ) [ 00000]
store_ln448             (store            ) [ 00000]
layer15_out_read        (read             ) [ 00000]
shl_ln                  (bitconcatenate   ) [ 00000]
sext_ln458              (sext             ) [ 00000]
trunc_ln458             (trunc            ) [ 00000]
trunc_ln458_3           (bitconcatenate   ) [ 00000]
datareg                 (add              ) [ 01010]
add_ln458_1             (add              ) [ 01010]
icmp_ln459              (icmp             ) [ 00000]
tmp                     (bitselect        ) [ 00000]
select_ln459            (select           ) [ 00000]
or_ln459                (or               ) [ 00000]
datareg_1               (select           ) [ 00000]
trunc_ln                (partselect       ) [ 00000]
tmp_764                 (bitselect        ) [ 00000]
tmp_765                 (bitselect        ) [ 00000]
trunc_ln463             (trunc            ) [ 00000]
icmp_ln463              (icmp             ) [ 00000]
or_ln463                (or               ) [ 00000]
and_ln463               (and              ) [ 00000]
zext_ln463              (zext             ) [ 00000]
add_ln463               (add              ) [ 00000]
tmp_766                 (bitselect        ) [ 00000]
xor_ln463               (xor              ) [ 00000]
tmp_767                 (bitselect        ) [ 00000]
tmp_768                 (bitselect        ) [ 00000]
xor_ln463_1             (xor              ) [ 00000]
or_ln463_1              (or               ) [ 00000]
and_ln463_1             (and              ) [ 00000]
select_ln463            (select           ) [ 01001]
specpipeline_ln449      (specpipeline     ) [ 00000]
speclooptripcount_ln448 (speclooptripcount) [ 00000]
specloopname_ln448      (specloopname     ) [ 00000]
write_ln466             (write            ) [ 00000]
br_ln448                (br               ) [ 00000]
ret_ln468               (ret              ) [ 00000]
</LifeTime>

<model>

<comp_list>
<comp id="0" class="1000" name="layer15_out">
<pin_list>
<pin id="1" dir="1" index="0" bw="1" slack="0"/>
</pin_list>
<bind>
<StgValue><ssdm name="layer15_out"/></StgValue>
</bind>
</comp>

<comp id="2" class="1000" name="layer17_out">
<pin_list>
<pin id="3" dir="1" index="0" bw="1" slack="0"/>
</pin_list>
<bind>
<StgValue><ssdm name="layer17_out"/></StgValue>
</bind>
</comp>

<comp id="4" class="1001" name="const_4">
<pin_list>
<pin id="5" dir="1" index="0" bw="1" slack="0"/>
</pin_list>
<bind>
<StgValue><ssdm name=""/></StgValue>
</bind>
</comp>

<comp id="6" class="1001" name="const_6">
<pin_list>
<pin id="7" dir="1" index="0" bw="1" slack="2147483647"/>
</pin_list>
<bind>
<StgValue><ssdm name="_ssdm_op_SpecInterface"/></StgValue>
</bind>
</comp>

<comp id="8" class="1001" name="const_8">
<pin_list>
<pin id="9" dir="1" index="0" bw="1" slack="2147483647"/>
</pin_list>
<bind>
<StgValue><ssdm name="empty_2"/></StgValue>
</bind>
</comp>

<comp id="10" class="1001" name="const_10">
<pin_list>
<pin id="11" dir="1" index="0" bw="1" slack="2147483647"/>
</pin_list>
<bind>
<StgValue><ssdm name=""/></StgValue>
</bind>
</comp>

<comp id="12" class="1001" name="const_12">
<pin_list>
<pin id="13" dir="1" index="0" bw="1" slack="2147483647"/>
</pin_list>
<bind>
<StgValue><ssdm name="empty_1"/></StgValue>
</bind>
</comp>

<comp id="14" class="1001" name="const_14">
<pin_list>
<pin id="15" dir="1" index="0" bw="1" slack="2147483647"/>
</pin_list>
<bind>
<StgValue><ssdm name=""/></StgValue>
</bind>
</comp>

<comp id="16" class="1001" name="const_16">
<pin_list>
<pin id="17" dir="1" index="0" bw="1" slack="2147483647"/>
</pin_list>
<bind>
<StgValue><ssdm name="empty"/></StgValue>
</bind>
</comp>

<comp id="18" class="1001" name="const_18">
<pin_list>
<pin id="19" dir="1" index="0" bw="1" slack="2147483647"/>
</pin_list>
<bind>
<StgValue><ssdm name="empty_0"/></StgValue>
</bind>
</comp>

<comp id="20" class="1001" name="const_20">
<pin_list>
<pin id="21" dir="1" index="0" bw="1" slack="0"/>
</pin_list>
<bind>
<StgValue><ssdm name=""/></StgValue>
</bind>
</comp>

<comp id="22" class="1001" name="const_22">
<pin_list>
<pin id="23" dir="1" index="0" bw="1" slack="0"/>
</pin_list>
<bind>
<StgValue><ssdm name=""/></StgValue>
</bind>
</comp>

<comp id="24" class="1001" name="const_24">
<pin_list>
<pin id="25" dir="1" index="0" bw="1" slack="0"/>
</pin_list>
<bind>
<StgValue><ssdm name=""/></StgValue>
</bind>
</comp>

<comp id="26" class="1001" name="const_26">
<pin_list>
<pin id="27" dir="1" index="0" bw="1" slack="0"/>
</pin_list>
<bind>
<StgValue><ssdm name="_ssdm_op_Read.ap_fifo.volatile.i20P0A"/></StgValue>
</bind>
</comp>

<comp id="28" class="1001" name="const_28">
<pin_list>
<pin id="29" dir="1" index="0" bw="1" slack="0"/>
</pin_list>
<bind>
<StgValue><ssdm name="_ssdm_op_BitConcatenate.i21.i20.i1"/></StgValue>
</bind>
</comp>

<comp id="30" class="1001" name="const_30">
<pin_list>
<pin id="31" dir="1" index="0" bw="1" slack="0"/>
</pin_list>
<bind>
<StgValue><ssdm name=""/></StgValue>
</bind>
</comp>

<comp id="32" class="1001" name="const_32">
<pin_list>
<pin id="33" dir="1" index="0" bw="1" slack="0"/>
</pin_list>
<bind>
<StgValue><ssdm name="_ssdm_op_BitConcatenate.i14.i13.i1"/></StgValue>
</bind>
</comp>

<comp id="34" class="1001" name="const_34">
<pin_list>
<pin id="35" dir="1" index="0" bw="1" slack="0"/>
</pin_list>
<bind>
<StgValue><ssdm name=""/></StgValue>
</bind>
</comp>

<comp id="36" class="1001" name="const_36">
<pin_list>
<pin id="37" dir="1" index="0" bw="1" slack="0"/>
</pin_list>
<bind>
<StgValue><ssdm name=""/></StgValue>
</bind>
</comp>

<comp id="38" class="1001" name="const_38">
<pin_list>
<pin id="39" dir="1" index="0" bw="1" slack="0"/>
</pin_list>
<bind>
<StgValue><ssdm name=""/></StgValue>
</bind>
</comp>

<comp id="40" class="1001" name="const_40">
<pin_list>
<pin id="41" dir="1" index="0" bw="1" slack="0"/>
</pin_list>
<bind>
<StgValue><ssdm name="_ssdm_op_BitSelect.i1.i22.i32"/></StgValue>
</bind>
</comp>

<comp id="42" class="1001" name="const_42">
<pin_list>
<pin id="43" dir="1" index="0" bw="1" slack="0"/>
</pin_list>
<bind>
<StgValue><ssdm name=""/></StgValue>
</bind>
</comp>

<comp id="44" class="1001" name="const_44">
<pin_list>
<pin id="45" dir="1" index="0" bw="1" slack="0"/>
</pin_list>
<bind>
<StgValue><ssdm name=""/></StgValue>
</bind>
</comp>

<comp id="46" class="1001" name="const_46">
<pin_list>
<pin id="47" dir="1" index="0" bw="1" slack="0"/>
</pin_list>
<bind>
<StgValue><ssdm name=""/></StgValue>
</bind>
</comp>

<comp id="48" class="1001" name="const_48">
<pin_list>
<pin id="49" dir="1" index="0" bw="1" slack="0"/>
</pin_list>
<bind>
<StgValue><ssdm name="_ssdm_op_PartSelect.i8.i14.i32.i32"/></StgValue>
</bind>
</comp>

<comp id="50" class="1001" name="const_50">
<pin_list>
<pin id="51" dir="1" index="0" bw="1" slack="0"/>
</pin_list>
<bind>
<StgValue><ssdm name=""/></StgValue>
</bind>
</comp>

<comp id="52" class="1001" name="const_52">
<pin_list>
<pin id="53" dir="1" index="0" bw="1" slack="0"/>
</pin_list>
<bind>
<StgValue><ssdm name=""/></StgValue>
</bind>
</comp>

<comp id="54" class="1001" name="const_54">
<pin_list>
<pin id="55" dir="1" index="0" bw="1" slack="0"/>
</pin_list>
<bind>
<StgValue><ssdm name="_ssdm_op_BitSelect.i1.i14.i32"/></StgValue>
</bind>
</comp>

<comp id="56" class="1001" name="const_56">
<pin_list>
<pin id="57" dir="1" index="0" bw="1" slack="0"/>
</pin_list>
<bind>
<StgValue><ssdm name=""/></StgValue>
</bind>
</comp>

<comp id="58" class="1001" name="const_58">
<pin_list>
<pin id="59" dir="1" index="0" bw="1" slack="0"/>
</pin_list>
<bind>
<StgValue><ssdm name=""/></StgValue>
</bind>
</comp>

<comp id="60" class="1001" name="const_60">
<pin_list>
<pin id="61" dir="1" index="0" bw="1" slack="0"/>
</pin_list>
<bind>
<StgValue><ssdm name=""/></StgValue>
</bind>
</comp>

<comp id="62" class="1001" name="const_62">
<pin_list>
<pin id="63" dir="1" index="0" bw="1" slack="0"/>
</pin_list>
<bind>
<StgValue><ssdm name=""/></StgValue>
</bind>
</comp>

<comp id="64" class="1001" name="const_64">
<pin_list>
<pin id="65" dir="1" index="0" bw="1" slack="0"/>
</pin_list>
<bind>
<StgValue><ssdm name="_ssdm_op_BitSelect.i1.i8.i32"/></StgValue>
</bind>
</comp>

<comp id="66" class="1001" name="const_66">
<pin_list>
<pin id="67" dir="1" index="0" bw="1" slack="0"/>
</pin_list>
<bind>
<StgValue><ssdm name=""/></StgValue>
</bind>
</comp>

<comp id="68" class="1001" name="const_68">
<pin_list>
<pin id="69" dir="1" index="0" bw="1" slack="0"/>
</pin_list>
<bind>
<StgValue><ssdm name=""/></StgValue>
</bind>
</comp>

<comp id="70" class="1001" name="const_70">
<pin_list>
<pin id="71" dir="1" index="0" bw="1" slack="0"/>
</pin_list>
<bind>
<StgValue><ssdm name="_ssdm_op_Write.axis.volatile.i8P128A"/></StgValue>
</bind>
</comp>

<comp id="72" class="1001" name="const_72">
<pin_list>
<pin id="73" dir="1" index="0" bw="1" slack="2147483647"/>
</pin_list>
<bind>
<StgValue><ssdm name="_ssdm_op_SpecPipeline"/></StgValue>
</bind>
</comp>

<comp id="74" class="1001" name="const_74">
<pin_list>
<pin id="75" dir="1" index="0" bw="1" slack="2147483647"/>
</pin_list>
<bind>
<StgValue><ssdm name="_ssdm_op_SpecLoopTripCount"/></StgValue>
</bind>
</comp>

<comp id="76" class="1001" name="const_76">
<pin_list>
<pin id="77" dir="1" index="0" bw="1" slack="2147483647"/>
</pin_list>
<bind>
<StgValue><ssdm name=""/></StgValue>
</bind>
</comp>

<comp id="78" class="1001" name="const_78">
<pin_list>
<pin id="79" dir="1" index="0" bw="1" slack="2147483647"/>
</pin_list>
<bind>
<StgValue><ssdm name="_ssdm_op_SpecLoopName"/></StgValue>
</bind>
</comp>

<comp id="80" class="1001" name="const_80">
<pin_list>
<pin id="81" dir="1" index="0" bw="1" slack="2147483647"/>
</pin_list>
<bind>
<StgValue><ssdm name="empty_8"/></StgValue>
</bind>
</comp>

<comp id="82" class="1004" name="i_fu_82">
<pin_list>
<pin id="83" dir="0" index="0" bw="1" slack="0"/>
<pin id="84" dir="1" index="1" bw="7" slack="0"/>
</pin_list>
<bind>
<opcode="alloca(26) " fcode="alloca"/>
<opset="i/1 "/>
</bind>
</comp>

<comp id="86" class="1004" name="layer15_out_read_read_fu_86">
<pin_list>
<pin id="87" dir="0" index="0" bw="20" slack="0"/>
<pin id="88" dir="0" index="1" bw="20" slack="0"/>
<pin id="89" dir="1" index="2" bw="20" slack="0"/>
</pin_list>
<bind>
<opcode="read(1150) " fcode="read"/>
<opset="layer15_out_read/2 "/>
</bind>
</comp>

<comp id="92" class="1004" name="grp_write_fu_92">
<pin_list>
<pin id="93" dir="0" index="0" bw="0" slack="0"/>
<pin id="94" dir="0" index="1" bw="8" slack="0"/>
<pin id="95" dir="0" index="2" bw="8" slack="0"/>
<pin id="96" dir="1" index="3" bw="0" slack="2147483647"/>
</pin_list>
<bind>
<opcode="write(1151) " fcode="write"/>
<opset="write_ln466/3 "/>
</bind>
</comp>

<comp id="99" class="1004" name="store_ln448_store_fu_99">
<pin_list>
<pin id="100" dir="0" index="0" bw="1" slack="0"/>
<pin id="101" dir="0" index="1" bw="7" slack="0"/>
<pin id="102" dir="1" index="2" bw="0" slack="2147483647"/>
</pin_list>
<bind>
<opcode="store(28) " fcode="store"/>
<opset="store_ln448/1 "/>
</bind>
</comp>

<comp id="104" class="1004" name="i_17_load_fu_104">
<pin_list>
<pin id="105" dir="0" index="0" bw="7" slack="0"/>
<pin id="106" dir="1" index="1" bw="7" slack="0"/>
</pin_list>
<bind>
<opcode="load(27) " fcode="load"/>
<opset="i_17/1 "/>
</bind>
</comp>

<comp id="107" class="1004" name="icmp_ln448_fu_107">
<pin_list>
<pin id="108" dir="0" index="0" bw="7" slack="0"/>
<pin id="109" dir="0" index="1" bw="7" slack="0"/>
<pin id="110" dir="1" index="2" bw="1" slack="2"/>
</pin_list>
<bind>
<opcode="icmp(45) " fcode="icmp"/>
<opset="icmp_ln448/1 "/>
</bind>
</comp>

<comp id="113" class="1004" name="i_18_fu_113">
<pin_list>
<pin id="114" dir="0" index="0" bw="7" slack="0"/>
<pin id="115" dir="0" index="1" bw="1" slack="0"/>
<pin id="116" dir="1" index="2" bw="7" slack="0"/>
</pin_list>
<bind>
<opcode="add(8) " fcode="add"/>
<opset="i_18/1 "/>
</bind>
</comp>

<comp id="119" class="1004" name="store_ln448_store_fu_119">
<pin_list>
<pin id="120" dir="0" index="0" bw="7" slack="0"/>
<pin id="121" dir="0" index="1" bw="7" slack="0"/>
<pin id="122" dir="1" index="2" bw="0" slack="2147483647"/>
</pin_list>
<bind>
<opcode="store(28) " fcode="store"/>
<opset="store_ln448/1 "/>
</bind>
</comp>

<comp id="124" class="1004" name="shl_ln_fu_124">
<pin_list>
<pin id="125" dir="0" index="0" bw="21" slack="0"/>
<pin id="126" dir="0" index="1" bw="20" slack="0"/>
<pin id="127" dir="0" index="2" bw="1" slack="0"/>
<pin id="128" dir="1" index="3" bw="21" slack="0"/>
</pin_list>
<bind>
<opcode="bitconcatenate(1004) " fcode="bitconcatenate"/>
<opset="shl_ln/2 "/>
</bind>
</comp>

<comp id="132" class="1004" name="sext_ln458_fu_132">
<pin_list>
<pin id="133" dir="0" index="0" bw="21" slack="0"/>
<pin id="134" dir="1" index="1" bw="22" slack="0"/>
</pin_list>
<bind>
<opcode="sext(35) " fcode="sext"/>
<opset="sext_ln458/2 "/>
</bind>
</comp>

<comp id="136" class="1004" name="trunc_ln458_fu_136">
<pin_list>
<pin id="137" dir="0" index="0" bw="20" slack="0"/>
<pin id="138" dir="1" index="1" bw="13" slack="0"/>
</pin_list>
<bind>
<opcode="trunc(33) " fcode="trunc"/>
<opset="trunc_ln458/2 "/>
</bind>
</comp>

<comp id="140" class="1004" name="trunc_ln458_3_fu_140">
<pin_list>
<pin id="141" dir="0" index="0" bw="14" slack="0"/>
<pin id="142" dir="0" index="1" bw="13" slack="0"/>
<pin id="143" dir="0" index="2" bw="1" slack="0"/>
<pin id="144" dir="1" index="3" bw="14" slack="0"/>
</pin_list>
<bind>
<opcode="bitconcatenate(1004) " fcode="bitconcatenate"/>
<opset="trunc_ln458_3/2 "/>
</bind>
</comp>

<comp id="148" class="1004" name="datareg_fu_148">
<pin_list>
<pin id="149" dir="0" index="0" bw="21" slack="0"/>
<pin id="150" dir="0" index="1" bw="14" slack="0"/>
<pin id="151" dir="1" index="2" bw="22" slack="1"/>
</pin_list>
<bind>
<opcode="add(8) " fcode="add"/>
<opset="datareg/2 "/>
</bind>
</comp>

<comp id="154" class="1004" name="add_ln458_1_fu_154">
<pin_list>
<pin id="155" dir="0" index="0" bw="14" slack="0"/>
<pin id="156" dir="0" index="1" bw="14" slack="0"/>
<pin id="157" dir="1" index="2" bw="14" slack="1"/>
</pin_list>
<bind>
<opcode="add(8) " fcode="add"/>
<opset="add_ln458_1/2 "/>
</bind>
</comp>

<comp id="160" class="1004" name="icmp_ln459_fu_160">
<pin_list>
<pin id="161" dir="0" index="0" bw="22" slack="1"/>
<pin id="162" dir="0" index="1" bw="22" slack="0"/>
<pin id="163" dir="1" index="2" bw="1" slack="0"/>
</pin_list>
<bind>
<opcode="icmp(45) " fcode="icmp"/>
<opset="icmp_ln459/3 "/>
</bind>
</comp>

<comp id="165" class="1004" name="tmp_fu_165">
<pin_list>
<pin id="166" dir="0" index="0" bw="1" slack="0"/>
<pin id="167" dir="0" index="1" bw="22" slack="1"/>
<pin id="168" dir="0" index="2" bw="6" slack="0"/>
<pin id="169" dir="1" index="3" bw="1" slack="0"/>
</pin_list>
<bind>
<opcode="bitselect(1000) " fcode="bitselect"/>
<opset="tmp/3 "/>
</bind>
</comp>

<comp id="172" class="1004" name="select_ln459_fu_172">
<pin_list>
<pin id="173" dir="0" index="0" bw="1" slack="0"/>
<pin id="174" dir="0" index="1" bw="14" slack="0"/>
<pin id="175" dir="0" index="2" bw="14" slack="0"/>
<pin id="176" dir="1" index="3" bw="14" slack="0"/>
</pin_list>
<bind>
<opcode="select(49) " fcode="select"/>
<opset="select_ln459/3 "/>
</bind>
</comp>

<comp id="180" class="1004" name="or_ln459_fu_180">
<pin_list>
<pin id="181" dir="0" index="0" bw="1" slack="0"/>
<pin id="182" dir="0" index="1" bw="1" slack="0"/>
<pin id="183" dir="1" index="2" bw="1" slack="0"/>
</pin_list>
<bind>
<opcode="or(24) " fcode="or"/>
<opset="or_ln459/3 "/>
</bind>
</comp>

<comp id="186" class="1004" name="datareg_1_fu_186">
<pin_list>
<pin id="187" dir="0" index="0" bw="1" slack="0"/>
<pin id="188" dir="0" index="1" bw="14" slack="0"/>
<pin id="189" dir="0" index="2" bw="14" slack="1"/>
<pin id="190" dir="1" index="3" bw="14" slack="0"/>
</pin_list>
<bind>
<opcode="select(49) " fcode="select"/>
<opset="datareg_1/3 "/>
</bind>
</comp>

<comp id="193" class="1004" name="trunc_ln_fu_193">
<pin_list>
<pin id="194" dir="0" index="0" bw="8" slack="0"/>
<pin id="195" dir="0" index="1" bw="14" slack="0"/>
<pin id="196" dir="0" index="2" bw="4" slack="0"/>
<pin id="197" dir="0" index="3" bw="5" slack="0"/>
<pin id="198" dir="1" index="4" bw="8" slack="0"/>
</pin_list>
<bind>
<opcode="partselect(1002) " fcode="partselect"/>
<opset="trunc_ln/3 "/>
</bind>
</comp>

<comp id="203" class="1004" name="tmp_764_fu_203">
<pin_list>
<pin id="204" dir="0" index="0" bw="1" slack="0"/>
<pin id="205" dir="0" index="1" bw="14" slack="0"/>
<pin id="206" dir="0" index="2" bw="4" slack="0"/>
<pin id="207" dir="1" index="3" bw="1" slack="0"/>
</pin_list>
<bind>
<opcode="bitselect(1000) " fcode="bitselect"/>
<opset="tmp_764/3 "/>
</bind>
</comp>

<comp id="211" class="1004" name="tmp_765_fu_211">
<pin_list>
<pin id="212" dir="0" index="0" bw="1" slack="0"/>
<pin id="213" dir="0" index="1" bw="14" slack="0"/>
<pin id="214" dir="0" index="2" bw="4" slack="0"/>
<pin id="215" dir="1" index="3" bw="1" slack="0"/>
</pin_list>
<bind>
<opcode="bitselect(1000) " fcode="bitselect"/>
<opset="tmp_765/3 "/>
</bind>
</comp>

<comp id="219" class="1004" name="trunc_ln463_fu_219">
<pin_list>
<pin id="220" dir="0" index="0" bw="14" slack="0"/>
<pin id="221" dir="1" index="1" bw="4" slack="0"/>
</pin_list>
<bind>
<opcode="trunc(33) " fcode="trunc"/>
<opset="trunc_ln463/3 "/>
</bind>
</comp>

<comp id="223" class="1004" name="icmp_ln463_fu_223">
<pin_list>
<pin id="224" dir="0" index="0" bw="4" slack="0"/>
<pin id="225" dir="0" index="1" bw="4" slack="0"/>
<pin id="226" dir="1" index="2" bw="1" slack="0"/>
</pin_list>
<bind>
<opcode="icmp(45) " fcode="icmp"/>
<opset="icmp_ln463/3 "/>
</bind>
</comp>

<comp id="229" class="1004" name="or_ln463_fu_229">
<pin_list>
<pin id="230" dir="0" index="0" bw="1" slack="0"/>
<pin id="231" dir="0" index="1" bw="1" slack="0"/>
<pin id="232" dir="1" index="2" bw="1" slack="0"/>
</pin_list>
<bind>
<opcode="or(24) " fcode="or"/>
<opset="or_ln463/3 "/>
</bind>
</comp>

<comp id="235" class="1004" name="and_ln463_fu_235">
<pin_list>
<pin id="236" dir="0" index="0" bw="1" slack="0"/>
<pin id="237" dir="0" index="1" bw="1" slack="0"/>
<pin id="238" dir="1" index="2" bw="1" slack="0"/>
</pin_list>
<bind>
<opcode="and(23) " fcode="and"/>
<opset="and_ln463/3 "/>
</bind>
</comp>

<comp id="241" class="1004" name="zext_ln463_fu_241">
<pin_list>
<pin id="242" dir="0" index="0" bw="1" slack="0"/>
<pin id="243" dir="1" index="1" bw="8" slack="0"/>
</pin_list>
<bind>
<opcode="zext(34) " fcode="zext"/>
<opset="zext_ln463/3 "/>
</bind>
</comp>

<comp id="245" class="1004" name="add_ln463_fu_245">
<pin_list>
<pin id="246" dir="0" index="0" bw="8" slack="0"/>
<pin id="247" dir="0" index="1" bw="1" slack="0"/>
<pin id="248" dir="1" index="2" bw="8" slack="0"/>
</pin_list>
<bind>
<opcode="add(8) " fcode="add"/>
<opset="add_ln463/3 "/>
</bind>
</comp>

<comp id="251" class="1004" name="tmp_766_fu_251">
<pin_list>
<pin id="252" dir="0" index="0" bw="1" slack="0"/>
<pin id="253" dir="0" index="1" bw="14" slack="0"/>
<pin id="254" dir="0" index="2" bw="5" slack="0"/>
<pin id="255" dir="1" index="3" bw="1" slack="0"/>
</pin_list>
<bind>
<opcode="bitselect(1000) " fcode="bitselect"/>
<opset="tmp_766/3 "/>
</bind>
</comp>

<comp id="259" class="1004" name="xor_ln463_fu_259">
<pin_list>
<pin id="260" dir="0" index="0" bw="1" slack="0"/>
<pin id="261" dir="0" index="1" bw="1" slack="0"/>
<pin id="262" dir="1" index="2" bw="1" slack="0"/>
</pin_list>
<bind>
<opcode="xor(25) " fcode="xor"/>
<opset="xor_ln463/3 "/>
</bind>
</comp>

<comp id="265" class="1004" name="tmp_767_fu_265">
<pin_list>
<pin id="266" dir="0" index="0" bw="1" slack="0"/>
<pin id="267" dir="0" index="1" bw="8" slack="0"/>
<pin id="268" dir="0" index="2" bw="4" slack="0"/>
<pin id="269" dir="1" index="3" bw="1" slack="0"/>
</pin_list>
<bind>
<opcode="bitselect(1000) " fcode="bitselect"/>
<opset="tmp_767/3 "/>
</bind>
</comp>

<comp id="273" class="1004" name="tmp_768_fu_273">
<pin_list>
<pin id="274" dir="0" index="0" bw="1" slack="0"/>
<pin id="275" dir="0" index="1" bw="14" slack="0"/>
<pin id="276" dir="0" index="2" bw="5" slack="0"/>
<pin id="277" dir="1" index="3" bw="1" slack="0"/>
</pin_list>
<bind>
<opcode="bitselect(1000) " fcode="bitselect"/>
<opset="tmp_768/3 "/>
</bind>
</comp>

<comp id="281" class="1004" name="xor_ln463_1_fu_281">
<pin_list>
<pin id="282" dir="0" index="0" bw="1" slack="0"/>
<pin id="283" dir="0" index="1" bw="1" slack="0"/>
<pin id="284" dir="1" index="2" bw="1" slack="0"/>
</pin_list>
<bind>
<opcode="xor(25) " fcode="xor"/>
<opset="xor_ln463_1/3 "/>
</bind>
</comp>

<comp id="287" class="1004" name="or_ln463_1_fu_287">
<pin_list>
<pin id="288" dir="0" index="0" bw="1" slack="0"/>
<pin id="289" dir="0" index="1" bw="1" slack="0"/>
<pin id="290" dir="1" index="2" bw="1" slack="0"/>
</pin_list>
<bind>
<opcode="or(24) " fcode="or"/>
<opset="or_ln463_1/3 "/>
</bind>
</comp>

<comp id="293" class="1004" name="and_ln463_1_fu_293">
<pin_list>
<pin id="294" dir="0" index="0" bw="1" slack="0"/>
<pin id="295" dir="0" index="1" bw="1" slack="0"/>
<pin id="296" dir="1" index="2" bw="1" slack="0"/>
</pin_list>
<bind>
<opcode="and(23) " fcode="and"/>
<opset="and_ln463_1/3 "/>
</bind>
</comp>

<comp id="299" class="1004" name="select_ln463_fu_299">
<pin_list>
<pin id="300" dir="0" index="0" bw="1" slack="0"/>
<pin id="301" dir="0" index="1" bw="8" slack="0"/>
<pin id="302" dir="0" index="2" bw="8" slack="0"/>
<pin id="303" dir="1" index="3" bw="8" slack="0"/>
</pin_list>
<bind>
<opcode="select(49) " fcode="select"/>
<opset="select_ln463/3 "/>
</bind>
</comp>

<comp id="308" class="1005" name="i_reg_308">
<pin_list>
<pin id="309" dir="0" index="0" bw="7" slack="0"/>
<pin id="310" dir="1" index="1" bw="7" slack="0"/>
</pin_list>
<bind>
<opset="i "/>
</bind>
</comp>

<comp id="315" class="1005" name="icmp_ln448_reg_315">
<pin_list>
<pin id="316" dir="0" index="0" bw="1" slack="2"/>
<pin id="317" dir="1" index="1" bw="1" slack="2147483647"/>
</pin_list>
<bind>
<opset="icmp_ln448 "/>
</bind>
</comp>

<comp id="319" class="1005" name="datareg_reg_319">
<pin_list>
<pin id="320" dir="0" index="0" bw="22" slack="1"/>
<pin id="321" dir="1" index="1" bw="22" slack="1"/>
</pin_list>
<bind>
<opset="datareg "/>
</bind>
</comp>

<comp id="325" class="1005" name="add_ln458_1_reg_325">
<pin_list>
<pin id="326" dir="0" index="0" bw="14" slack="1"/>
<pin id="327" dir="1" index="1" bw="14" slack="1"/>
</pin_list>
<bind>
<opset="add_ln458_1 "/>
</bind>
</comp>

<comp id="330" class="1005" name="select_ln463_reg_330">
<pin_list>
<pin id="331" dir="0" index="0" bw="8" slack="1"/>
<pin id="332" dir="1" index="1" bw="8" slack="1"/>
</pin_list>
<bind>
<opset="select_ln463 "/>
</bind>
</comp>

</comp_list>

<net_list>
<net id="85"><net_src comp="4" pin="0"/><net_sink comp="82" pin=0"/></net>

<net id="90"><net_src comp="26" pin="0"/><net_sink comp="86" pin=0"/></net>

<net id="91"><net_src comp="0" pin="0"/><net_sink comp="86" pin=1"/></net>

<net id="97"><net_src comp="70" pin="0"/><net_sink comp="92" pin=0"/></net>

<net id="98"><net_src comp="2" pin="0"/><net_sink comp="92" pin=1"/></net>

<net id="103"><net_src comp="20" pin="0"/><net_sink comp="99" pin=0"/></net>

<net id="111"><net_src comp="104" pin="1"/><net_sink comp="107" pin=0"/></net>

<net id="112"><net_src comp="22" pin="0"/><net_sink comp="107" pin=1"/></net>

<net id="117"><net_src comp="104" pin="1"/><net_sink comp="113" pin=0"/></net>

<net id="118"><net_src comp="24" pin="0"/><net_sink comp="113" pin=1"/></net>

<net id="123"><net_src comp="113" pin="2"/><net_sink comp="119" pin=0"/></net>

<net id="129"><net_src comp="28" pin="0"/><net_sink comp="124" pin=0"/></net>

<net id="130"><net_src comp="86" pin="2"/><net_sink comp="124" pin=1"/></net>

<net id="131"><net_src comp="30" pin="0"/><net_sink comp="124" pin=2"/></net>

<net id="135"><net_src comp="124" pin="3"/><net_sink comp="132" pin=0"/></net>

<net id="139"><net_src comp="86" pin="2"/><net_sink comp="136" pin=0"/></net>

<net id="145"><net_src comp="32" pin="0"/><net_sink comp="140" pin=0"/></net>

<net id="146"><net_src comp="136" pin="1"/><net_sink comp="140" pin=1"/></net>

<net id="147"><net_src comp="30" pin="0"/><net_sink comp="140" pin=2"/></net>

<net id="152"><net_src comp="132" pin="1"/><net_sink comp="148" pin=0"/></net>

<net id="153"><net_src comp="34" pin="0"/><net_sink comp="148" pin=1"/></net>

<net id="158"><net_src comp="140" pin="3"/><net_sink comp="154" pin=0"/></net>

<net id="159"><net_src comp="36" pin="0"/><net_sink comp="154" pin=1"/></net>

<net id="164"><net_src comp="38" pin="0"/><net_sink comp="160" pin=1"/></net>

<net id="170"><net_src comp="40" pin="0"/><net_sink comp="165" pin=0"/></net>

<net id="171"><net_src comp="42" pin="0"/><net_sink comp="165" pin=2"/></net>

<net id="177"><net_src comp="160" pin="2"/><net_sink comp="172" pin=0"/></net>

<net id="178"><net_src comp="44" pin="0"/><net_sink comp="172" pin=1"/></net>

<net id="179"><net_src comp="46" pin="0"/><net_sink comp="172" pin=2"/></net>

<net id="184"><net_src comp="160" pin="2"/><net_sink comp="180" pin=0"/></net>

<net id="185"><net_src comp="165" pin="3"/><net_sink comp="180" pin=1"/></net>

<net id="191"><net_src comp="180" pin="2"/><net_sink comp="186" pin=0"/></net>

<net id="192"><net_src comp="172" pin="3"/><net_sink comp="186" pin=1"/></net>

<net id="199"><net_src comp="48" pin="0"/><net_sink comp="193" pin=0"/></net>

<net id="200"><net_src comp="186" pin="3"/><net_sink comp="193" pin=1"/></net>

<net id="201"><net_src comp="50" pin="0"/><net_sink comp="193" pin=2"/></net>

<net id="202"><net_src comp="52" pin="0"/><net_sink comp="193" pin=3"/></net>

<net id="208"><net_src comp="54" pin="0"/><net_sink comp="203" pin=0"/></net>

<net id="209"><net_src comp="186" pin="3"/><net_sink comp="203" pin=1"/></net>

<net id="210"><net_src comp="50" pin="0"/><net_sink comp="203" pin=2"/></net>

<net id="216"><net_src comp="54" pin="0"/><net_sink comp="211" pin=0"/></net>

<net id="217"><net_src comp="186" pin="3"/><net_sink comp="211" pin=1"/></net>

<net id="218"><net_src comp="56" pin="0"/><net_sink comp="211" pin=2"/></net>

<net id="222"><net_src comp="186" pin="3"/><net_sink comp="219" pin=0"/></net>

<net id="227"><net_src comp="219" pin="1"/><net_sink comp="223" pin=0"/></net>

<net id="228"><net_src comp="58" pin="0"/><net_sink comp="223" pin=1"/></net>

<net id="233"><net_src comp="203" pin="3"/><net_sink comp="229" pin=0"/></net>

<net id="234"><net_src comp="223" pin="2"/><net_sink comp="229" pin=1"/></net>

<net id="239"><net_src comp="229" pin="2"/><net_sink comp="235" pin=0"/></net>

<net id="240"><net_src comp="211" pin="3"/><net_sink comp="235" pin=1"/></net>

<net id="244"><net_src comp="235" pin="2"/><net_sink comp="241" pin=0"/></net>

<net id="249"><net_src comp="193" pin="4"/><net_sink comp="245" pin=0"/></net>

<net id="250"><net_src comp="241" pin="1"/><net_sink comp="245" pin=1"/></net>

<net id="256"><net_src comp="54" pin="0"/><net_sink comp="251" pin=0"/></net>

<net id="257"><net_src comp="186" pin="3"/><net_sink comp="251" pin=1"/></net>

<net id="258"><net_src comp="60" pin="0"/><net_sink comp="251" pin=2"/></net>

<net id="263"><net_src comp="251" pin="3"/><net_sink comp="259" pin=0"/></net>

<net id="264"><net_src comp="62" pin="0"/><net_sink comp="259" pin=1"/></net>

<net id="270"><net_src comp="64" pin="0"/><net_sink comp="265" pin=0"/></net>

<net id="271"><net_src comp="245" pin="2"/><net_sink comp="265" pin=1"/></net>

<net id="272"><net_src comp="66" pin="0"/><net_sink comp="265" pin=2"/></net>

<net id="278"><net_src comp="54" pin="0"/><net_sink comp="273" pin=0"/></net>

<net id="279"><net_src comp="186" pin="3"/><net_sink comp="273" pin=1"/></net>

<net id="280"><net_src comp="52" pin="0"/><net_sink comp="273" pin=2"/></net>

<net id="285"><net_src comp="273" pin="3"/><net_sink comp="281" pin=0"/></net>

<net id="286"><net_src comp="62" pin="0"/><net_sink comp="281" pin=1"/></net>

<net id="291"><net_src comp="265" pin="3"/><net_sink comp="287" pin=0"/></net>

<net id="292"><net_src comp="281" pin="2"/><net_sink comp="287" pin=1"/></net>

<net id="297"><net_src comp="287" pin="2"/><net_sink comp="293" pin=0"/></net>

<net id="298"><net_src comp="259" pin="2"/><net_sink comp="293" pin=1"/></net>

<net id="304"><net_src comp="293" pin="2"/><net_sink comp="299" pin=0"/></net>

<net id="305"><net_src comp="245" pin="2"/><net_sink comp="299" pin=1"/></net>

<net id="306"><net_src comp="68" pin="0"/><net_sink comp="299" pin=2"/></net>

<net id="307"><net_src comp="299" pin="3"/><net_sink comp="92" pin=2"/></net>

<net id="311"><net_src comp="82" pin="1"/><net_sink comp="308" pin=0"/></net>

<net id="312"><net_src comp="308" pin="1"/><net_sink comp="99" pin=1"/></net>

<net id="313"><net_src comp="308" pin="1"/><net_sink comp="104" pin=0"/></net>

<net id="314"><net_src comp="308" pin="1"/><net_sink comp="119" pin=1"/></net>

<net id="318"><net_src comp="107" pin="2"/><net_sink comp="315" pin=0"/></net>

<net id="322"><net_src comp="148" pin="2"/><net_sink comp="319" pin=0"/></net>

<net id="323"><net_src comp="319" pin="1"/><net_sink comp="160" pin=0"/></net>

<net id="324"><net_src comp="319" pin="1"/><net_sink comp="165" pin=1"/></net>

<net id="328"><net_src comp="154" pin="2"/><net_sink comp="325" pin=0"/></net>

<net id="329"><net_src comp="325" pin="1"/><net_sink comp="186" pin=2"/></net>

<net id="333"><net_src comp="299" pin="3"/><net_sink comp="330" pin=0"/></net>

<net id="334"><net_src comp="330" pin="1"/><net_sink comp="92" pin=2"/></net>

</net_list>

</model> 
---------------- Datapath Model END ------------------

* FSMD analyzer results:
  - Output states:
	Port: layer17_out | {4 }
 - Input state : 
	Port: hard_sigmoid<array,array<ap_ufixed<8,0,4,0,0>,1u>,hard_sigmoid_config17> : layer15_out | {2 }
	Port: hard_sigmoid<array,array<ap_ufixed<8,0,4,0,0>,1u>,hard_sigmoid_config17> : layer17_out | {}
  - Chain level:
	State 1
		store_ln448 : 1
		i_17 : 1
		icmp_ln448 : 2
		i_18 : 2
		br_ln448 : 3
		store_ln448 : 3
	State 2
		sext_ln458 : 1
		trunc_ln458_3 : 1
		datareg : 2
		add_ln458_1 : 2
	State 3
		select_ln459 : 1
		or_ln459 : 1
		datareg_1 : 1
		trunc_ln : 2
		tmp_764 : 2
		tmp_765 : 2
		trunc_ln463 : 2
		icmp_ln463 : 3
		or_ln463 : 4
		and_ln463 : 4
		zext_ln463 : 4
		add_ln463 : 5
		tmp_766 : 2
		xor_ln463 : 3
		tmp_767 : 6
		tmp_768 : 2
		xor_ln463_1 : 3
		or_ln463_1 : 7
		and_ln463_1 : 7
		select_ln463 : 7
		write_ln466 : 8
	State 4


============================================================
+ Verbose Summary: Datapath Resource usage 
============================================================

* Functional unit list:
|----------|-----------------------------|---------|---------|
| Operation|       Functional Unit       |    FF   |   LUT   |
|----------|-----------------------------|---------|---------|
|          |         i_18_fu_113         |    0    |    14   |
|    add   |        datareg_fu_148       |    0    |    28   |
|          |      add_ln458_1_fu_154     |    0    |    21   |
|          |       add_ln463_fu_245      |    0    |    15   |
|----------|-----------------------------|---------|---------|
|          |      icmp_ln448_fu_107      |    0    |    14   |
|   icmp   |      icmp_ln459_fu_160      |    0    |    29   |
|          |      icmp_ln463_fu_223      |    0    |    12   |
|----------|-----------------------------|---------|---------|
|          |     select_ln459_fu_172     |    0    |    14   |
|  select  |       datareg_1_fu_186      |    0    |    14   |
|          |     select_ln463_fu_299     |    0    |    8    |
|----------|-----------------------------|---------|---------|
|          |       or_ln459_fu_180       |    0    |    2    |
|    or    |       or_ln463_fu_229       |    0    |    2    |
|          |      or_ln463_1_fu_287      |    0    |    2    |
|----------|-----------------------------|---------|---------|
|    and   |       and_ln463_fu_235      |    0    |    2    |
|          |      and_ln463_1_fu_293     |    0    |    2    |
|----------|-----------------------------|---------|---------|
|    xor   |       xor_ln463_fu_259      |    0    |    2    |
|          |      xor_ln463_1_fu_281     |    0    |    2    |
|----------|-----------------------------|---------|---------|
|   read   | layer15_out_read_read_fu_86 |    0    |    0    |
|----------|-----------------------------|---------|---------|
|   write  |       grp_write_fu_92       |    0    |    0    |
|----------|-----------------------------|---------|---------|
|bitconcatenate|        shl_ln_fu_124        |    0    |    0    |
|          |     trunc_ln458_3_fu_140    |    0    |    0    |
|----------|-----------------------------|---------|---------|
|   sext   |      sext_ln458_fu_132      |    0    |    0    |
|----------|-----------------------------|---------|---------|
|   trunc  |      trunc_ln458_fu_136     |    0    |    0    |
|          |      trunc_ln463_fu_219     |    0    |    0    |
|----------|-----------------------------|---------|---------|
|          |          tmp_fu_165         |    0    |    0    |
|          |        tmp_764_fu_203       |    0    |    0    |
| bitselect|        tmp_765_fu_211       |    0    |    0    |
|          |        tmp_766_fu_251       |    0    |    0    |
|          |        tmp_767_fu_265       |    0    |    0    |
|          |        tmp_768_fu_273       |    0    |    0    |
|----------|-----------------------------|---------|---------|
|partselect|       trunc_ln_fu_193       |    0    |    0    |
|----------|-----------------------------|---------|---------|
|   zext   |      zext_ln463_fu_241      |    0    |    0    |
|----------|-----------------------------|---------|---------|
|   Total  |                             |    0    |   183   |
|----------|-----------------------------|---------|---------|

Memories:
N/A

* Register list:
+--------------------+--------+
|                    |   FF   |
+--------------------+--------+
| add_ln458_1_reg_325|   14   |
|   datareg_reg_319  |   22   |
|      i_reg_308     |    7   |
| icmp_ln448_reg_315 |    1   |
|select_ln463_reg_330|    8   |
+--------------------+--------+
|        Total       |   52   |
+--------------------+--------+

* Multiplexer (MUX) list: 
|-----------------|------|------|------|--------||---------||---------|
|       Comp      |  Pin | Size |  BW  | S x BW ||  Delay  ||   LUT   |
|-----------------|------|------|------|--------||---------||---------|
| grp_write_fu_92 |  p2  |   2  |   8  |   16   ||    9    |
|-----------------|------|------|------|--------||---------||---------|
|      Total      |      |      |      |   16   ||  0.427  ||    9    |
|-----------------|------|------|------|--------||---------||---------|



* Summary:
+-----------+--------+--------+--------+
|           |  Delay |   FF   |   LUT  |
+-----------+--------+--------+--------+
|  Function |    -   |    0   |   183  |
|   Memory  |    -   |    -   |    -   |
|Multiplexer|    0   |    -   |    9   |
|  Register |    -   |   52   |    -   |
+-----------+--------+--------+--------+
|   Total   |    0   |   52   |   192  |
+-----------+--------+--------+--------+
