

================================================================
== Vitis HLS Report for 'zeropad1d_cl_array_array_ap_ufixed_6_0_4_0_0_32u_config19_s'
================================================================
* Date:           Wed May  6 12:31:59 2026

* Version:        2023.1 (Build 3854077 on May  4 2023)
* Project:        myproject_prj
* Solution:       solution1 (Vivado IP Flow Target)
* Product family: zynquplusRFSOC
* Target device:  xczu49dr-ffvf1760-2-e


================================================================
== Performance Estimates
================================================================
+ Timing: 
    * Summary: 
    +--------+---------+----------+------------+
    |  Clock |  Target | Estimated| Uncertainty|
    +--------+---------+----------+------------+
    |ap_clk  |  5.00 ns|  3.273 ns|     1.35 ns|
    +--------+---------+----------+------------+

+ Latency: 
    * Summary: 
    +---------+---------+----------+----------+-----+-----+---------+
    |  Latency (cycles) |  Latency (absolute) |  Interval | Pipeline|
    |   min   |   max   |    min   |    max   | min | max |   Type  |
    +---------+---------+----------+----------+-----+-----+---------+
    |       84|       84|  0.420 us|  0.420 us|   84|   84|       no|
    +---------+---------+----------+----------+-----+-----+---------+

    + Detail: 
        * Instance: 
        +---------------------------------------------------------------------------------------+-----------------------------------------------------------------------------+---------+---------+----------+----------+-----+-----+---------+
        |                                                                                       |                                                                             |  Latency (cycles) |  Latency (absolute) |  Interval | Pipeline|
        |                                        Instance                                       |                                    Module                                   |   min   |   max   |    min   |    max   | min | max |   Type  |
        +---------------------------------------------------------------------------------------+-----------------------------------------------------------------------------+---------+---------+----------+----------+-----+-----+---------+
        |grp_zeropad1d_cl_array_array_ap_ufixed_6_0_4_0_0_32u_config19_Pipeline_CopyMain_fu_30  |zeropad1d_cl_array_array_ap_ufixed_6_0_4_0_0_32u_config19_Pipeline_CopyMain  |       82|       82|  0.410 us|  0.410 us|   82|   82|       no|
        +---------------------------------------------------------------------------------------+-----------------------------------------------------------------------------+---------+---------+----------+----------+-----+-----+---------+

        * Loop: 
        N/A



================================================================
== Utilization Estimates
================================================================
* Summary: 
+-----------------+---------+------+--------+--------+-----+
|       Name      | BRAM_18K|  DSP |   FF   |   LUT  | URAM|
+-----------------+---------+------+--------+--------+-----+
|DSP              |        -|     -|       -|       -|    -|
|Expression       |        -|     -|       0|       2|    -|
|FIFO             |        -|     -|       -|       -|    -|
|Instance         |        -|     -|      10|      88|    -|
|Memory           |        -|     -|       -|       -|    -|
|Multiplexer      |        -|     -|       -|      79|    -|
|Register         |        -|     -|       6|       -|    -|
+-----------------+---------+------+--------+--------+-----+
|Total            |        0|     0|      16|     169|    0|
+-----------------+---------+------+--------+--------+-----+
|Available        |     2160|  4272|  850560|  425280|   80|
+-----------------+---------+------+--------+--------+-----+
|Utilization (%)  |        0|     0|      ~0|      ~0|    0|
+-----------------+---------+------+--------+--------+-----+

+ Detail: 
    * Instance: 
    +---------------------------------------------------------------------------------------+-----------------------------------------------------------------------------+---------+----+----+----+-----+
    |                                        Instance                                       |                                    Module                                   | BRAM_18K| DSP| FF | LUT| URAM|
    +---------------------------------------------------------------------------------------+-----------------------------------------------------------------------------+---------+----+----+----+-----+
    |grp_zeropad1d_cl_array_array_ap_ufixed_6_0_4_0_0_32u_config19_Pipeline_CopyMain_fu_30  |zeropad1d_cl_array_array_ap_ufixed_6_0_4_0_0_32u_config19_Pipeline_CopyMain  |        0|   0|  10|  88|    0|
    +---------------------------------------------------------------------------------------+-----------------------------------------------------------------------------+---------+----+----+----+-----+
    |Total                                                                                  |                                                                             |        0|   0|  10|  88|    0|
    +---------------------------------------------------------------------------------------+-----------------------------------------------------------------------------+---------+----+----+----+-----+

    * DSP: 
    N/A

    * Memory: 
    N/A

    * FIFO: 
    N/A

    * Expression: 
    +-----------------+----------+----+---+----+------------+------------+
    |  Variable Name  | Operation| DSP| FF| LUT| Bitwidth P0| Bitwidth P1|
    +-----------------+----------+----+---+----+------------+------------+
    |ap_block_state1  |        or|   0|  0|   2|           1|           1|
    +-----------------+----------+----+---+----+------------+------------+
    |Total            |          |   0|  0|   2|           1|           1|
    +-----------------+----------+----+---+----+------------+------------+

    * Multiplexer: 
    +-------------------+----+-----------+-----+-----------+
    |        Name       | LUT| Input Size| Bits| Total Bits|
    +-------------------+----+-----------+-----+-----------+
    |ap_NS_fsm          |  20|          4|    1|          4|
    |ap_done            |   9|          2|    1|          2|
    |layer19_out_blk_n  |   9|          2|    1|          2|
    |layer19_out_din    |   9|          2|  192|        384|
    |layer19_out_write  |  14|          3|    1|          3|
    |layer4_out_read    |   9|          2|    1|          2|
    |real_start         |   9|          2|    1|          2|
    +-------------------+----+-----------+-----+-----------+
    |Total              |  79|         17|  198|        399|
    +-------------------+----+-----------+-----+-----------+

    * Register: 
    +----------------------------------------------------------------------------------------------------+---+----+-----+-----------+
    |                                                Name                                                | FF| LUT| Bits| Const Bits|
    +----------------------------------------------------------------------------------------------------+---+----+-----+-----------+
    |ap_CS_fsm                                                                                           |  3|   0|    3|          0|
    |ap_done_reg                                                                                         |  1|   0|    1|          0|
    |grp_zeropad1d_cl_array_array_ap_ufixed_6_0_4_0_0_32u_config19_Pipeline_CopyMain_fu_30_ap_start_reg  |  1|   0|    1|          0|
    |start_once_reg                                                                                      |  1|   0|    1|          0|
    +----------------------------------------------------------------------------------------------------+---+----+-----+-----------+
    |Total                                                                                               |  6|   0|    6|          0|
    +----------------------------------------------------------------------------------------------------+---+----+-----+-----------+



================================================================
== Interface
================================================================
* Summary: 
+----------------------------+-----+-----+------------+--------------------------------------------------------------+--------------+
|          RTL Ports         | Dir | Bits|  Protocol  |                         Source Object                        |    C Type    |
+----------------------------+-----+-----+------------+--------------------------------------------------------------+--------------+
|ap_clk                      |   in|    1|  ap_ctrl_hs|  zeropad1d_cl<array,array<ap_ufixed<6,0,4,0,0>,32u>,config19>|  return value|
|ap_rst                      |   in|    1|  ap_ctrl_hs|  zeropad1d_cl<array,array<ap_ufixed<6,0,4,0,0>,32u>,config19>|  return value|
|ap_start                    |   in|    1|  ap_ctrl_hs|  zeropad1d_cl<array,array<ap_ufixed<6,0,4,0,0>,32u>,config19>|  return value|
|start_full_n                |   in|    1|  ap_ctrl_hs|  zeropad1d_cl<array,array<ap_ufixed<6,0,4,0,0>,32u>,config19>|  return value|
|ap_done                     |  out|    1|  ap_ctrl_hs|  zeropad1d_cl<array,array<ap_ufixed<6,0,4,0,0>,32u>,config19>|  return value|
|ap_continue                 |   in|    1|  ap_ctrl_hs|  zeropad1d_cl<array,array<ap_ufixed<6,0,4,0,0>,32u>,config19>|  return value|
|ap_idle                     |  out|    1|  ap_ctrl_hs|  zeropad1d_cl<array,array<ap_ufixed<6,0,4,0,0>,32u>,config19>|  return value|
|ap_ready                    |  out|    1|  ap_ctrl_hs|  zeropad1d_cl<array,array<ap_ufixed<6,0,4,0,0>,32u>,config19>|  return value|
|start_out                   |  out|    1|  ap_ctrl_hs|  zeropad1d_cl<array,array<ap_ufixed<6,0,4,0,0>,32u>,config19>|  return value|
|start_write                 |  out|    1|  ap_ctrl_hs|  zeropad1d_cl<array,array<ap_ufixed<6,0,4,0,0>,32u>,config19>|  return value|
|layer4_out_dout             |   in|  192|     ap_fifo|                                                    layer4_out|       pointer|
|layer4_out_num_data_valid   |   in|    8|     ap_fifo|                                                    layer4_out|       pointer|
|layer4_out_fifo_cap         |   in|    8|     ap_fifo|                                                    layer4_out|       pointer|
|layer4_out_empty_n          |   in|    1|     ap_fifo|                                                    layer4_out|       pointer|
|layer4_out_read             |  out|    1|     ap_fifo|                                                    layer4_out|       pointer|
|layer19_out_din             |  out|  192|     ap_fifo|                                                   layer19_out|       pointer|
|layer19_out_num_data_valid  |   in|    8|     ap_fifo|                                                   layer19_out|       pointer|
|layer19_out_fifo_cap        |   in|    8|     ap_fifo|                                                   layer19_out|       pointer|
|layer19_out_full_n          |   in|    1|     ap_fifo|                                                   layer19_out|       pointer|
|layer19_out_write           |  out|    1|     ap_fifo|                                                   layer19_out|       pointer|
+----------------------------+-----+-----+------------+--------------------------------------------------------------+--------------+

============================================================
+ Verbose Summary: Synthesis Manager
============================================================
InlineROM: 1
ExposeGlobal: 0
============================================================
+ Verbose Summary: CDFG Model
============================================================
IsTopModel: 0
ResetActiveHigh: 1
IsCombinational: 2
IsDatapathOnly: 0
HasWiredReturn: 1
HasMFsm: 0
HasVarLatency: 1
IsPipeline: 0
IsRtlPipelined: 0
IsInstanceOverlapped: 0
IsDontTouch: 0
HasImplIP: 0
IsGatedGlobalClock: 0


============================================================
+ Verbose Summary: Schedule
============================================================
* Number of FSM states : 3
* Pipeline : 0
* Dataflow Pipeline: 0

* FSM state transitions: 
1 --> 2 
2 --> 3 
3 --> 

* FSM state operations: 

State 1 <SV = 0> <Delay = 0.00>
ST_1 : Operation 4 [1/1] (0.00ns)   --->   "%empty = wait i32 @_ssdm_op_Wait"   --->   Operation 4 'wait' 'empty' <Predicate = true> <Delay = 0.00>
ST_1 : Operation 5 [2/2] (0.00ns)   --->   "%call_ln0 = call void @zeropad1d_cl<array,array<ap_ufixed<6,0,4,0,0>,32u>,config19>_Pipeline_CopyMain, i192 %layer4_out, i192 %layer19_out"   --->   Operation 5 'call' 'call_ln0' <Predicate = true> <Delay = 0.00> <CoreType = "Generic">   --->   Core 0 '' <Latency = 0> <II = 1> <Delay = 1.00> <Generic> <Opcode : >

State 2 <SV = 1> <Delay = 0.00>
ST_2 : Operation 6 [1/2] (0.00ns)   --->   "%call_ln0 = call void @zeropad1d_cl<array,array<ap_ufixed<6,0,4,0,0>,32u>,config19>_Pipeline_CopyMain, i192 %layer4_out, i192 %layer19_out"   --->   Operation 6 'call' 'call_ln0' <Predicate = true> <Delay = 0.00> <CoreType = "Generic">   --->   Core 0 '' <Latency = 0> <II = 1> <Delay = 1.00> <Generic> <Opcode : >

State 3 <SV = 2> <Delay = 1.63>
ST_3 : Operation 7 [1/1] (0.00ns)   --->   "%specinterface_ln0 = specinterface void @_ssdm_op_SpecInterface, i192 %layer19_out, void @empty_2, i32 0, i32 0, void @empty_1, i32 0, i32 0, void @empty_1, void @empty_1, void @empty_1, i32 0, i32 0, i32 0, i32 0, void @empty_1, void @empty_1, i32 4294967295, i32 0"   --->   Operation 7 'specinterface' 'specinterface_ln0' <Predicate = true> <Delay = 0.00>
ST_3 : Operation 8 [1/1] (0.00ns)   --->   "%specinterface_ln0 = specinterface void @_ssdm_op_SpecInterface, i192 %layer4_out, void @empty_2, i32 0, i32 0, void @empty_1, i32 0, i32 0, void @empty_1, void @empty_1, void @empty_1, i32 0, i32 0, i32 0, i32 0, void @empty_1, void @empty_1, i32 4294967295, i32 0"   --->   Operation 8 'specinterface' 'specinterface_ln0' <Predicate = true> <Delay = 0.00>
ST_3 : Operation 9 [1/1] (0.00ns)   --->   "%empty_39 = wait i32 @_ssdm_op_Wait"   --->   Operation 9 'wait' 'empty_39' <Predicate = true> <Delay = 0.00>
ST_3 : Operation 10 [1/1] (1.63ns)   --->   "%write_ln15 = write void @_ssdm_op_Write.ap_fifo.volatile.i192P0A, i192 %layer19_out, i192 0" [firmware/nnet_utils/nnet_padding_stream.h:15->firmware/nnet_utils/nnet_padding_stream.h:43]   --->   Operation 10 'write' 'write_ln15' <Predicate = true> <Delay = 1.63> <CoreInst = "FIFO">   --->   Core 78 'FIFO' <Latency = 0> <II = 1> <Delay = 1.63> <Storage> <Opcode : 'read' 'write' 'nbread' 'nbwrite'> <Ports = 0> <Width = 192> <Depth = 81> <FIFO>
ST_3 : Operation 11 [1/1] (0.00ns)   --->   "%ret_ln45 = ret" [firmware/nnet_utils/nnet_padding_stream.h:45]   --->   Operation 11 'ret' 'ret_ln45' <Predicate = true> <Delay = 0.00>


============================================================
+ Verbose Summary: Binding
============================================================
STG Binding: 
---------------- STG Properties BEGIN ----------------
- Is combinational: 0
- Is one-state seq: 0
- Is datapath-only: 0
- Is pipelined: 0
- Is top level: 0
Port [ Return ] is wired: 1; IO mode=ap_ctrl_hs:ce=0
Port [ layer4_out]:  wired=1; compound=1; hidden=0; nouse=0; global=0; static=0; extern=0; dir=0; type=3; pingpong=0; private_global=0; IO mode=ap_fifo:ce=0
Port [ layer19_out]:  wired=1; compound=1; hidden=0; nouse=0; global=0; static=0; extern=0; dir=1; type=3; pingpong=0; private_global=0; IO mode=ap_fifo:ce=0
---------------- STG Properties END ------------------

---------------- Datapath Model BEGIN ----------------

<LifeTime>
<method=bitvector/>
empty             (wait         ) [ 0000]
call_ln0          (call         ) [ 0000]
specinterface_ln0 (specinterface) [ 0000]
specinterface_ln0 (specinterface) [ 0000]
empty_39          (wait         ) [ 0000]
write_ln15        (write        ) [ 0000]
ret_ln45          (ret          ) [ 0000]
</LifeTime>

<model>

<comp_list>
<comp id="0" class="1000" name="layer4_out">
<pin_list>
<pin id="1" dir="1" index="0" bw="1" slack="0"/>
</pin_list>
<bind>
<StgValue><ssdm name="layer4_out"/></StgValue>
</bind>
</comp>

<comp id="2" class="1000" name="layer19_out">
<pin_list>
<pin id="3" dir="1" index="0" bw="1" slack="0"/>
</pin_list>
<bind>
<StgValue><ssdm name="layer19_out"/></StgValue>
</bind>
</comp>

<comp id="4" class="1001" name="const_4">
<pin_list>
<pin id="5" dir="1" index="0" bw="1" slack="2147483647"/>
</pin_list>
<bind>
<StgValue><ssdm name="_ssdm_op_Wait"/></StgValue>
</bind>
</comp>

<comp id="6" class="1001" name="const_6">
<pin_list>
<pin id="7" dir="1" index="0" bw="1" slack="0"/>
</pin_list>
<bind>
<StgValue><ssdm name="zeropad1d_cl<array,array<ap_ufixed<6,0,4,0,0>,32u>,config19>_Pipeline_CopyMain"/></StgValue>
</bind>
</comp>

<comp id="8" class="1001" name="const_8">
<pin_list>
<pin id="9" dir="1" index="0" bw="1" slack="2147483647"/>
</pin_list>
<bind>
<StgValue><ssdm name="_ssdm_op_SpecInterface"/></StgValue>
</bind>
</comp>

<comp id="10" class="1001" name="const_10">
<pin_list>
<pin id="11" dir="1" index="0" bw="1" slack="2147483647"/>
</pin_list>
<bind>
<StgValue><ssdm name="empty_2"/></StgValue>
</bind>
</comp>

<comp id="12" class="1001" name="const_12">
<pin_list>
<pin id="13" dir="1" index="0" bw="1" slack="2147483647"/>
</pin_list>
<bind>
<StgValue><ssdm name=""/></StgValue>
</bind>
</comp>

<comp id="14" class="1001" name="const_14">
<pin_list>
<pin id="15" dir="1" index="0" bw="1" slack="2147483647"/>
</pin_list>
<bind>
<StgValue><ssdm name="empty_1"/></StgValue>
</bind>
</comp>

<comp id="16" class="1001" name="const_16">
<pin_list>
<pin id="17" dir="1" index="0" bw="1" slack="2147483647"/>
</pin_list>
<bind>
<StgValue><ssdm name=""/></StgValue>
</bind>
</comp>

<comp id="18" class="1001" name="const_18">
<pin_list>
<pin id="19" dir="1" index="0" bw="1" slack="0"/>
</pin_list>
<bind>
<StgValue><ssdm name="_ssdm_op_Write.ap_fifo.volatile.i192P0A"/></StgValue>
</bind>
</comp>

<comp id="20" class="1001" name="const_20">
<pin_list>
<pin id="21" dir="1" index="0" bw="1" slack="0"/>
</pin_list>
<bind>
<StgValue><ssdm name=""/></StgValue>
</bind>
</comp>

<comp id="22" class="1004" name="write_ln15_write_fu_22">
<pin_list>
<pin id="23" dir="0" index="0" bw="0" slack="0"/>
<pin id="24" dir="0" index="1" bw="192" slack="0"/>
<pin id="25" dir="0" index="2" bw="1" slack="0"/>
<pin id="26" dir="1" index="3" bw="0" slack="2147483647"/>
</pin_list>
<bind>
<opcode="write(1151) " fcode="write"/>
<opset="write_ln15/3 "/>
</bind>
</comp>

<comp id="30" class="1004" name="grp_zeropad1d_cl_array_array_ap_ufixed_6_0_4_0_0_32u_config19_Pipeline_CopyMain_fu_30">
<pin_list>
<pin id="31" dir="0" index="0" bw="0" slack="0"/>
<pin id="32" dir="0" index="1" bw="192" slack="0"/>
<pin id="33" dir="0" index="2" bw="192" slack="0"/>
<pin id="34" dir="1" index="3" bw="0" slack="2147483647"/>
</pin_list>
<bind>
<opcode="call(48) " fcode="call"/>
<opset="call_ln0/1 "/>
</bind>
</comp>

</comp_list>

<net_list>
<net id="27"><net_src comp="18" pin="0"/><net_sink comp="22" pin=0"/></net>

<net id="28"><net_src comp="2" pin="0"/><net_sink comp="22" pin=1"/></net>

<net id="29"><net_src comp="20" pin="0"/><net_sink comp="22" pin=2"/></net>

<net id="35"><net_src comp="6" pin="0"/><net_sink comp="30" pin=0"/></net>

<net id="36"><net_src comp="0" pin="0"/><net_sink comp="30" pin=1"/></net>

<net id="37"><net_src comp="2" pin="0"/><net_sink comp="30" pin=2"/></net>

</net_list>

</model> 
---------------- Datapath Model END ------------------

* FSMD analyzer results:
  - Output states:
	Port: layer19_out | {1 2 3 }
 - Input state : 
	Port: zeropad1d_cl<array,array<ap_ufixed<6,0,4,0,0>,32u>,config19> : layer4_out | {1 2 }
  - Chain level:
	State 1
	State 2
	State 3


============================================================
+ Verbose Summary: Datapath Resource usage 
============================================================

* Functional unit list:
|----------|---------------------------------------------------------------------------------------|---------|---------|
| Operation|                                    Functional Unit                                    |    FF   |   LUT   |
|----------|---------------------------------------------------------------------------------------|---------|---------|
|   call   | grp_zeropad1d_cl_array_array_ap_ufixed_6_0_4_0_0_32u_config19_Pipeline_CopyMain_fu_30 |    7    |    28   |
|----------|---------------------------------------------------------------------------------------|---------|---------|
|   write  |                                 write_ln15_write_fu_22                                |    0    |    0    |
|----------|---------------------------------------------------------------------------------------|---------|---------|
|   Total  |                                                                                       |    7    |    28   |
|----------|---------------------------------------------------------------------------------------|---------|---------|

Memories:
N/A

* Register list:
N/A

* Multiplexer (MUX) list: 
|--------|------|------|------|--------|
|  Comp  |  Pin | Size |  BW  | S x BW |
|--------|------|------|------|--------|
|  Total |      |      |      |    0   |
|--------|------|------|------|--------|



* Summary:
+-----------+--------+--------+
|           |   FF   |   LUT  |
+-----------+--------+--------+
|  Function |    7   |   28   |
|   Memory  |    -   |    -   |
|Multiplexer|    -   |    -   |
|  Register |    -   |    -   |
+-----------+--------+--------+
|   Total   |    7   |   28   |
+-----------+--------+--------+
